# JRE version: Java(TM) SE Runtime Environment (8.0_211-b12) (build 1.8.0_211-b12)
# Java VM: Java HotSpot(TM) 64-Bit Server VM (25.211-b12 mixed mode linux-amd64 compressed oops)
Heap:
 PSYoungGen      total 445440K, used 222720K [0x00000000d7300000, 0x0000000100000000, 0x0000000100000000)
  eden space 222720K, 100% used [0x00000000d7300000,0x00000000e4c80000,0x00000000e4c80000)
  from space 222720K, 0% used [0x00000000f2600000,0x00000000f2600000,0x00000000fff80000)
  to   space 222720K, 0% used [0x00000000e4c80000,0x00000000e4c80000,0x00000000f2600000)
 ParOldGen       total 1338368K, used 1338352K [0x0000000085800000, 0x00000000d7300000, 0x00000000d7300000)
  object space 1338368K, 99% used [0x0000000085800000,0x00000000d72fc360,0x00000000d7300000)
 Metaspace       used 8458K, capacity 8662K, committed 8704K, reserved 1056768K
  class space    used 898K, capacity 1007K, committed 1024K, reserved 1048576K
GC Heap History (10 events):
Event: 14.745 GC heap after
Heap after GC invocations=27 (full 6):
 PSYoungGen      total 419328K, used 136736K [0x00000000d7300000, 0x00000000fff80000, 0x0000000100000000)
  eden space 196608K, 0% used [0x00000000d7300000,0x00000000d7300000,0x00000000e3300000)
  from space 222720K, 61% used [0x00000000e3300000,0x00000000eb888000,0x00000000f0c80000)
  to   space 222720K, 0% used [0x00000000f2600000,0x00000000f2600000,0x00000000fff80000)
 ParOldGen       total 1338368K, used 1089744K [0x0000000085800000, 0x00000000d7300000, 0x00000000d7300000)
  object space 1338368K, 81% used [0x0000000085800000,0x00000000c80340d8,0x00000000d7300000)
 Metaspace       used 8137K, capacity 8374K, committed 8448K, reserved 1056768K
  class space    used 871K, capacity 975K, committed 1024K, reserved 1048576K
}
Event: 15.014 GC heap before
{Heap before GC invocations=28 (full 6):
 PSYoungGen      total 419328K, used 333344K [0x00000000d7300000, 0x00000000fff80000, 0x0000000100000000)
  eden space 196608K, 100% used [0x00000000d7300000,0x00000000e3300000,0x00000000e3300000)
  from space 222720K, 61% used [0x00000000e3300000,0x00000000eb888000,0x00000000f0c80000)
  to   space 222720K, 0% used [0x00000000f2600000,0x00000000f2600000,0x00000000fff80000)
 ParOldGen       total 1338368K, used 1089744K [0x0000000085800000, 0x00000000d7300000, 0x00000000d7300000)
  object space 1338368K, 81% used [0x0000000085800000,0x00000000c80340d8,0x00000000d7300000)
 Metaspace       used 8137K, capacity 8374K, committed 8448K, reserved 1056768K
  class space    used 871K, capacity 975K, committed 1024K, reserved 1048576K
Event: 15.192 GC heap after
Heap after GC invocations=28 (full 6):
 PSYoungGen      total 445440K, used 138077K [0x00000000d7300000, 0x0000000100000000, 0x0000000100000000)
  eden space 222720K, 0% used [0x00000000d7300000,0x00000000d7300000,0x00000000e4c80000)
  from space 222720K, 61% used [0x00000000f2600000,0x00000000facd7568,0x00000000fff80000)
  to   space 222720K, 0% used [0x00000000e4c80000,0x00000000e4c80000,0x00000000f2600000)
 ParOldGen       total 1338368K, used 1226896K [0x0000000085800000, 0x00000000d7300000, 0x00000000d7300000)
  object space 1338368K, 91% used [0x0000000085800000,0x00000000d06240d8,0x00000000d7300000)
 Metaspace       used 8137K, capacity 8374K, committed 8448K, reserved 1056768K
  class space    used 871K, capacity 975K, committed 1024K, reserved 1048576K
}
Event: 15.192 GC heap before
{Heap before GC invocations=29 (full 7):
 PSYoungGen      total 445440K, used 138077K [0x00000000d7300000, 0x0000000100000000, 0x0000000100000000)
  eden space 222720K, 0% used [0x00000000d7300000,0x00000000d7300000,0x00000000e4c80000)
  from space 222720K, 61% used [0x00000000f2600000,0x00000000facd7568,0x00000000fff80000)
  to   space 222720K, 0% used [0x00000000e4c80000,0x00000000e4c80000,0x00000000f2600000)
 ParOldGen       total 1338368K, used 1226896K [0x0000000085800000, 0x00000000d7300000, 0x00000000d7300000)
  object space 1338368K, 91% used [0x0000000085800000,0x00000000d06240d8,0x00000000d7300000)
 Metaspace       used 8137K, capacity 8374K, committed 8448K, reserved 1056768K
  class space    used 871K, capacity 975K, committed 1024K, reserved 1048576K
Event: 17.327 GC heap after
Heap after GC invocations=29 (full 7):
 PSYoungGen      total 445440K, used 23799K [0x00000000d7300000, 0x0000000100000000, 0x0000000100000000)
  eden space 222720K, 0% used [0x00000000d7300000,0x00000000d7300000,0x00000000e4c80000)
  from space 222720K, 10% used [0x00000000f2600000,0x00000000f3d3df68,0x00000000fff80000)
  to   space 222720K, 0% used [0x00000000e4c80000,0x00000000e4c80000,0x00000000f2600000)
 ParOldGen       total 1338368K, used 1338023K [0x0000000085800000, 0x00000000d7300000, 0x00000000d7300000)
  object space 1338368K, 99% used [0x0000000085800000,0x00000000d72a9c38,0x00000000d7300000)
 Metaspace       used 8137K, capacity 8374K, committed 8448K, reserved 1056768K
  class space    used 871K, capacity 975K, committed 1024K, reserved 1048576K
}
Event: 17.824 GC heap before
{Heap before GC invocations=30 (full 8):
 PSYoungGen      total 445440K, used 246519K [0x00000000d7300000, 0x0000000100000000, 0x0000000100000000)
  eden space 222720K, 100% used [0x00000000d7300000,0x00000000e4c80000,0x00000000e4c80000)
  from space 222720K, 10% used [0x00000000f2600000,0x00000000f3d3df68,0x00000000fff80000)
  to   space 222720K, 0% used [0x00000000e4c80000,0x00000000e4c80000,0x00000000f2600000)
 ParOldGen       total 1338368K, used 1338023K [0x0000000085800000, 0x00000000d7300000, 0x00000000d7300000)
  object space 1338368K, 99% used [0x0000000085800000,0x00000000d72a9c38,0x00000000d7300000)
 Metaspace       used 8458K, capacity 8662K, committed 8704K, reserved 1056768K
  class space    used 898K, capacity 1007K, committed 1024K, reserved 1048576K
Event: 21.842 GC heap after
Heap after GC invocations=30 (full 8):
 PSYoungGen      total 445440K, used 33004K [0x00000000d7300000, 0x0000000100000000, 0x0000000100000000)
  eden space 222720K, 14% used [0x00000000d7300000,0x00000000d933b0e0,0x00000000e4c80000)
  from space 222720K, 0% used [0x00000000f2600000,0x00000000f2600000,0x00000000fff80000)
  to   space 222720K, 0% used [0x00000000e4c80000,0x00000000e4c80000,0x00000000f2600000)
 ParOldGen       total 1338368K, used 1338352K [0x0000000085800000, 0x00000000d7300000, 0x00000000d7300000)
  object space 1338368K, 99% used [0x0000000085800000,0x00000000d72fc3d8,0x00000000d7300000)
 Metaspace       used 8458K, capacity 8662K, committed 8704K, reserved 1056768K
  class space    used 898K, capacity 1007K, committed 1024K, reserved 1048576K
}
Event: 22.158 GC heap before
{Heap before GC invocations=31 (full 9):
 PSYoungGen      total 445440K, used 222720K [0x00000000d7300000, 0x0000000100000000, 0x0000000100000000)
  eden space 222720K, 100% used [0x00000000d7300000,0x00000000e4c80000,0x00000000e4c80000)
  from space 222720K, 0% used [0x00000000f2600000,0x00000000f2600000,0x00000000fff80000)
  to   space 222720K, 0% used [0x00000000e4c80000,0x00000000e4c80000,0x00000000f2600000)
 ParOldGen       total 1338368K, used 1338352K [0x0000000085800000, 0x00000000d7300000, 0x00000000d7300000)
  object space 1338368K, 99% used [0x0000000085800000,0x00000000d72fc3d8,0x00000000d7300000)
 Metaspace       used 8458K, capacity 8662K, committed 8704K, reserved 1056768K
  class space    used 898K, capacity 1007K, committed 1024K, reserved 1048576K
Event: 24.836 GC heap after
Heap after GC invocations=31 (full 9):
 PSYoungGen      total 445440K, used 32939K [0x00000000d7300000, 0x0000000100000000, 0x0000000100000000)
  eden space 222720K, 14% used [0x00000000d7300000,0x00000000d932ae50,0x00000000e4c80000)
  from space 222720K, 0% used [0x00000000f2600000,0x00000000f2600000,0x00000000fff80000)
  to   space 222720K, 0% used [0x00000000e4c80000,0x00000000e4c80000,0x00000000f2600000)
 ParOldGen       total 1338368K, used 1338352K [0x0000000085800000, 0x00000000d7300000, 0x00000000d7300000)
  object space 1338368K, 99% used [0x0000000085800000,0x00000000d72fc360,0x00000000d7300000)
 Metaspace       used 8458K, capacity 8662K, committed 8704K, reserved 1056768K
  class space    used 898K, capacity 1007K, committed 1024K, reserved 1048576K
}
Event: 25.104 GC heap before
{Heap before GC invocations=32 (full 10):
 PSYoungGen      total 445440K, used 222720K [0x00000000d7300000, 0x0000000100000000, 0x0000000100000000)
  eden space 222720K, 100% used [0x00000000d7300000,0x00000000e4c80000,0x00000000e4c80000)
  from space 222720K, 0% used [0x00000000f2600000,0x00000000f2600000,0x00000000fff80000)
  to   space 222720K, 0% used [0x00000000e4c80000,0x00000000e4c80000,0x00000000f2600000)
 ParOldGen       total 1338368K, used 1338352K [0x0000000085800000, 0x00000000d7300000, 0x00000000d7300000)
  object space 1338368K, 99% used [0x0000000085800000,0x00000000d72fc360,0x00000000d7300000)
 Metaspace       used 8458K, capacity 8662K, committed 8704K, reserved 1056768K
  class space    used 898K, capacity 1007K, committed 1024K, reserved 1048576K

