# JRE version: Java(TM) SE Runtime Environment (8.0_211-b12) (build 1.8.0_211-b12)
# Java VM: Java HotSpot(TM) 64-Bit Server VM (25.211-b12 mixed mode linux-amd64 compressed oops)
Heap:
 PSYoungGen      total 114688K, used 109568K [0x00000000d7300000, 0x00000000e6f00000, 0x0000000100000000)
  eden space 109568K, 100% used [0x00000000d7300000,0x00000000dde00000,0x00000000dde00000)
  from space 5120K, 0% used [0x00000000def00000,0x00000000def00000,0x00000000df400000)
  to   space 74240K, 49% used [0x00000000e2680000,0x00000000e4a4c518,0x00000000e6f00000)
 ParOldGen       total 335872K, used 172107K [0x0000000085800000, 0x000000009a000000, 0x00000000d7300000)
  object space 335872K, 51% used [0x0000000085800000,0x0000000090012f20,0x000000009a000000)
 Metaspace       used 8126K, capacity 8374K, committed 8448K, reserved 1056768K
  class space    used 868K, capacity 975K, committed 1024K, reserved 1048576K
GC Heap History (10 events):
Event: 1.065 GC heap after
Heap after GC invocations=3 (full 0):
 PSYoungGen      total 68608K, used 5113K [0x00000000d7300000, 0x00000000df900000, 0x0000000100000000)
  eden space 63488K, 0% used [0x00000000d7300000,0x00000000d7300000,0x00000000db100000)
  from space 5120K, 99% used [0x00000000db100000,0x00000000db5fe530,0x00000000db600000)
  to   space 5120K, 0% used [0x00000000df400000,0x00000000df400000,0x00000000df900000)
 ParOldGen       total 84992K, used 70145K [0x0000000085800000, 0x000000008ab00000, 0x00000000d7300000)
  object space 84992K, 82% used [0x0000000085800000,0x0000000089c80790,0x000000008ab00000)
 Metaspace       used 8061K, capacity 8310K, committed 8448K, reserved 1056768K
  class space    used 867K, capacity 975K, committed 1024K, reserved 1048576K
}
Event: 1.065 GC heap before
{Heap before GC invocations=4 (full 1):
 PSYoungGen      total 68608K, used 5113K [0x00000000d7300000, 0x00000000df900000, 0x0000000100000000)
  eden space 63488K, 0% used [0x00000000d7300000,0x00000000d7300000,0x00000000db100000)
  from space 5120K, 99% used [0x00000000db100000,0x00000000db5fe530,0x00000000db600000)
  to   space 5120K, 0% used [0x00000000df400000,0x00000000df400000,0x00000000df900000)
 ParOldGen       total 84992K, used 70145K [0x0000000085800000, 0x000000008ab00000, 0x00000000d7300000)
  object space 84992K, 82% used [0x0000000085800000,0x0000000089c80790,0x000000008ab00000)
 Metaspace       used 8061K, capacity 8310K, committed 8448K, reserved 1056768K
  class space    used 867K, capacity 975K, committed 1024K, reserved 1048576K
Event: 1.589 GC heap after
Heap after GC invocations=4 (full 1):
 PSYoungGen      total 68608K, used 0K [0x00000000d7300000, 0x00000000df900000, 0x0000000100000000)
  eden space 63488K, 0% used [0x00000000d7300000,0x00000000d7300000,0x00000000db100000)
  from space 5120K, 0% used [0x00000000db100000,0x00000000db100000,0x00000000db600000)
  to   space 5120K, 0% used [0x00000000df400000,0x00000000df400000,0x00000000df900000)
 ParOldGen       total 179200K, used 74478K [0x0000000085800000, 0x0000000090700000, 0x00000000d7300000)
  object space 179200K, 41% used [0x0000000085800000,0x000000008a0bb820,0x0000000090700000)
 Metaspace       used 8061K, capacity 8310K, committed 8448K, reserved 1056768K
  class space    used 867K, capacity 975K, committed 1024K, reserved 1048576K
}
Event: 1.675 GC heap before
{Heap before GC invocations=5 (full 1):
 PSYoungGen      total 68608K, used 63488K [0x00000000d7300000, 0x00000000df900000, 0x0000000100000000)
  eden space 63488K, 100% used [0x00000000d7300000,0x00000000db100000,0x00000000db100000)
  from space 5120K, 0% used [0x00000000db100000,0x00000000db100000,0x00000000db600000)
  to   space 5120K, 0% used [0x00000000df400000,0x00000000df400000,0x00000000df900000)
 ParOldGen       total 179200K, used 74478K [0x0000000085800000, 0x0000000090700000, 0x00000000d7300000)
  object space 179200K, 41% used [0x0000000085800000,0x000000008a0bb820,0x0000000090700000)
 Metaspace       used 8061K, capacity 8310K, committed 8448K, reserved 1056768K
  class space    used 867K, capacity 975K, committed 1024K, reserved 1048576K
Event: 1.709 GC heap after
Heap after GC invocations=5 (full 1):
 PSYoungGen      total 86016K, used 5109K [0x00000000d7300000, 0x00000000df900000, 0x0000000100000000)
  eden space 80896K, 0% used [0x00000000d7300000,0x00000000d7300000,0x00000000dc200000)
  from space 5120K, 99% used [0x00000000df400000,0x00000000df8fd7a0,0x00000000df900000)
  to   space 5120K, 0% used [0x00000000def00000,0x00000000def00000,0x00000000df400000)
 ParOldGen       total 179200K, used 112670K [0x0000000085800000, 0x0000000090700000, 0x00000000d7300000)
  object space 179200K, 62% used [0x0000000085800000,0x000000008c607820,0x0000000090700000)
 Metaspace       used 8061K, capacity 8310K, committed 8448K, reserved 1056768K
  class space    used 867K, capacity 975K, committed 1024K, reserved 1048576K
}
Event: 1.796 GC heap before
{Heap before GC invocations=6 (full 1):
 PSYoungGen      total 86016K, used 86005K [0x00000000d7300000, 0x00000000df900000, 0x0000000100000000)
  eden space 80896K, 100% used [0x00000000d7300000,0x00000000dc200000,0x00000000dc200000)
  from space 5120K, 99% used [0x00000000df400000,0x00000000df8fd7a0,0x00000000df900000)
  to   space 5120K, 0% used [0x00000000def00000,0x00000000def00000,0x00000000df400000)
 ParOldGen       total 179200K, used 112670K [0x0000000085800000, 0x0000000090700000, 0x00000000d7300000)
  object space 179200K, 62% used [0x0000000085800000,0x000000008c607820,0x0000000090700000)
 Metaspace       used 8061K, capacity 8310K, committed 8448K, reserved 1056768K
  class space    used 867K, capacity 975K, committed 1024K, reserved 1048576K
Event: 1.844 GC heap after
Heap after GC invocations=6 (full 1):
 PSYoungGen      total 114688K, used 5088K [0x00000000d7300000, 0x00000000e6f00000, 0x0000000100000000)
  eden space 109568K, 0% used [0x00000000d7300000,0x00000000d7300000,0x00000000dde00000)
  from space 5120K, 99% used [0x00000000def00000,0x00000000df3f8368,0x00000000df400000)
  to   space 74240K, 0% used [0x00000000e2680000,0x00000000e2680000,0x00000000e6f00000)
 ParOldGen       total 179200K, used 167662K [0x0000000085800000, 0x0000000090700000, 0x00000000d7300000)
  object space 179200K, 93% used [0x0000000085800000,0x000000008fbbb820,0x0000000090700000)
 Metaspace       used 8061K, capacity 8310K, committed 8448K, reserved 1056768K
  class space    used 867K, capacity 975K, committed 1024K, reserved 1048576K
}
Event: 1.844 GC heap before
{Heap before GC invocations=7 (full 2):
 PSYoungGen      total 114688K, used 5088K [0x00000000d7300000, 0x00000000e6f00000, 0x0000000100000000)
  eden space 109568K, 0% used [0x00000000d7300000,0x00000000d7300000,0x00000000dde00000)
  from space 5120K, 99% used [0x00000000def00000,0x00000000df3f8368,0x00000000df400000)
  to   space 74240K, 0% used [0x00000000e2680000,0x00000000e2680000,0x00000000e6f00000)
 ParOldGen       total 179200K, used 167662K [0x0000000085800000, 0x0000000090700000, 0x00000000d7300000)
  object space 179200K, 93% used [0x0000000085800000,0x000000008fbbb820,0x0000000090700000)
 Metaspace       used 8061K, capacity 8310K, committed 8448K, reserved 1056768K
  class space    used 867K, capacity 975K, committed 1024K, reserved 1048576K
Event: 2.557 GC heap after
Heap after GC invocations=7 (full 2):
 PSYoungGen      total 114688K, used 0K [0x00000000d7300000, 0x00000000e6f00000, 0x0000000100000000)
  eden space 109568K, 0% used [0x00000000d7300000,0x00000000d7300000,0x00000000dde00000)
  from space 5120K, 0% used [0x00000000def00000,0x00000000def00000,0x00000000df400000)
  to   space 74240K, 0% used [0x00000000e2680000,0x00000000e2680000,0x00000000e6f00000)
 ParOldGen       total 335872K, used 172107K [0x0000000085800000, 0x000000009a000000, 0x00000000d7300000)
  object space 335872K, 51% used [0x0000000085800000,0x0000000090012f20,0x000000009a000000)
 Metaspace       used 8061K, capacity 8310K, committed 8448K, reserved 1056768K
  class space    used 867K, capacity 975K, committed 1024K, reserved 1048576K
}
Event: 3.189 GC heap before
{Heap before GC invocations=8 (full 2):
 PSYoungGen      total 114688K, used 109568K [0x00000000d7300000, 0x00000000e6f00000, 0x0000000100000000)
  eden space 109568K, 100% used [0x00000000d7300000,0x00000000dde00000,0x00000000dde00000)
  from space 5120K, 0% used [0x00000000def00000,0x00000000def00000,0x00000000df400000)
  to   space 74240K, 0% used [0x00000000e2680000,0x00000000e2680000,0x00000000e6f00000)
 ParOldGen       total 335872K, used 172107K [0x0000000085800000, 0x000000009a000000, 0x00000000d7300000)
  object space 335872K, 51% used [0x0000000085800000,0x0000000090012f20,0x000000009a000000)
 Metaspace       used 8126K, capacity 8374K, committed 8448K, reserved 1056768K
  class space    used 868K, capacity 975K, committed 1024K, reserved 1048576K

