# JRE version: Java(TM) SE Runtime Environment (8.0_211-b12) (build 1.8.0_211-b12)
# Java VM: Java HotSpot(TM) 64-Bit Server VM (25.211-b12 mixed mode linux-amd64 compressed oops)
Heap:
 PSYoungGen      total 439808K, used 343200K [0x00000000d7300000, 0x00000000fdc00000, 0x0000000100000000)
  eden space 257024K, 100% used [0x00000000d7300000,0x00000000e6e00000,0x00000000e6e00000)
  from space 182784K, 47% used [0x00000000f2980000,0x00000000f7da8318,0x00000000fdc00000)
  to   space 187392K, 51% used [0x00000000e6e00000,0x00000000ecb875a8,0x00000000f2500000)
 ParOldGen       total 830464K, used 706634K [0x0000000085800000, 0x00000000b8300000, 0x00000000d7300000)
  object space 830464K, 85% used [0x0000000085800000,0x00000000b0a12ad8,0x00000000b8300000)
 Metaspace       used 10289K, capacity 10546K, committed 10752K, reserved 1058816K
  class space    used 1061K, capacity 1189K, committed 1280K, reserved 1048576K
GC Heap History (10 events):
Event: 81.380 GC heap after
Heap after GC invocations=35 (full 5):
 PSYoungGen      total 454144K, used 36681K [0x00000000d7300000, 0x0000000100000000, 0x0000000100000000)
  eden space 232960K, 0% used [0x00000000d7300000,0x00000000d7300000,0x00000000e5680000)
  from space 221184K, 16% used [0x00000000f2800000,0x00000000f4bd27e8,0x0000000100000000)
  to   space 214528K, 0% used [0x00000000e5680000,0x00000000e5680000,0x00000000f2800000)
 ParOldGen       total 830464K, used 706618K [0x0000000085800000, 0x00000000b8300000, 0x00000000d7300000)
  object space 830464K, 85% used [0x0000000085800000,0x00000000b0a0ead8,0x00000000b8300000)
 Metaspace       used 10281K, capacity 10546K, committed 10752K, reserved 1058816K
  class space    used 1061K, capacity 1189K, committed 1280K, reserved 1048576K
}
Event: 81.634 GC heap before
{Heap before GC invocations=36 (full 5):
 PSYoungGen      total 454144K, used 269641K [0x00000000d7300000, 0x0000000100000000, 0x0000000100000000)
  eden space 232960K, 100% used [0x00000000d7300000,0x00000000e5680000,0x00000000e5680000)
  from space 221184K, 16% used [0x00000000f2800000,0x00000000f4bd27e8,0x0000000100000000)
  to   space 214528K, 0% used [0x00000000e5680000,0x00000000e5680000,0x00000000f2800000)
 ParOldGen       total 830464K, used 706618K [0x0000000085800000, 0x00000000b8300000, 0x00000000d7300000)
  object space 830464K, 85% used [0x0000000085800000,0x00000000b0a0ead8,0x00000000b8300000)
 Metaspace       used 10281K, capacity 10546K, committed 10752K, reserved 1058816K
  class space    used 1061K, capacity 1189K, committed 1280K, reserved 1048576K
Event: 81.650 GC heap after
Heap after GC invocations=36 (full 5):
 PSYoungGen      total 250880K, used 17545K [0x00000000d7300000, 0x00000000ff280000, 0x0000000100000000)
  eden space 232960K, 0% used [0x00000000d7300000,0x00000000d7300000,0x00000000e5680000)
  from space 17920K, 97% used [0x00000000e5680000,0x00000000e67a27e8,0x00000000e6800000)
  to   space 210944K, 0% used [0x00000000f2480000,0x00000000f2480000,0x00000000ff280000)
 ParOldGen       total 830464K, used 706618K [0x0000000085800000, 0x00000000b8300000, 0x00000000d7300000)
  object space 830464K, 85% used [0x0000000085800000,0x00000000b0a0ead8,0x00000000b8300000)
 Metaspace       used 10281K, capacity 10546K, committed 10752K, reserved 1058816K
  class space    used 1061K, capacity 1189K, committed 1280K, reserved 1048576K
}
Event: 83.915 GC heap before
{Heap before GC invocations=37 (full 5):
 PSYoungGen      total 250880K, used 250505K [0x00000000d7300000, 0x00000000ff280000, 0x0000000100000000)
  eden space 232960K, 100% used [0x00000000d7300000,0x00000000e5680000,0x00000000e5680000)
  from space 17920K, 97% used [0x00000000e5680000,0x00000000e67a27e8,0x00000000e6800000)
  to   space 210944K, 0% used [0x00000000f2480000,0x00000000f2480000,0x00000000ff280000)
 ParOldGen       total 830464K, used 706618K [0x0000000085800000, 0x00000000b8300000, 0x00000000d7300000)
  object space 830464K, 85% used [0x0000000085800000,0x00000000b0a0ead8,0x00000000b8300000)
 Metaspace       used 10285K, capacity 10546K, committed 10752K, reserved 1058816K
  class space    used 1061K, capacity 1189K, committed 1280K, reserved 1048576K
Event: 83.978 GC heap after
Heap after GC invocations=37 (full 5):
 PSYoungGen      total 450560K, used 81440K [0x00000000d7300000, 0x00000000fef00000, 0x0000000100000000)
  eden space 243200K, 0% used [0x00000000d7300000,0x00000000d7300000,0x00000000e6080000)
  from space 207360K, 39% used [0x00000000f2480000,0x00000000f7408368,0x00000000fef00000)
  to   space 200704K, 0% used [0x00000000e6080000,0x00000000e6080000,0x00000000f2480000)
 ParOldGen       total 830464K, used 706626K [0x0000000085800000, 0x00000000b8300000, 0x00000000d7300000)
  object space 830464K, 85% used [0x0000000085800000,0x00000000b0a10ad8,0x00000000b8300000)
 Metaspace       used 10285K, capacity 10546K, committed 10752K, reserved 1058816K
  class space    used 1061K, capacity 1189K, committed 1280K, reserved 1048576K
}
Event: 90.714 GC heap before
{Heap before GC invocations=38 (full 5):
 PSYoungGen      total 450560K, used 324640K [0x00000000d7300000, 0x00000000fef00000, 0x0000000100000000)
  eden space 243200K, 100% used [0x00000000d7300000,0x00000000e6080000,0x00000000e6080000)
  from space 207360K, 39% used [0x00000000f2480000,0x00000000f7408368,0x00000000fef00000)
  to   space 200704K, 0% used [0x00000000e6080000,0x00000000e6080000,0x00000000f2480000)
 ParOldGen       total 830464K, used 706626K [0x0000000085800000, 0x00000000b8300000, 0x00000000d7300000)
  object space 830464K, 85% used [0x0000000085800000,0x00000000b0a10ad8,0x00000000b8300000)
 Metaspace       used 10289K, capacity 10546K, committed 10752K, reserved 1058816K
  class space    used 1061K, capacity 1189K, committed 1280K, reserved 1048576K
Event: 90.750 GC heap after
Heap after GC invocations=38 (full 5):
 PSYoungGen      total 443904K, used 38969K [0x00000000d7300000, 0x00000000fe680000, 0x0000000100000000)
  eden space 243200K, 0% used [0x00000000d7300000,0x00000000d7300000,0x00000000e6080000)
  from space 200704K, 19% used [0x00000000e6080000,0x00000000e868e768,0x00000000f2480000)
  to   space 193536K, 0% used [0x00000000f2980000,0x00000000f2980000,0x00000000fe680000)
 ParOldGen       total 830464K, used 706634K [0x0000000085800000, 0x00000000b8300000, 0x00000000d7300000)
  object space 830464K, 85% used [0x0000000085800000,0x00000000b0a12ad8,0x00000000b8300000)
 Metaspace       used 10289K, capacity 10546K, committed 10752K, reserved 1058816K
  class space    used 1061K, capacity 1189K, committed 1280K, reserved 1048576K
}
Event: 92.277 GC heap before
{Heap before GC invocations=39 (full 5):
 PSYoungGen      total 443904K, used 282169K [0x00000000d7300000, 0x00000000fe680000, 0x0000000100000000)
  eden space 243200K, 100% used [0x00000000d7300000,0x00000000e6080000,0x00000000e6080000)
  from space 200704K, 19% used [0x00000000e6080000,0x00000000e868e768,0x00000000f2480000)
  to   space 193536K, 0% used [0x00000000f2980000,0x00000000f2980000,0x00000000fe680000)
 ParOldGen       total 830464K, used 706634K [0x0000000085800000, 0x00000000b8300000, 0x00000000d7300000)
  object space 830464K, 85% used [0x0000000085800000,0x00000000b0a12ad8,0x00000000b8300000)
 Metaspace       used 10289K, capacity 10546K, committed 10752K, reserved 1058816K
  class space    used 1061K, capacity 1189K, committed 1280K, reserved 1048576K
Event: 92.361 GC heap after
Heap after GC invocations=39 (full 5):
 PSYoungGen      total 439808K, used 86176K [0x00000000d7300000, 0x00000000fdc00000, 0x0000000100000000)
  eden space 257024K, 0% used [0x00000000d7300000,0x00000000d7300000,0x00000000e6e00000)
  from space 182784K, 47% used [0x00000000f2980000,0x00000000f7da8318,0x00000000fdc00000)
  to   space 187392K, 0% used [0x00000000e6e00000,0x00000000e6e00000,0x00000000f2500000)
 ParOldGen       total 830464K, used 706634K [0x0000000085800000, 0x00000000b8300000, 0x00000000d7300000)
  object space 830464K, 85% used [0x0000000085800000,0x00000000b0a12ad8,0x00000000b8300000)
 Metaspace       used 10289K, capacity 10546K, committed 10752K, reserved 1058816K
  class space    used 1061K, capacity 1189K, committed 1280K, reserved 1048576K
}
Event: 94.236 GC heap before
{Heap before GC invocations=40 (full 5):
 PSYoungGen      total 439808K, used 343200K [0x00000000d7300000, 0x00000000fdc00000, 0x0000000100000000)
  eden space 257024K, 100% used [0x00000000d7300000,0x00000000e6e00000,0x00000000e6e00000)
  from space 182784K, 47% used [0x00000000f2980000,0x00000000f7da8318,0x00000000fdc00000)
  to   space 187392K, 0% used [0x00000000e6e00000,0x00000000e6e00000,0x00000000f2500000)
 ParOldGen       total 830464K, used 706634K [0x0000000085800000, 0x00000000b8300000, 0x00000000d7300000)
  object space 830464K, 85% used [0x0000000085800000,0x00000000b0a12ad8,0x00000000b8300000)
 Metaspace       used 10289K, capacity 10546K, committed 10752K, reserved 1058816K
  class space    used 1061K, capacity 1189K, committed 1280K, reserved 1048576K

