# JRE version: Java(TM) SE Runtime Environment (8.0_211-b12) (build 1.8.0_211-b12)
# Java VM: Java HotSpot(TM) 64-Bit Server VM (25.211-b12 mixed mode linux-amd64 compressed oops)
Heap:
 PSYoungGen      total 115712K, used 5088K [0x00000000d7300000, 0x00000000e7700000, 0x0000000100000000)
  eden space 110592K, 0% used [0x00000000d7300000,0x00000000d7300000,0x00000000ddf00000)
  from space 5120K, 99% used [0x00000000def00000,0x00000000df3f8368,0x00000000df400000)
  to   space 77824K, 0% used [0x00000000e2b00000,0x00000000e2b00000,0x00000000e7700000)
 ParOldGen       total 184320K, used 175135K [0x0000000085800000, 0x0000000090c00000, 0x00000000d7300000)
  object space 184320K, 95% used [0x0000000085800000,0x0000000090307d78,0x0000000090c00000)
 Metaspace       used 8095K, capacity 8318K, committed 8448K, reserved 1056768K
  class space    used 869K, capacity 975K, committed 1024K, reserved 1048576K
GC Heap History (10 events):
Event: 0.913 GC heap after
Heap after GC invocations=2 (full 0):
 PSYoungGen      total 68608K, used 5110K [0x00000000d7300000, 0x00000000dbb00000, 0x0000000100000000)
  eden space 63488K, 0% used [0x00000000d7300000,0x00000000d7300000,0x00000000db100000)
  from space 5120K, 99% used [0x00000000db600000,0x00000000dbafdbd8,0x00000000dbb00000)
  to   space 5120K, 0% used [0x00000000db100000,0x00000000db100000,0x00000000db600000)
 ParOldGen       total 84992K, used 27867K [0x0000000085800000, 0x000000008ab00000, 0x00000000d7300000)
  object space 84992K, 32% used [0x0000000085800000,0x0000000087336ee0,0x000000008ab00000)
 Metaspace       used 8095K, capacity 8318K, committed 8448K, reserved 1056768K
  class space    used 869K, capacity 975K, committed 1024K, reserved 1048576K
}
Event: 1.001 GC heap before
{Heap before GC invocations=3 (full 0):
 PSYoungGen      total 68608K, used 68598K [0x00000000d7300000, 0x00000000dbb00000, 0x0000000100000000)
  eden space 63488K, 100% used [0x00000000d7300000,0x00000000db100000,0x00000000db100000)
  from space 5120K, 99% used [0x00000000db600000,0x00000000dbafdbd8,0x00000000dbb00000)
  to   space 5120K, 0% used [0x00000000db100000,0x00000000db100000,0x00000000db600000)
 ParOldGen       total 84992K, used 27867K [0x0000000085800000, 0x000000008ab00000, 0x00000000d7300000)
  object space 84992K, 32% used [0x0000000085800000,0x0000000087336ee0,0x000000008ab00000)
 Metaspace       used 8095K, capacity 8318K, committed 8448K, reserved 1056768K
  class space    used 869K, capacity 975K, committed 1024K, reserved 1048576K
Event: 1.040 GC heap after
Heap after GC invocations=3 (full 0):
 PSYoungGen      total 68608K, used 5099K [0x00000000d7300000, 0x00000000df900000, 0x0000000100000000)
  eden space 63488K, 0% used [0x00000000d7300000,0x00000000d7300000,0x00000000db100000)
  from space 5120K, 99% used [0x00000000db100000,0x00000000db5fae58,0x00000000db600000)
  to   space 5120K, 0% used [0x00000000df400000,0x00000000df400000,0x00000000df900000)
 ParOldGen       total 84992K, used 72907K [0x0000000085800000, 0x000000008ab00000, 0x00000000d7300000)
  object space 84992K, 85% used [0x0000000085800000,0x0000000089f32ee0,0x000000008ab00000)
 Metaspace       used 8095K, capacity 8318K, committed 8448K, reserved 1056768K
  class space    used 869K, capacity 975K, committed 1024K, reserved 1048576K
}
Event: 1.040 GC heap before
{Heap before GC invocations=4 (full 1):
 PSYoungGen      total 68608K, used 5099K [0x00000000d7300000, 0x00000000df900000, 0x0000000100000000)
  eden space 63488K, 0% used [0x00000000d7300000,0x00000000d7300000,0x00000000db100000)
  from space 5120K, 99% used [0x00000000db100000,0x00000000db5fae58,0x00000000db600000)
  to   space 5120K, 0% used [0x00000000df400000,0x00000000df400000,0x00000000df900000)
 ParOldGen       total 84992K, used 72907K [0x0000000085800000, 0x000000008ab00000, 0x00000000d7300000)
  object space 84992K, 85% used [0x0000000085800000,0x0000000089f32ee0,0x000000008ab00000)
 Metaspace       used 8095K, capacity 8318K, committed 8448K, reserved 1056768K
  class space    used 869K, capacity 975K, committed 1024K, reserved 1048576K
Event: 1.502 GC heap after
Heap after GC invocations=4 (full 1):
 PSYoungGen      total 68608K, used 0K [0x00000000d7300000, 0x00000000df900000, 0x0000000100000000)
  eden space 63488K, 0% used [0x00000000d7300000,0x00000000d7300000,0x00000000db100000)
  from space 5120K, 0% used [0x00000000db100000,0x00000000db100000,0x00000000db600000)
  to   space 5120K, 0% used [0x00000000df400000,0x00000000df400000,0x00000000df900000)
 ParOldGen       total 184320K, used 77223K [0x0000000085800000, 0x0000000090c00000, 0x00000000d7300000)
  object space 184320K, 41% used [0x0000000085800000,0x000000008a369d78,0x0000000090c00000)
 Metaspace       used 8095K, capacity 8318K, committed 8448K, reserved 1056768K
  class space    used 869K, capacity 975K, committed 1024K, reserved 1048576K
}
Event: 1.609 GC heap before
{Heap before GC invocations=5 (full 1):
 PSYoungGen      total 68608K, used 63488K [0x00000000d7300000, 0x00000000df900000, 0x0000000100000000)
  eden space 63488K, 100% used [0x00000000d7300000,0x00000000db100000,0x00000000db100000)
  from space 5120K, 0% used [0x00000000db100000,0x00000000db100000,0x00000000db600000)
  to   space 5120K, 0% used [0x00000000df400000,0x00000000df400000,0x00000000df900000)
 ParOldGen       total 184320K, used 77223K [0x0000000085800000, 0x0000000090c00000, 0x00000000d7300000)
  object space 184320K, 41% used [0x0000000085800000,0x000000008a369d78,0x0000000090c00000)
 Metaspace       used 8095K, capacity 8318K, committed 8448K, reserved 1056768K
  class space    used 869K, capacity 975K, committed 1024K, reserved 1048576K
Event: 1.644 GC heap after
Heap after GC invocations=5 (full 1):
 PSYoungGen      total 87040K, used 5109K [0x00000000d7300000, 0x00000000df900000, 0x0000000100000000)
  eden space 81920K, 0% used [0x00000000d7300000,0x00000000d7300000,0x00000000dc300000)
  from space 5120K, 99% used [0x00000000df400000,0x00000000df8fd7a0,0x00000000df900000)
  to   space 5120K, 0% used [0x00000000def00000,0x00000000def00000,0x00000000df400000)
 ParOldGen       total 184320K, used 117207K [0x0000000085800000, 0x0000000090c00000, 0x00000000d7300000)
  object space 184320K, 63% used [0x0000000085800000,0x000000008ca75d78,0x0000000090c00000)
 Metaspace       used 8095K, capacity 8318K, committed 8448K, reserved 1056768K
  class space    used 869K, capacity 975K, committed 1024K, reserved 1048576K
}
Event: 1.770 GC heap before
{Heap before GC invocations=6 (full 1):
 PSYoungGen      total 87040K, used 87029K [0x00000000d7300000, 0x00000000df900000, 0x0000000100000000)
  eden space 81920K, 100% used [0x00000000d7300000,0x00000000dc300000,0x00000000dc300000)
  from space 5120K, 99% used [0x00000000df400000,0x00000000df8fd7a0,0x00000000df900000)
  to   space 5120K, 0% used [0x00000000def00000,0x00000000def00000,0x00000000df400000)
 ParOldGen       total 184320K, used 117207K [0x0000000085800000, 0x0000000090c00000, 0x00000000d7300000)
  object space 184320K, 63% used [0x0000000085800000,0x000000008ca75d78,0x0000000090c00000)
 Metaspace       used 8095K, capacity 8318K, committed 8448K, reserved 1056768K
  class space    used 869K, capacity 975K, committed 1024K, reserved 1048576K
Event: 1.819 GC heap after
Heap after GC invocations=6 (full 1):
 PSYoungGen      total 115712K, used 5088K [0x00000000d7300000, 0x00000000e7700000, 0x0000000100000000)
  eden space 110592K, 0% used [0x00000000d7300000,0x00000000d7300000,0x00000000ddf00000)
  from space 5120K, 99% used [0x00000000def00000,0x00000000df3f8368,0x00000000df400000)
  to   space 77824K, 0% used [0x00000000e2b00000,0x00000000e2b00000,0x00000000e7700000)
 ParOldGen       total 184320K, used 175135K [0x0000000085800000, 0x0000000090c00000, 0x00000000d7300000)
  object space 184320K, 95% used [0x0000000085800000,0x0000000090307d78,0x0000000090c00000)
 Metaspace       used 8095K, capacity 8318K, committed 8448K, reserved 1056768K
  class space    used 869K, capacity 975K, committed 1024K, reserved 1048576K
}
Event: 1.819 GC heap before
{Heap before GC invocations=7 (full 2):
 PSYoungGen      total 115712K, used 5088K [0x00000000d7300000, 0x00000000e7700000, 0x0000000100000000)
  eden space 110592K, 0% used [0x00000000d7300000,0x00000000d7300000,0x00000000ddf00000)
  from space 5120K, 99% used [0x00000000def00000,0x00000000df3f8368,0x00000000df400000)
  to   space 77824K, 0% used [0x00000000e2b00000,0x00000000e2b00000,0x00000000e7700000)
 ParOldGen       total 184320K, used 175135K [0x0000000085800000, 0x0000000090c00000, 0x00000000d7300000)
  object space 184320K, 95% used [0x0000000085800000,0x0000000090307d78,0x0000000090c00000)
 Metaspace       used 8095K, capacity 8318K, committed 8448K, reserved 1056768K
  class space    used 869K, capacity 975K, committed 1024K, reserved 1048576K

