# JRE version: Java(TM) SE Runtime Environment (8.0_211-b12) (build 1.8.0_211-b12)
# Java VM: Java HotSpot(TM) 64-Bit Server VM (25.211-b12 mixed mode linux-amd64 compressed oops)
Heap:
 PSYoungGen      total 317952K, used 161760K [0x00000000d7300000, 0x00000000fcb80000, 0x0000000100000000)
  eden space 156160K, 0% used [0x00000000d7300000,0x00000000d7300000,0x00000000e0b80000)
  from space 161792K, 99% used [0x00000000ed380000,0x00000000f7178020,0x00000000f7180000)
  to   space 204800K, 0% used [0x00000000e0b80000,0x00000000e0b80000,0x00000000ed380000)
 ParOldGen       total 360960K, used 299809K [0x0000000085800000, 0x000000009b880000, 0x00000000d7300000)
  object space 360960K, 83% used [0x0000000085800000,0x0000000097cc85f0,0x000000009b880000)
 Metaspace       used 9590K, capacity 9810K, committed 9984K, reserved 1058816K
  class space    used 1039K, capacity 1157K, committed 1280K, reserved 1048576K
GC Heap History (10 events):
Event: 7.515 GC heap after
Heap after GC invocations=9 (full 2):
 PSYoungGen      total 192000K, used 64480K [0x00000000d7300000, 0x00000000ee880000, 0x0000000100000000)
  eden space 127488K, 0% used [0x00000000d7300000,0x00000000d7300000,0x00000000def80000)
  from space 64512K, 99% used [0x00000000def80000,0x00000000e2e78030,0x00000000e2e80000)
  to   space 103424K, 0% used [0x00000000e8380000,0x00000000e8380000,0x00000000ee880000)
 ParOldGen       total 207360K, used 195867K [0x0000000085800000, 0x0000000092280000, 0x00000000d7300000)
  object space 207360K, 94% used [0x0000000085800000,0x0000000091746d40,0x0000000092280000)
 Metaspace       used 9590K, capacity 9810K, committed 9984K, reserved 1058816K
  class space    used 1039K, capacity 1157K, committed 1280K, reserved 1048576K
}
Event: 7.515 GC heap before
{Heap before GC invocations=10 (full 3):
 PSYoungGen      total 192000K, used 64480K [0x00000000d7300000, 0x00000000ee880000, 0x0000000100000000)
  eden space 127488K, 0% used [0x00000000d7300000,0x00000000d7300000,0x00000000def80000)
  from space 64512K, 99% used [0x00000000def80000,0x00000000e2e78030,0x00000000e2e80000)
  to   space 103424K, 0% used [0x00000000e8380000,0x00000000e8380000,0x00000000ee880000)
 ParOldGen       total 207360K, used 195867K [0x0000000085800000, 0x0000000092280000, 0x00000000d7300000)
  object space 207360K, 94% used [0x0000000085800000,0x0000000091746d40,0x0000000092280000)
 Metaspace       used 9590K, capacity 9810K, committed 9984K, reserved 1058816K
  class space    used 1039K, capacity 1157K, committed 1280K, reserved 1048576K
Event: 8.036 GC heap after
Heap after GC invocations=10 (full 3):
 PSYoungGen      total 192000K, used 44941K [0x00000000d7300000, 0x00000000ee880000, 0x0000000100000000)
  eden space 127488K, 0% used [0x00000000d7300000,0x00000000d7300000,0x00000000def80000)
  from space 64512K, 69% used [0x00000000def80000,0x00000000e1b63738,0x00000000e2e80000)
  to   space 103424K, 0% used [0x00000000e8380000,0x00000000e8380000,0x00000000ee880000)
 ParOldGen       total 360960K, used 196737K [0x0000000085800000, 0x000000009b880000, 0x00000000d7300000)
  object space 360960K, 54% used [0x0000000085800000,0x00000000918205e0,0x000000009b880000)
 Metaspace       used 9590K, capacity 9810K, committed 9984K, reserved 1058816K
  class space    used 1039K, capacity 1157K, committed 1280K, reserved 1048576K
}
Event: 9.539 GC heap before
{Heap before GC invocations=11 (full 3):
 PSYoungGen      total 192000K, used 172429K [0x00000000d7300000, 0x00000000ee880000, 0x0000000100000000)
  eden space 127488K, 100% used [0x00000000d7300000,0x00000000def80000,0x00000000def80000)
  from space 64512K, 69% used [0x00000000def80000,0x00000000e1b63738,0x00000000e2e80000)
  to   space 103424K, 0% used [0x00000000e8380000,0x00000000e8380000,0x00000000ee880000)
 ParOldGen       total 360960K, used 196737K [0x0000000085800000, 0x000000009b880000, 0x00000000d7300000)
  object space 360960K, 54% used [0x0000000085800000,0x00000000918205e0,0x000000009b880000)
 Metaspace       used 9590K, capacity 9810K, committed 9984K, reserved 1058816K
  class space    used 1039K, capacity 1157K, committed 1280K, reserved 1048576K
Event: 9.709 GC heap after
Heap after GC invocations=11 (full 3):
 PSYoungGen      total 262144K, used 103200K [0x00000000d7300000, 0x00000000f0a00000, 0x0000000100000000)
  eden space 158720K, 0% used [0x00000000d7300000,0x00000000d7300000,0x00000000e0e00000)
  from space 103424K, 99% used [0x00000000e8380000,0x00000000ee848010,0x00000000ee880000)
  to   space 120320K, 0% used [0x00000000e0e00000,0x00000000e0e00000,0x00000000e8380000)
 ParOldGen       total 360960K, used 196737K [0x0000000085800000, 0x000000009b880000, 0x00000000d7300000)
  object space 360960K, 54% used [0x0000000085800000,0x00000000918205e0,0x000000009b880000)
 Metaspace       used 9590K, capacity 9810K, committed 9984K, reserved 1058816K
  class space    used 1039K, capacity 1157K, committed 1280K, reserved 1048576K
}
Event: 11.608 GC heap before
{Heap before GC invocations=12 (full 3):
 PSYoungGen      total 262144K, used 261920K [0x00000000d7300000, 0x00000000f0a00000, 0x0000000100000000)
  eden space 158720K, 100% used [0x00000000d7300000,0x00000000e0e00000,0x00000000e0e00000)
  from space 103424K, 99% used [0x00000000e8380000,0x00000000ee848010,0x00000000ee880000)
  to   space 120320K, 0% used [0x00000000e0e00000,0x00000000e0e00000,0x00000000e8380000)
 ParOldGen       total 360960K, used 196737K [0x0000000085800000, 0x000000009b880000, 0x00000000d7300000)
  object space 360960K, 54% used [0x0000000085800000,0x00000000918205e0,0x000000009b880000)
 Metaspace       used 9590K, capacity 9810K, committed 9984K, reserved 1058816K
  class space    used 1039K, capacity 1157K, committed 1280K, reserved 1048576K
Event: 11.886 GC heap after
Heap after GC invocations=12 (full 3):
 PSYoungGen      total 279040K, used 120288K [0x00000000d7300000, 0x00000000f7180000, 0x0000000100000000)
  eden space 158720K, 0% used [0x00000000d7300000,0x00000000d7300000,0x00000000e0e00000)
  from space 120320K, 99% used [0x00000000e0e00000,0x00000000e8378010,0x00000000e8380000)
  to   space 161792K, 0% used [0x00000000ed380000,0x00000000ed380000,0x00000000f7180000)
 ParOldGen       total 360960K, used 252409K [0x0000000085800000, 0x000000009b880000, 0x00000000d7300000)
  object space 360960K, 69% used [0x0000000085800000,0x0000000094e7e5e0,0x000000009b880000)
 Metaspace       used 9590K, capacity 9810K, committed 9984K, reserved 1058816K
  class space    used 1039K, capacity 1157K, committed 1280K, reserved 1048576K
}
Event: 13.148 GC heap before
{Heap before GC invocations=13 (full 3):
 PSYoungGen      total 279040K, used 279008K [0x00000000d7300000, 0x00000000f7180000, 0x0000000100000000)
  eden space 158720K, 100% used [0x00000000d7300000,0x00000000e0e00000,0x00000000e0e00000)
  from space 120320K, 99% used [0x00000000e0e00000,0x00000000e8378010,0x00000000e8380000)
  to   space 161792K, 0% used [0x00000000ed380000,0x00000000ed380000,0x00000000f7180000)
 ParOldGen       total 360960K, used 252409K [0x0000000085800000, 0x000000009b880000, 0x00000000d7300000)
  object space 360960K, 69% used [0x0000000085800000,0x0000000094e7e5e0,0x000000009b880000)
 Metaspace       used 9590K, capacity 9810K, committed 9984K, reserved 1058816K
  class space    used 1039K, capacity 1157K, committed 1280K, reserved 1048576K
Event: 13.425 GC heap after
Heap after GC invocations=13 (full 3):
 PSYoungGen      total 317952K, used 161760K [0x00000000d7300000, 0x00000000fcb80000, 0x0000000100000000)
  eden space 156160K, 0% used [0x00000000d7300000,0x00000000d7300000,0x00000000e0b80000)
  from space 161792K, 99% used [0x00000000ed380000,0x00000000f7178020,0x00000000f7180000)
  to   space 204800K, 0% used [0x00000000e0b80000,0x00000000e0b80000,0x00000000ed380000)
 ParOldGen       total 360960K, used 299809K [0x0000000085800000, 0x000000009b880000, 0x00000000d7300000)
  object space 360960K, 83% used [0x0000000085800000,0x0000000097cc85f0,0x000000009b880000)
 Metaspace       used 9590K, capacity 9810K, committed 9984K, reserved 1058816K
  class space    used 1039K, capacity 1157K, committed 1280K, reserved 1048576K
}
Event: 13.425 GC heap before
{Heap before GC invocations=14 (full 4):
 PSYoungGen      total 317952K, used 161760K [0x00000000d7300000, 0x00000000fcb80000, 0x0000000100000000)
  eden space 156160K, 0% used [0x00000000d7300000,0x00000000d7300000,0x00000000e0b80000)
  from space 161792K, 99% used [0x00000000ed380000,0x00000000f7178020,0x00000000f7180000)
  to   space 204800K, 0% used [0x00000000e0b80000,0x00000000e0b80000,0x00000000ed380000)
 ParOldGen       total 360960K, used 299809K [0x0000000085800000, 0x000000009b880000, 0x00000000d7300000)
  object space 360960K, 83% used [0x0000000085800000,0x0000000097cc85f0,0x000000009b880000)
 Metaspace       used 9590K, capacity 9810K, committed 9984K, reserved 1058816K
  class space    used 1039K, capacity 1157K, committed 1280K, reserved 1048576K

