# JRE version: Java(TM) SE Runtime Environment (8.0_211-b12) (build 1.8.0_211-b12)
# Java VM: Java HotSpot(TM) 64-Bit Server VM (25.211-b12 mixed mode linux-amd64 compressed oops)
Heap:
 PSYoungGen      total 84992K, used 8591K [0x00000000d7300000, 0x00000000dd400000, 0x0000000100000000)
  eden space 73728K, 0% used [0x00000000d7300000,0x00000000d7300000,0x00000000dbb00000)
  from space 11264K, 76% used [0x00000000dc880000,0x00000000dd0e3d68,0x00000000dd380000)
  to   space 12800K, 0% used [0x00000000dbb00000,0x00000000dbb00000,0x00000000dc780000)
 ParOldGen       total 132608K, used 102656K [0x0000000085800000, 0x000000008d980000, 0x00000000d7300000)
  object space 132608K, 77% used [0x0000000085800000,0x000000008bc40300,0x000000008d980000)
 Metaspace       used 20381K, capacity 21218K, committed 21296K, reserved 1067008K
  class space    used 3920K, capacity 4147K, committed 4224K, reserved 1048576K
GC Heap History (10 events):
Event: 460.008 GC heap after
Heap after GC invocations=37 (full 1):
 PSYoungGen      total 91648K, used 1081K [0x00000000d7300000, 0x00000000ddc00000, 0x0000000100000000)
  eden space 83968K, 0% used [0x00000000d7300000,0x00000000d7300000,0x00000000dc500000)
  from space 7680K, 14% used [0x00000000dd480000,0x00000000dd58e5b8,0x00000000ddc00000)
  to   space 11776K, 0% used [0x00000000dc500000,0x00000000dc500000,0x00000000dd080000)
 ParOldGen       total 132608K, used 99667K [0x0000000085800000, 0x000000008d980000, 0x00000000d7300000)
  object space 132608K, 75% used [0x0000000085800000,0x000000008b954d18,0x000000008d980000)
 Metaspace       used 8944K, capacity 9180K, committed 9344K, reserved 1056768K
  class space    used 952K, capacity 1044K, committed 1152K, reserved 1048576K
}
Event: 461.336 GC heap before
{Heap before GC invocations=38 (full 1):
 PSYoungGen      total 91648K, used 85049K [0x00000000d7300000, 0x00000000ddc00000, 0x0000000100000000)
  eden space 83968K, 100% used [0x00000000d7300000,0x00000000dc500000,0x00000000dc500000)
  from space 7680K, 14% used [0x00000000dd480000,0x00000000dd58e5b8,0x00000000ddc00000)
  to   space 11776K, 0% used [0x00000000dc500000,0x00000000dc500000,0x00000000dd080000)
 ParOldGen       total 132608K, used 99667K [0x0000000085800000, 0x000000008d980000, 0x00000000d7300000)
  object space 132608K, 75% used [0x0000000085800000,0x000000008b954d18,0x000000008d980000)
 Metaspace       used 8944K, capacity 9180K, committed 9344K, reserved 1056768K
  class space    used 952K, capacity 1044K, committed 1152K, reserved 1048576K
Event: 461.337 GC heap after
Heap after GC invocations=38 (full 1):
 PSYoungGen      total 82432K, used 793K [0x00000000d7300000, 0x00000000dd880000, 0x0000000100000000)
  eden space 81408K, 0% used [0x00000000d7300000,0x00000000d7300000,0x00000000dc280000)
  from space 1024K, 77% used [0x00000000dc500000,0x00000000dc5c64c8,0x00000000dc600000)
  to   space 11264K, 0% used [0x00000000dcd80000,0x00000000dcd80000,0x00000000dd880000)
 ParOldGen       total 132608K, used 99715K [0x0000000085800000, 0x000000008d980000, 0x00000000d7300000)
  object space 132608K, 75% used [0x0000000085800000,0x000000008b960d18,0x000000008d980000)
 Metaspace       used 8944K, capacity 9180K, committed 9344K, reserved 1056768K
  class space    used 952K, capacity 1044K, committed 1152K, reserved 1048576K
}
Event: 462.737 GC heap before
{Heap before GC invocations=39 (full 1):
 PSYoungGen      total 82432K, used 82201K [0x00000000d7300000, 0x00000000dd880000, 0x0000000100000000)
  eden space 81408K, 100% used [0x00000000d7300000,0x00000000dc280000,0x00000000dc280000)
  from space 1024K, 77% used [0x00000000dc500000,0x00000000dc5c64c8,0x00000000dc600000)
  to   space 11264K, 0% used [0x00000000dcd80000,0x00000000dcd80000,0x00000000dd880000)
 ParOldGen       total 132608K, used 99715K [0x0000000085800000, 0x000000008d980000, 0x00000000d7300000)
  object space 132608K, 75% used [0x0000000085800000,0x000000008b960d18,0x000000008d980000)
 Metaspace       used 8944K, capacity 9180K, committed 9344K, reserved 1056768K
  class space    used 952K, capacity 1044K, committed 1152K, reserved 1048576K
Event: 462.739 GC heap after
Heap after GC invocations=39 (full 1):
 PSYoungGen      total 85504K, used 556K [0x00000000d7300000, 0x00000000dd400000, 0x0000000100000000)
  eden space 78848K, 0% used [0x00000000d7300000,0x00000000d7300000,0x00000000dc000000)
  from space 6656K, 8% used [0x00000000dcd80000,0x00000000dce0b178,0x00000000dd400000)
  to   space 10240K, 0% used [0x00000000dc000000,0x00000000dc000000,0x00000000dca00000)
 ParOldGen       total 132608K, used 99763K [0x0000000085800000, 0x000000008d980000, 0x00000000d7300000)
  object space 132608K, 75% used [0x0000000085800000,0x000000008b96cd18,0x000000008d980000)
 Metaspace       used 8944K, capacity 9180K, committed 9344K, reserved 1056768K
  class space    used 952K, capacity 1044K, committed 1152K, reserved 1048576K
}
Event: 463.831 GC heap before
{Heap before GC invocations=40 (full 1):
 PSYoungGen      total 85504K, used 79404K [0x00000000d7300000, 0x00000000dd400000, 0x0000000100000000)
  eden space 78848K, 100% used [0x00000000d7300000,0x00000000dc000000,0x00000000dc000000)
  from space 6656K, 8% used [0x00000000dcd80000,0x00000000dce0b178,0x00000000dd400000)
  to   space 10240K, 0% used [0x00000000dc000000,0x00000000dc000000,0x00000000dca00000)
 ParOldGen       total 132608K, used 99763K [0x0000000085800000, 0x000000008d980000, 0x00000000d7300000)
  object space 132608K, 75% used [0x0000000085800000,0x000000008b96cd18,0x000000008d980000)
 Metaspace       used 15633K, capacity 15942K, committed 16256K, reserved 1062912K
  class space    used 2995K, capacity 3099K, committed 3200K, reserved 1048576K
Event: 463.836 GC heap after
Heap after GC invocations=40 (full 1):
 PSYoungGen      total 83456K, used 6678K [0x00000000d7300000, 0x00000000dd380000, 0x0000000100000000)
  eden space 76288K, 0% used [0x00000000d7300000,0x00000000d7300000,0x00000000dbd80000)
  from space 7168K, 93% used [0x00000000dc000000,0x00000000dc6859c0,0x00000000dc700000)
  to   space 11264K, 0% used [0x00000000dc880000,0x00000000dc880000,0x00000000dd380000)
 ParOldGen       total 132608K, used 100130K [0x0000000085800000, 0x000000008d980000, 0x00000000d7300000)
  object space 132608K, 75% used [0x0000000085800000,0x000000008b9c8bd8,0x000000008d980000)
 Metaspace       used 15633K, capacity 15942K, committed 16256K, reserved 1062912K
  class space    used 2995K, capacity 3099K, committed 3200K, reserved 1048576K
}
Event: 484.712 GC heap before
{Heap before GC invocations=41 (full 1):
 PSYoungGen      total 83456K, used 69571K [0x00000000d7300000, 0x00000000dd380000, 0x0000000100000000)
  eden space 76288K, 82% used [0x00000000d7300000,0x00000000db06b430,0x00000000dbd80000)
  from space 7168K, 93% used [0x00000000dc000000,0x00000000dc6859c0,0x00000000dc700000)
  to   space 11264K, 0% used [0x00000000dc880000,0x00000000dc880000,0x00000000dd380000)
 ParOldGen       total 132608K, used 100130K [0x0000000085800000, 0x000000008d980000, 0x00000000d7300000)
  object space 132608K, 75% used [0x0000000085800000,0x000000008b9c8bd8,0x000000008d980000)
 Metaspace       used 20381K, capacity 21218K, committed 21296K, reserved 1067008K
  class space    used 3920K, capacity 4147K, committed 4224K, reserved 1048576K
Event: 484.723 GC heap after
Heap after GC invocations=41 (full 1):
 PSYoungGen      total 84992K, used 8591K [0x00000000d7300000, 0x00000000dd400000, 0x0000000100000000)
  eden space 73728K, 0% used [0x00000000d7300000,0x00000000d7300000,0x00000000dbb00000)
  from space 11264K, 76% used [0x00000000dc880000,0x00000000dd0e3d68,0x00000000dd380000)
  to   space 12800K, 0% used [0x00000000dbb00000,0x00000000dbb00000,0x00000000dc780000)
 ParOldGen       total 132608K, used 102656K [0x0000000085800000, 0x000000008d980000, 0x00000000d7300000)
  object space 132608K, 77% used [0x0000000085800000,0x000000008bc40300,0x000000008d980000)
 Metaspace       used 20381K, capacity 21218K, committed 21296K, reserved 1067008K
  class space    used 3920K, capacity 4147K, committed 4224K, reserved 1048576K
}
Event: 484.723 GC heap before
{Heap before GC invocations=42 (full 2):
 PSYoungGen      total 84992K, used 8591K [0x00000000d7300000, 0x00000000dd400000, 0x0000000100000000)
  eden space 73728K, 0% used [0x00000000d7300000,0x00000000d7300000,0x00000000dbb00000)
  from space 11264K, 76% used [0x00000000dc880000,0x00000000dd0e3d68,0x00000000dd380000)
  to   space 12800K, 0% used [0x00000000dbb00000,0x00000000dbb00000,0x00000000dc780000)
 ParOldGen       total 132608K, used 102656K [0x0000000085800000, 0x000000008d980000, 0x00000000d7300000)
  object space 132608K, 77% used [0x0000000085800000,0x000000008bc40300,0x000000008d980000)
 Metaspace       used 20381K, capacity 21218K, committed 21296K, reserved 1067008K
  class space    used 3920K, capacity 4147K, committed 4224K, reserved 1048576K

