# JRE version: Java(TM) SE Runtime Environment (8.0_211-b12) (build 1.8.0_211-b12)
# Java VM: Java HotSpot(TM) 64-Bit Server VM (25.211-b12 mixed mode linux-amd64 compressed oops)
Heap:
 PSYoungGen      total 442880K, used 399200K [0x00000000d7300000, 0x0000000100000000, 0x0000000100000000)
  eden space 223232K, 100% used [0x00000000d7300000,0x00000000e4d00000,0x00000000e4d00000)
  from space 219648K, 80% used [0x00000000e4d00000,0x00000000ef8d8378,0x00000000f2380000)
  to   space 222720K, 50% used [0x00000000f2680000,0x00000000f94bd1b8,0x0000000100000000)
 ParOldGen       total 900608K, used 748348K [0x0000000085800000, 0x00000000bc780000, 0x00000000d7300000)
  object space 900608K, 83% used [0x0000000085800000,0x00000000b32d1398,0x00000000bc780000)
 Metaspace       used 10295K, capacity 10546K, committed 10752K, reserved 1058816K
  class space    used 1063K, capacity 1189K, committed 1280K, reserved 1048576K
GC Heap History (10 events):
Event: 108.885 GC heap after
Heap after GC invocations=47 (full 6):
 PSYoungGen      total 445952K, used 17163K [0x00000000d7300000, 0x0000000100000000, 0x0000000100000000)
  eden space 223232K, 0% used [0x00000000d7300000,0x00000000d7300000,0x00000000e4d00000)
  from space 222720K, 7% used [0x00000000e4d00000,0x00000000e5dc2d10,0x00000000f2680000)
  to   space 222720K, 0% used [0x00000000f2680000,0x00000000f2680000,0x0000000100000000)
 ParOldGen       total 900608K, used 677390K [0x0000000085800000, 0x00000000bc780000, 0x00000000d7300000)
  object space 900608K, 75% used [0x0000000085800000,0x00000000aed83910,0x00000000bc780000)
 Metaspace       used 10295K, capacity 10546K, committed 10752K, reserved 1058816K
  class space    used 1063K, capacity 1189K, committed 1280K, reserved 1048576K
}
Event: 110.467 GC heap before
{Heap before GC invocations=48 (full 6):
 PSYoungGen      total 445952K, used 240395K [0x00000000d7300000, 0x0000000100000000, 0x0000000100000000)
  eden space 223232K, 100% used [0x00000000d7300000,0x00000000e4d00000,0x00000000e4d00000)
  from space 222720K, 7% used [0x00000000e4d00000,0x00000000e5dc2d10,0x00000000f2680000)
  to   space 222720K, 0% used [0x00000000f2680000,0x00000000f2680000,0x0000000100000000)
 ParOldGen       total 900608K, used 677390K [0x0000000085800000, 0x00000000bc780000, 0x00000000d7300000)
  object space 900608K, 75% used [0x0000000085800000,0x00000000aed83910,0x00000000bc780000)
 Metaspace       used 10295K, capacity 10546K, committed 10752K, reserved 1058816K
  class space    used 1063K, capacity 1189K, committed 1280K, reserved 1048576K
Event: 110.514 GC heap after
Heap after GC invocations=48 (full 6):
 PSYoungGen      total 440832K, used 45211K [0x00000000d7300000, 0x00000000ffb00000, 0x0000000100000000)
  eden space 223232K, 0% used [0x00000000d7300000,0x00000000d7300000,0x00000000e4d00000)
  from space 217600K, 20% used [0x00000000f2680000,0x00000000f52a6e28,0x00000000ffb00000)
  to   space 220160K, 0% used [0x00000000e4d00000,0x00000000e4d00000,0x00000000f2400000)
 ParOldGen       total 900608K, used 694396K [0x0000000085800000, 0x00000000bc780000, 0x00000000d7300000)
  object space 900608K, 77% used [0x0000000085800000,0x00000000afe1f398,0x00000000bc780000)
 Metaspace       used 10295K, capacity 10546K, committed 10752K, reserved 1058816K
  class space    used 1063K, capacity 1189K, committed 1280K, reserved 1048576K
}
Event: 112.137 GC heap before
{Heap before GC invocations=49 (full 6):
 PSYoungGen      total 440832K, used 268443K [0x00000000d7300000, 0x00000000ffb00000, 0x0000000100000000)
  eden space 223232K, 100% used [0x00000000d7300000,0x00000000e4d00000,0x00000000e4d00000)
  from space 217600K, 20% used [0x00000000f2680000,0x00000000f52a6e28,0x00000000ffb00000)
  to   space 220160K, 0% used [0x00000000e4d00000,0x00000000e4d00000,0x00000000f2400000)
 ParOldGen       total 900608K, used 694396K [0x0000000085800000, 0x00000000bc780000, 0x00000000d7300000)
  object space 900608K, 77% used [0x0000000085800000,0x00000000afe1f398,0x00000000bc780000)
 Metaspace       used 10295K, capacity 10546K, committed 10752K, reserved 1058816K
  class space    used 1063K, capacity 1189K, committed 1280K, reserved 1048576K
Event: 112.203 GC heap after
Heap after GC invocations=49 (full 6):
 PSYoungGen      total 314368K, used 90681K [0x00000000d7300000, 0x00000000ff280000, 0x0000000100000000)
  eden space 223232K, 0% used [0x00000000d7300000,0x00000000d7300000,0x00000000e4d00000)
  from space 91136K, 99% used [0x00000000e4d00000,0x00000000ea58e530,0x00000000ea600000)
  to   space 211968K, 0% used [0x00000000f2380000,0x00000000f2380000,0x00000000ff280000)
 ParOldGen       total 900608K, used 694396K [0x0000000085800000, 0x00000000bc780000, 0x00000000d7300000)
  object space 900608K, 77% used [0x0000000085800000,0x00000000afe1f398,0x00000000bc780000)
 Metaspace       used 10295K, capacity 10546K, committed 10752K, reserved 1058816K
  class space    used 1063K, capacity 1189K, committed 1280K, reserved 1048576K
}
Event: 113.772 GC heap before
{Heap before GC invocations=50 (full 6):
 PSYoungGen      total 314368K, used 313913K [0x00000000d7300000, 0x00000000ff280000, 0x0000000100000000)
  eden space 223232K, 100% used [0x00000000d7300000,0x00000000e4d00000,0x00000000e4d00000)
  from space 91136K, 99% used [0x00000000e4d00000,0x00000000ea58e530,0x00000000ea600000)
  to   space 211968K, 0% used [0x00000000f2380000,0x00000000f2380000,0x00000000ff280000)
 ParOldGen       total 900608K, used 694396K [0x0000000085800000, 0x00000000bc780000, 0x00000000d7300000)
  object space 900608K, 77% used [0x0000000085800000,0x00000000afe1f398,0x00000000bc780000)
 Metaspace       used 10295K, capacity 10546K, committed 10752K, reserved 1058816K
  class space    used 1063K, capacity 1189K, committed 1280K, reserved 1048576K
Event: 113.862 GC heap after
Heap after GC invocations=50 (full 6):
 PSYoungGen      total 435200K, used 133749K [0x00000000d7300000, 0x0000000100000000, 0x0000000100000000)
  eden space 223232K, 0% used [0x00000000d7300000,0x00000000d7300000,0x00000000e4d00000)
  from space 211968K, 63% used [0x00000000f2380000,0x00000000fa61d7b0,0x00000000ff280000)
  to   space 219648K, 0% used [0x00000000e4d00000,0x00000000e4d00000,0x00000000f2380000)
 ParOldGen       total 900608K, used 694396K [0x0000000085800000, 0x00000000bc780000, 0x00000000d7300000)
  object space 900608K, 77% used [0x0000000085800000,0x00000000afe1f398,0x00000000bc780000)
 Metaspace       used 10295K, capacity 10546K, committed 10752K, reserved 1058816K
  class space    used 1063K, capacity 1189K, committed 1280K, reserved 1048576K
}
Event: 115.448 GC heap before
{Heap before GC invocations=51 (full 6):
 PSYoungGen      total 435200K, used 356981K [0x00000000d7300000, 0x0000000100000000, 0x0000000100000000)
  eden space 223232K, 100% used [0x00000000d7300000,0x00000000e4d00000,0x00000000e4d00000)
  from space 211968K, 63% used [0x00000000f2380000,0x00000000fa61d7b0,0x00000000ff280000)
  to   space 219648K, 0% used [0x00000000e4d00000,0x00000000e4d00000,0x00000000f2380000)
 ParOldGen       total 900608K, used 694396K [0x0000000085800000, 0x00000000bc780000, 0x00000000d7300000)
  object space 900608K, 77% used [0x0000000085800000,0x00000000afe1f398,0x00000000bc780000)
 Metaspace       used 10295K, capacity 10546K, committed 10752K, reserved 1058816K
  class space    used 1063K, capacity 1189K, committed 1280K, reserved 1048576K
Event: 115.564 GC heap after
Heap after GC invocations=51 (full 6):
 PSYoungGen      total 442880K, used 175968K [0x00000000d7300000, 0x0000000100000000, 0x0000000100000000)
  eden space 223232K, 0% used [0x00000000d7300000,0x00000000d7300000,0x00000000e4d00000)
  from space 219648K, 80% used [0x00000000e4d00000,0x00000000ef8d8378,0x00000000f2380000)
  to   space 222720K, 0% used [0x00000000f2680000,0x00000000f2680000,0x0000000100000000)
 ParOldGen       total 900608K, used 694396K [0x0000000085800000, 0x00000000bc780000, 0x00000000d7300000)
  object space 900608K, 77% used [0x0000000085800000,0x00000000afe1f398,0x00000000bc780000)
 Metaspace       used 10295K, capacity 10546K, committed 10752K, reserved 1058816K
  class space    used 1063K, capacity 1189K, committed 1280K, reserved 1048576K
}
Event: 119.203 GC heap before
{Heap before GC invocations=52 (full 6):
 PSYoungGen      total 442880K, used 399200K [0x00000000d7300000, 0x0000000100000000, 0x0000000100000000)
  eden space 223232K, 100% used [0x00000000d7300000,0x00000000e4d00000,0x00000000e4d00000)
  from space 219648K, 80% used [0x00000000e4d00000,0x00000000ef8d8378,0x00000000f2380000)
  to   space 222720K, 0% used [0x00000000f2680000,0x00000000f2680000,0x0000000100000000)
 ParOldGen       total 900608K, used 694396K [0x0000000085800000, 0x00000000bc780000, 0x00000000d7300000)
  object space 900608K, 77% used [0x0000000085800000,0x00000000afe1f398,0x00000000bc780000)
 Metaspace       used 10295K, capacity 10546K, committed 10752K, reserved 1058816K
  class space    used 1063K, capacity 1189K, committed 1280K, reserved 1048576K

