# JRE version: Java(TM) SE Runtime Environment (8.0_211-b12) (build 1.8.0_211-b12)
# Java VM: Java HotSpot(TM) 64-Bit Server VM (25.211-b12 mixed mode linux-amd64 compressed oops)
Heap:
 PSYoungGen      total 410624K, used 410490K [0x00000000d7300000, 0x0000000100000000, 0x0000000100000000)
  eden space 278528K, 100% used [0x00000000d7300000,0x00000000e8300000,0x00000000e8300000)
  from space 132096K, 99% used [0x00000000e8300000,0x00000000f03debe0,0x00000000f0400000)
  to   space 202240K, 22% used [0x00000000f3a80000,0x00000000f679ebf0,0x0000000100000000)
 ParOldGen       total 953344K, used 666506K [0x0000000085800000, 0x00000000bfb00000, 0x00000000d7300000)
  object space 953344K, 69% used [0x0000000085800000,0x00000000ae2e2a88,0x00000000bfb00000)
 Metaspace       used 10292K, capacity 10546K, committed 10752K, reserved 1058816K
  class space    used 1065K, capacity 1189K, committed 1280K, reserved 1048576K
GC Heap History (10 events):
Event: 100.574 GC heap after
Heap after GC invocations=41 (full 6):
 PSYoungGen      total 483840K, used 92723K [0x00000000d7300000, 0x00000000ffd80000, 0x0000000100000000)
  eden space 329728K, 0% used [0x00000000d7300000,0x00000000d7300000,0x00000000eb500000)
  from space 154112K, 60% used [0x00000000eb500000,0x00000000f0f8cf60,0x00000000f4b80000)
  to   space 156672K, 0% used [0x00000000f6480000,0x00000000f6480000,0x00000000ffd80000)
 ParOldGen       total 953344K, used 666450K [0x0000000085800000, 0x00000000bfb00000, 0x00000000d7300000)
  object space 953344K, 69% used [0x0000000085800000,0x00000000ae2d4a88,0x00000000bfb00000)
 Metaspace       used 10249K, capacity 10482K, committed 10752K, reserved 1058816K
  class space    used 1063K, capacity 1189K, committed 1280K, reserved 1048576K
}
Event: 102.744 GC heap before
{Heap before GC invocations=42 (full 6):
 PSYoungGen      total 483840K, used 422451K [0x00000000d7300000, 0x00000000ffd80000, 0x0000000100000000)
  eden space 329728K, 100% used [0x00000000d7300000,0x00000000eb500000,0x00000000eb500000)
  from space 154112K, 60% used [0x00000000eb500000,0x00000000f0f8cf60,0x00000000f4b80000)
  to   space 156672K, 0% used [0x00000000f6480000,0x00000000f6480000,0x00000000ffd80000)
 ParOldGen       total 953344K, used 666450K [0x0000000085800000, 0x00000000bfb00000, 0x00000000d7300000)
  object space 953344K, 69% used [0x0000000085800000,0x00000000ae2d4a88,0x00000000bfb00000)
 Metaspace       used 10284K, capacity 10546K, committed 10752K, reserved 1058816K
  class space    used 1064K, capacity 1189K, committed 1280K, reserved 1048576K
Event: 102.872 GC heap after
Heap after GC invocations=42 (full 6):
 PSYoungGen      total 477184K, used 136420K [0x00000000d7300000, 0x0000000100000000, 0x0000000100000000)
  eden space 320512K, 0% used [0x00000000d7300000,0x00000000d7300000,0x00000000eac00000)
  from space 156672K, 87% used [0x00000000f6480000,0x00000000fe9b9090,0x00000000ffd80000)
  to   space 174080K, 0% used [0x00000000eac00000,0x00000000eac00000,0x00000000f5600000)
 ParOldGen       total 953344K, used 666474K [0x0000000085800000, 0x00000000bfb00000, 0x00000000d7300000)
  object space 953344K, 69% used [0x0000000085800000,0x00000000ae2daa88,0x00000000bfb00000)
 Metaspace       used 10284K, capacity 10546K, committed 10752K, reserved 1058816K
  class space    used 1064K, capacity 1189K, committed 1280K, reserved 1048576K
}
Event: 103.170 GC heap before
{Heap before GC invocations=43 (full 6):
 PSYoungGen      total 477184K, used 456932K [0x00000000d7300000, 0x0000000100000000, 0x0000000100000000)
  eden space 320512K, 100% used [0x00000000d7300000,0x00000000eac00000,0x00000000eac00000)
  from space 156672K, 87% used [0x00000000f6480000,0x00000000fe9b9090,0x00000000ffd80000)
  to   space 174080K, 0% used [0x00000000eac00000,0x00000000eac00000,0x00000000f5600000)
 ParOldGen       total 953344K, used 666474K [0x0000000085800000, 0x00000000bfb00000, 0x00000000d7300000)
  object space 953344K, 69% used [0x0000000085800000,0x00000000ae2daa88,0x00000000bfb00000)
 Metaspace       used 10284K, capacity 10546K, committed 10752K, reserved 1058816K
  class space    used 1064K, capacity 1189K, committed 1280K, reserved 1048576K
Event: 103.253 GC heap after
Heap after GC invocations=43 (full 6):
 PSYoungGen      total 451072K, used 130455K [0x00000000d7300000, 0x0000000100000000, 0x0000000100000000)
  eden space 320512K, 0% used [0x00000000d7300000,0x00000000d7300000,0x00000000eac00000)
  from space 130560K, 99% used [0x00000000eac00000,0x00000000f2b65c30,0x00000000f2b80000)
  to   space 185856K, 0% used [0x00000000f4a80000,0x00000000f4a80000,0x0000000100000000)
 ParOldGen       total 953344K, used 666482K [0x0000000085800000, 0x00000000bfb00000, 0x00000000d7300000)
  object space 953344K, 69% used [0x0000000085800000,0x00000000ae2dca88,0x00000000bfb00000)
 Metaspace       used 10284K, capacity 10546K, committed 10752K, reserved 1058816K
  class space    used 1064K, capacity 1189K, committed 1280K, reserved 1048576K
}
Event: 103.933 GC heap before
{Heap before GC invocations=44 (full 6):
 PSYoungGen      total 451072K, used 450967K [0x00000000d7300000, 0x0000000100000000, 0x0000000100000000)
  eden space 320512K, 100% used [0x00000000d7300000,0x00000000eac00000,0x00000000eac00000)
  from space 130560K, 99% used [0x00000000eac00000,0x00000000f2b65c30,0x00000000f2b80000)
  to   space 185856K, 0% used [0x00000000f4a80000,0x00000000f4a80000,0x0000000100000000)
 ParOldGen       total 953344K, used 666482K [0x0000000085800000, 0x00000000bfb00000, 0x00000000d7300000)
  object space 953344K, 69% used [0x0000000085800000,0x00000000ae2dca88,0x00000000bfb00000)
 Metaspace       used 10287K, capacity 10546K, committed 10752K, reserved 1058816K
  class space    used 1064K, capacity 1189K, committed 1280K, reserved 1048576K
Event: 104.079 GC heap after
Heap after GC invocations=44 (full 6):
 PSYoungGen      total 464384K, used 131320K [0x00000000d7300000, 0x0000000100000000, 0x0000000100000000)
  eden space 278528K, 0% used [0x00000000d7300000,0x00000000d7300000,0x00000000e8300000)
  from space 185856K, 70% used [0x00000000f4a80000,0x00000000fcabe278,0x0000000100000000)
  to   space 195072K, 0% used [0x00000000e8300000,0x00000000e8300000,0x00000000f4180000)
 ParOldGen       total 953344K, used 666490K [0x0000000085800000, 0x00000000bfb00000, 0x00000000d7300000)
  object space 953344K, 69% used [0x0000000085800000,0x00000000ae2dea88,0x00000000bfb00000)
 Metaspace       used 10287K, capacity 10546K, committed 10752K, reserved 1058816K
  class space    used 1064K, capacity 1189K, committed 1280K, reserved 1048576K
}
Event: 104.344 GC heap before
{Heap before GC invocations=45 (full 6):
 PSYoungGen      total 464384K, used 409848K [0x00000000d7300000, 0x0000000100000000, 0x0000000100000000)
  eden space 278528K, 100% used [0x00000000d7300000,0x00000000e8300000,0x00000000e8300000)
  from space 185856K, 70% used [0x00000000f4a80000,0x00000000fcabe278,0x0000000100000000)
  to   space 195072K, 0% used [0x00000000e8300000,0x00000000e8300000,0x00000000f4180000)
 ParOldGen       total 953344K, used 666490K [0x0000000085800000, 0x00000000bfb00000, 0x00000000d7300000)
  object space 953344K, 69% used [0x0000000085800000,0x00000000ae2dea88,0x00000000bfb00000)
 Metaspace       used 10287K, capacity 10546K, committed 10752K, reserved 1058816K
  class space    used 1064K, capacity 1189K, committed 1280K, reserved 1048576K
Event: 104.467 GC heap after
Heap after GC invocations=45 (full 6):
 PSYoungGen      total 410624K, used 131962K [0x00000000d7300000, 0x0000000100000000, 0x0000000100000000)
  eden space 278528K, 0% used [0x00000000d7300000,0x00000000d7300000,0x00000000e8300000)
  from space 132096K, 99% used [0x00000000e8300000,0x00000000f03debe0,0x00000000f0400000)
  to   space 202240K, 0% used [0x00000000f3a80000,0x00000000f3a80000,0x0000000100000000)
 ParOldGen       total 953344K, used 666498K [0x0000000085800000, 0x00000000bfb00000, 0x00000000d7300000)
  object space 953344K, 69% used [0x0000000085800000,0x00000000ae2e0a88,0x00000000bfb00000)
 Metaspace       used 10287K, capacity 10546K, committed 10752K, reserved 1058816K
  class space    used 1064K, capacity 1189K, committed 1280K, reserved 1048576K
}
Event: 112.823 GC heap before
{Heap before GC invocations=46 (full 6):
 PSYoungGen      total 410624K, used 410490K [0x00000000d7300000, 0x0000000100000000, 0x0000000100000000)
  eden space 278528K, 100% used [0x00000000d7300000,0x00000000e8300000,0x00000000e8300000)
  from space 132096K, 99% used [0x00000000e8300000,0x00000000f03debe0,0x00000000f0400000)
  to   space 202240K, 0% used [0x00000000f3a80000,0x00000000f3a80000,0x0000000100000000)
 ParOldGen       total 953344K, used 666498K [0x0000000085800000, 0x00000000bfb00000, 0x00000000d7300000)
  object space 953344K, 69% used [0x0000000085800000,0x00000000ae2e0a88,0x00000000bfb00000)
 Metaspace       used 10292K, capacity 10546K, committed 10752K, reserved 1058816K
  class space    used 1065K, capacity 1189K, committed 1280K, reserved 1048576K

