# JRE version: Java(TM) SE Runtime Environment (8.0_211-b12) (build 1.8.0_211-b12)
# Java VM: Java HotSpot(TM) 64-Bit Server VM (25.211-b12 mixed mode linux-amd64 compressed oops)
Heap:
 PSYoungGen      total 664576K, used 297433K [0x00000000d7300000, 0x0000000100000000, 0x0000000100000000)
  eden space 660480K, 44% used [0x00000000d7300000,0x00000000e91e66c0,0x00000000ff800000)
  from space 4096K, 89% used [0x00000000ff800000,0x00000000ffb90000,0x00000000ffc00000)
  to   space 4096K, 0% used [0x00000000ffc00000,0x00000000ffc00000,0x0000000100000000)
 ParOldGen       total 533504K, used 392037K [0x0000000085800000, 0x00000000a6100000, 0x00000000d7300000)
  object space 533504K, 73% used [0x0000000085800000,0x000000009d6d9618,0x00000000a6100000)
 Metaspace       used 9264K, capacity 9536K, committed 9600K, reserved 1058816K
  class space    used 997K, capacity 1104K, committed 1152K, reserved 1048576K
GC Heap History (10 events):
Event: 121.156 GC heap before
{Heap before GC invocations=263 (full 8):
 PSYoungGen      total 664576K, used 663968K [0x00000000d7300000, 0x0000000100000000, 0x0000000100000000)
  eden space 660480K, 100% used [0x00000000d7300000,0x00000000ff800000,0x00000000ff800000)
  from space 4096K, 85% used [0x00000000ffc00000,0x00000000fff68000,0x0000000100000000)
  to   space 4096K, 0% used [0x00000000ff800000,0x00000000ff800000,0x00000000ffc00000)
 ParOldGen       total 533504K, used 374301K [0x0000000085800000, 0x00000000a6100000, 0x00000000d7300000)
  object space 533504K, 70% used [0x0000000085800000,0x000000009c587618,0x00000000a6100000)
 Metaspace       used 9264K, capacity 9536K, committed 9600K, reserved 1058816K
  class space    used 997K, capacity 1104K, committed 1152K, reserved 1048576K
Event: 121.173 GC heap after
Heap after GC invocations=263 (full 8):
 PSYoungGen      total 664576K, used 3520K [0x00000000d7300000, 0x0000000100000000, 0x0000000100000000)
  eden space 660480K, 0% used [0x00000000d7300000,0x00000000d7300000,0x00000000ff800000)
  from space 4096K, 85% used [0x00000000ff800000,0x00000000ffb70000,0x00000000ffc00000)
  to   space 4096K, 0% used [0x00000000ffc00000,0x00000000ffc00000,0x0000000100000000)
 ParOldGen       total 533504K, used 377733K [0x0000000085800000, 0x00000000a6100000, 0x00000000d7300000)
  object space 533504K, 70% used [0x0000000085800000,0x000000009c8e1618,0x00000000a6100000)
 Metaspace       used 9264K, capacity 9536K, committed 9600K, reserved 1058816K
  class space    used 997K, capacity 1104K, committed 1152K, reserved 1048576K
}
Event: 121.536 GC heap before
{Heap before GC invocations=264 (full 8):
 PSYoungGen      total 664576K, used 664000K [0x00000000d7300000, 0x0000000100000000, 0x0000000100000000)
  eden space 660480K, 100% used [0x00000000d7300000,0x00000000ff800000,0x00000000ff800000)
  from space 4096K, 85% used [0x00000000ff800000,0x00000000ffb70000,0x00000000ffc00000)
  to   space 4096K, 0% used [0x00000000ffc00000,0x00000000ffc00000,0x0000000100000000)
 ParOldGen       total 533504K, used 377733K [0x0000000085800000, 0x00000000a6100000, 0x00000000d7300000)
  object space 533504K, 70% used [0x0000000085800000,0x000000009c8e1618,0x00000000a6100000)
 Metaspace       used 9264K, capacity 9536K, committed 9600K, reserved 1058816K
  class space    used 997K, capacity 1104K, committed 1152K, reserved 1048576K
Event: 121.549 GC heap after
Heap after GC invocations=264 (full 8):
 PSYoungGen      total 664576K, used 3584K [0x00000000d7300000, 0x0000000100000000, 0x0000000100000000)
  eden space 660480K, 0% used [0x00000000d7300000,0x00000000d7300000,0x00000000ff800000)
  from space 4096K, 87% used [0x00000000ffc00000,0x00000000fff80000,0x0000000100000000)
  to   space 4096K, 0% used [0x00000000ff800000,0x00000000ff800000,0x00000000ffc00000)
 ParOldGen       total 533504K, used 381253K [0x0000000085800000, 0x00000000a6100000, 0x00000000d7300000)
  object space 533504K, 71% used [0x0000000085800000,0x000000009cc51618,0x00000000a6100000)
 Metaspace       used 9264K, capacity 9536K, committed 9600K, reserved 1058816K
  class space    used 997K, capacity 1104K, committed 1152K, reserved 1048576K
}
Event: 121.915 GC heap before
{Heap before GC invocations=265 (full 8):
 PSYoungGen      total 664576K, used 664064K [0x00000000d7300000, 0x0000000100000000, 0x0000000100000000)
  eden space 660480K, 100% used [0x00000000d7300000,0x00000000ff800000,0x00000000ff800000)
  from space 4096K, 87% used [0x00000000ffc00000,0x00000000fff80000,0x0000000100000000)
  to   space 4096K, 0% used [0x00000000ff800000,0x00000000ff800000,0x00000000ffc00000)
 ParOldGen       total 533504K, used 381253K [0x0000000085800000, 0x00000000a6100000, 0x00000000d7300000)
  object space 533504K, 71% used [0x0000000085800000,0x000000009cc51618,0x00000000a6100000)
 Metaspace       used 9264K, capacity 9536K, committed 9600K, reserved 1058816K
  class space    used 997K, capacity 1104K, committed 1152K, reserved 1048576K
Event: 121.927 GC heap after
Heap after GC invocations=265 (full 8):
 PSYoungGen      total 664576K, used 3616K [0x00000000d7300000, 0x0000000100000000, 0x0000000100000000)
  eden space 660480K, 0% used [0x00000000d7300000,0x00000000d7300000,0x00000000ff800000)
  from space 4096K, 88% used [0x00000000ff800000,0x00000000ffb88000,0x00000000ffc00000)
  to   space 4096K, 0% used [0x00000000ffc00000,0x00000000ffc00000,0x0000000100000000)
 ParOldGen       total 533504K, used 384829K [0x0000000085800000, 0x00000000a6100000, 0x00000000d7300000)
  object space 533504K, 72% used [0x0000000085800000,0x000000009cfcf618,0x00000000a6100000)
 Metaspace       used 9264K, capacity 9536K, committed 9600K, reserved 1058816K
  class space    used 997K, capacity 1104K, committed 1152K, reserved 1048576K
}
Event: 122.301 GC heap before
{Heap before GC invocations=266 (full 8):
 PSYoungGen      total 664576K, used 664096K [0x00000000d7300000, 0x0000000100000000, 0x0000000100000000)
  eden space 660480K, 100% used [0x00000000d7300000,0x00000000ff800000,0x00000000ff800000)
  from space 4096K, 88% used [0x00000000ff800000,0x00000000ffb88000,0x00000000ffc00000)
  to   space 4096K, 0% used [0x00000000ffc00000,0x00000000ffc00000,0x0000000100000000)
 ParOldGen       total 533504K, used 384829K [0x0000000085800000, 0x00000000a6100000, 0x00000000d7300000)
  object space 533504K, 72% used [0x0000000085800000,0x000000009cfcf618,0x00000000a6100000)
 Metaspace       used 9264K, capacity 9536K, committed 9600K, reserved 1058816K
  class space    used 997K, capacity 1104K, committed 1152K, reserved 1048576K
Event: 122.313 GC heap after
Heap after GC invocations=266 (full 8):
 PSYoungGen      total 664576K, used 3648K [0x00000000d7300000, 0x0000000100000000, 0x0000000100000000)
  eden space 660480K, 0% used [0x00000000d7300000,0x00000000d7300000,0x00000000ff800000)
  from space 4096K, 89% used [0x00000000ffc00000,0x00000000fff90000,0x0000000100000000)
  to   space 4096K, 0% used [0x00000000ff800000,0x00000000ff800000,0x00000000ffc00000)
 ParOldGen       total 533504K, used 388405K [0x0000000085800000, 0x00000000a6100000, 0x00000000d7300000)
  object space 533504K, 72% used [0x0000000085800000,0x000000009d34d618,0x00000000a6100000)
 Metaspace       used 9264K, capacity 9536K, committed 9600K, reserved 1058816K
  class space    used 997K, capacity 1104K, committed 1152K, reserved 1048576K
}
Event: 122.680 GC heap before
{Heap before GC invocations=267 (full 8):
 PSYoungGen      total 664576K, used 664128K [0x00000000d7300000, 0x0000000100000000, 0x0000000100000000)
  eden space 660480K, 100% used [0x00000000d7300000,0x00000000ff800000,0x00000000ff800000)
  from space 4096K, 89% used [0x00000000ffc00000,0x00000000fff90000,0x0000000100000000)
  to   space 4096K, 0% used [0x00000000ff800000,0x00000000ff800000,0x00000000ffc00000)
 ParOldGen       total 533504K, used 388405K [0x0000000085800000, 0x00000000a6100000, 0x00000000d7300000)
  object space 533504K, 72% used [0x0000000085800000,0x000000009d34d618,0x00000000a6100000)
 Metaspace       used 9264K, capacity 9536K, committed 9600K, reserved 1058816K
  class space    used 997K, capacity 1104K, committed 1152K, reserved 1048576K
Event: 122.693 GC heap after
Heap after GC invocations=267 (full 8):
 PSYoungGen      total 664576K, used 3648K [0x00000000d7300000, 0x0000000100000000, 0x0000000100000000)
  eden space 660480K, 0% used [0x00000000d7300000,0x00000000d7300000,0x00000000ff800000)
  from space 4096K, 89% used [0x00000000ff800000,0x00000000ffb90000,0x00000000ffc00000)
  to   space 4096K, 0% used [0x00000000ffc00000,0x00000000ffc00000,0x0000000100000000)
 ParOldGen       total 533504K, used 392037K [0x0000000085800000, 0x00000000a6100000, 0x00000000d7300000)
  object space 533504K, 73% used [0x0000000085800000,0x000000009d6d9618,0x00000000a6100000)
 Metaspace       used 9264K, capacity 9536K, committed 9600K, reserved 1058816K
  class space    used 997K, capacity 1104K, committed 1152K, reserved 1048576K
}

