# JRE version: Java(TM) SE Runtime Environment (8.0_211-b12) (build 1.8.0_211-b12)
# Java VM: Java HotSpot(TM) 64-Bit Server VM (25.211-b12 mixed mode linux-amd64 compressed oops)
Heap:
 PSYoungGen      total 445952K, used 336449K [0x00000000d7300000, 0x0000000100000000, 0x0000000100000000)
  eden space 223232K, 100% used [0x00000000d7300000,0x00000000e4d00000,0x00000000e4d00000)
  from space 222720K, 50% used [0x00000000f2680000,0x00000000f95106d0,0x0000000100000000)
  to   space 222720K, 2% used [0x00000000e4d00000,0x00000000e523d7a0,0x00000000f2680000)
 ParOldGen       total 884224K, used 621136K [0x0000000085800000, 0x00000000bb780000, 0x00000000d7300000)
  object space 884224K, 70% used [0x0000000085800000,0x00000000ab6960d0,0x00000000bb780000)
 Metaspace       used 10240K, capacity 10546K, committed 10752K, reserved 1058816K
  class space    used 1061K, capacity 1189K, committed 1280K, reserved 1048576K
GC Heap History (10 events):
Event: 33.254 GC heap after
Heap after GC invocations=24 (full 5):
 PSYoungGen      total 445952K, used 22465K [0x00000000d7300000, 0x0000000100000000, 0x0000000100000000)
  eden space 223232K, 0% used [0x00000000d7300000,0x00000000d7300000,0x00000000e4d00000)
  from space 222720K, 10% used [0x00000000e4d00000,0x00000000e62f07b0,0x00000000f2680000)
  to   space 222720K, 0% used [0x00000000f2680000,0x00000000f2680000,0x0000000100000000)
 ParOldGen       total 825856K, used 694534K [0x0000000085800000, 0x00000000b7e80000, 0x00000000d7300000)
  object space 825856K, 84% used [0x0000000085800000,0x00000000afe41838,0x00000000b7e80000)
 Metaspace       used 10225K, capacity 10546K, committed 10752K, reserved 1058816K
  class space    used 1061K, capacity 1189K, committed 1280K, reserved 1048576K
}
Event: 34.704 GC heap before
{Heap before GC invocations=25 (full 5):
 PSYoungGen      total 445952K, used 245697K [0x00000000d7300000, 0x0000000100000000, 0x0000000100000000)
  eden space 223232K, 100% used [0x00000000d7300000,0x00000000e4d00000,0x00000000e4d00000)
  from space 222720K, 10% used [0x00000000e4d00000,0x00000000e62f07b0,0x00000000f2680000)
  to   space 222720K, 0% used [0x00000000f2680000,0x00000000f2680000,0x0000000100000000)
 ParOldGen       total 825856K, used 694534K [0x0000000085800000, 0x00000000b7e80000, 0x00000000d7300000)
  object space 825856K, 84% used [0x0000000085800000,0x00000000afe41838,0x00000000b7e80000)
 Metaspace       used 10227K, capacity 10546K, committed 10752K, reserved 1058816K
  class space    used 1061K, capacity 1189K, committed 1280K, reserved 1048576K
Event: 34.759 GC heap after
Heap after GC invocations=25 (full 5):
 PSYoungGen      total 445952K, used 43707K [0x00000000d7300000, 0x0000000100000000, 0x0000000100000000)
  eden space 223232K, 0% used [0x00000000d7300000,0x00000000d7300000,0x00000000e4d00000)
  from space 222720K, 19% used [0x00000000f2680000,0x00000000f512ee28,0x0000000100000000)
  to   space 222720K, 0% used [0x00000000e4d00000,0x00000000e4d00000,0x00000000f2680000)
 ParOldGen       total 825856K, used 716915K [0x0000000085800000, 0x00000000b7e80000, 0x00000000d7300000)
  object space 825856K, 86% used [0x0000000085800000,0x00000000b141cd60,0x00000000b7e80000)
 Metaspace       used 10227K, capacity 10546K, committed 10752K, reserved 1058816K
  class space    used 1061K, capacity 1189K, committed 1280K, reserved 1048576K
}
Event: 38.295 GC heap before
{Heap before GC invocations=26 (full 5):
 PSYoungGen      total 445952K, used 266939K [0x00000000d7300000, 0x0000000100000000, 0x0000000100000000)
  eden space 223232K, 100% used [0x00000000d7300000,0x00000000e4d00000,0x00000000e4d00000)
  from space 222720K, 19% used [0x00000000f2680000,0x00000000f512ee28,0x0000000100000000)
  to   space 222720K, 0% used [0x00000000e4d00000,0x00000000e4d00000,0x00000000f2680000)
 ParOldGen       total 825856K, used 716915K [0x0000000085800000, 0x00000000b7e80000, 0x00000000d7300000)
  object space 825856K, 86% used [0x0000000085800000,0x00000000b141cd60,0x00000000b7e80000)
 Metaspace       used 10229K, capacity 10546K, committed 10752K, reserved 1058816K
  class space    used 1061K, capacity 1189K, committed 1280K, reserved 1048576K
Event: 38.381 GC heap after
Heap after GC invocations=26 (full 5):
 PSYoungGen      total 445952K, used 72095K [0x00000000d7300000, 0x0000000100000000, 0x0000000100000000)
  eden space 223232K, 0% used [0x00000000d7300000,0x00000000d7300000,0x00000000e4d00000)
  from space 222720K, 32% used [0x00000000e4d00000,0x00000000e9367cd0,0x00000000f2680000)
  to   space 222720K, 0% used [0x00000000f2680000,0x00000000f2680000,0x0000000100000000)
 ParOldGen       total 825856K, used 759691K [0x0000000085800000, 0x00000000b7e80000, 0x00000000d7300000)
  object space 825856K, 91% used [0x0000000085800000,0x00000000b3de2d70,0x00000000b7e80000)
 Metaspace       used 10229K, capacity 10546K, committed 10752K, reserved 1058816K
  class space    used 1061K, capacity 1189K, committed 1280K, reserved 1048576K
}
Event: 38.381 GC heap before
{Heap before GC invocations=27 (full 6):
 PSYoungGen      total 445952K, used 72095K [0x00000000d7300000, 0x0000000100000000, 0x0000000100000000)
  eden space 223232K, 0% used [0x00000000d7300000,0x00000000d7300000,0x00000000e4d00000)
  from space 222720K, 32% used [0x00000000e4d00000,0x00000000e9367cd0,0x00000000f2680000)
  to   space 222720K, 0% used [0x00000000f2680000,0x00000000f2680000,0x0000000100000000)
 ParOldGen       total 825856K, used 759691K [0x0000000085800000, 0x00000000b7e80000, 0x00000000d7300000)
  object space 825856K, 91% used [0x0000000085800000,0x00000000b3de2d70,0x00000000b7e80000)
 Metaspace       used 10229K, capacity 10546K, committed 10752K, reserved 1058816K
  class space    used 1061K, capacity 1189K, committed 1280K, reserved 1048576K
Event: 39.110 GC heap after
Heap after GC invocations=27 (full 6):
 PSYoungGen      total 445952K, used 0K [0x00000000d7300000, 0x0000000100000000, 0x0000000100000000)
  eden space 223232K, 0% used [0x00000000d7300000,0x00000000d7300000,0x00000000e4d00000)
  from space 222720K, 0% used [0x00000000e4d00000,0x00000000e4d00000,0x00000000f2680000)
  to   space 222720K, 0% used [0x00000000f2680000,0x00000000f2680000,0x0000000100000000)
 ParOldGen       total 884224K, used 611247K [0x0000000085800000, 0x00000000bb780000, 0x00000000d7300000)
  object space 884224K, 69% used [0x0000000085800000,0x00000000aacebd68,0x00000000bb780000)
 Metaspace       used 10229K, capacity 10546K, committed 10752K, reserved 1058816K
  class space    used 1061K, capacity 1189K, committed 1280K, reserved 1048576K
}
Event: 39.286 GC heap before
{Heap before GC invocations=28 (full 6):
 PSYoungGen      total 445952K, used 223232K [0x00000000d7300000, 0x0000000100000000, 0x0000000100000000)
  eden space 223232K, 100% used [0x00000000d7300000,0x00000000e4d00000,0x00000000e4d00000)
  from space 222720K, 0% used [0x00000000e4d00000,0x00000000e4d00000,0x00000000f2680000)
  to   space 222720K, 0% used [0x00000000f2680000,0x00000000f2680000,0x0000000100000000)
 ParOldGen       total 884224K, used 611247K [0x0000000085800000, 0x00000000bb780000, 0x00000000d7300000)
  object space 884224K, 69% used [0x0000000085800000,0x00000000aacebd68,0x00000000bb780000)
 Metaspace       used 10234K, capacity 10546K, committed 10752K, reserved 1058816K
  class space    used 1061K, capacity 1189K, committed 1280K, reserved 1048576K
Event: 39.363 GC heap after
Heap after GC invocations=28 (full 6):
 PSYoungGen      total 445952K, used 113217K [0x00000000d7300000, 0x0000000100000000, 0x0000000100000000)
  eden space 223232K, 0% used [0x00000000d7300000,0x00000000d7300000,0x00000000e4d00000)
  from space 222720K, 50% used [0x00000000f2680000,0x00000000f95106d0,0x0000000100000000)
  to   space 222720K, 0% used [0x00000000e4d00000,0x00000000e4d00000,0x00000000f2680000)
 ParOldGen       total 884224K, used 611255K [0x0000000085800000, 0x00000000bb780000, 0x00000000d7300000)
  object space 884224K, 69% used [0x0000000085800000,0x00000000aacedd68,0x00000000bb780000)
 Metaspace       used 10234K, capacity 10546K, committed 10752K, reserved 1058816K
  class space    used 1061K, capacity 1189K, committed 1280K, reserved 1048576K
}
Event: 39.471 GC heap before
{Heap before GC invocations=29 (full 6):
 PSYoungGen      total 445952K, used 336449K [0x00000000d7300000, 0x0000000100000000, 0x0000000100000000)
  eden space 223232K, 100% used [0x00000000d7300000,0x00000000e4d00000,0x00000000e4d00000)
  from space 222720K, 50% used [0x00000000f2680000,0x00000000f95106d0,0x0000000100000000)
  to   space 222720K, 0% used [0x00000000e4d00000,0x00000000e4d00000,0x00000000f2680000)
 ParOldGen       total 884224K, used 611255K [0x0000000085800000, 0x00000000bb780000, 0x00000000d7300000)
  object space 884224K, 69% used [0x0000000085800000,0x00000000aacedd68,0x00000000bb780000)
 Metaspace       used 10240K, capacity 10546K, committed 10752K, reserved 1058816K
  class space    used 1061K, capacity 1189K, committed 1280K, reserved 1048576K

