# JRE version: Java(TM) SE Runtime Environment (8.0_211-b12) (build 1.8.0_211-b12)
# Java VM: Java HotSpot(TM) 64-Bit Server VM (25.211-b12 mixed mode linux-amd64 compressed oops)
Heap:
 PSYoungGen      total 493056K, used 429536K [0x00000000d7300000, 0x00000000ff400000, 0x0000000100000000)
  eden space 334848K, 100% used [0x00000000d7300000,0x00000000eba00000,0x00000000eba00000)
  from space 158208K, 59% used [0x00000000f5980000,0x00000000fb5f8378,0x00000000ff400000)
  to   space 160768K, 2% used [0x00000000eba00000,0x00000000ebdc8010,0x00000000f5700000)
 ParOldGen       total 820224K, used 574280K [0x0000000085800000, 0x00000000b7900000, 0x00000000d7300000)
  object space 820224K, 70% used [0x0000000085800000,0x00000000a88d61c8,0x00000000b7900000)
 Metaspace       used 10389K, capacity 10674K, committed 11008K, reserved 1058816K
  class space    used 1065K, capacity 1189K, committed 1280K, reserved 1048576K
GC Heap History (10 events):
Event: 177.387 GC heap after
Heap after GC invocations=60 (full 6):
 PSYoungGen      total 468480K, used 91360K [0x00000000d7300000, 0x00000000fef00000, 0x0000000100000000)
  eden space 292864K, 0% used [0x00000000d7300000,0x00000000d7300000,0x00000000e9100000)
  from space 175616K, 52% used [0x00000000f4380000,0x00000000f9cb8378,0x00000000fef00000)
  to   space 179200K, 0% used [0x00000000e9100000,0x00000000e9100000,0x00000000f4000000)
 ParOldGen       total 820224K, used 565175K [0x0000000085800000, 0x00000000b7900000, 0x00000000d7300000)
  object space 820224K, 68% used [0x0000000085800000,0x00000000a7fede60,0x00000000b7900000)
 Metaspace       used 10373K, capacity 10610K, committed 10752K, reserved 1058816K
  class space    used 1063K, capacity 1189K, committed 1280K, reserved 1048576K
}
Event: 177.656 GC heap before
{Heap before GC invocations=61 (full 6):
 PSYoungGen      total 468480K, used 384224K [0x00000000d7300000, 0x00000000fef00000, 0x0000000100000000)
  eden space 292864K, 100% used [0x00000000d7300000,0x00000000e9100000,0x00000000e9100000)
  from space 175616K, 52% used [0x00000000f4380000,0x00000000f9cb8378,0x00000000fef00000)
  to   space 179200K, 0% used [0x00000000e9100000,0x00000000e9100000,0x00000000f4000000)
 ParOldGen       total 820224K, used 565175K [0x0000000085800000, 0x00000000b7900000, 0x00000000d7300000)
  object space 820224K, 68% used [0x0000000085800000,0x00000000a7fede60,0x00000000b7900000)
 Metaspace       used 10373K, capacity 10610K, committed 10752K, reserved 1058816K
  class space    used 1063K, capacity 1189K, committed 1280K, reserved 1048576K
Event: 177.716 GC heap after
Heap after GC invocations=61 (full 6):
 PSYoungGen      total 472064K, used 92096K [0x00000000d7300000, 0x00000000ff880000, 0x0000000100000000)
  eden space 292864K, 0% used [0x00000000d7300000,0x00000000d7300000,0x00000000e9100000)
  from space 179200K, 51% used [0x00000000e9100000,0x00000000eeaf0378,0x00000000f4000000)
  to   space 173568K, 0% used [0x00000000f4f00000,0x00000000f4f00000,0x00000000ff880000)
 ParOldGen       total 820224K, used 565183K [0x0000000085800000, 0x00000000b7900000, 0x00000000d7300000)
  object space 820224K, 68% used [0x0000000085800000,0x00000000a7fefe60,0x00000000b7900000)
 Metaspace       used 10373K, capacity 10610K, committed 10752K, reserved 1058816K
  class space    used 1063K, capacity 1189K, committed 1280K, reserved 1048576K
}
Event: 178.034 GC heap before
{Heap before GC invocations=62 (full 6):
 PSYoungGen      total 472064K, used 384960K [0x00000000d7300000, 0x00000000ff880000, 0x0000000100000000)
  eden space 292864K, 100% used [0x00000000d7300000,0x00000000e9100000,0x00000000e9100000)
  from space 179200K, 51% used [0x00000000e9100000,0x00000000eeaf0378,0x00000000f4000000)
  to   space 173568K, 0% used [0x00000000f4f00000,0x00000000f4f00000,0x00000000ff880000)
 ParOldGen       total 820224K, used 565183K [0x0000000085800000, 0x00000000b7900000, 0x00000000d7300000)
  object space 820224K, 68% used [0x0000000085800000,0x00000000a7fefe60,0x00000000b7900000)
 Metaspace       used 10389K, capacity 10674K, committed 11008K, reserved 1058816K
  class space    used 1065K, capacity 1189K, committed 1280K, reserved 1048576K
Event: 178.091 GC heap after
Heap after GC invocations=62 (full 6):
 PSYoungGen      total 482304K, used 92960K [0x00000000d7300000, 0x00000000ff180000, 0x0000000100000000)
  eden space 315904K, 0% used [0x00000000d7300000,0x00000000d7300000,0x00000000ea780000)
  from space 166400K, 55% used [0x00000000f4f00000,0x00000000fa9c8378,0x00000000ff180000)
  to   space 168960K, 0% used [0x00000000ea780000,0x00000000ea780000,0x00000000f4c80000)
 ParOldGen       total 820224K, used 565191K [0x0000000085800000, 0x00000000b7900000, 0x00000000d7300000)
  object space 820224K, 68% used [0x0000000085800000,0x00000000a7ff1e60,0x00000000b7900000)
 Metaspace       used 10389K, capacity 10674K, committed 11008K, reserved 1058816K
  class space    used 1065K, capacity 1189K, committed 1280K, reserved 1048576K
}
Event: 178.413 GC heap before
{Heap before GC invocations=63 (full 6):
 PSYoungGen      total 482304K, used 408864K [0x00000000d7300000, 0x00000000ff180000, 0x0000000100000000)
  eden space 315904K, 100% used [0x00000000d7300000,0x00000000ea780000,0x00000000ea780000)
  from space 166400K, 55% used [0x00000000f4f00000,0x00000000fa9c8378,0x00000000ff180000)
  to   space 168960K, 0% used [0x00000000ea780000,0x00000000ea780000,0x00000000f4c80000)
 ParOldGen       total 820224K, used 565191K [0x0000000085800000, 0x00000000b7900000, 0x00000000d7300000)
  object space 820224K, 68% used [0x0000000085800000,0x00000000a7ff1e60,0x00000000b7900000)
 Metaspace       used 10389K, capacity 10674K, committed 11008K, reserved 1058816K
  class space    used 1065K, capacity 1189K, committed 1280K, reserved 1048576K
Event: 178.467 GC heap after
Heap after GC invocations=63 (full 6):
 PSYoungGen      total 484864K, used 93856K [0x00000000d7300000, 0x00000000ffa80000, 0x0000000100000000)
  eden space 315904K, 0% used [0x00000000d7300000,0x00000000d7300000,0x00000000ea780000)
  from space 168960K, 55% used [0x00000000ea780000,0x00000000f0328378,0x00000000f4c80000)
  to   space 164864K, 0% used [0x00000000f5980000,0x00000000f5980000,0x00000000ffa80000)
 ParOldGen       total 820224K, used 565191K [0x0000000085800000, 0x00000000b7900000, 0x00000000d7300000)
  object space 820224K, 68% used [0x0000000085800000,0x00000000a7ff1e60,0x00000000b7900000)
 Metaspace       used 10389K, capacity 10674K, committed 11008K, reserved 1058816K
  class space    used 1065K, capacity 1189K, committed 1280K, reserved 1048576K
}
Event: 178.786 GC heap before
{Heap before GC invocations=64 (full 6):
 PSYoungGen      total 484864K, used 409760K [0x00000000d7300000, 0x00000000ffa80000, 0x0000000100000000)
  eden space 315904K, 100% used [0x00000000d7300000,0x00000000ea780000,0x00000000ea780000)
  from space 168960K, 55% used [0x00000000ea780000,0x00000000f0328378,0x00000000f4c80000)
  to   space 164864K, 0% used [0x00000000f5980000,0x00000000f5980000,0x00000000ffa80000)
 ParOldGen       total 820224K, used 565191K [0x0000000085800000, 0x00000000b7900000, 0x00000000d7300000)
  object space 820224K, 68% used [0x0000000085800000,0x00000000a7ff1e60,0x00000000b7900000)
 Metaspace       used 10389K, capacity 10674K, committed 11008K, reserved 1058816K
  class space    used 1065K, capacity 1189K, committed 1280K, reserved 1048576K
Event: 178.845 GC heap after
Heap after GC invocations=64 (full 6):
 PSYoungGen      total 493056K, used 94688K [0x00000000d7300000, 0x00000000ff400000, 0x0000000100000000)
  eden space 334848K, 0% used [0x00000000d7300000,0x00000000d7300000,0x00000000eba00000)
  from space 158208K, 59% used [0x00000000f5980000,0x00000000fb5f8378,0x00000000ff400000)
  to   space 160768K, 0% used [0x00000000eba00000,0x00000000eba00000,0x00000000f5700000)
 ParOldGen       total 820224K, used 565207K [0x0000000085800000, 0x00000000b7900000, 0x00000000d7300000)
  object space 820224K, 68% used [0x0000000085800000,0x00000000a7ff5e60,0x00000000b7900000)
 Metaspace       used 10389K, capacity 10674K, committed 11008K, reserved 1058816K
  class space    used 1065K, capacity 1189K, committed 1280K, reserved 1048576K
}
Event: 179.197 GC heap before
{Heap before GC invocations=65 (full 6):
 PSYoungGen      total 493056K, used 429536K [0x00000000d7300000, 0x00000000ff400000, 0x0000000100000000)
  eden space 334848K, 100% used [0x00000000d7300000,0x00000000eba00000,0x00000000eba00000)
  from space 158208K, 59% used [0x00000000f5980000,0x00000000fb5f8378,0x00000000ff400000)
  to   space 160768K, 0% used [0x00000000eba00000,0x00000000eba00000,0x00000000f5700000)
 ParOldGen       total 820224K, used 565207K [0x0000000085800000, 0x00000000b7900000, 0x00000000d7300000)
  object space 820224K, 68% used [0x0000000085800000,0x00000000a7ff5e60,0x00000000b7900000)
 Metaspace       used 10389K, capacity 10674K, committed 11008K, reserved 1058816K
  class space    used 1065K, capacity 1189K, committed 1280K, reserved 1048576K

