# JRE version: Java(TM) SE Runtime Environment (8.0_211-b12) (build 1.8.0_211-b12)
# Java VM: Java HotSpot(TM) 64-Bit Server VM (25.211-b12 mixed mode linux-amd64 compressed oops)
Heap:
 PSYoungGen      total 377344K, used 175742K [0x00000000d7300000, 0x00000000fbf00000, 0x0000000100000000)
  eden space 154624K, 0% used [0x00000000d7300000,0x00000000d7300000,0x00000000e0a00000)
  from space 222720K, 78% used [0x00000000ee380000,0x00000000f8f1f8f8,0x00000000fbd00000)
  to   space 222720K, 0% used [0x00000000e0a00000,0x00000000e0a00000,0x00000000ee380000)
 ParOldGen       total 823296K, used 791014K [0x0000000085800000, 0x00000000b7c00000, 0x00000000d7300000)
  object space 823296K, 96% used [0x0000000085800000,0x00000000b5c79ac0,0x00000000b7c00000)
 Metaspace       used 8045K, capacity 8254K, committed 8448K, reserved 1056768K
  class space    used 869K, capacity 975K, committed 1024K, reserved 1048576K
GC Heap History (10 events):
Event: 6.878 GC heap after
Heap after GC invocations=16 (full 4):
 PSYoungGen      total 312832K, used 61792K [0x00000000d7300000, 0x00000000f8100000, 0x0000000100000000)
  eden space 106496K, 0% used [0x00000000d7300000,0x00000000d7300000,0x00000000ddb00000)
  from space 206336K, 29% used [0x00000000eb780000,0x00000000ef3d8000,0x00000000f8100000)
  to   space 216064K, 0% used [0x00000000ddb00000,0x00000000ddb00000,0x00000000eae00000)
 ParOldGen       total 823296K, used 580798K [0x0000000085800000, 0x00000000b7c00000, 0x00000000d7300000)
  object space 823296K, 70% used [0x0000000085800000,0x00000000a8f2fac0,0x00000000b7c00000)
 Metaspace       used 8045K, capacity 8254K, committed 8448K, reserved 1056768K
  class space    used 869K, capacity 975K, committed 1024K, reserved 1048576K
}
Event: 7.048 GC heap before
{Heap before GC invocations=17 (full 4):
 PSYoungGen      total 312832K, used 168288K [0x00000000d7300000, 0x00000000f8100000, 0x0000000100000000)
  eden space 106496K, 100% used [0x00000000d7300000,0x00000000ddb00000,0x00000000ddb00000)
  from space 206336K, 29% used [0x00000000eb780000,0x00000000ef3d8000,0x00000000f8100000)
  to   space 216064K, 0% used [0x00000000ddb00000,0x00000000ddb00000,0x00000000eae00000)
 ParOldGen       total 823296K, used 580798K [0x0000000085800000, 0x00000000b7c00000, 0x00000000d7300000)
  object space 823296K, 70% used [0x0000000085800000,0x00000000a8f2fac0,0x00000000b7c00000)
 Metaspace       used 8045K, capacity 8254K, committed 8448K, reserved 1056768K
  class space    used 869K, capacity 975K, committed 1024K, reserved 1048576K
Event: 7.126 GC heap after
Heap after GC invocations=17 (full 4):
 PSYoungGen      total 322560K, used 135360K [0x00000000d7300000, 0x00000000f9d00000, 0x0000000100000000)
  eden space 106496K, 0% used [0x00000000d7300000,0x00000000d7300000,0x00000000ddb00000)
  from space 216064K, 62% used [0x00000000ddb00000,0x00000000e5f30000,0x00000000eae00000)
  to   space 219648K, 0% used [0x00000000ec680000,0x00000000ec680000,0x00000000f9d00000)
 ParOldGen       total 823296K, used 580798K [0x0000000085800000, 0x00000000b7c00000, 0x00000000d7300000)
  object space 823296K, 70% used [0x0000000085800000,0x00000000a8f2fac0,0x00000000b7c00000)
 Metaspace       used 8045K, capacity 8254K, committed 8448K, reserved 1056768K
  class space    used 869K, capacity 975K, committed 1024K, reserved 1048576K
}
Event: 7.289 GC heap before
{Heap before GC invocations=18 (full 4):
 PSYoungGen      total 322560K, used 241856K [0x00000000d7300000, 0x00000000f9d00000, 0x0000000100000000)
  eden space 106496K, 100% used [0x00000000d7300000,0x00000000ddb00000,0x00000000ddb00000)
  from space 216064K, 62% used [0x00000000ddb00000,0x00000000e5f30000,0x00000000eae00000)
  to   space 219648K, 0% used [0x00000000ec680000,0x00000000ec680000,0x00000000f9d00000)
 ParOldGen       total 823296K, used 580798K [0x0000000085800000, 0x00000000b7c00000, 0x00000000d7300000)
  object space 823296K, 70% used [0x0000000085800000,0x00000000a8f2fac0,0x00000000b7c00000)
 Metaspace       used 8045K, capacity 8254K, committed 8448K, reserved 1056768K
  class space    used 869K, capacity 975K, committed 1024K, reserved 1048576K
Event: 7.414 GC heap after
Heap after GC invocations=18 (full 4):
 PSYoungGen      total 344576K, used 209536K [0x00000000d7300000, 0x00000000fa500000, 0x0000000100000000)
  eden space 124928K, 0% used [0x00000000d7300000,0x00000000d7300000,0x00000000ded00000)
  from space 219648K, 95% used [0x00000000ec680000,0x00000000f9320000,0x00000000f9d00000)
  to   space 222720K, 0% used [0x00000000ded00000,0x00000000ded00000,0x00000000ec680000)
 ParOldGen       total 823296K, used 580798K [0x0000000085800000, 0x00000000b7c00000, 0x00000000d7300000)
  object space 823296K, 70% used [0x0000000085800000,0x00000000a8f2fac0,0x00000000b7c00000)
 Metaspace       used 8045K, capacity 8254K, committed 8448K, reserved 1056768K
  class space    used 869K, capacity 975K, committed 1024K, reserved 1048576K
}
Event: 7.600 GC heap before
{Heap before GC invocations=19 (full 4):
 PSYoungGen      total 344576K, used 334464K [0x00000000d7300000, 0x00000000fa500000, 0x0000000100000000)
  eden space 124928K, 100% used [0x00000000d7300000,0x00000000ded00000,0x00000000ded00000)
  from space 219648K, 95% used [0x00000000ec680000,0x00000000f9320000,0x00000000f9d00000)
  to   space 222720K, 0% used [0x00000000ded00000,0x00000000ded00000,0x00000000ec680000)
 ParOldGen       total 823296K, used 580798K [0x0000000085800000, 0x00000000b7c00000, 0x00000000d7300000)
  object space 823296K, 70% used [0x0000000085800000,0x00000000a8f2fac0,0x00000000b7c00000)
 Metaspace       used 8045K, capacity 8254K, committed 8448K, reserved 1056768K
  class space    used 869K, capacity 975K, committed 1024K, reserved 1048576K
Event: 7.780 GC heap after
Heap after GC invocations=19 (full 4):
 PSYoungGen      total 347648K, used 222718K [0x00000000d7300000, 0x00000000fbd00000, 0x0000000100000000)
  eden space 124928K, 0% used [0x00000000d7300000,0x00000000d7300000,0x00000000ded00000)
  from space 222720K, 99% used [0x00000000ded00000,0x00000000ec67f8f8,0x00000000ec680000)
  to   space 222720K, 0% used [0x00000000ee380000,0x00000000ee380000,0x00000000fbd00000)
 ParOldGen       total 823296K, used 656014K [0x0000000085800000, 0x00000000b7c00000, 0x00000000d7300000)
  object space 823296K, 79% used [0x0000000085800000,0x00000000ad8a3ac0,0x00000000b7c00000)
 Metaspace       used 8045K, capacity 8254K, committed 8448K, reserved 1056768K
  class space    used 869K, capacity 975K, committed 1024K, reserved 1048576K
}
Event: 7.961 GC heap before
{Heap before GC invocations=20 (full 4):
 PSYoungGen      total 347648K, used 347646K [0x00000000d7300000, 0x00000000fbd00000, 0x0000000100000000)
  eden space 124928K, 100% used [0x00000000d7300000,0x00000000ded00000,0x00000000ded00000)
  from space 222720K, 99% used [0x00000000ded00000,0x00000000ec67f8f8,0x00000000ec680000)
  to   space 222720K, 0% used [0x00000000ee380000,0x00000000ee380000,0x00000000fbd00000)
 ParOldGen       total 823296K, used 656014K [0x0000000085800000, 0x00000000b7c00000, 0x00000000d7300000)
  object space 823296K, 79% used [0x0000000085800000,0x00000000ad8a3ac0,0x00000000b7c00000)
 Metaspace       used 8045K, capacity 8254K, committed 8448K, reserved 1056768K
  class space    used 869K, capacity 975K, committed 1024K, reserved 1048576K
Event: 8.148 GC heap after
Heap after GC invocations=20 (full 4):
 PSYoungGen      total 377344K, used 175742K [0x00000000d7300000, 0x00000000fbf00000, 0x0000000100000000)
  eden space 154624K, 0% used [0x00000000d7300000,0x00000000d7300000,0x00000000e0a00000)
  from space 222720K, 78% used [0x00000000ee380000,0x00000000f8f1f8f8,0x00000000fbd00000)
  to   space 222720K, 0% used [0x00000000e0a00000,0x00000000e0a00000,0x00000000ee380000)
 ParOldGen       total 823296K, used 791014K [0x0000000085800000, 0x00000000b7c00000, 0x00000000d7300000)
  object space 823296K, 96% used [0x0000000085800000,0x00000000b5c79ac0,0x00000000b7c00000)
 Metaspace       used 8045K, capacity 8254K, committed 8448K, reserved 1056768K
  class space    used 869K, capacity 975K, committed 1024K, reserved 1048576K
}
Event: 8.148 GC heap before
{Heap before GC invocations=21 (full 5):
 PSYoungGen      total 377344K, used 175742K [0x00000000d7300000, 0x00000000fbf00000, 0x0000000100000000)
  eden space 154624K, 0% used [0x00000000d7300000,0x00000000d7300000,0x00000000e0a00000)
  from space 222720K, 78% used [0x00000000ee380000,0x00000000f8f1f8f8,0x00000000fbd00000)
  to   space 222720K, 0% used [0x00000000e0a00000,0x00000000e0a00000,0x00000000ee380000)
 ParOldGen       total 823296K, used 791014K [0x0000000085800000, 0x00000000b7c00000, 0x00000000d7300000)
  object space 823296K, 96% used [0x0000000085800000,0x00000000b5c79ac0,0x00000000b7c00000)
 Metaspace       used 8045K, capacity 8254K, committed 8448K, reserved 1056768K
  class space    used 869K, capacity 975K, committed 1024K, reserved 1048576K

