# JRE version: Java(TM) SE Runtime Environment (8.0_211-b12) (build 1.8.0_211-b12)
# Java VM: Java HotSpot(TM) 64-Bit Server VM (25.211-b12 mixed mode linux-amd64 compressed oops)
Heap:
 PSYoungGen      total 268800K, used 194023K [0x00000000d7300000, 0x00000000f8d80000, 0x0000000100000000)
  eden space 74752K, 0% used [0x00000000d7300000,0x00000000d7300000,0x00000000dbc00000)
  from space 194048K, 99% used [0x00000000e9580000,0x00000000f52f9e00,0x00000000f5300000)
  to   space 222720K, 0% used [0x00000000dbc00000,0x00000000dbc00000,0x00000000e9580000)
 ParOldGen       total 338432K, used 285376K [0x0000000085800000, 0x000000009a280000, 0x00000000d7300000)
  object space 338432K, 84% used [0x0000000085800000,0x0000000096eb0028,0x000000009a280000)
 Metaspace       used 8034K, capacity 8246K, committed 8448K, reserved 1056768K
  class space    used 867K, capacity 975K, committed 1024K, reserved 1048576K
GC Heap History (10 events):
Event: 3.104 GC heap after
Heap after GC invocations=8 (full 2):
 PSYoungGen      total 165888K, used 70223K [0x00000000d7300000, 0x00000000e9600000, 0x0000000100000000)
  eden space 91648K, 0% used [0x00000000d7300000,0x00000000d7300000,0x00000000dcc80000)
  from space 74240K, 94% used [0x00000000e2100000,0x00000000e6593f48,0x00000000e6980000)
  to   space 86528K, 0% used [0x00000000dcc80000,0x00000000dcc80000,0x00000000e2100000)
 ParOldGen       total 338432K, used 171944K [0x0000000085800000, 0x000000009a280000, 0x00000000d7300000)
  object space 338432K, 50% used [0x0000000085800000,0x000000008ffea028,0x000000009a280000)
 Metaspace       used 8034K, capacity 8246K, committed 8448K, reserved 1056768K
  class space    used 867K, capacity 975K, committed 1024K, reserved 1048576K
}
Event: 3.258 GC heap before
{Heap before GC invocations=9 (full 2):
 PSYoungGen      total 165888K, used 161871K [0x00000000d7300000, 0x00000000e9600000, 0x0000000100000000)
  eden space 91648K, 100% used [0x00000000d7300000,0x00000000dcc80000,0x00000000dcc80000)
  from space 74240K, 94% used [0x00000000e2100000,0x00000000e6593f48,0x00000000e6980000)
  to   space 86528K, 0% used [0x00000000dcc80000,0x00000000dcc80000,0x00000000e2100000)
 ParOldGen       total 338432K, used 171944K [0x0000000085800000, 0x000000009a280000, 0x00000000d7300000)
  object space 338432K, 50% used [0x0000000085800000,0x000000008ffea028,0x000000009a280000)
 Metaspace       used 8034K, capacity 8246K, committed 8448K, reserved 1056768K
  class space    used 867K, capacity 975K, committed 1024K, reserved 1048576K
Event: 3.368 GC heap after
Heap after GC invocations=9 (full 2):
 PSYoungGen      total 178176K, used 86511K [0x00000000d7300000, 0x00000000ed980000, 0x0000000100000000)
  eden space 91648K, 0% used [0x00000000d7300000,0x00000000d7300000,0x00000000dcc80000)
  from space 86528K, 99% used [0x00000000dcc80000,0x00000000e20fbeb8,0x00000000e2100000)
  to   space 124928K, 0% used [0x00000000e5f80000,0x00000000e5f80000,0x00000000ed980000)
 ParOldGen       total 338432K, used 217264K [0x0000000085800000, 0x000000009a280000, 0x00000000d7300000)
  object space 338432K, 64% used [0x0000000085800000,0x0000000092c2c028,0x000000009a280000)
 Metaspace       used 8034K, capacity 8246K, committed 8448K, reserved 1056768K
  class space    used 867K, capacity 975K, committed 1024K, reserved 1048576K
}
Event: 3.532 GC heap before
{Heap before GC invocations=10 (full 2):
 PSYoungGen      total 178176K, used 178159K [0x00000000d7300000, 0x00000000ed980000, 0x0000000100000000)
  eden space 91648K, 100% used [0x00000000d7300000,0x00000000dcc80000,0x00000000dcc80000)
  from space 86528K, 99% used [0x00000000dcc80000,0x00000000e20fbeb8,0x00000000e2100000)
  to   space 124928K, 0% used [0x00000000e5f80000,0x00000000e5f80000,0x00000000ed980000)
 ParOldGen       total 338432K, used 217264K [0x0000000085800000, 0x000000009a280000, 0x00000000d7300000)
  object space 338432K, 64% used [0x0000000085800000,0x0000000092c2c028,0x000000009a280000)
 Metaspace       used 8034K, capacity 8246K, committed 8448K, reserved 1056768K
  class space    used 867K, capacity 975K, committed 1024K, reserved 1048576K
Event: 3.650 GC heap after
Heap after GC invocations=10 (full 2):
 PSYoungGen      total 209408K, used 124904K [0x00000000d7300000, 0x00000000f1e00000, 0x0000000100000000)
  eden space 84480K, 0% used [0x00000000d7300000,0x00000000d7300000,0x00000000dc580000)
  from space 124928K, 99% used [0x00000000e5f80000,0x00000000ed97a370,0x00000000ed980000)
  to   space 157696K, 0% used [0x00000000dc580000,0x00000000dc580000,0x00000000e5f80000)
 ParOldGen       total 338432K, used 240888K [0x0000000085800000, 0x000000009a280000, 0x00000000d7300000)
  object space 338432K, 71% used [0x0000000085800000,0x000000009433e028,0x000000009a280000)
 Metaspace       used 8034K, capacity 8246K, committed 8448K, reserved 1056768K
  class space    used 867K, capacity 975K, committed 1024K, reserved 1048576K
}
Event: 3.770 GC heap before
{Heap before GC invocations=11 (full 2):
 PSYoungGen      total 209408K, used 209384K [0x00000000d7300000, 0x00000000f1e00000, 0x0000000100000000)
  eden space 84480K, 100% used [0x00000000d7300000,0x00000000dc580000,0x00000000dc580000)
  from space 124928K, 99% used [0x00000000e5f80000,0x00000000ed97a370,0x00000000ed980000)
  to   space 157696K, 0% used [0x00000000dc580000,0x00000000dc580000,0x00000000e5f80000)
 ParOldGen       total 338432K, used 240888K [0x0000000085800000, 0x000000009a280000, 0x00000000d7300000)
  object space 338432K, 71% used [0x0000000085800000,0x000000009433e028,0x000000009a280000)
 Metaspace       used 8034K, capacity 8246K, committed 8448K, reserved 1056768K
  class space    used 867K, capacity 975K, committed 1024K, reserved 1048576K
Event: 3.894 GC heap after
Heap after GC invocations=11 (full 2):
 PSYoungGen      total 242176K, used 157671K [0x00000000d7300000, 0x00000000f5300000, 0x0000000100000000)
  eden space 84480K, 0% used [0x00000000d7300000,0x00000000d7300000,0x00000000dc580000)
  from space 157696K, 99% used [0x00000000dc580000,0x00000000e5f79e00,0x00000000e5f80000)
  to   space 194048K, 0% used [0x00000000e9580000,0x00000000e9580000,0x00000000f5300000)
 ParOldGen       total 338432K, used 264640K [0x0000000085800000, 0x000000009a280000, 0x00000000d7300000)
  object space 338432K, 78% used [0x0000000085800000,0x0000000095a70028,0x000000009a280000)
 Metaspace       used 8034K, capacity 8246K, committed 8448K, reserved 1056768K
  class space    used 867K, capacity 975K, committed 1024K, reserved 1048576K
}
Event: 4.021 GC heap before
{Heap before GC invocations=12 (full 2):
 PSYoungGen      total 242176K, used 242151K [0x00000000d7300000, 0x00000000f5300000, 0x0000000100000000)
  eden space 84480K, 100% used [0x00000000d7300000,0x00000000dc580000,0x00000000dc580000)
  from space 157696K, 99% used [0x00000000dc580000,0x00000000e5f79e00,0x00000000e5f80000)
  to   space 194048K, 0% used [0x00000000e9580000,0x00000000e9580000,0x00000000f5300000)
 ParOldGen       total 338432K, used 264640K [0x0000000085800000, 0x000000009a280000, 0x00000000d7300000)
  object space 338432K, 78% used [0x0000000085800000,0x0000000095a70028,0x000000009a280000)
 Metaspace       used 8034K, capacity 8246K, committed 8448K, reserved 1056768K
  class space    used 867K, capacity 975K, committed 1024K, reserved 1048576K
Event: 4.187 GC heap after
Heap after GC invocations=12 (full 2):
 PSYoungGen      total 268800K, used 194023K [0x00000000d7300000, 0x00000000f8d80000, 0x0000000100000000)
  eden space 74752K, 0% used [0x00000000d7300000,0x00000000d7300000,0x00000000dbc00000)
  from space 194048K, 99% used [0x00000000e9580000,0x00000000f52f9e00,0x00000000f5300000)
  to   space 222720K, 0% used [0x00000000dbc00000,0x00000000dbc00000,0x00000000e9580000)
 ParOldGen       total 338432K, used 285376K [0x0000000085800000, 0x000000009a280000, 0x00000000d7300000)
  object space 338432K, 84% used [0x0000000085800000,0x0000000096eb0028,0x000000009a280000)
 Metaspace       used 8034K, capacity 8246K, committed 8448K, reserved 1056768K
  class space    used 867K, capacity 975K, committed 1024K, reserved 1048576K
}
Event: 4.187 GC heap before
{Heap before GC invocations=13 (full 3):
 PSYoungGen      total 268800K, used 194023K [0x00000000d7300000, 0x00000000f8d80000, 0x0000000100000000)
  eden space 74752K, 0% used [0x00000000d7300000,0x00000000d7300000,0x00000000dbc00000)
  from space 194048K, 99% used [0x00000000e9580000,0x00000000f52f9e00,0x00000000f5300000)
  to   space 222720K, 0% used [0x00000000dbc00000,0x00000000dbc00000,0x00000000e9580000)
 ParOldGen       total 338432K, used 285376K [0x0000000085800000, 0x000000009a280000, 0x00000000d7300000)
  object space 338432K, 84% used [0x0000000085800000,0x0000000096eb0028,0x000000009a280000)
 Metaspace       used 8034K, capacity 8246K, committed 8448K, reserved 1056768K
  class space    used 867K, capacity 975K, committed 1024K, reserved 1048576K

