# JRE version: Java(TM) SE Runtime Environment (8.0_211-b12) (build 1.8.0_211-b12)
# Java VM: Java HotSpot(TM) 64-Bit Server VM (25.211-b12 mixed mode linux-amd64 compressed oops)
Heap:
 PSYoungGen      total 389632K, used 182624K [0x00000000d7300000, 0x00000000fca00000, 0x0000000100000000)
  eden space 166912K, 0% used [0x00000000d7300000,0x00000000d7300000,0x00000000e1600000)
  from space 222720K, 81% used [0x00000000eef80000,0x00000000fa1d8000,0x00000000fc900000)
  to   space 222720K, 0% used [0x00000000e1600000,0x00000000e1600000,0x00000000eef80000)
 ParOldGen       total 686592K, used 651030K [0x0000000085800000, 0x00000000af680000, 0x00000000d7300000)
  object space 686592K, 94% used [0x0000000085800000,0x00000000ad3c5a28,0x00000000af680000)
 Metaspace       used 8141K, capacity 8374K, committed 8448K, reserved 1056768K
  class space    used 871K, capacity 975K, committed 1024K, reserved 1048576K
GC Heap History (10 events):
Event: 5.360 GC heap after
Heap after GC invocations=18 (full 3):
 PSYoungGen      total 333824K, used 222697K [0x00000000d7300000, 0x00000000fb100000, 0x0000000100000000)
  eden space 111104K, 0% used [0x00000000d7300000,0x00000000d7300000,0x00000000ddf80000)
  from space 222720K, 99% used [0x00000000ddf80000,0x00000000eb8fa798,0x00000000eb900000)
  to   space 222720K, 0% used [0x00000000ed780000,0x00000000ed780000,0x00000000fb100000)
 ParOldGen       total 423936K, used 338342K [0x0000000085800000, 0x000000009f600000, 0x00000000d7300000)
  object space 423936K, 79% used [0x0000000085800000,0x000000009a269800,0x000000009f600000)
 Metaspace       used 8141K, capacity 8374K, committed 8448K, reserved 1056768K
  class space    used 871K, capacity 975K, committed 1024K, reserved 1048576K
}
Event: 5.501 GC heap before
{Heap before GC invocations=19 (full 3):
 PSYoungGen      total 333824K, used 333801K [0x00000000d7300000, 0x00000000fb100000, 0x0000000100000000)
  eden space 111104K, 100% used [0x00000000d7300000,0x00000000ddf80000,0x00000000ddf80000)
  from space 222720K, 99% used [0x00000000ddf80000,0x00000000eb8fa798,0x00000000eb900000)
  to   space 222720K, 0% used [0x00000000ed780000,0x00000000ed780000,0x00000000fb100000)
 ParOldGen       total 423936K, used 338342K [0x0000000085800000, 0x000000009f600000, 0x00000000d7300000)
  object space 423936K, 79% used [0x0000000085800000,0x000000009a269800,0x000000009f600000)
 Metaspace       used 8141K, capacity 8374K, committed 8448K, reserved 1056768K
  class space    used 871K, capacity 975K, committed 1024K, reserved 1048576K
Event: 5.683 GC heap after
Heap after GC invocations=19 (full 3):
 PSYoungGen      total 365056K, used 222718K [0x00000000d7300000, 0x00000000fb280000, 0x0000000100000000)
  eden space 142336K, 0% used [0x00000000d7300000,0x00000000d7300000,0x00000000dfe00000)
  from space 222720K, 99% used [0x00000000ed780000,0x00000000fb0ffb58,0x00000000fb100000)
  to   space 222720K, 0% used [0x00000000dfe00000,0x00000000dfe00000,0x00000000ed780000)
 ParOldGen       total 423936K, used 415158K [0x0000000085800000, 0x000000009f600000, 0x00000000d7300000)
  object space 423936K, 97% used [0x0000000085800000,0x000000009ed6d800,0x000000009f600000)
 Metaspace       used 8141K, capacity 8374K, committed 8448K, reserved 1056768K
  class space    used 871K, capacity 975K, committed 1024K, reserved 1048576K
}
Event: 5.683 GC heap before
{Heap before GC invocations=20 (full 4):
 PSYoungGen      total 365056K, used 222718K [0x00000000d7300000, 0x00000000fb280000, 0x0000000100000000)
  eden space 142336K, 0% used [0x00000000d7300000,0x00000000d7300000,0x00000000dfe00000)
  from space 222720K, 99% used [0x00000000ed780000,0x00000000fb0ffb58,0x00000000fb100000)
  to   space 222720K, 0% used [0x00000000dfe00000,0x00000000dfe00000,0x00000000ed780000)
 ParOldGen       total 423936K, used 415158K [0x0000000085800000, 0x000000009f600000, 0x00000000d7300000)
  object space 423936K, 97% used [0x0000000085800000,0x000000009ed6d800,0x000000009f600000)
 Metaspace       used 8141K, capacity 8374K, committed 8448K, reserved 1056768K
  class space    used 871K, capacity 975K, committed 1024K, reserved 1048576K
Event: 7.568 GC heap after
Heap after GC invocations=20 (full 4):
 PSYoungGen      total 365056K, used 212746K [0x00000000d7300000, 0x00000000fb280000, 0x0000000100000000)
  eden space 142336K, 0% used [0x00000000d7300000,0x00000000d7300000,0x00000000dfe00000)
  from space 222720K, 95% used [0x00000000ed780000,0x00000000fa742b08,0x00000000fb100000)
  to   space 222720K, 0% used [0x00000000dfe00000,0x00000000dfe00000,0x00000000ed780000)
 ParOldGen       total 686592K, used 423518K [0x0000000085800000, 0x00000000af680000, 0x00000000d7300000)
  object space 686592K, 61% used [0x0000000085800000,0x000000009f597a28,0x00000000af680000)
 Metaspace       used 8141K, capacity 8374K, committed 8448K, reserved 1056768K
  class space    used 871K, capacity 975K, committed 1024K, reserved 1048576K
}
Event: 7.758 GC heap before
{Heap before GC invocations=21 (full 4):
 PSYoungGen      total 365056K, used 355082K [0x00000000d7300000, 0x00000000fb280000, 0x0000000100000000)
  eden space 142336K, 100% used [0x00000000d7300000,0x00000000dfe00000,0x00000000dfe00000)
  from space 222720K, 95% used [0x00000000ed780000,0x00000000fa742b08,0x00000000fb100000)
  to   space 222720K, 0% used [0x00000000dfe00000,0x00000000dfe00000,0x00000000ed780000)
 ParOldGen       total 686592K, used 423518K [0x0000000085800000, 0x00000000af680000, 0x00000000d7300000)
  object space 686592K, 61% used [0x0000000085800000,0x000000009f597a28,0x00000000af680000)
 Metaspace       used 8141K, capacity 8374K, committed 8448K, reserved 1056768K
  class space    used 871K, capacity 975K, committed 1024K, reserved 1048576K
Event: 7.997 GC heap after
Heap after GC invocations=21 (full 4):
 PSYoungGen      total 365056K, used 222720K [0x00000000d7300000, 0x00000000fc900000, 0x0000000100000000)
  eden space 142336K, 0% used [0x00000000d7300000,0x00000000d7300000,0x00000000dfe00000)
  from space 222720K, 100% used [0x00000000dfe00000,0x00000000ed780000,0x00000000ed780000)
  to   space 222720K, 0% used [0x00000000eef80000,0x00000000eef80000,0x00000000fc900000)
 ParOldGen       total 686592K, used 511774K [0x0000000085800000, 0x00000000af680000, 0x00000000d7300000)
  object space 686592K, 74% used [0x0000000085800000,0x00000000a4bc7a28,0x00000000af680000)
 Metaspace       used 8141K, capacity 8374K, committed 8448K, reserved 1056768K
  class space    used 871K, capacity 975K, committed 1024K, reserved 1048576K
}
Event: 8.186 GC heap before
{Heap before GC invocations=22 (full 4):
 PSYoungGen      total 365056K, used 365056K [0x00000000d7300000, 0x00000000fc900000, 0x0000000100000000)
  eden space 142336K, 100% used [0x00000000d7300000,0x00000000dfe00000,0x00000000dfe00000)
  from space 222720K, 100% used [0x00000000dfe00000,0x00000000ed780000,0x00000000ed780000)
  to   space 222720K, 0% used [0x00000000eef80000,0x00000000eef80000,0x00000000fc900000)
 ParOldGen       total 686592K, used 511774K [0x0000000085800000, 0x00000000af680000, 0x00000000d7300000)
  object space 686592K, 74% used [0x0000000085800000,0x00000000a4bc7a28,0x00000000af680000)
 Metaspace       used 8141K, capacity 8374K, committed 8448K, reserved 1056768K
  class space    used 871K, capacity 975K, committed 1024K, reserved 1048576K
Event: 8.390 GC heap after
Heap after GC invocations=22 (full 4):
 PSYoungGen      total 389632K, used 182624K [0x00000000d7300000, 0x00000000fca00000, 0x0000000100000000)
  eden space 166912K, 0% used [0x00000000d7300000,0x00000000d7300000,0x00000000e1600000)
  from space 222720K, 81% used [0x00000000eef80000,0x00000000fa1d8000,0x00000000fc900000)
  to   space 222720K, 0% used [0x00000000e1600000,0x00000000e1600000,0x00000000eef80000)
 ParOldGen       total 686592K, used 651030K [0x0000000085800000, 0x00000000af680000, 0x00000000d7300000)
  object space 686592K, 94% used [0x0000000085800000,0x00000000ad3c5a28,0x00000000af680000)
 Metaspace       used 8141K, capacity 8374K, committed 8448K, reserved 1056768K
  class space    used 871K, capacity 975K, committed 1024K, reserved 1048576K
}
Event: 8.390 GC heap before
{Heap before GC invocations=23 (full 5):
 PSYoungGen      total 389632K, used 182624K [0x00000000d7300000, 0x00000000fca00000, 0x0000000100000000)
  eden space 166912K, 0% used [0x00000000d7300000,0x00000000d7300000,0x00000000e1600000)
  from space 222720K, 81% used [0x00000000eef80000,0x00000000fa1d8000,0x00000000fc900000)
  to   space 222720K, 0% used [0x00000000e1600000,0x00000000e1600000,0x00000000eef80000)
 ParOldGen       total 686592K, used 651030K [0x0000000085800000, 0x00000000af680000, 0x00000000d7300000)
  object space 686592K, 94% used [0x0000000085800000,0x00000000ad3c5a28,0x00000000af680000)
 Metaspace       used 8141K, capacity 8374K, committed 8448K, reserved 1056768K
  class space    used 871K, capacity 975K, committed 1024K, reserved 1048576K

