# JRE version: Java(TM) SE Runtime Environment (8.0_211-b12) (build 1.8.0_211-b12)
# Java VM: Java HotSpot(TM) 64-Bit Server VM (25.211-b12 mixed mode linux-amd64 compressed oops)
Heap:
 PSYoungGen      total 445952K, used 193554K [0x00000000d7300000, 0x0000000100000000, 0x0000000100000000)
  eden space 223232K, 86% used [0x00000000d7300000,0x00000000e2ff7a80,0x00000000e4d00000)
  from space 222720K, 0% used [0x00000000e4d00000,0x00000000e4d0ce30,0x00000000f2680000)
  to   space 222720K, 0% used [0x00000000f2680000,0x00000000f2680000,0x0000000100000000)
 ParOldGen       total 1103872K, used 807335K [0x0000000085800000, 0x00000000c8e00000, 0x00000000d7300000)
  object space 1103872K, 73% used [0x0000000085800000,0x00000000b6c69c98,0x00000000c8e00000)
 Metaspace       used 10314K, capacity 10546K, committed 10752K, reserved 1058816K
  class space    used 1063K, capacity 1189K, committed 1280K, reserved 1048576K
GC Heap History (10 events):
Event: 159.019 GC heap before
{Heap before GC invocations=64 (full 6):
 PSYoungGen      total 440320K, used 316085K [0x00000000d7300000, 0x00000000ff300000, 0x0000000100000000)
  eden space 223232K, 100% used [0x00000000d7300000,0x00000000e4d00000,0x00000000e4d00000)
  from space 217088K, 42% used [0x00000000e4d00000,0x00000000ea7ad7b0,0x00000000f2100000)
  to   space 209920K, 0% used [0x00000000f2600000,0x00000000f2600000,0x00000000ff300000)
 ParOldGen       total 987136K, used 827444K [0x0000000085800000, 0x00000000c1c00000, 0x00000000d7300000)
  object space 987136K, 83% used [0x0000000085800000,0x00000000b800d1f0,0x00000000c1c00000)
 Metaspace       used 10314K, capacity 10546K, committed 10752K, reserved 1058816K
  class space    used 1063K, capacity 1189K, committed 1280K, reserved 1048576K
Event: 159.119 GC heap after
Heap after GC invocations=64 (full 6):
 PSYoungGen      total 435200K, used 138144K [0x00000000d7300000, 0x0000000100000000, 0x0000000100000000)
  eden space 225280K, 0% used [0x00000000d7300000,0x00000000d7300000,0x00000000e4f00000)
  from space 209920K, 65% used [0x00000000f2600000,0x00000000face8378,0x00000000ff300000)
  to   space 220160K, 0% used [0x00000000e4f00000,0x00000000e4f00000,0x00000000f2600000)
 ParOldGen       total 987136K, used 827444K [0x0000000085800000, 0x00000000c1c00000, 0x00000000d7300000)
  object space 987136K, 83% used [0x0000000085800000,0x00000000b800d1f0,0x00000000c1c00000)
 Metaspace       used 10314K, capacity 10546K, committed 10752K, reserved 1058816K
  class space    used 1063K, capacity 1189K, committed 1280K, reserved 1048576K
}
Event: 160.551 GC heap before
{Heap before GC invocations=65 (full 6):
 PSYoungGen      total 435200K, used 363424K [0x00000000d7300000, 0x0000000100000000, 0x0000000100000000)
  eden space 225280K, 100% used [0x00000000d7300000,0x00000000e4f00000,0x00000000e4f00000)
  from space 209920K, 65% used [0x00000000f2600000,0x00000000face8378,0x00000000ff300000)
  to   space 220160K, 0% used [0x00000000e4f00000,0x00000000e4f00000,0x00000000f2600000)
 ParOldGen       total 987136K, used 827444K [0x0000000085800000, 0x00000000c1c00000, 0x00000000d7300000)
  object space 987136K, 83% used [0x0000000085800000,0x00000000b800d1f0,0x00000000c1c00000)
 Metaspace       used 10314K, capacity 10546K, committed 10752K, reserved 1058816K
  class space    used 1063K, capacity 1189K, committed 1280K, reserved 1048576K
Event: 160.671 GC heap after
Heap after GC invocations=65 (full 6):
 PSYoungGen      total 445440K, used 182976K [0x00000000d7300000, 0x0000000100000000, 0x0000000100000000)
  eden space 225280K, 0% used [0x00000000d7300000,0x00000000d7300000,0x00000000e4f00000)
  from space 220160K, 83% used [0x00000000e4f00000,0x00000000f01b0378,0x00000000f2600000)
  to   space 222720K, 0% used [0x00000000f2680000,0x00000000f2680000,0x0000000100000000)
 ParOldGen       total 987136K, used 827444K [0x0000000085800000, 0x00000000c1c00000, 0x00000000d7300000)
  object space 987136K, 83% used [0x0000000085800000,0x00000000b800d1f0,0x00000000c1c00000)
 Metaspace       used 10314K, capacity 10546K, committed 10752K, reserved 1058816K
  class space    used 1063K, capacity 1189K, committed 1280K, reserved 1048576K
}
Event: 166.186 GC heap before
{Heap before GC invocations=66 (full 6):
 PSYoungGen      total 445440K, used 408256K [0x00000000d7300000, 0x0000000100000000, 0x0000000100000000)
  eden space 225280K, 100% used [0x00000000d7300000,0x00000000e4f00000,0x00000000e4f00000)
  from space 220160K, 83% used [0x00000000e4f00000,0x00000000f01b0378,0x00000000f2600000)
  to   space 222720K, 0% used [0x00000000f2680000,0x00000000f2680000,0x0000000100000000)
 ParOldGen       total 987136K, used 827444K [0x0000000085800000, 0x00000000c1c00000, 0x00000000d7300000)
  object space 987136K, 83% used [0x0000000085800000,0x00000000b800d1f0,0x00000000c1c00000)
 Metaspace       used 10314K, capacity 10546K, committed 10752K, reserved 1058816K
  class space    used 1063K, capacity 1189K, committed 1280K, reserved 1048576K
Event: 166.349 GC heap after
Heap after GC invocations=66 (full 6):
 PSYoungGen      total 445952K, used 100820K [0x00000000d7300000, 0x0000000100000000, 0x0000000100000000)
  eden space 223232K, 0% used [0x00000000d7300000,0x00000000d7300000,0x00000000e4d00000)
  from space 222720K, 45% used [0x00000000f2680000,0x00000000f88f51b8,0x0000000100000000)
  to   space 222720K, 0% used [0x00000000e4d00000,0x00000000e4d00000,0x00000000f2680000)
 ParOldGen       total 987136K, used 919940K [0x0000000085800000, 0x00000000c1c00000, 0x00000000d7300000)
  object space 987136K, 93% used [0x0000000085800000,0x00000000bda611f0,0x00000000c1c00000)
 Metaspace       used 10314K, capacity 10546K, committed 10752K, reserved 1058816K
  class space    used 1063K, capacity 1189K, committed 1280K, reserved 1048576K
}
Event: 166.349 GC heap before
{Heap before GC invocations=67 (full 7):
 PSYoungGen      total 445952K, used 100820K [0x00000000d7300000, 0x0000000100000000, 0x0000000100000000)
  eden space 223232K, 0% used [0x00000000d7300000,0x00000000d7300000,0x00000000e4d00000)
  from space 222720K, 45% used [0x00000000f2680000,0x00000000f88f51b8,0x0000000100000000)
  to   space 222720K, 0% used [0x00000000e4d00000,0x00000000e4d00000,0x00000000f2680000)
 ParOldGen       total 987136K, used 919940K [0x0000000085800000, 0x00000000c1c00000, 0x00000000d7300000)
  object space 987136K, 93% used [0x0000000085800000,0x00000000bda611f0,0x00000000c1c00000)
 Metaspace       used 10314K, capacity 10546K, committed 10752K, reserved 1058816K
  class space    used 1063K, capacity 1189K, committed 1280K, reserved 1048576K
Event: 167.512 GC heap after
Heap after GC invocations=67 (full 7):
 PSYoungGen      total 445952K, used 0K [0x00000000d7300000, 0x0000000100000000, 0x0000000100000000)
  eden space 223232K, 0% used [0x00000000d7300000,0x00000000d7300000,0x00000000e4d00000)
  from space 222720K, 0% used [0x00000000f2680000,0x00000000f2680000,0x0000000100000000)
  to   space 222720K, 0% used [0x00000000e4d00000,0x00000000e4d00000,0x00000000f2680000)
 ParOldGen       total 1103872K, used 807335K [0x0000000085800000, 0x00000000c8e00000, 0x00000000d7300000)
  object space 1103872K, 73% used [0x0000000085800000,0x00000000b6c69c98,0x00000000c8e00000)
 Metaspace       used 10314K, capacity 10546K, committed 10752K, reserved 1058816K
  class space    used 1063K, capacity 1189K, committed 1280K, reserved 1048576K
}
Event: 167.900 GC heap before
{Heap before GC invocations=68 (full 7):
 PSYoungGen      total 445952K, used 223232K [0x00000000d7300000, 0x0000000100000000, 0x0000000100000000)
  eden space 223232K, 100% used [0x00000000d7300000,0x00000000e4d00000,0x00000000e4d00000)
  from space 222720K, 0% used [0x00000000f2680000,0x00000000f2680000,0x0000000100000000)
  to   space 222720K, 0% used [0x00000000e4d00000,0x00000000e4d00000,0x00000000f2680000)
 ParOldGen       total 1103872K, used 807335K [0x0000000085800000, 0x00000000c8e00000, 0x00000000d7300000)
  object space 1103872K, 73% used [0x0000000085800000,0x00000000b6c69c98,0x00000000c8e00000)
 Metaspace       used 10314K, capacity 10546K, committed 10752K, reserved 1058816K
  class space    used 1063K, capacity 1189K, committed 1280K, reserved 1048576K
Event: 167.904 GC heap after
Heap after GC invocations=68 (full 7):
 PSYoungGen      total 445952K, used 51K [0x00000000d7300000, 0x0000000100000000, 0x0000000100000000)
  eden space 223232K, 0% used [0x00000000d7300000,0x00000000d7300000,0x00000000e4d00000)
  from space 222720K, 0% used [0x00000000e4d00000,0x00000000e4d0ce30,0x00000000f2680000)
  to   space 222720K, 0% used [0x00000000f2680000,0x00000000f2680000,0x0000000100000000)
 ParOldGen       total 1103872K, used 807335K [0x0000000085800000, 0x00000000c8e00000, 0x00000000d7300000)
  object space 1103872K, 73% used [0x0000000085800000,0x00000000b6c69c98,0x00000000c8e00000)
 Metaspace       used 10314K, capacity 10546K, committed 10752K, reserved 1058816K
  class space    used 1063K, capacity 1189K, committed 1280K, reserved 1048576K
}

