# JRE version: Java(TM) SE Runtime Environment (8.0_211-b12) (build 1.8.0_211-b12)
# Java VM: Java HotSpot(TM) 64-Bit Server VM (25.211-b12 mixed mode linux-amd64 compressed oops)
Heap:
 PSYoungGen      total 403968K, used 84800K [0x00000000d7300000, 0x00000000ff000000, 0x0000000100000000)
  eden space 185856K, 0% used [0x00000000d7300000,0x00000000d7300000,0x00000000e2880000)
  from space 218112K, 38% used [0x00000000e2880000,0x00000000e7b50000,0x00000000efd80000)
  to   space 205824K, 0% used [0x00000000f2700000,0x00000000f2700000,0x00000000ff000000)
 ParOldGen       total 576000K, used 492163K [0x0000000085800000, 0x00000000a8a80000, 0x00000000d7300000)
  object space 576000K, 85% used [0x0000000085800000,0x00000000a38a0e60,0x00000000a8a80000)
 Metaspace       used 9623K, capacity 9874K, committed 10240K, reserved 1058816K
  class space    used 1040K, capacity 1157K, committed 1280K, reserved 1048576K
GC Heap History (10 events):
Event: 12.034 GC heap after
Heap after GC invocations=13 (full 3):
 PSYoungGen      total 303104K, used 88736K [0x00000000d7300000, 0x00000000f2280000, 0x0000000100000000)
  eden space 180224K, 0% used [0x00000000d7300000,0x00000000d7300000,0x00000000e2300000)
  from space 122880K, 72% used [0x00000000ea200000,0x00000000ef8a8000,0x00000000f1a00000)
  to   space 130048K, 0% used [0x00000000e2300000,0x00000000e2300000,0x00000000ea200000)
 ParOldGen       total 384512K, used 240467K [0x0000000085800000, 0x000000009cf80000, 0x00000000d7300000)
  object space 384512K, 62% used [0x0000000085800000,0x00000000942d4fd8,0x000000009cf80000)
 Metaspace       used 9623K, capacity 9874K, committed 10240K, reserved 1058816K
  class space    used 1040K, capacity 1157K, committed 1280K, reserved 1048576K
}
Event: 13.809 GC heap before
{Heap before GC invocations=14 (full 3):
 PSYoungGen      total 303104K, used 261042K [0x00000000d7300000, 0x00000000f2280000, 0x0000000100000000)
  eden space 180224K, 95% used [0x00000000d7300000,0x00000000e1b44990,0x00000000e2300000)
  from space 122880K, 72% used [0x00000000ea200000,0x00000000ef8a8000,0x00000000f1a00000)
  to   space 130048K, 0% used [0x00000000e2300000,0x00000000e2300000,0x00000000ea200000)
 ParOldGen       total 384512K, used 240467K [0x0000000085800000, 0x000000009cf80000, 0x00000000d7300000)
  object space 384512K, 62% used [0x0000000085800000,0x00000000942d4fd8,0x000000009cf80000)
 Metaspace       used 9623K, capacity 9874K, committed 10240K, reserved 1058816K
  class space    used 1040K, capacity 1157K, committed 1280K, reserved 1048576K
Event: 14.069 GC heap after
Heap after GC invocations=14 (full 3):
 PSYoungGen      total 310272K, used 130016K [0x00000000d7300000, 0x00000000fa380000, 0x0000000100000000)
  eden space 180224K, 0% used [0x00000000d7300000,0x00000000d7300000,0x00000000e2300000)
  from space 130048K, 99% used [0x00000000e2300000,0x00000000ea1f8020,0x00000000ea200000)
  to   space 169984K, 0% used [0x00000000efd80000,0x00000000efd80000,0x00000000fa380000)
 ParOldGen       total 384512K, used 293227K [0x0000000085800000, 0x000000009cf80000, 0x00000000d7300000)
  object space 384512K, 76% used [0x0000000085800000,0x000000009765afd8,0x000000009cf80000)
 Metaspace       used 9623K, capacity 9874K, committed 10240K, reserved 1058816K
  class space    used 1040K, capacity 1157K, committed 1280K, reserved 1048576K
}
Event: 15.929 GC heap before
{Heap before GC invocations=15 (full 3):
 PSYoungGen      total 310272K, used 310240K [0x00000000d7300000, 0x00000000fa380000, 0x0000000100000000)
  eden space 180224K, 100% used [0x00000000d7300000,0x00000000e2300000,0x00000000e2300000)
  from space 130048K, 99% used [0x00000000e2300000,0x00000000ea1f8020,0x00000000ea200000)
  to   space 169984K, 0% used [0x00000000efd80000,0x00000000efd80000,0x00000000fa380000)
 ParOldGen       total 384512K, used 293227K [0x0000000085800000, 0x000000009cf80000, 0x00000000d7300000)
  object space 384512K, 76% used [0x0000000085800000,0x000000009765afd8,0x000000009cf80000)
 Metaspace       used 9623K, capacity 9874K, committed 10240K, reserved 1058816K
  class space    used 1040K, capacity 1157K, committed 1280K, reserved 1048576K
Event: 16.176 GC heap after
Heap after GC invocations=15 (full 3):
 PSYoungGen      total 355840K, used 169952K [0x00000000d7300000, 0x0000000100000000, 0x0000000100000000)
  eden space 185856K, 0% used [0x00000000d7300000,0x00000000d7300000,0x00000000e2880000)
  from space 169984K, 99% used [0x00000000efd80000,0x00000000fa378030,0x00000000fa380000)
  to   space 218112K, 0% used [0x00000000e2880000,0x00000000e2880000,0x00000000efd80000)
 ParOldGen       total 384512K, used 348163K [0x0000000085800000, 0x000000009cf80000, 0x00000000d7300000)
  object space 384512K, 90% used [0x0000000085800000,0x000000009ac00fd8,0x000000009cf80000)
 Metaspace       used 9623K, capacity 9874K, committed 10240K, reserved 1058816K
  class space    used 1040K, capacity 1157K, committed 1280K, reserved 1048576K
}
Event: 16.176 GC heap before
{Heap before GC invocations=16 (full 4):
 PSYoungGen      total 355840K, used 169952K [0x00000000d7300000, 0x0000000100000000, 0x0000000100000000)
  eden space 185856K, 0% used [0x00000000d7300000,0x00000000d7300000,0x00000000e2880000)
  from space 169984K, 99% used [0x00000000efd80000,0x00000000fa378030,0x00000000fa380000)
  to   space 218112K, 0% used [0x00000000e2880000,0x00000000e2880000,0x00000000efd80000)
 ParOldGen       total 384512K, used 348163K [0x0000000085800000, 0x000000009cf80000, 0x00000000d7300000)
  object space 384512K, 90% used [0x0000000085800000,0x000000009ac00fd8,0x000000009cf80000)
 Metaspace       used 9623K, capacity 9874K, committed 10240K, reserved 1058816K
  class space    used 1040K, capacity 1157K, committed 1280K, reserved 1048576K
Event: 16.983 GC heap after
Heap after GC invocations=16 (full 4):
 PSYoungGen      total 355840K, used 107279K [0x00000000d7300000, 0x0000000100000000, 0x0000000100000000)
  eden space 185856K, 0% used [0x00000000d7300000,0x00000000d7300000,0x00000000e2880000)
  from space 169984K, 63% used [0x00000000efd80000,0x00000000f6643d10,0x00000000fa380000)
  to   space 218112K, 0% used [0x00000000e2880000,0x00000000e2880000,0x00000000efd80000)
 ParOldGen       total 576000K, used 384043K [0x0000000085800000, 0x00000000a8a80000, 0x00000000d7300000)
  object space 576000K, 66% used [0x0000000085800000,0x000000009cf0ae50,0x00000000a8a80000)
 Metaspace       used 9623K, capacity 9874K, committed 10240K, reserved 1058816K
  class space    used 1040K, capacity 1157K, committed 1280K, reserved 1048576K
}
Event: 19.063 GC heap before
{Heap before GC invocations=17 (full 4):
 PSYoungGen      total 355840K, used 293135K [0x00000000d7300000, 0x0000000100000000, 0x0000000100000000)
  eden space 185856K, 100% used [0x00000000d7300000,0x00000000e2880000,0x00000000e2880000)
  from space 169984K, 63% used [0x00000000efd80000,0x00000000f6643d10,0x00000000fa380000)
  to   space 218112K, 0% used [0x00000000e2880000,0x00000000e2880000,0x00000000efd80000)
 ParOldGen       total 576000K, used 384043K [0x0000000085800000, 0x00000000a8a80000, 0x00000000d7300000)
  object space 576000K, 66% used [0x0000000085800000,0x000000009cf0ae50,0x00000000a8a80000)
 Metaspace       used 9623K, capacity 9874K, committed 10240K, reserved 1058816K
  class space    used 1040K, capacity 1157K, committed 1280K, reserved 1048576K
Event: 19.321 GC heap after
Heap after GC invocations=17 (full 4):
 PSYoungGen      total 403968K, used 84800K [0x00000000d7300000, 0x00000000ff000000, 0x0000000100000000)
  eden space 185856K, 0% used [0x00000000d7300000,0x00000000d7300000,0x00000000e2880000)
  from space 218112K, 38% used [0x00000000e2880000,0x00000000e7b50000,0x00000000efd80000)
  to   space 205824K, 0% used [0x00000000f2700000,0x00000000f2700000,0x00000000ff000000)
 ParOldGen       total 576000K, used 492163K [0x0000000085800000, 0x00000000a8a80000, 0x00000000d7300000)
  object space 576000K, 85% used [0x0000000085800000,0x00000000a38a0e60,0x00000000a8a80000)
 Metaspace       used 9623K, capacity 9874K, committed 10240K, reserved 1058816K
  class space    used 1040K, capacity 1157K, committed 1280K, reserved 1048576K
}
Event: 19.322 GC heap before
{Heap before GC invocations=18 (full 5):
 PSYoungGen      total 403968K, used 84800K [0x00000000d7300000, 0x00000000ff000000, 0x0000000100000000)
  eden space 185856K, 0% used [0x00000000d7300000,0x00000000d7300000,0x00000000e2880000)
  from space 218112K, 38% used [0x00000000e2880000,0x00000000e7b50000,0x00000000efd80000)
  to   space 205824K, 0% used [0x00000000f2700000,0x00000000f2700000,0x00000000ff000000)
 ParOldGen       total 576000K, used 492163K [0x0000000085800000, 0x00000000a8a80000, 0x00000000d7300000)
  object space 576000K, 85% used [0x0000000085800000,0x00000000a38a0e60,0x00000000a8a80000)
 Metaspace       used 9623K, capacity 9874K, committed 10240K, reserved 1058816K
  class space    used 1040K, capacity 1157K, committed 1280K, reserved 1048576K

