# JRE version: Java(TM) SE Runtime Environment (8.0_211-b12) (build 1.8.0_211-b12)
# Java VM: Java HotSpot(TM) 64-Bit Server VM (25.211-b12 mixed mode linux-amd64 compressed oops)
Heap:
 PSYoungGen      total 276992K, used 268224K [0x00000000d7300000, 0x00000000f0e80000, 0x0000000100000000)
  eden space 172544K, 100% used [0x00000000d7300000,0x00000000e1b80000,0x00000000e1b80000)
  from space 104448K, 91% used [0x00000000e8f00000,0x00000000eec70000,0x00000000ef500000)
  to   space 118272K, 100% used [0x00000000e1b80000,0x00000000e8f00000,0x00000000e8f00000)
 ParOldGen       total 372736K, used 241870K [0x0000000085800000, 0x000000009c400000, 0x00000000d7300000)
  object space 372736K, 64% used [0x0000000085800000,0x00000000944359a8,0x000000009c400000)
 Metaspace       used 9626K, capacity 9874K, committed 10240K, reserved 1058816K
  class space    used 1040K, capacity 1157K, committed 1280K, reserved 1048576K
GC Heap History (10 events):
Event: 3.569 GC heap after
Heap after GC invocations=7 (full 2):
 PSYoungGen      total 104960K, used 5120K [0x00000000d7300000, 0x00000000e6c00000, 0x0000000100000000)
  eden space 99840K, 0% used [0x00000000d7300000,0x00000000d7300000,0x00000000dd480000)
  from space 5120K, 100% used [0x00000000dd480000,0x00000000dd980000,0x00000000dd980000)
  to   space 59392K, 0% used [0x00000000e3200000,0x00000000e3200000,0x00000000e6c00000)
 ParOldGen       total 207872K, used 138720K [0x0000000085800000, 0x0000000092300000, 0x00000000d7300000)
  object space 207872K, 66% used [0x0000000085800000,0x000000008df782a8,0x0000000092300000)
 Metaspace       used 9626K, capacity 9874K, committed 10240K, reserved 1058816K
  class space    used 1040K, capacity 1157K, committed 1280K, reserved 1048576K
}
Event: 4.652 GC heap before
{Heap before GC invocations=8 (full 2):
 PSYoungGen      total 104960K, used 104960K [0x00000000d7300000, 0x00000000e6c00000, 0x0000000100000000)
  eden space 99840K, 100% used [0x00000000d7300000,0x00000000dd480000,0x00000000dd480000)
  from space 5120K, 100% used [0x00000000dd480000,0x00000000dd980000,0x00000000dd980000)
  to   space 59392K, 0% used [0x00000000e3200000,0x00000000e3200000,0x00000000e6c00000)
 ParOldGen       total 207872K, used 138720K [0x0000000085800000, 0x0000000092300000, 0x00000000d7300000)
  object space 207872K, 66% used [0x0000000085800000,0x000000008df782a8,0x0000000092300000)
 Metaspace       used 9626K, capacity 9874K, committed 10240K, reserved 1058816K
  class space    used 1040K, capacity 1157K, committed 1280K, reserved 1048576K
Event: 4.711 GC heap after
Heap after GC invocations=8 (full 2):
 PSYoungGen      total 190464K, used 50752K [0x00000000d7300000, 0x00000000e7680000, 0x0000000100000000)
  eden space 131072K, 0% used [0x00000000d7300000,0x00000000d7300000,0x00000000df300000)
  from space 59392K, 85% used [0x00000000e3200000,0x00000000e6390000,0x00000000e6c00000)
  to   space 64512K, 0% used [0x00000000df300000,0x00000000df300000,0x00000000e3200000)
 ParOldGen       total 207872K, used 138720K [0x0000000085800000, 0x0000000092300000, 0x00000000d7300000)
  object space 207872K, 66% used [0x0000000085800000,0x000000008df782a8,0x0000000092300000)
 Metaspace       used 9626K, capacity 9874K, committed 10240K, reserved 1058816K
  class space    used 1040K, capacity 1157K, committed 1280K, reserved 1048576K
}
Event: 5.865 GC heap before
{Heap before GC invocations=9 (full 2):
 PSYoungGen      total 190464K, used 181824K [0x00000000d7300000, 0x00000000e7680000, 0x0000000100000000)
  eden space 131072K, 100% used [0x00000000d7300000,0x00000000df300000,0x00000000df300000)
  from space 59392K, 85% used [0x00000000e3200000,0x00000000e6390000,0x00000000e6c00000)
  to   space 64512K, 0% used [0x00000000df300000,0x00000000df300000,0x00000000e3200000)
 ParOldGen       total 207872K, used 138720K [0x0000000085800000, 0x0000000092300000, 0x00000000d7300000)
  object space 207872K, 66% used [0x0000000085800000,0x000000008df782a8,0x0000000092300000)
 Metaspace       used 9626K, capacity 9874K, committed 10240K, reserved 1058816K
  class space    used 1040K, capacity 1157K, committed 1280K, reserved 1048576K
Event: 5.991 GC heap after
Heap after GC invocations=9 (full 2):
 PSYoungGen      total 195584K, used 64512K [0x00000000d7300000, 0x00000000ef500000, 0x0000000100000000)
  eden space 131072K, 0% used [0x00000000d7300000,0x00000000d7300000,0x00000000df300000)
  from space 64512K, 100% used [0x00000000df300000,0x00000000e3200000,0x00000000e3200000)
  to   space 104448K, 0% used [0x00000000e8f00000,0x00000000e8f00000,0x00000000ef500000)
 ParOldGen       total 207872K, used 198712K [0x0000000085800000, 0x0000000092300000, 0x00000000d7300000)
  object space 207872K, 95% used [0x0000000085800000,0x0000000091a0e2d8,0x0000000092300000)
 Metaspace       used 9626K, capacity 9874K, committed 10240K, reserved 1058816K
  class space    used 1040K, capacity 1157K, committed 1280K, reserved 1048576K
}
Event: 5.991 GC heap before
{Heap before GC invocations=10 (full 3):
 PSYoungGen      total 195584K, used 64512K [0x00000000d7300000, 0x00000000ef500000, 0x0000000100000000)
  eden space 131072K, 0% used [0x00000000d7300000,0x00000000d7300000,0x00000000df300000)
  from space 64512K, 100% used [0x00000000df300000,0x00000000e3200000,0x00000000e3200000)
  to   space 104448K, 0% used [0x00000000e8f00000,0x00000000e8f00000,0x00000000ef500000)
 ParOldGen       total 207872K, used 198712K [0x0000000085800000, 0x0000000092300000, 0x00000000d7300000)
  object space 207872K, 95% used [0x0000000085800000,0x0000000091a0e2d8,0x0000000092300000)
 Metaspace       used 9626K, capacity 9874K, committed 10240K, reserved 1058816K
  class space    used 1040K, capacity 1157K, committed 1280K, reserved 1048576K
Event: 6.409 GC heap after
Heap after GC invocations=10 (full 3):
 PSYoungGen      total 195584K, used 35761K [0x00000000d7300000, 0x00000000ef500000, 0x0000000100000000)
  eden space 131072K, 0% used [0x00000000d7300000,0x00000000d7300000,0x00000000df300000)
  from space 64512K, 55% used [0x00000000df300000,0x00000000e15ec5a8,0x00000000e3200000)
  to   space 104448K, 0% used [0x00000000e8f00000,0x00000000e8f00000,0x00000000ef500000)
 ParOldGen       total 372736K, used 207566K [0x0000000085800000, 0x000000009c400000, 0x00000000d7300000)
  object space 372736K, 55% used [0x0000000085800000,0x00000000922b39a8,0x000000009c400000)
 Metaspace       used 9626K, capacity 9874K, committed 10240K, reserved 1058816K
  class space    used 1040K, capacity 1157K, committed 1280K, reserved 1048576K
}
Event: 7.819 GC heap before
{Heap before GC invocations=11 (full 3):
 PSYoungGen      total 195584K, used 166833K [0x00000000d7300000, 0x00000000ef500000, 0x0000000100000000)
  eden space 131072K, 100% used [0x00000000d7300000,0x00000000df300000,0x00000000df300000)
  from space 64512K, 55% used [0x00000000df300000,0x00000000e15ec5a8,0x00000000e3200000)
  to   space 104448K, 0% used [0x00000000e8f00000,0x00000000e8f00000,0x00000000ef500000)
 ParOldGen       total 372736K, used 207566K [0x0000000085800000, 0x000000009c400000, 0x00000000d7300000)
  object space 372736K, 55% used [0x0000000085800000,0x00000000922b39a8,0x000000009c400000)
 Metaspace       used 9626K, capacity 9874K, committed 10240K, reserved 1058816K
  class space    used 1040K, capacity 1157K, committed 1280K, reserved 1048576K
Event: 7.963 GC heap after
Heap after GC invocations=11 (full 3):
 PSYoungGen      total 276992K, used 95680K [0x00000000d7300000, 0x00000000f0e80000, 0x0000000100000000)
  eden space 172544K, 0% used [0x00000000d7300000,0x00000000d7300000,0x00000000e1b80000)
  from space 104448K, 91% used [0x00000000e8f00000,0x00000000eec70000,0x00000000ef500000)
  to   space 118272K, 0% used [0x00000000e1b80000,0x00000000e1b80000,0x00000000e8f00000)
 ParOldGen       total 372736K, used 207566K [0x0000000085800000, 0x000000009c400000, 0x00000000d7300000)
  object space 372736K, 55% used [0x0000000085800000,0x00000000922b39a8,0x000000009c400000)
 Metaspace       used 9626K, capacity 9874K, committed 10240K, reserved 1058816K
  class space    used 1040K, capacity 1157K, committed 1280K, reserved 1048576K
}
Event: 9.836 GC heap before
{Heap before GC invocations=12 (full 3):
 PSYoungGen      total 276992K, used 268224K [0x00000000d7300000, 0x00000000f0e80000, 0x0000000100000000)
  eden space 172544K, 100% used [0x00000000d7300000,0x00000000e1b80000,0x00000000e1b80000)
  from space 104448K, 91% used [0x00000000e8f00000,0x00000000eec70000,0x00000000ef500000)
  to   space 118272K, 0% used [0x00000000e1b80000,0x00000000e1b80000,0x00000000e8f00000)
 ParOldGen       total 372736K, used 207566K [0x0000000085800000, 0x000000009c400000, 0x00000000d7300000)
  object space 372736K, 55% used [0x0000000085800000,0x00000000922b39a8,0x000000009c400000)
 Metaspace       used 9626K, capacity 9874K, committed 10240K, reserved 1058816K
  class space    used 1040K, capacity 1157K, committed 1280K, reserved 1048576K

