# JRE version: Java(TM) SE Runtime Environment (8.0_211-b12) (build 1.8.0_211-b12)
# Java VM: Java HotSpot(TM) 64-Bit Server VM (25.211-b12 mixed mode linux-amd64 compressed oops)
Heap:
 PSYoungGen      total 445952K, used 223232K [0x00000000d7300000, 0x0000000100000000, 0x0000000100000000)
  eden space 223232K, 100% used [0x00000000d7300000,0x00000000e4d00000,0x00000000e4d00000)
  from space 222720K, 0% used [0x00000000e4d00000,0x00000000e4d00000,0x00000000f2680000)
  to   space 222720K, 0% used [0x00000000f2680000,0x00000000f2680000,0x0000000100000000)
 ParOldGen       total 1338368K, used 1338276K [0x0000000085800000, 0x00000000d7300000, 0x00000000d7300000)
  object space 1338368K, 99% used [0x0000000085800000,0x00000000d72e9218,0x00000000d7300000)
 Metaspace       used 8450K, capacity 8662K, committed 8704K, reserved 1056768K
  class space    used 898K, capacity 1007K, committed 1024K, reserved 1048576K
GC Heap History (10 events):
Event: 24.323 GC heap after
Heap after GC invocations=30 (full 9):
 PSYoungGen      total 445952K, used 33068K [0x00000000d7300000, 0x0000000100000000, 0x0000000100000000)
  eden space 223232K, 14% used [0x00000000d7300000,0x00000000d934b220,0x00000000e4d00000)
  from space 222720K, 0% used [0x00000000e4d00000,0x00000000e4d00000,0x00000000f2680000)
  to   space 222720K, 0% used [0x00000000f2680000,0x00000000f2680000,0x0000000100000000)
 ParOldGen       total 1338368K, used 1338281K [0x0000000085800000, 0x00000000d7300000, 0x00000000d7300000)
  object space 1338368K, 99% used [0x0000000085800000,0x00000000d72ea4e8,0x00000000d7300000)
 Metaspace       used 8450K, capacity 8662K, committed 8704K, reserved 1056768K
  class space    used 898K, capacity 1007K, committed 1024K, reserved 1048576K
}
Event: 24.506 GC heap before
{Heap before GC invocations=31 (full 10):
 PSYoungGen      total 445952K, used 223232K [0x00000000d7300000, 0x0000000100000000, 0x0000000100000000)
  eden space 223232K, 100% used [0x00000000d7300000,0x00000000e4d00000,0x00000000e4d00000)
  from space 222720K, 0% used [0x00000000e4d00000,0x00000000e4d00000,0x00000000f2680000)
  to   space 222720K, 0% used [0x00000000f2680000,0x00000000f2680000,0x0000000100000000)
 ParOldGen       total 1338368K, used 1338281K [0x0000000085800000, 0x00000000d7300000, 0x00000000d7300000)
  object space 1338368K, 99% used [0x0000000085800000,0x00000000d72ea4e8,0x00000000d7300000)
 Metaspace       used 8450K, capacity 8662K, committed 8704K, reserved 1056768K
  class space    used 898K, capacity 1007K, committed 1024K, reserved 1048576K
Event: 27.334 GC heap after
Heap after GC invocations=31 (full 10):
 PSYoungGen      total 445952K, used 33105K [0x00000000d7300000, 0x0000000100000000, 0x0000000100000000)
  eden space 223232K, 14% used [0x00000000d7300000,0x00000000d93544f8,0x00000000e4d00000)
  from space 222720K, 0% used [0x00000000e4d00000,0x00000000e4d00000,0x00000000f2680000)
  to   space 222720K, 0% used [0x00000000f2680000,0x00000000f2680000,0x0000000100000000)
 ParOldGen       total 1338368K, used 1338280K [0x0000000085800000, 0x00000000d7300000, 0x00000000d7300000)
  object space 1338368K, 99% used [0x0000000085800000,0x00000000d72ea248,0x00000000d7300000)
 Metaspace       used 8450K, capacity 8662K, committed 8704K, reserved 1056768K
  class space    used 898K, capacity 1007K, committed 1024K, reserved 1048576K
}
Event: 27.589 GC heap before
{Heap before GC invocations=32 (full 11):
 PSYoungGen      total 445952K, used 223232K [0x00000000d7300000, 0x0000000100000000, 0x0000000100000000)
  eden space 223232K, 100% used [0x00000000d7300000,0x00000000e4d00000,0x00000000e4d00000)
  from space 222720K, 0% used [0x00000000e4d00000,0x00000000e4d00000,0x00000000f2680000)
  to   space 222720K, 0% used [0x00000000f2680000,0x00000000f2680000,0x0000000100000000)
 ParOldGen       total 1338368K, used 1338280K [0x0000000085800000, 0x00000000d7300000, 0x00000000d7300000)
  object space 1338368K, 99% used [0x0000000085800000,0x00000000d72ea248,0x00000000d7300000)
 Metaspace       used 8450K, capacity 8662K, committed 8704K, reserved 1056768K
  class space    used 898K, capacity 1007K, committed 1024K, reserved 1048576K
Event: 30.387 GC heap after
Heap after GC invocations=32 (full 11):
 PSYoungGen      total 445952K, used 33155K [0x00000000d7300000, 0x0000000100000000, 0x0000000100000000)
  eden space 223232K, 14% used [0x00000000d7300000,0x00000000d9360ea0,0x00000000e4d00000)
  from space 222720K, 0% used [0x00000000e4d00000,0x00000000e4d00000,0x00000000f2680000)
  to   space 222720K, 0% used [0x00000000f2680000,0x00000000f2680000,0x0000000100000000)
 ParOldGen       total 1338368K, used 1338278K [0x0000000085800000, 0x00000000d7300000, 0x00000000d7300000)
  object space 1338368K, 99% used [0x0000000085800000,0x00000000d72e9978,0x00000000d7300000)
 Metaspace       used 8450K, capacity 8662K, committed 8704K, reserved 1056768K
  class space    used 898K, capacity 1007K, committed 1024K, reserved 1048576K
}
Event: 30.556 GC heap before
{Heap before GC invocations=33 (full 12):
 PSYoungGen      total 445952K, used 223232K [0x00000000d7300000, 0x0000000100000000, 0x0000000100000000)
  eden space 223232K, 100% used [0x00000000d7300000,0x00000000e4d00000,0x00000000e4d00000)
  from space 222720K, 0% used [0x00000000e4d00000,0x00000000e4d00000,0x00000000f2680000)
  to   space 222720K, 0% used [0x00000000f2680000,0x00000000f2680000,0x0000000100000000)
 ParOldGen       total 1338368K, used 1338278K [0x0000000085800000, 0x00000000d7300000, 0x00000000d7300000)
  object space 1338368K, 99% used [0x0000000085800000,0x00000000d72e9978,0x00000000d7300000)
 Metaspace       used 8450K, capacity 8662K, committed 8704K, reserved 1056768K
  class space    used 898K, capacity 1007K, committed 1024K, reserved 1048576K
Event: 33.399 GC heap after
Heap after GC invocations=33 (full 12):
 PSYoungGen      total 445952K, used 33174K [0x00000000d7300000, 0x0000000100000000, 0x0000000100000000)
  eden space 223232K, 14% used [0x00000000d7300000,0x00000000d9365860,0x00000000e4d00000)
  from space 222720K, 0% used [0x00000000e4d00000,0x00000000e4d00000,0x00000000f2680000)
  to   space 222720K, 0% used [0x00000000f2680000,0x00000000f2680000,0x0000000100000000)
 ParOldGen       total 1338368K, used 1338277K [0x0000000085800000, 0x00000000d7300000, 0x00000000d7300000)
  object space 1338368K, 99% used [0x0000000085800000,0x00000000d72e9588,0x00000000d7300000)
 Metaspace       used 8450K, capacity 8662K, committed 8704K, reserved 1056768K
  class space    used 898K, capacity 1007K, committed 1024K, reserved 1048576K
}
Event: 33.568 GC heap before
{Heap before GC invocations=34 (full 13):
 PSYoungGen      total 445952K, used 223232K [0x00000000d7300000, 0x0000000100000000, 0x0000000100000000)
  eden space 223232K, 100% used [0x00000000d7300000,0x00000000e4d00000,0x00000000e4d00000)
  from space 222720K, 0% used [0x00000000e4d00000,0x00000000e4d00000,0x00000000f2680000)
  to   space 222720K, 0% used [0x00000000f2680000,0x00000000f2680000,0x0000000100000000)
 ParOldGen       total 1338368K, used 1338277K [0x0000000085800000, 0x00000000d7300000, 0x00000000d7300000)
  object space 1338368K, 99% used [0x0000000085800000,0x00000000d72e9588,0x00000000d7300000)
 Metaspace       used 8450K, capacity 8662K, committed 8704K, reserved 1056768K
  class space    used 898K, capacity 1007K, committed 1024K, reserved 1048576K
Event: 36.347 GC heap after
Heap after GC invocations=34 (full 13):
 PSYoungGen      total 445952K, used 33210K [0x00000000d7300000, 0x0000000100000000, 0x0000000100000000)
  eden space 223232K, 14% used [0x00000000d7300000,0x00000000d936eb60,0x00000000e4d00000)
  from space 222720K, 0% used [0x00000000e4d00000,0x00000000e4d00000,0x00000000f2680000)
  to   space 222720K, 0% used [0x00000000f2680000,0x00000000f2680000,0x0000000100000000)
 ParOldGen       total 1338368K, used 1338276K [0x0000000085800000, 0x00000000d7300000, 0x00000000d7300000)
  object space 1338368K, 99% used [0x0000000085800000,0x00000000d72e9218,0x00000000d7300000)
 Metaspace       used 8450K, capacity 8662K, committed 8704K, reserved 1056768K
  class space    used 898K, capacity 1007K, committed 1024K, reserved 1048576K
}
Event: 36.511 GC heap before
{Heap before GC invocations=35 (full 14):
 PSYoungGen      total 445952K, used 223232K [0x00000000d7300000, 0x0000000100000000, 0x0000000100000000)
  eden space 223232K, 100% used [0x00000000d7300000,0x00000000e4d00000,0x00000000e4d00000)
  from space 222720K, 0% used [0x00000000e4d00000,0x00000000e4d00000,0x00000000f2680000)
  to   space 222720K, 0% used [0x00000000f2680000,0x00000000f2680000,0x0000000100000000)
 ParOldGen       total 1338368K, used 1338276K [0x0000000085800000, 0x00000000d7300000, 0x00000000d7300000)
  object space 1338368K, 99% used [0x0000000085800000,0x00000000d72e9218,0x00000000d7300000)
 Metaspace       used 8450K, capacity 8662K, committed 8704K, reserved 1056768K
  class space    used 898K, capacity 1007K, committed 1024K, reserved 1048576K

