# JRE version: Java(TM) SE Runtime Environment (8.0_211-b12) (build 1.8.0_211-b12)
# Java VM: Java HotSpot(TM) 64-Bit Server VM (25.211-b12 mixed mode linux-amd64 compressed oops)
Heap:
 PSYoungGen      total 441856K, used 151296K [0x00000000d7300000, 0x00000000ffc00000, 0x0000000100000000)
  eden space 223232K, 67% used [0x00000000d7300000,0x00000000e06c0128,0x00000000e4d00000)
  from space 218624K, 0% used [0x00000000f2680000,0x00000000f2680000,0x00000000ffc00000)
  to   space 220672K, 0% used [0x00000000e4d00000,0x00000000e4d00000,0x00000000f2480000)
 ParOldGen       total 1042432K, used 761389K [0x0000000085800000, 0x00000000c5200000, 0x00000000d7300000)
  object space 1042432K, 73% used [0x0000000085800000,0x00000000b3f8b470,0x00000000c5200000)
 Metaspace       used 10273K, capacity 10546K, committed 10752K, reserved 1058816K
  class space    used 1061K, capacity 1189K, committed 1280K, reserved 1048576K
GC Heap History (10 events):
Event: 337.176 GC heap before
{Heap before GC invocations=53 (full 6):
 PSYoungGen      total 427520K, used 297279K [0x00000000d7300000, 0x00000000fee00000, 0x0000000100000000)
  eden space 223232K, 100% used [0x00000000d7300000,0x00000000e4d00000,0x00000000e4d00000)
  from space 204288K, 36% used [0x00000000f2680000,0x00000000f6ecffd0,0x00000000fee00000)
  to   space 213504K, 0% used [0x00000000e4d00000,0x00000000e4d00000,0x00000000f1d80000)
 ParOldGen       total 828928K, used 619245K [0x0000000085800000, 0x00000000b8180000, 0x00000000d7300000)
  object space 828928K, 74% used [0x0000000085800000,0x00000000ab4bb6e8,0x00000000b8180000)
 Metaspace       used 10273K, capacity 10546K, committed 10752K, reserved 1058816K
  class space    used 1061K, capacity 1189K, committed 1280K, reserved 1048576K
Event: 337.258 GC heap after
Heap after GC invocations=53 (full 6):
 PSYoungGen      total 436736K, used 117084K [0x00000000d7300000, 0x00000000ffa00000, 0x0000000100000000)
  eden space 223232K, 0% used [0x00000000d7300000,0x00000000d7300000,0x00000000e4d00000)
  from space 213504K, 54% used [0x00000000e4d00000,0x00000000ebf57250,0x00000000f1d80000)
  to   space 212480K, 0% used [0x00000000f2a80000,0x00000000f2a80000,0x00000000ffa00000)
 ParOldGen       total 828928K, used 619245K [0x0000000085800000, 0x00000000b8180000, 0x00000000d7300000)
  object space 828928K, 74% used [0x0000000085800000,0x00000000ab4bb6e8,0x00000000b8180000)
 Metaspace       used 10273K, capacity 10546K, committed 10752K, reserved 1058816K
  class space    used 1061K, capacity 1189K, committed 1280K, reserved 1048576K
}
Event: 338.640 GC heap before
{Heap before GC invocations=54 (full 6):
 PSYoungGen      total 436736K, used 340316K [0x00000000d7300000, 0x00000000ffa00000, 0x0000000100000000)
  eden space 223232K, 100% used [0x00000000d7300000,0x00000000e4d00000,0x00000000e4d00000)
  from space 213504K, 54% used [0x00000000e4d00000,0x00000000ebf57250,0x00000000f1d80000)
  to   space 212480K, 0% used [0x00000000f2a80000,0x00000000f2a80000,0x00000000ffa00000)
 ParOldGen       total 828928K, used 619245K [0x0000000085800000, 0x00000000b8180000, 0x00000000d7300000)
  object space 828928K, 74% used [0x0000000085800000,0x00000000ab4bb6e8,0x00000000b8180000)
 Metaspace       used 10273K, capacity 10546K, committed 10752K, reserved 1058816K
  class space    used 1061K, capacity 1189K, committed 1280K, reserved 1048576K
Event: 338.743 GC heap after
Heap after GC invocations=54 (full 6):
 PSYoungGen      total 435712K, used 161127K [0x00000000d7300000, 0x0000000100000000, 0x0000000100000000)
  eden space 223232K, 0% used [0x00000000d7300000,0x00000000d7300000,0x00000000e4d00000)
  from space 212480K, 75% used [0x00000000f2a80000,0x00000000fc7d9e18,0x00000000ffa00000)
  to   space 222720K, 0% used [0x00000000e4d00000,0x00000000e4d00000,0x00000000f2680000)
 ParOldGen       total 828928K, used 619245K [0x0000000085800000, 0x00000000b8180000, 0x00000000d7300000)
  object space 828928K, 74% used [0x0000000085800000,0x00000000ab4bb6e8,0x00000000b8180000)
 Metaspace       used 10273K, capacity 10546K, committed 10752K, reserved 1058816K
  class space    used 1061K, capacity 1189K, committed 1280K, reserved 1048576K
}
Event: 340.060 GC heap before
{Heap before GC invocations=55 (full 6):
 PSYoungGen      total 435712K, used 384359K [0x00000000d7300000, 0x0000000100000000, 0x0000000100000000)
  eden space 223232K, 100% used [0x00000000d7300000,0x00000000e4d00000,0x00000000e4d00000)
  from space 212480K, 75% used [0x00000000f2a80000,0x00000000fc7d9e18,0x00000000ffa00000)
  to   space 222720K, 0% used [0x00000000e4d00000,0x00000000e4d00000,0x00000000f2680000)
 ParOldGen       total 828928K, used 619245K [0x0000000085800000, 0x00000000b8180000, 0x00000000d7300000)
  object space 828928K, 74% used [0x0000000085800000,0x00000000ab4bb6e8,0x00000000b8180000)
 Metaspace       used 10273K, capacity 10546K, committed 10752K, reserved 1058816K
  class space    used 1061K, capacity 1189K, committed 1280K, reserved 1048576K
Event: 340.193 GC heap after
Heap after GC invocations=55 (full 6):
 PSYoungGen      total 445952K, used 132224K [0x00000000d7300000, 0x0000000100000000, 0x0000000100000000)
  eden space 223232K, 0% used [0x00000000d7300000,0x00000000d7300000,0x00000000e4d00000)
  from space 222720K, 59% used [0x00000000e4d00000,0x00000000ece20378,0x00000000f2680000)
  to   space 222720K, 0% used [0x00000000f2680000,0x00000000f2680000,0x0000000100000000)
 ParOldGen       total 828928K, used 693132K [0x0000000085800000, 0x00000000b8180000, 0x00000000d7300000)
  object space 828928K, 83% used [0x0000000085800000,0x00000000afce3188,0x00000000b8180000)
 Metaspace       used 10273K, capacity 10546K, committed 10752K, reserved 1058816K
  class space    used 1061K, capacity 1189K, committed 1280K, reserved 1048576K
}
Event: 350.624 GC heap before
{Heap before GC invocations=56 (full 6):
 PSYoungGen      total 445952K, used 355456K [0x00000000d7300000, 0x0000000100000000, 0x0000000100000000)
  eden space 223232K, 100% used [0x00000000d7300000,0x00000000e4d00000,0x00000000e4d00000)
  from space 222720K, 59% used [0x00000000e4d00000,0x00000000ece20378,0x00000000f2680000)
  to   space 222720K, 0% used [0x00000000f2680000,0x00000000f2680000,0x0000000100000000)
 ParOldGen       total 828928K, used 693132K [0x0000000085800000, 0x00000000b8180000, 0x00000000d7300000)
  object space 828928K, 83% used [0x0000000085800000,0x00000000afce3188,0x00000000b8180000)
 Metaspace       used 10273K, capacity 10546K, committed 10752K, reserved 1058816K
  class space    used 1061K, capacity 1189K, committed 1280K, reserved 1048576K
Event: 351.012 GC heap after
Heap after GC invocations=56 (full 6):
 PSYoungGen      total 441856K, used 64768K [0x00000000d7300000, 0x00000000ffc00000, 0x0000000100000000)
  eden space 223232K, 0% used [0x00000000d7300000,0x00000000d7300000,0x00000000e4d00000)
  from space 218624K, 29% used [0x00000000f2680000,0x00000000f65c0020,0x00000000ffc00000)
  to   space 220672K, 0% used [0x00000000e4d00000,0x00000000e4d00000,0x00000000f2480000)
 ParOldGen       total 828928K, used 780485K [0x0000000085800000, 0x00000000b8180000, 0x00000000d7300000)
  object space 828928K, 94% used [0x0000000085800000,0x00000000b52314f0,0x00000000b8180000)
 Metaspace       used 10273K, capacity 10546K, committed 10752K, reserved 1058816K
  class space    used 1061K, capacity 1189K, committed 1280K, reserved 1048576K
}
Event: 351.012 GC heap before
{Heap before GC invocations=57 (full 7):
 PSYoungGen      total 441856K, used 64768K [0x00000000d7300000, 0x00000000ffc00000, 0x0000000100000000)
  eden space 223232K, 0% used [0x00000000d7300000,0x00000000d7300000,0x00000000e4d00000)
  from space 218624K, 29% used [0x00000000f2680000,0x00000000f65c0020,0x00000000ffc00000)
  to   space 220672K, 0% used [0x00000000e4d00000,0x00000000e4d00000,0x00000000f2480000)
 ParOldGen       total 828928K, used 780485K [0x0000000085800000, 0x00000000b8180000, 0x00000000d7300000)
  object space 828928K, 94% used [0x0000000085800000,0x00000000b52314f0,0x00000000b8180000)
 Metaspace       used 10273K, capacity 10546K, committed 10752K, reserved 1058816K
  class space    used 1061K, capacity 1189K, committed 1280K, reserved 1048576K
Event: 352.063 GC heap after
Heap after GC invocations=57 (full 7):
 PSYoungGen      total 441856K, used 0K [0x00000000d7300000, 0x00000000ffc00000, 0x0000000100000000)
  eden space 223232K, 0% used [0x00000000d7300000,0x00000000d7300000,0x00000000e4d00000)
  from space 218624K, 0% used [0x00000000f2680000,0x00000000f2680000,0x00000000ffc00000)
  to   space 220672K, 0% used [0x00000000e4d00000,0x00000000e4d00000,0x00000000f2480000)
 ParOldGen       total 1042432K, used 761389K [0x0000000085800000, 0x00000000c5200000, 0x00000000d7300000)
  object space 1042432K, 73% used [0x0000000085800000,0x00000000b3f8b470,0x00000000c5200000)
 Metaspace       used 10273K, capacity 10546K, committed 10752K, reserved 1058816K
  class space    used 1061K, capacity 1189K, committed 1280K, reserved 1048576K
}

