# JRE version: Java(TM) SE Runtime Environment (8.0_211-b12) (build 1.8.0_211-b12)
# Java VM: Java HotSpot(TM) 64-Bit Server VM (25.211-b12 mixed mode linux-amd64 compressed oops)
Heap:
 PSYoungGen      total 439808K, used 90848K [0x00000000d7300000, 0x00000000ffa00000, 0x0000000100000000)
  eden space 223232K, 0% used [0x00000000d7300000,0x00000000d7300000,0x00000000e4d00000)
  from space 216576K, 41% used [0x00000000f2680000,0x00000000f7f38368,0x00000000ffa00000)
  to   space 219648K, 0% used [0x00000000e4d00000,0x00000000e4d00000,0x00000000f2380000)
 ParOldGen       total 826368K, used 749948K [0x0000000085800000, 0x00000000b7f00000, 0x00000000d7300000)
  object space 826368K, 90% used [0x0000000085800000,0x00000000b345f290,0x00000000b7f00000)
 Metaspace       used 10220K, capacity 10482K, committed 10752K, reserved 1058816K
  class space    used 1061K, capacity 1189K, committed 1280K, reserved 1048576K
GC Heap History (10 events):
Event: 33.976 GC heap after
Heap after GC invocations=25 (full 5):
 PSYoungGen      total 445952K, used 64629K [0x00000000d7300000, 0x0000000100000000, 0x0000000100000000)
  eden space 223232K, 0% used [0x00000000d7300000,0x00000000d7300000,0x00000000e4d00000)
  from space 222720K, 29% used [0x00000000f2680000,0x00000000f659d7a0,0x0000000100000000)
  to   space 222720K, 0% used [0x00000000e4d00000,0x00000000e4d00000,0x00000000f2680000)
 ParOldGen       total 826368K, used 698101K [0x0000000085800000, 0x00000000b7f00000, 0x00000000d7300000)
  object space 826368K, 84% used [0x0000000085800000,0x00000000b01bd4b0,0x00000000b7f00000)
 Metaspace       used 10111K, capacity 10354K, committed 10496K, reserved 1058816K
  class space    used 1059K, capacity 1189K, committed 1280K, reserved 1048576K
}
Event: 34.297 GC heap before
{Heap before GC invocations=26 (full 5):
 PSYoungGen      total 445952K, used 287861K [0x00000000d7300000, 0x0000000100000000, 0x0000000100000000)
  eden space 223232K, 100% used [0x00000000d7300000,0x00000000e4d00000,0x00000000e4d00000)
  from space 222720K, 29% used [0x00000000f2680000,0x00000000f659d7a0,0x0000000100000000)
  to   space 222720K, 0% used [0x00000000e4d00000,0x00000000e4d00000,0x00000000f2680000)
 ParOldGen       total 826368K, used 698101K [0x0000000085800000, 0x00000000b7f00000, 0x00000000d7300000)
  object space 826368K, 84% used [0x0000000085800000,0x00000000b01bd4b0,0x00000000b7f00000)
 Metaspace       used 10202K, capacity 10482K, committed 10752K, reserved 1058816K
  class space    used 1061K, capacity 1189K, committed 1280K, reserved 1048576K
Event: 34.390 GC heap after
Heap after GC invocations=26 (full 5):
 PSYoungGen      total 445952K, used 93408K [0x00000000d7300000, 0x0000000100000000, 0x0000000100000000)
  eden space 223232K, 0% used [0x00000000d7300000,0x00000000d7300000,0x00000000e4d00000)
  from space 222720K, 41% used [0x00000000e4d00000,0x00000000ea838368,0x00000000f2680000)
  to   space 222720K, 0% used [0x00000000f2680000,0x00000000f2680000,0x0000000100000000)
 ParOldGen       total 826368K, used 698117K [0x0000000085800000, 0x00000000b7f00000, 0x00000000d7300000)
  object space 826368K, 84% used [0x0000000085800000,0x00000000b01c14b0,0x00000000b7f00000)
 Metaspace       used 10202K, capacity 10482K, committed 10752K, reserved 1058816K
  class space    used 1061K, capacity 1189K, committed 1280K, reserved 1048576K
}
Event: 39.109 GC heap before
{Heap before GC invocations=27 (full 5):
 PSYoungGen      total 445952K, used 316640K [0x00000000d7300000, 0x0000000100000000, 0x0000000100000000)
  eden space 223232K, 100% used [0x00000000d7300000,0x00000000e4d00000,0x00000000e4d00000)
  from space 222720K, 41% used [0x00000000e4d00000,0x00000000ea838368,0x00000000f2680000)
  to   space 222720K, 0% used [0x00000000f2680000,0x00000000f2680000,0x0000000100000000)
 ParOldGen       total 826368K, used 698117K [0x0000000085800000, 0x00000000b7f00000, 0x00000000d7300000)
  object space 826368K, 84% used [0x0000000085800000,0x00000000b01c14b0,0x00000000b7f00000)
 Metaspace       used 10212K, capacity 10482K, committed 10752K, reserved 1058816K
  class space    used 1061K, capacity 1189K, committed 1280K, reserved 1048576K
Event: 39.118 GC heap after
Heap after GC invocations=27 (full 5):
 PSYoungGen      total 445952K, used 7739K [0x00000000d7300000, 0x0000000100000000, 0x0000000100000000)
  eden space 223232K, 0% used [0x00000000d7300000,0x00000000d7300000,0x00000000e4d00000)
  from space 222720K, 3% used [0x00000000f2680000,0x00000000f2e0efb8,0x0000000100000000)
  to   space 222720K, 0% used [0x00000000e4d00000,0x00000000e4d00000,0x00000000f2680000)
 ParOldGen       total 826368K, used 698157K [0x0000000085800000, 0x00000000b7f00000, 0x00000000d7300000)
  object space 826368K, 84% used [0x0000000085800000,0x00000000b01cb4b0,0x00000000b7f00000)
 Metaspace       used 10212K, capacity 10482K, committed 10752K, reserved 1058816K
  class space    used 1061K, capacity 1189K, committed 1280K, reserved 1048576K
}
Event: 40.650 GC heap before
{Heap before GC invocations=28 (full 5):
 PSYoungGen      total 445952K, used 230971K [0x00000000d7300000, 0x0000000100000000, 0x0000000100000000)
  eden space 223232K, 100% used [0x00000000d7300000,0x00000000e4d00000,0x00000000e4d00000)
  from space 222720K, 3% used [0x00000000f2680000,0x00000000f2e0efb8,0x0000000100000000)
  to   space 222720K, 0% used [0x00000000e4d00000,0x00000000e4d00000,0x00000000f2680000)
 ParOldGen       total 826368K, used 698157K [0x0000000085800000, 0x00000000b7f00000, 0x00000000d7300000)
  object space 826368K, 84% used [0x0000000085800000,0x00000000b01cb4b0,0x00000000b7f00000)
 Metaspace       used 10215K, capacity 10482K, committed 10752K, reserved 1058816K
  class space    used 1061K, capacity 1189K, committed 1280K, reserved 1048576K
Event: 40.690 GC heap after
Heap after GC invocations=28 (full 5):
 PSYoungGen      total 445952K, used 45019K [0x00000000d7300000, 0x0000000100000000, 0x0000000100000000)
  eden space 223232K, 0% used [0x00000000d7300000,0x00000000d7300000,0x00000000e4d00000)
  from space 222720K, 20% used [0x00000000e4d00000,0x00000000e78f6e28,0x00000000f2680000)
  to   space 222720K, 0% used [0x00000000f2680000,0x00000000f2680000,0x0000000100000000)
 ParOldGen       total 826368K, used 705793K [0x0000000085800000, 0x00000000b7f00000, 0x00000000d7300000)
  object space 826368K, 85% used [0x0000000085800000,0x00000000b0940468,0x00000000b7f00000)
 Metaspace       used 10215K, capacity 10482K, committed 10752K, reserved 1058816K
  class space    used 1061K, capacity 1189K, committed 1280K, reserved 1048576K
}
Event: 43.016 GC heap before
{Heap before GC invocations=29 (full 5):
 PSYoungGen      total 445952K, used 268251K [0x00000000d7300000, 0x0000000100000000, 0x0000000100000000)
  eden space 223232K, 100% used [0x00000000d7300000,0x00000000e4d00000,0x00000000e4d00000)
  from space 222720K, 20% used [0x00000000e4d00000,0x00000000e78f6e28,0x00000000f2680000)
  to   space 222720K, 0% used [0x00000000f2680000,0x00000000f2680000,0x0000000100000000)
 ParOldGen       total 826368K, used 705793K [0x0000000085800000, 0x00000000b7f00000, 0x00000000d7300000)
  object space 826368K, 85% used [0x0000000085800000,0x00000000b0940468,0x00000000b7f00000)
 Metaspace       used 10220K, capacity 10482K, committed 10752K, reserved 1058816K
  class space    used 1061K, capacity 1189K, committed 1280K, reserved 1048576K
Event: 43.118 GC heap after
Heap after GC invocations=29 (full 5):
 PSYoungGen      total 439808K, used 90848K [0x00000000d7300000, 0x00000000ffa00000, 0x0000000100000000)
  eden space 223232K, 0% used [0x00000000d7300000,0x00000000d7300000,0x00000000e4d00000)
  from space 216576K, 41% used [0x00000000f2680000,0x00000000f7f38368,0x00000000ffa00000)
  to   space 219648K, 0% used [0x00000000e4d00000,0x00000000e4d00000,0x00000000f2380000)
 ParOldGen       total 826368K, used 749948K [0x0000000085800000, 0x00000000b7f00000, 0x00000000d7300000)
  object space 826368K, 90% used [0x0000000085800000,0x00000000b345f290,0x00000000b7f00000)
 Metaspace       used 10220K, capacity 10482K, committed 10752K, reserved 1058816K
  class space    used 1061K, capacity 1189K, committed 1280K, reserved 1048576K
}
Event: 43.118 GC heap before
{Heap before GC invocations=30 (full 6):
 PSYoungGen      total 439808K, used 90848K [0x00000000d7300000, 0x00000000ffa00000, 0x0000000100000000)
  eden space 223232K, 0% used [0x00000000d7300000,0x00000000d7300000,0x00000000e4d00000)
  from space 216576K, 41% used [0x00000000f2680000,0x00000000f7f38368,0x00000000ffa00000)
  to   space 219648K, 0% used [0x00000000e4d00000,0x00000000e4d00000,0x00000000f2380000)
 ParOldGen       total 826368K, used 749948K [0x0000000085800000, 0x00000000b7f00000, 0x00000000d7300000)
  object space 826368K, 90% used [0x0000000085800000,0x00000000b345f290,0x00000000b7f00000)
 Metaspace       used 10220K, capacity 10482K, committed 10752K, reserved 1058816K
  class space    used 1061K, capacity 1189K, committed 1280K, reserved 1048576K

