# JRE version: Java(TM) SE Runtime Environment (8.0_211-b12) (build 1.8.0_211-b12)
# Java VM: Java HotSpot(TM) 64-Bit Server VM (25.211-b12 mixed mode linux-amd64 compressed oops)
Heap:
 PSYoungGen      total 442368K, used 69441K [0x00000000d7300000, 0x0000000100000000, 0x0000000100000000)
  eden space 221696K, 27% used [0x00000000d7300000,0x00000000dadd0510,0x00000000e4b80000)
  from space 220672K, 4% used [0x00000000f2480000,0x00000000f2d80020,0x00000000ffc00000)
  to   space 222208K, 0% used [0x00000000e4b80000,0x00000000e4b80000,0x00000000f2480000)
 ParOldGen       total 1257984K, used 983075K [0x0000000085800000, 0x00000000d2480000, 0x00000000d7300000)
  object space 1257984K, 78% used [0x0000000085800000,0x00000000c1808d00,0x00000000d2480000)
 Metaspace       used 10445K, capacity 10738K, committed 11008K, reserved 1058816K
  class space    used 1068K, capacity 1189K, committed 1280K, reserved 1048576K
GC Heap History (10 events):
Event: 369.807 GC heap before
{Heap before GC invocations=101 (full 6):
 PSYoungGen      total 445952K, used 326367K [0x00000000d7300000, 0x0000000100000000, 0x0000000100000000)
  eden space 223232K, 100% used [0x00000000d7300000,0x00000000e4d00000,0x00000000e4d00000)
  from space 222720K, 46% used [0x00000000f2680000,0x00000000f8b37fd0,0x0000000100000000)
  to   space 222720K, 0% used [0x00000000e4d00000,0x00000000e4d00000,0x00000000f2680000)
 ParOldGen       total 1034240K, used 882923K [0x0000000085800000, 0x00000000c4a00000, 0x00000000d7300000)
  object space 1034240K, 85% used [0x0000000085800000,0x00000000bb63afc0,0x00000000c4a00000)
 Metaspace       used 10445K, capacity 10738K, committed 11008K, reserved 1058816K
  class space    used 1068K, capacity 1189K, committed 1280K, reserved 1048576K
Event: 369.902 GC heap after
Heap after GC invocations=101 (full 6):
 PSYoungGen      total 445952K, used 138332K [0x00000000d7300000, 0x0000000100000000, 0x0000000100000000)
  eden space 223232K, 0% used [0x00000000d7300000,0x00000000d7300000,0x00000000e4d00000)
  from space 222720K, 62% used [0x00000000e4d00000,0x00000000ed417240,0x00000000f2680000)
  to   space 222720K, 0% used [0x00000000f2680000,0x00000000f2680000,0x0000000100000000)
 ParOldGen       total 1034240K, used 893371K [0x0000000085800000, 0x00000000c4a00000, 0x00000000d7300000)
  object space 1034240K, 86% used [0x0000000085800000,0x00000000bc06efd0,0x00000000c4a00000)
 Metaspace       used 10445K, capacity 10738K, committed 11008K, reserved 1058816K
  class space    used 1068K, capacity 1189K, committed 1280K, reserved 1048576K
}
Event: 371.300 GC heap before
{Heap before GC invocations=102 (full 6):
 PSYoungGen      total 445952K, used 361564K [0x00000000d7300000, 0x0000000100000000, 0x0000000100000000)
  eden space 223232K, 100% used [0x00000000d7300000,0x00000000e4d00000,0x00000000e4d00000)
  from space 222720K, 62% used [0x00000000e4d00000,0x00000000ed417240,0x00000000f2680000)
  to   space 222720K, 0% used [0x00000000f2680000,0x00000000f2680000,0x0000000100000000)
 ParOldGen       total 1034240K, used 893371K [0x0000000085800000, 0x00000000c4a00000, 0x00000000d7300000)
  object space 1034240K, 86% used [0x0000000085800000,0x00000000bc06efd0,0x00000000c4a00000)
 Metaspace       used 10445K, capacity 10738K, committed 11008K, reserved 1058816K
  class space    used 1068K, capacity 1189K, committed 1280K, reserved 1048576K
Event: 371.422 GC heap after
Heap after GC invocations=102 (full 6):
 PSYoungGen      total 445952K, used 137920K [0x00000000d7300000, 0x0000000100000000, 0x0000000100000000)
  eden space 223232K, 0% used [0x00000000d7300000,0x00000000d7300000,0x00000000e4d00000)
  from space 222720K, 61% used [0x00000000f2680000,0x00000000fad30378,0x0000000100000000)
  to   space 222720K, 0% used [0x00000000e4d00000,0x00000000e4d00000,0x00000000f2680000)
 ParOldGen       total 1034240K, used 938570K [0x0000000085800000, 0x00000000c4a00000, 0x00000000d7300000)
  object space 1034240K, 90% used [0x0000000085800000,0x00000000bec92a60,0x00000000c4a00000)
 Metaspace       used 10445K, capacity 10738K, committed 11008K, reserved 1058816K
  class space    used 1068K, capacity 1189K, committed 1280K, reserved 1048576K
}
Event: 372.818 GC heap before
{Heap before GC invocations=103 (full 6):
 PSYoungGen      total 445952K, used 361152K [0x00000000d7300000, 0x0000000100000000, 0x0000000100000000)
  eden space 223232K, 100% used [0x00000000d7300000,0x00000000e4d00000,0x00000000e4d00000)
  from space 222720K, 61% used [0x00000000f2680000,0x00000000fad30378,0x0000000100000000)
  to   space 222720K, 0% used [0x00000000e4d00000,0x00000000e4d00000,0x00000000f2680000)
 ParOldGen       total 1034240K, used 938570K [0x0000000085800000, 0x00000000c4a00000, 0x00000000d7300000)
  object space 1034240K, 90% used [0x0000000085800000,0x00000000bec92a60,0x00000000c4a00000)
 Metaspace       used 10445K, capacity 10738K, committed 11008K, reserved 1058816K
  class space    used 1068K, capacity 1189K, committed 1280K, reserved 1048576K
Event: 373.004 GC heap after
Heap after GC invocations=103 (full 6):
 PSYoungGen      total 312832K, used 89216K [0x00000000d7300000, 0x00000000ffc00000, 0x0000000100000000)
  eden space 223232K, 0% used [0x00000000d7300000,0x00000000d7300000,0x00000000e4d00000)
  from space 89600K, 99% used [0x00000000e4d00000,0x00000000ea420368,0x00000000ea480000)
  to   space 220672K, 0% used [0x00000000f2480000,0x00000000f2480000,0x00000000ffc00000)
 ParOldGen       total 1034240K, used 1032018K [0x0000000085800000, 0x00000000c4a00000, 0x00000000d7300000)
  object space 1034240K, 99% used [0x0000000085800000,0x00000000c47d4a70,0x00000000c4a00000)
 Metaspace       used 10445K, capacity 10738K, committed 11008K, reserved 1058816K
  class space    used 1068K, capacity 1189K, committed 1280K, reserved 1048576K
}
Event: 373.095 GC heap before
{Heap before GC invocations=104 (full 7):
 PSYoungGen      total 312832K, used 89216K [0x00000000d7300000, 0x00000000ffc00000, 0x0000000100000000)
  eden space 223232K, 0% used [0x00000000d7300000,0x00000000d7300000,0x00000000e4d00000)
  from space 89600K, 99% used [0x00000000e4d00000,0x00000000ea420368,0x00000000ea480000)
  to   space 220672K, 0% used [0x00000000f2480000,0x00000000f2480000,0x00000000ffc00000)
 ParOldGen       total 1034240K, used 1032018K [0x0000000085800000, 0x00000000c4a00000, 0x00000000d7300000)
  object space 1034240K, 99% used [0x0000000085800000,0x00000000c47d4a70,0x00000000c4a00000)
 Metaspace       used 10445K, capacity 10738K, committed 11008K, reserved 1058816K
  class space    used 1068K, capacity 1189K, committed 1280K, reserved 1048576K
Event: 374.786 GC heap after
Heap after GC invocations=104 (full 7):
 PSYoungGen      total 312832K, used 0K [0x00000000d7300000, 0x00000000ffc00000, 0x0000000100000000)
  eden space 223232K, 0% used [0x00000000d7300000,0x00000000d7300000,0x00000000e4d00000)
  from space 89600K, 0% used [0x00000000e4d00000,0x00000000e4d00000,0x00000000ea480000)
  to   space 220672K, 0% used [0x00000000f2480000,0x00000000f2480000,0x00000000ffc00000)
 ParOldGen       total 1257984K, used 983075K [0x0000000085800000, 0x00000000d2480000, 0x00000000d7300000)
  object space 1257984K, 78% used [0x0000000085800000,0x00000000c1808d00,0x00000000d2480000)
 Metaspace       used 10445K, capacity 10738K, committed 11008K, reserved 1058816K
  class space    used 1068K, capacity 1189K, committed 1280K, reserved 1048576K
}
Event: 380.928 GC heap before
{Heap before GC invocations=105 (full 7):
 PSYoungGen      total 312832K, used 223232K [0x00000000d7300000, 0x00000000ffc00000, 0x0000000100000000)
  eden space 223232K, 100% used [0x00000000d7300000,0x00000000e4d00000,0x00000000e4d00000)
  from space 89600K, 0% used [0x00000000e4d00000,0x00000000e4d00000,0x00000000ea480000)
  to   space 220672K, 0% used [0x00000000f2480000,0x00000000f2480000,0x00000000ffc00000)
 ParOldGen       total 1257984K, used 983075K [0x0000000085800000, 0x00000000d2480000, 0x00000000d7300000)
  object space 1257984K, 78% used [0x0000000085800000,0x00000000c1808d00,0x00000000d2480000)
 Metaspace       used 10445K, capacity 10738K, committed 11008K, reserved 1058816K
  class space    used 1068K, capacity 1189K, committed 1280K, reserved 1048576K
Event: 380.940 GC heap after
Heap after GC invocations=105 (full 7):
 PSYoungGen      total 442368K, used 9216K [0x00000000d7300000, 0x0000000100000000, 0x0000000100000000)
  eden space 221696K, 0% used [0x00000000d7300000,0x00000000d7300000,0x00000000e4b80000)
  from space 220672K, 4% used [0x00000000f2480000,0x00000000f2d80020,0x00000000ffc00000)
  to   space 222208K, 0% used [0x00000000e4b80000,0x00000000e4b80000,0x00000000f2480000)
 ParOldGen       total 1257984K, used 983075K [0x0000000085800000, 0x00000000d2480000, 0x00000000d7300000)
  object space 1257984K, 78% used [0x0000000085800000,0x00000000c1808d00,0x00000000d2480000)
 Metaspace       used 10445K, capacity 10738K, committed 11008K, reserved 1058816K
  class space    used 1068K, capacity 1189K, committed 1280K, reserved 1048576K
}

