# JRE version: Java(TM) SE Runtime Environment (8.0_211-b12) (build 1.8.0_211-b12)
# Java VM: Java HotSpot(TM) 64-Bit Server VM (25.211-b12 mixed mode linux-amd64 compressed oops)
Heap:
 PSYoungGen      total 643584K, used 621862K [0x00000000d7300000, 0x00000000ffe80000, 0x0000000100000000)
  eden space 621056K, 100% used [0x00000000d7300000,0x00000000fd180000,0x00000000fd180000)
  from space 22528K, 3% used [0x00000000fe880000,0x00000000fe949910,0x00000000ffe80000)
  to   space 23040K, 25% used [0x00000000fd180000,0x00000000fd740aa0,0x00000000fe800000)
 ParOldGen       total 84992K, used 30304K [0x0000000085800000, 0x000000008ab00000, 0x00000000d7300000)
  object space 84992K, 35% used [0x0000000085800000,0x00000000875983c8,0x000000008ab00000)
 Metaspace       used 9902K, capacity 10134K, committed 10368K, reserved 1058816K
  class space    used 1027K, capacity 1109K, committed 1152K, reserved 1048576K
GC Heap History (10 events):
Event: 2.096 GC heap after
Heap after GC invocations=6 (full 0):
 PSYoungGen      total 278016K, used 5229K [0x00000000d7300000, 0x00000000e9c00000, 0x0000000100000000)
  eden space 253952K, 0% used [0x00000000d7300000,0x00000000d7300000,0x00000000e6b00000)
  from space 24064K, 21% used [0x00000000e8480000,0x00000000e899b598,0x00000000e9c00000)
  to   space 25088K, 0% used [0x00000000e6b00000,0x00000000e6b00000,0x00000000e8380000)
 ParOldGen       total 84992K, used 25404K [0x0000000085800000, 0x000000008ab00000, 0x00000000d7300000)
  object space 84992K, 29% used [0x0000000085800000,0x00000000870cf200,0x000000008ab00000)
 Metaspace       used 8194K, capacity 8438K, committed 8704K, reserved 1056768K
  class space    used 871K, capacity 975K, committed 1024K, reserved 1048576K
}
Event: 2.640 GC heap before
{Heap before GC invocations=7 (full 0):
 PSYoungGen      total 278016K, used 259181K [0x00000000d7300000, 0x00000000e9c00000, 0x0000000100000000)
  eden space 253952K, 100% used [0x00000000d7300000,0x00000000e6b00000,0x00000000e6b00000)
  from space 24064K, 21% used [0x00000000e8480000,0x00000000e899b598,0x00000000e9c00000)
  to   space 25088K, 0% used [0x00000000e6b00000,0x00000000e6b00000,0x00000000e8380000)
 ParOldGen       total 84992K, used 25404K [0x0000000085800000, 0x000000008ab00000, 0x00000000d7300000)
  object space 84992K, 29% used [0x0000000085800000,0x00000000870cf200,0x000000008ab00000)
 Metaspace       used 8222K, capacity 8438K, committed 8704K, reserved 1056768K
  class space    used 871K, capacity 975K, committed 1024K, reserved 1048576K
Event: 2.644 GC heap after
Heap after GC invocations=7 (full 0):
 PSYoungGen      total 279040K, used 360K [0x00000000d7300000, 0x00000000f9300000, 0x0000000100000000)
  eden space 253952K, 0% used [0x00000000d7300000,0x00000000d7300000,0x00000000e6b00000)
  from space 25088K, 1% used [0x00000000e6b00000,0x00000000e6b5a290,0x00000000e8380000)
  to   space 24576K, 0% used [0x00000000f7b00000,0x00000000f7b00000,0x00000000f9300000)
 ParOldGen       total 84992K, used 30024K [0x0000000085800000, 0x000000008ab00000, 0x00000000d7300000)
  object space 84992K, 35% used [0x0000000085800000,0x00000000875523c8,0x000000008ab00000)
 Metaspace       used 8222K, capacity 8438K, committed 8704K, reserved 1056768K
  class space    used 871K, capacity 975K, committed 1024K, reserved 1048576K
}
Event: 3.161 GC heap before
{Heap before GC invocations=8 (full 0):
 PSYoungGen      total 279040K, used 254312K [0x00000000d7300000, 0x00000000f9300000, 0x0000000100000000)
  eden space 253952K, 100% used [0x00000000d7300000,0x00000000e6b00000,0x00000000e6b00000)
  from space 25088K, 1% used [0x00000000e6b00000,0x00000000e6b5a290,0x00000000e8380000)
  to   space 24576K, 0% used [0x00000000f7b00000,0x00000000f7b00000,0x00000000f9300000)
 ParOldGen       total 84992K, used 30024K [0x0000000085800000, 0x000000008ab00000, 0x00000000d7300000)
  object space 84992K, 35% used [0x0000000085800000,0x00000000875523c8,0x000000008ab00000)
 Metaspace       used 8234K, capacity 8438K, committed 8704K, reserved 1056768K
  class space    used 871K, capacity 975K, committed 1024K, reserved 1048576K
Event: 3.162 GC heap after
Heap after GC invocations=8 (full 0):
 PSYoungGen      total 531456K, used 685K [0x00000000d7300000, 0x00000000f9200000, 0x0000000100000000)
  eden space 507904K, 0% used [0x00000000d7300000,0x00000000d7300000,0x00000000f6300000)
  from space 23552K, 2% used [0x00000000f7b00000,0x00000000f7bab4f0,0x00000000f9200000)
  to   space 24064K, 0% used [0x00000000f6300000,0x00000000f6300000,0x00000000f7a80000)
 ParOldGen       total 84992K, used 30048K [0x0000000085800000, 0x000000008ab00000, 0x00000000d7300000)
  object space 84992K, 35% used [0x0000000085800000,0x00000000875583c8,0x000000008ab00000)
 Metaspace       used 8234K, capacity 8438K, committed 8704K, reserved 1056768K
  class space    used 871K, capacity 975K, committed 1024K, reserved 1048576K
}
Event: 3.720 GC heap before
{Heap before GC invocations=9 (full 0):
 PSYoungGen      total 531456K, used 508589K [0x00000000d7300000, 0x00000000f9200000, 0x0000000100000000)
  eden space 507904K, 100% used [0x00000000d7300000,0x00000000f6300000,0x00000000f6300000)
  from space 23552K, 2% used [0x00000000f7b00000,0x00000000f7bab4f0,0x00000000f9200000)
  to   space 24064K, 0% used [0x00000000f6300000,0x00000000f6300000,0x00000000f7a80000)
 ParOldGen       total 84992K, used 30048K [0x0000000085800000, 0x000000008ab00000, 0x00000000d7300000)
  object space 84992K, 35% used [0x0000000085800000,0x00000000875583c8,0x000000008ab00000)
 Metaspace       used 8240K, capacity 8438K, committed 8704K, reserved 1056768K
  class space    used 871K, capacity 975K, committed 1024K, reserved 1048576K
Event: 3.721 GC heap after
Heap after GC invocations=9 (full 0):
 PSYoungGen      total 531968K, used 822K [0x00000000d7300000, 0x00000000fff80000, 0x0000000100000000)
  eden space 507904K, 0% used [0x00000000d7300000,0x00000000d7300000,0x00000000f6300000)
  from space 24064K, 3% used [0x00000000f6300000,0x00000000f63cdb08,0x00000000f7a80000)
  to   space 23552K, 0% used [0x00000000fe880000,0x00000000fe880000,0x00000000fff80000)
 ParOldGen       total 84992K, used 30088K [0x0000000085800000, 0x000000008ab00000, 0x00000000d7300000)
  object space 84992K, 35% used [0x0000000085800000,0x00000000875623c8,0x000000008ab00000)
 Metaspace       used 8240K, capacity 8438K, committed 8704K, reserved 1056768K
  class space    used 871K, capacity 975K, committed 1024K, reserved 1048576K
}
Event: 4.042 GC heap before
{Heap before GC invocations=10 (full 0):
 PSYoungGen      total 531968K, used 508726K [0x00000000d7300000, 0x00000000fff80000, 0x0000000100000000)
  eden space 507904K, 100% used [0x00000000d7300000,0x00000000f6300000,0x00000000f6300000)
  from space 24064K, 3% used [0x00000000f6300000,0x00000000f63cdb08,0x00000000f7a80000)
  to   space 23552K, 0% used [0x00000000fe880000,0x00000000fe880000,0x00000000fff80000)
 ParOldGen       total 84992K, used 30088K [0x0000000085800000, 0x000000008ab00000, 0x00000000d7300000)
  object space 84992K, 35% used [0x0000000085800000,0x00000000875623c8,0x000000008ab00000)
 Metaspace       used 8240K, capacity 8438K, committed 8704K, reserved 1056768K
  class space    used 871K, capacity 975K, committed 1024K, reserved 1048576K
Event: 4.043 GC heap after
Heap after GC invocations=10 (full 0):
 PSYoungGen      total 643584K, used 806K [0x00000000d7300000, 0x00000000ffe80000, 0x0000000100000000)
  eden space 621056K, 0% used [0x00000000d7300000,0x00000000d7300000,0x00000000fd180000)
  from space 22528K, 3% used [0x00000000fe880000,0x00000000fe949910,0x00000000ffe80000)
  to   space 23040K, 0% used [0x00000000fd180000,0x00000000fd180000,0x00000000fe800000)
 ParOldGen       total 84992K, used 30160K [0x0000000085800000, 0x000000008ab00000, 0x00000000d7300000)
  object space 84992K, 35% used [0x0000000085800000,0x00000000875743c8,0x000000008ab00000)
 Metaspace       used 8240K, capacity 8438K, committed 8704K, reserved 1056768K
  class space    used 871K, capacity 975K, committed 1024K, reserved 1048576K
}
Event: 259.901 GC heap before
{Heap before GC invocations=11 (full 0):
 PSYoungGen      total 643584K, used 621862K [0x00000000d7300000, 0x00000000ffe80000, 0x0000000100000000)
  eden space 621056K, 100% used [0x00000000d7300000,0x00000000fd180000,0x00000000fd180000)
  from space 22528K, 3% used [0x00000000fe880000,0x00000000fe949910,0x00000000ffe80000)
  to   space 23040K, 0% used [0x00000000fd180000,0x00000000fd180000,0x00000000fe800000)
 ParOldGen       total 84992K, used 30160K [0x0000000085800000, 0x000000008ab00000, 0x00000000d7300000)
  object space 84992K, 35% used [0x0000000085800000,0x00000000875743c8,0x000000008ab00000)
 Metaspace       used 9902K, capacity 10134K, committed 10368K, reserved 1058816K
  class space    used 1027K, capacity 1109K, committed 1152K, reserved 1048576K

