# JRE version: Java(TM) SE Runtime Environment (8.0_211-b12) (build 1.8.0_211-b12)
# Java VM: Java HotSpot(TM) 64-Bit Server VM (25.211-b12 mixed mode linux-amd64 compressed oops)
Heap:
 PSYoungGen      total 396800K, used 180736K [0x00000000d7300000, 0x00000000fee80000, 0x0000000100000000)
  eden space 180736K, 100% used [0x00000000d7300000,0x00000000e2380000,0x00000000e2380000)
  from space 216064K, 0% used [0x00000000e2380000,0x00000000e2380000,0x00000000ef680000)
  to   space 222720K, 0% used [0x00000000f1500000,0x00000000f1500000,0x00000000fee80000)
 ParOldGen       total 1338368K, used 1338293K [0x0000000085800000, 0x00000000d7300000, 0x00000000d7300000)
  object space 1338368K, 99% used [0x0000000085800000,0x00000000d72ed7a8,0x00000000d7300000)
 Metaspace       used 8304K, capacity 8510K, committed 8704K, reserved 1056768K
  class space    used 874K, capacity 975K, committed 1024K, reserved 1048576K
GC Heap History (10 events):
Event: 48.334 GC heap after
Heap after GC invocations=34 (full 12):
 PSYoungGen      total 396800K, used 25031K [0x00000000d7300000, 0x00000000fee80000, 0x0000000100000000)
  eden space 180736K, 13% used [0x00000000d7300000,0x00000000d8b71e28,0x00000000e2380000)
  from space 216064K, 0% used [0x00000000e2380000,0x00000000e2380000,0x00000000ef680000)
  to   space 222720K, 0% used [0x00000000f1500000,0x00000000f1500000,0x00000000fee80000)
 ParOldGen       total 1338368K, used 1338339K [0x0000000085800000, 0x00000000d7300000, 0x00000000d7300000)
  object space 1338368K, 99% used [0x0000000085800000,0x00000000d72f8e78,0x00000000d7300000)
 Metaspace       used 8304K, capacity 8510K, committed 8704K, reserved 1056768K
  class space    used 874K, capacity 975K, committed 1024K, reserved 1048576K
}
Event: 48.698 GC heap before
{Heap before GC invocations=35 (full 13):
 PSYoungGen      total 396800K, used 180736K [0x00000000d7300000, 0x00000000fee80000, 0x0000000100000000)
  eden space 180736K, 100% used [0x00000000d7300000,0x00000000e2380000,0x00000000e2380000)
  from space 216064K, 0% used [0x00000000e2380000,0x00000000e2380000,0x00000000ef680000)
  to   space 222720K, 0% used [0x00000000f1500000,0x00000000f1500000,0x00000000fee80000)
 ParOldGen       total 1338368K, used 1338339K [0x0000000085800000, 0x00000000d7300000, 0x00000000d7300000)
  object space 1338368K, 99% used [0x0000000085800000,0x00000000d72f8e78,0x00000000d7300000)
 Metaspace       used 8304K, capacity 8510K, committed 8704K, reserved 1056768K
  class space    used 874K, capacity 975K, committed 1024K, reserved 1048576K
Event: 53.095 GC heap after
Heap after GC invocations=35 (full 13):
 PSYoungGen      total 396800K, used 26555K [0x00000000d7300000, 0x00000000fee80000, 0x0000000100000000)
  eden space 180736K, 14% used [0x00000000d7300000,0x00000000d8ceeeb0,0x00000000e2380000)
  from space 216064K, 0% used [0x00000000e2380000,0x00000000e2380000,0x00000000ef680000)
  to   space 222720K, 0% used [0x00000000f1500000,0x00000000f1500000,0x00000000fee80000)
 ParOldGen       total 1338368K, used 1338333K [0x0000000085800000, 0x00000000d7300000, 0x00000000d7300000)
  object space 1338368K, 99% used [0x0000000085800000,0x00000000d72f7708,0x00000000d7300000)
 Metaspace       used 8304K, capacity 8510K, committed 8704K, reserved 1056768K
  class space    used 874K, capacity 975K, committed 1024K, reserved 1048576K
}
Event: 53.305 GC heap before
{Heap before GC invocations=36 (full 14):
 PSYoungGen      total 396800K, used 180736K [0x00000000d7300000, 0x00000000fee80000, 0x0000000100000000)
  eden space 180736K, 100% used [0x00000000d7300000,0x00000000e2380000,0x00000000e2380000)
  from space 216064K, 0% used [0x00000000e2380000,0x00000000e2380000,0x00000000ef680000)
  to   space 222720K, 0% used [0x00000000f1500000,0x00000000f1500000,0x00000000fee80000)
 ParOldGen       total 1338368K, used 1338333K [0x0000000085800000, 0x00000000d7300000, 0x00000000d7300000)
  object space 1338368K, 99% used [0x0000000085800000,0x00000000d72f7708,0x00000000d7300000)
 Metaspace       used 8304K, capacity 8510K, committed 8704K, reserved 1056768K
  class space    used 874K, capacity 975K, committed 1024K, reserved 1048576K
Event: 57.411 GC heap after
Heap after GC invocations=36 (full 14):
 PSYoungGen      total 396800K, used 29315K [0x00000000d7300000, 0x00000000fee80000, 0x0000000100000000)
  eden space 180736K, 16% used [0x00000000d7300000,0x00000000d8fa0fc0,0x00000000e2380000)
  from space 216064K, 0% used [0x00000000e2380000,0x00000000e2380000,0x00000000ef680000)
  to   space 222720K, 0% used [0x00000000f1500000,0x00000000f1500000,0x00000000fee80000)
 ParOldGen       total 1338368K, used 1338322K [0x0000000085800000, 0x00000000d7300000, 0x00000000d7300000)
  object space 1338368K, 99% used [0x0000000085800000,0x00000000d72f4a08,0x00000000d7300000)
 Metaspace       used 8304K, capacity 8510K, committed 8704K, reserved 1056768K
  class space    used 874K, capacity 975K, committed 1024K, reserved 1048576K
}
Event: 57.601 GC heap before
{Heap before GC invocations=37 (full 15):
 PSYoungGen      total 396800K, used 180736K [0x00000000d7300000, 0x00000000fee80000, 0x0000000100000000)
  eden space 180736K, 100% used [0x00000000d7300000,0x00000000e2380000,0x00000000e2380000)
  from space 216064K, 0% used [0x00000000e2380000,0x00000000e2380000,0x00000000ef680000)
  to   space 222720K, 0% used [0x00000000f1500000,0x00000000f1500000,0x00000000fee80000)
 ParOldGen       total 1338368K, used 1338322K [0x0000000085800000, 0x00000000d7300000, 0x00000000d7300000)
  object space 1338368K, 99% used [0x0000000085800000,0x00000000d72f4a08,0x00000000d7300000)
 Metaspace       used 8304K, capacity 8510K, committed 8704K, reserved 1056768K
  class space    used 874K, capacity 975K, committed 1024K, reserved 1048576K
Event: 61.838 GC heap after
Heap after GC invocations=37 (full 15):
 PSYoungGen      total 396800K, used 30919K [0x00000000d7300000, 0x00000000fee80000, 0x0000000100000000)
  eden space 180736K, 17% used [0x00000000d7300000,0x00000000d9131ef8,0x00000000e2380000)
  from space 216064K, 0% used [0x00000000e2380000,0x00000000e2380000,0x00000000ef680000)
  to   space 222720K, 0% used [0x00000000f1500000,0x00000000f1500000,0x00000000fee80000)
 ParOldGen       total 1338368K, used 1338306K [0x0000000085800000, 0x00000000d7300000, 0x00000000d7300000)
  object space 1338368K, 99% used [0x0000000085800000,0x00000000d72f0a18,0x00000000d7300000)
 Metaspace       used 8304K, capacity 8510K, committed 8704K, reserved 1056768K
  class space    used 874K, capacity 975K, committed 1024K, reserved 1048576K
}
Event: 62.037 GC heap before
{Heap before GC invocations=38 (full 16):
 PSYoungGen      total 396800K, used 180736K [0x00000000d7300000, 0x00000000fee80000, 0x0000000100000000)
  eden space 180736K, 100% used [0x00000000d7300000,0x00000000e2380000,0x00000000e2380000)
  from space 216064K, 0% used [0x00000000e2380000,0x00000000e2380000,0x00000000ef680000)
  to   space 222720K, 0% used [0x00000000f1500000,0x00000000f1500000,0x00000000fee80000)
 ParOldGen       total 1338368K, used 1338306K [0x0000000085800000, 0x00000000d7300000, 0x00000000d7300000)
  object space 1338368K, 99% used [0x0000000085800000,0x00000000d72f0a18,0x00000000d7300000)
 Metaspace       used 8304K, capacity 8510K, committed 8704K, reserved 1056768K
  class space    used 874K, capacity 975K, committed 1024K, reserved 1048576K
Event: 65.911 GC heap after
Heap after GC invocations=38 (full 16):
 PSYoungGen      total 396800K, used 32529K [0x00000000d7300000, 0x00000000fee80000, 0x0000000100000000)
  eden space 180736K, 17% used [0x00000000d7300000,0x00000000d92c4748,0x00000000e2380000)
  from space 216064K, 0% used [0x00000000e2380000,0x00000000e2380000,0x00000000ef680000)
  to   space 222720K, 0% used [0x00000000f1500000,0x00000000f1500000,0x00000000fee80000)
 ParOldGen       total 1338368K, used 1338293K [0x0000000085800000, 0x00000000d7300000, 0x00000000d7300000)
  object space 1338368K, 99% used [0x0000000085800000,0x00000000d72ed7a8,0x00000000d7300000)
 Metaspace       used 8304K, capacity 8510K, committed 8704K, reserved 1056768K
  class space    used 874K, capacity 975K, committed 1024K, reserved 1048576K
}
Event: 66.093 GC heap before
{Heap before GC invocations=39 (full 17):
 PSYoungGen      total 396800K, used 180736K [0x00000000d7300000, 0x00000000fee80000, 0x0000000100000000)
  eden space 180736K, 100% used [0x00000000d7300000,0x00000000e2380000,0x00000000e2380000)
  from space 216064K, 0% used [0x00000000e2380000,0x00000000e2380000,0x00000000ef680000)
  to   space 222720K, 0% used [0x00000000f1500000,0x00000000f1500000,0x00000000fee80000)
 ParOldGen       total 1338368K, used 1338293K [0x0000000085800000, 0x00000000d7300000, 0x00000000d7300000)
  object space 1338368K, 99% used [0x0000000085800000,0x00000000d72ed7a8,0x00000000d7300000)
 Metaspace       used 8304K, capacity 8510K, committed 8704K, reserved 1056768K
  class space    used 874K, capacity 975K, committed 1024K, reserved 1048576K

