# JRE version: Java(TM) SE Runtime Environment (8.0_211-b12) (build 1.8.0_211-b12)
# Java VM: Java HotSpot(TM) 64-Bit Server VM (25.211-b12 mixed mode linux-amd64 compressed oops)
Heap:
 PSYoungGen      total 393216K, used 201536K [0x00000000d7300000, 0x00000000fce00000, 0x0000000100000000)
  eden space 170496K, 0% used [0x00000000d7300000,0x00000000d7300000,0x00000000e1980000)
  from space 222720K, 90% used [0x00000000ef300000,0x00000000fb7d0000,0x00000000fcc80000)
  to   space 222720K, 0% used [0x00000000e1980000,0x00000000e1980000,0x00000000ef300000)
 ParOldGen       total 690688K, used 646393K [0x0000000085800000, 0x00000000afa80000, 0x00000000d7300000)
  object space 690688K, 93% used [0x0000000085800000,0x00000000acf3e778,0x00000000afa80000)
 Metaspace       used 8141K, capacity 8374K, committed 8448K, reserved 1056768K
  class space    used 871K, capacity 975K, committed 1024K, reserved 1048576K
GC Heap History (10 events):
Event: 5.521 GC heap after
Heap after GC invocations=18 (full 3):
 PSYoungGen      total 336896K, used 222697K [0x00000000d7300000, 0x00000000fb480000, 0x0000000100000000)
  eden space 114176K, 0% used [0x00000000d7300000,0x00000000d7300000,0x00000000de280000)
  from space 222720K, 99% used [0x00000000de280000,0x00000000ebbfa798,0x00000000ebc00000)
  to   space 222720K, 0% used [0x00000000edb00000,0x00000000edb00000,0x00000000fb480000)
 ParOldGen       total 425984K, used 345439K [0x0000000085800000, 0x000000009f800000, 0x00000000d7300000)
  object space 425984K, 81% used [0x0000000085800000,0x000000009a957f88,0x000000009f800000)
 Metaspace       used 8141K, capacity 8374K, committed 8448K, reserved 1056768K
  class space    used 871K, capacity 975K, committed 1024K, reserved 1048576K
}
Event: 5.686 GC heap before
{Heap before GC invocations=19 (full 3):
 PSYoungGen      total 336896K, used 336873K [0x00000000d7300000, 0x00000000fb480000, 0x0000000100000000)
  eden space 114176K, 100% used [0x00000000d7300000,0x00000000de280000,0x00000000de280000)
  from space 222720K, 99% used [0x00000000de280000,0x00000000ebbfa798,0x00000000ebc00000)
  to   space 222720K, 0% used [0x00000000edb00000,0x00000000edb00000,0x00000000fb480000)
 ParOldGen       total 425984K, used 345439K [0x0000000085800000, 0x000000009f800000, 0x00000000d7300000)
  object space 425984K, 81% used [0x0000000085800000,0x000000009a957f88,0x000000009f800000)
 Metaspace       used 8141K, capacity 8374K, committed 8448K, reserved 1056768K
  class space    used 871K, capacity 975K, committed 1024K, reserved 1048576K
Event: 5.861 GC heap after
Heap after GC invocations=19 (full 3):
 PSYoungGen      total 368640K, used 222718K [0x00000000d7300000, 0x00000000fb580000, 0x0000000100000000)
  eden space 145920K, 0% used [0x00000000d7300000,0x00000000d7300000,0x00000000e0180000)
  from space 222720K, 99% used [0x00000000edb00000,0x00000000fb47fb58,0x00000000fb480000)
  to   space 222720K, 0% used [0x00000000e0180000,0x00000000e0180000,0x00000000edb00000)
 ParOldGen       total 425984K, used 424311K [0x0000000085800000, 0x000000009f800000, 0x00000000d7300000)
  object space 425984K, 99% used [0x0000000085800000,0x000000009f65df88,0x000000009f800000)
 Metaspace       used 8141K, capacity 8374K, committed 8448K, reserved 1056768K
  class space    used 871K, capacity 975K, committed 1024K, reserved 1048576K
}
Event: 5.861 GC heap before
{Heap before GC invocations=20 (full 4):
 PSYoungGen      total 368640K, used 222718K [0x00000000d7300000, 0x00000000fb580000, 0x0000000100000000)
  eden space 145920K, 0% used [0x00000000d7300000,0x00000000d7300000,0x00000000e0180000)
  from space 222720K, 99% used [0x00000000edb00000,0x00000000fb47fb58,0x00000000fb480000)
  to   space 222720K, 0% used [0x00000000e0180000,0x00000000e0180000,0x00000000edb00000)
 ParOldGen       total 425984K, used 424311K [0x0000000085800000, 0x000000009f800000, 0x00000000d7300000)
  object space 425984K, 99% used [0x0000000085800000,0x000000009f65df88,0x000000009f800000)
 Metaspace       used 8141K, capacity 8374K, committed 8448K, reserved 1056768K
  class space    used 871K, capacity 975K, committed 1024K, reserved 1048576K
Event: 7.997 GC heap after
Heap after GC invocations=20 (full 4):
 PSYoungGen      total 368640K, used 219391K [0x00000000d7300000, 0x00000000fb580000, 0x0000000100000000)
  eden space 145920K, 0% used [0x00000000d7300000,0x00000000d7300000,0x00000000e0180000)
  from space 222720K, 98% used [0x00000000edb00000,0x00000000fb13ff28,0x00000000fb480000)
  to   space 222720K, 0% used [0x00000000e0180000,0x00000000e0180000,0x00000000edb00000)
 ParOldGen       total 690688K, used 425961K [0x0000000085800000, 0x00000000afa80000, 0x00000000d7300000)
  object space 690688K, 61% used [0x0000000085800000,0x000000009f7fa778,0x00000000afa80000)
 Metaspace       used 8141K, capacity 8374K, committed 8448K, reserved 1056768K
  class space    used 871K, capacity 975K, committed 1024K, reserved 1048576K
}
Event: 8.262 GC heap before
{Heap before GC invocations=21 (full 4):
 PSYoungGen      total 368640K, used 365311K [0x00000000d7300000, 0x00000000fb580000, 0x0000000100000000)
  eden space 145920K, 100% used [0x00000000d7300000,0x00000000e0180000,0x00000000e0180000)
  from space 222720K, 98% used [0x00000000edb00000,0x00000000fb13ff28,0x00000000fb480000)
  to   space 222720K, 0% used [0x00000000e0180000,0x00000000e0180000,0x00000000edb00000)
 ParOldGen       total 690688K, used 425961K [0x0000000085800000, 0x00000000afa80000, 0x00000000d7300000)
  object space 690688K, 61% used [0x0000000085800000,0x000000009f7fa778,0x00000000afa80000)
 Metaspace       used 8141K, capacity 8374K, committed 8448K, reserved 1056768K
  class space    used 871K, capacity 975K, committed 1024K, reserved 1048576K
Event: 8.614 GC heap after
Heap after GC invocations=21 (full 4):
 PSYoungGen      total 368640K, used 222720K [0x00000000d7300000, 0x00000000fcc80000, 0x0000000100000000)
  eden space 145920K, 0% used [0x00000000d7300000,0x00000000d7300000,0x00000000e0180000)
  from space 222720K, 100% used [0x00000000e0180000,0x00000000edb00000,0x00000000edb00000)
  to   space 222720K, 0% used [0x00000000ef300000,0x00000000ef300000,0x00000000fcc80000)
 ParOldGen       total 690688K, used 523401K [0x0000000085800000, 0x00000000afa80000, 0x00000000d7300000)
  object space 690688K, 75% used [0x0000000085800000,0x00000000a5722778,0x00000000afa80000)
 Metaspace       used 8141K, capacity 8374K, committed 8448K, reserved 1056768K
  class space    used 871K, capacity 975K, committed 1024K, reserved 1048576K
}
Event: 8.824 GC heap before
{Heap before GC invocations=22 (full 4):
 PSYoungGen      total 368640K, used 368640K [0x00000000d7300000, 0x00000000fcc80000, 0x0000000100000000)
  eden space 145920K, 100% used [0x00000000d7300000,0x00000000e0180000,0x00000000e0180000)
  from space 222720K, 100% used [0x00000000e0180000,0x00000000edb00000,0x00000000edb00000)
  to   space 222720K, 0% used [0x00000000ef300000,0x00000000ef300000,0x00000000fcc80000)
 ParOldGen       total 690688K, used 523401K [0x0000000085800000, 0x00000000afa80000, 0x00000000d7300000)
  object space 690688K, 75% used [0x0000000085800000,0x00000000a5722778,0x00000000afa80000)
 Metaspace       used 8141K, capacity 8374K, committed 8448K, reserved 1056768K
  class space    used 871K, capacity 975K, committed 1024K, reserved 1048576K
Event: 9.031 GC heap after
Heap after GC invocations=22 (full 4):
 PSYoungGen      total 393216K, used 201536K [0x00000000d7300000, 0x00000000fce00000, 0x0000000100000000)
  eden space 170496K, 0% used [0x00000000d7300000,0x00000000d7300000,0x00000000e1980000)
  from space 222720K, 90% used [0x00000000ef300000,0x00000000fb7d0000,0x00000000fcc80000)
  to   space 222720K, 0% used [0x00000000e1980000,0x00000000e1980000,0x00000000ef300000)
 ParOldGen       total 690688K, used 646393K [0x0000000085800000, 0x00000000afa80000, 0x00000000d7300000)
  object space 690688K, 93% used [0x0000000085800000,0x00000000acf3e778,0x00000000afa80000)
 Metaspace       used 8141K, capacity 8374K, committed 8448K, reserved 1056768K
  class space    used 871K, capacity 975K, committed 1024K, reserved 1048576K
}
Event: 9.031 GC heap before
{Heap before GC invocations=23 (full 5):
 PSYoungGen      total 393216K, used 201536K [0x00000000d7300000, 0x00000000fce00000, 0x0000000100000000)
  eden space 170496K, 0% used [0x00000000d7300000,0x00000000d7300000,0x00000000e1980000)
  from space 222720K, 90% used [0x00000000ef300000,0x00000000fb7d0000,0x00000000fcc80000)
  to   space 222720K, 0% used [0x00000000e1980000,0x00000000e1980000,0x00000000ef300000)
 ParOldGen       total 690688K, used 646393K [0x0000000085800000, 0x00000000afa80000, 0x00000000d7300000)
  object space 690688K, 93% used [0x0000000085800000,0x00000000acf3e778,0x00000000afa80000)
 Metaspace       used 8141K, capacity 8374K, committed 8448K, reserved 1056768K
  class space    used 871K, capacity 975K, committed 1024K, reserved 1048576K

