# JRE version: Java(TM) SE Runtime Environment (8.0_211-b12) (build 1.8.0_211-b12)
# Java VM: Java HotSpot(TM) 64-Bit Server VM (25.211-b12 mixed mode linux-amd64 compressed oops)
Heap:
 PSYoungGen      total 179200K, used 81408K [0x00000000d7300000, 0x00000000ecd00000, 0x0000000100000000)
  eden space 97792K, 0% used [0x00000000d7300000,0x00000000d7300000,0x00000000dd280000)
  from space 81408K, 100% used [0x00000000dd280000,0x00000000e2200000,0x00000000e2200000)
  to   space 110592K, 0% used [0x00000000e6100000,0x00000000e6100000,0x00000000ecd00000)
 ParOldGen       total 192512K, used 172834K [0x0000000085800000, 0x0000000091400000, 0x00000000d7300000)
  object space 192512K, 89% used [0x0000000085800000,0x00000000900c8ba8,0x0000000091400000)
 Metaspace       used 9625K, capacity 9874K, committed 10240K, reserved 1058816K
  class space    used 1040K, capacity 1157K, committed 1280K, reserved 1048576K
GC Heap History (10 events):
Event: 4.559 GC heap after
Heap after GC invocations=7 (full 2):
 PSYoungGen      total 60928K, used 0K [0x00000000d7300000, 0x00000000e3180000, 0x0000000100000000)
  eden space 55808K, 0% used [0x00000000d7300000,0x00000000d7300000,0x00000000da980000)
  from space 5120K, 0% used [0x00000000da980000,0x00000000da980000,0x00000000dae80000)
  to   space 47104K, 0% used [0x00000000e0380000,0x00000000e0380000,0x00000000e3180000)
 ParOldGen       total 192512K, used 87682K [0x0000000085800000, 0x0000000091400000, 0x00000000d7300000)
  object space 192512K, 45% used [0x0000000085800000,0x000000008ada0b48,0x0000000091400000)
 Metaspace       used 9625K, capacity 9874K, committed 10240K, reserved 1058816K
  class space    used 1040K, capacity 1157K, committed 1280K, reserved 1048576K
}
Event: 5.175 GC heap before
{Heap before GC invocations=8 (full 2):
 PSYoungGen      total 60928K, used 55808K [0x00000000d7300000, 0x00000000e3180000, 0x0000000100000000)
  eden space 55808K, 100% used [0x00000000d7300000,0x00000000da980000,0x00000000da980000)
  from space 5120K, 0% used [0x00000000da980000,0x00000000da980000,0x00000000dae80000)
  to   space 47104K, 0% used [0x00000000e0380000,0x00000000e0380000,0x00000000e3180000)
 ParOldGen       total 192512K, used 87682K [0x0000000085800000, 0x0000000091400000, 0x00000000d7300000)
  object space 192512K, 45% used [0x0000000085800000,0x000000008ada0b48,0x0000000091400000)
 Metaspace       used 9625K, capacity 9874K, committed 10240K, reserved 1058816K
  class space    used 1040K, capacity 1157K, committed 1280K, reserved 1048576K
Event: 5.202 GC heap after
Heap after GC invocations=8 (full 2):
 PSYoungGen      total 104448K, used 25504K [0x00000000d7300000, 0x00000000e1c80000, 0x0000000100000000)
  eden space 78848K, 0% used [0x00000000d7300000,0x00000000d7300000,0x00000000dc000000)
  from space 25600K, 99% used [0x00000000e0380000,0x00000000e1c68000,0x00000000e1c80000)
  to   space 43520K, 0% used [0x00000000dc780000,0x00000000dc780000,0x00000000df200000)
 ParOldGen       total 192512K, used 87682K [0x0000000085800000, 0x0000000091400000, 0x00000000d7300000)
  object space 192512K, 45% used [0x0000000085800000,0x000000008ada0b48,0x0000000091400000)
 Metaspace       used 9625K, capacity 9874K, committed 10240K, reserved 1058816K
  class space    used 1040K, capacity 1157K, committed 1280K, reserved 1048576K
}
Event: 6.000 GC heap before
{Heap before GC invocations=9 (full 2):
 PSYoungGen      total 104448K, used 104352K [0x00000000d7300000, 0x00000000e1c80000, 0x0000000100000000)
  eden space 78848K, 100% used [0x00000000d7300000,0x00000000dc000000,0x00000000dc000000)
  from space 25600K, 99% used [0x00000000e0380000,0x00000000e1c68000,0x00000000e1c80000)
  to   space 43520K, 0% used [0x00000000dc780000,0x00000000dc780000,0x00000000df200000)
 ParOldGen       total 192512K, used 87682K [0x0000000085800000, 0x0000000091400000, 0x00000000d7300000)
  object space 192512K, 45% used [0x0000000085800000,0x000000008ada0b48,0x0000000091400000)
 Metaspace       used 9625K, capacity 9874K, committed 10240K, reserved 1058816K
  class space    used 1040K, capacity 1157K, committed 1280K, reserved 1048576K
Event: 6.084 GC heap after
Heap after GC invocations=9 (full 2):
 PSYoungGen      total 130048K, used 43520K [0x00000000d7300000, 0x00000000e5f00000, 0x0000000100000000)
  eden space 86528K, 0% used [0x00000000d7300000,0x00000000d7300000,0x00000000dc780000)
  from space 43520K, 100% used [0x00000000dc780000,0x00000000df200000,0x00000000df200000)
  to   space 62464K, 0% used [0x00000000e2200000,0x00000000e2200000,0x00000000e5f00000)
 ParOldGen       total 192512K, used 112562K [0x0000000085800000, 0x0000000091400000, 0x00000000d7300000)
  object space 192512K, 58% used [0x0000000085800000,0x000000008c5ecb78,0x0000000091400000)
 Metaspace       used 9625K, capacity 9874K, committed 10240K, reserved 1058816K
  class space    used 1040K, capacity 1157K, committed 1280K, reserved 1048576K
}
Event: 7.047 GC heap before
{Heap before GC invocations=10 (full 2):
 PSYoungGen      total 130048K, used 130048K [0x00000000d7300000, 0x00000000e5f00000, 0x0000000100000000)
  eden space 86528K, 100% used [0x00000000d7300000,0x00000000dc780000,0x00000000dc780000)
  from space 43520K, 100% used [0x00000000dc780000,0x00000000df200000,0x00000000df200000)
  to   space 62464K, 0% used [0x00000000e2200000,0x00000000e2200000,0x00000000e5f00000)
 ParOldGen       total 192512K, used 112562K [0x0000000085800000, 0x0000000091400000, 0x00000000d7300000)
  object space 192512K, 58% used [0x0000000085800000,0x000000008c5ecb78,0x0000000091400000)
 Metaspace       used 9625K, capacity 9874K, committed 10240K, reserved 1058816K
  class space    used 1040K, capacity 1157K, committed 1280K, reserved 1048576K
Event: 7.144 GC heap after
Heap after GC invocations=10 (full 2):
 PSYoungGen      total 160256K, used 62464K [0x00000000d7300000, 0x00000000e9200000, 0x0000000100000000)
  eden space 97792K, 0% used [0x00000000d7300000,0x00000000d7300000,0x00000000dd280000)
  from space 62464K, 100% used [0x00000000e2200000,0x00000000e5f00000,0x00000000e5f00000)
  to   space 81408K, 0% used [0x00000000dd280000,0x00000000dd280000,0x00000000e2200000)
 ParOldGen       total 192512K, used 133258K [0x0000000085800000, 0x0000000091400000, 0x00000000d7300000)
  object space 192512K, 69% used [0x0000000085800000,0x000000008da22b78,0x0000000091400000)
 Metaspace       used 9625K, capacity 9874K, committed 10240K, reserved 1058816K
  class space    used 1040K, capacity 1157K, committed 1280K, reserved 1048576K
}
Event: 8.046 GC heap before
{Heap before GC invocations=11 (full 2):
 PSYoungGen      total 160256K, used 160256K [0x00000000d7300000, 0x00000000e9200000, 0x0000000100000000)
  eden space 97792K, 100% used [0x00000000d7300000,0x00000000dd280000,0x00000000dd280000)
  from space 62464K, 100% used [0x00000000e2200000,0x00000000e5f00000,0x00000000e5f00000)
  to   space 81408K, 0% used [0x00000000dd280000,0x00000000dd280000,0x00000000e2200000)
 ParOldGen       total 192512K, used 133258K [0x0000000085800000, 0x0000000091400000, 0x00000000d7300000)
  object space 192512K, 69% used [0x0000000085800000,0x000000008da22b78,0x0000000091400000)
 Metaspace       used 9625K, capacity 9874K, committed 10240K, reserved 1058816K
  class space    used 1040K, capacity 1157K, committed 1280K, reserved 1048576K
Event: 8.232 GC heap after
Heap after GC invocations=11 (full 2):
 PSYoungGen      total 179200K, used 81408K [0x00000000d7300000, 0x00000000ecd00000, 0x0000000100000000)
  eden space 97792K, 0% used [0x00000000d7300000,0x00000000d7300000,0x00000000dd280000)
  from space 81408K, 100% used [0x00000000dd280000,0x00000000e2200000,0x00000000e2200000)
  to   space 110592K, 0% used [0x00000000e6100000,0x00000000e6100000,0x00000000ecd00000)
 ParOldGen       total 192512K, used 172834K [0x0000000085800000, 0x0000000091400000, 0x00000000d7300000)
  object space 192512K, 89% used [0x0000000085800000,0x00000000900c8ba8,0x0000000091400000)
 Metaspace       used 9625K, capacity 9874K, committed 10240K, reserved 1058816K
  class space    used 1040K, capacity 1157K, committed 1280K, reserved 1048576K
}
Event: 8.232 GC heap before
{Heap before GC invocations=12 (full 3):
 PSYoungGen      total 179200K, used 81408K [0x00000000d7300000, 0x00000000ecd00000, 0x0000000100000000)
  eden space 97792K, 0% used [0x00000000d7300000,0x00000000d7300000,0x00000000dd280000)
  from space 81408K, 100% used [0x00000000dd280000,0x00000000e2200000,0x00000000e2200000)
  to   space 110592K, 0% used [0x00000000e6100000,0x00000000e6100000,0x00000000ecd00000)
 ParOldGen       total 192512K, used 172834K [0x0000000085800000, 0x0000000091400000, 0x00000000d7300000)
  object space 192512K, 89% used [0x0000000085800000,0x00000000900c8ba8,0x0000000091400000)
 Metaspace       used 9625K, capacity 9874K, committed 10240K, reserved 1058816K
  class space    used 1040K, capacity 1157K, committed 1280K, reserved 1048576K

