# JRE version: Java(TM) SE Runtime Environment (8.0_211-b12) (build 1.8.0_211-b12)
# Java VM: Java HotSpot(TM) 64-Bit Server VM (25.211-b12 mixed mode linux-amd64 compressed oops)
Heap:
 PSYoungGen      total 457728K, used 415676K [0x00000000d7300000, 0x0000000100000000, 0x0000000100000000)
  eden space 267264K, 84% used [0x00000000d7300000,0x00000000e4ef53b0,0x00000000e7800000)
  from space 190464K, 99% used [0x00000000e7800000,0x00000000f31f9e18,0x00000000f3200000)
  to   space 210944K, 0% used [0x00000000f3200000,0x00000000f3200000,0x0000000100000000)
 ParOldGen       total 946688K, used 682300K [0x0000000085800000, 0x00000000bf480000, 0x00000000d7300000)
  object space 946688K, 72% used [0x0000000085800000,0x00000000af24f298,0x00000000bf480000)
 Metaspace       used 10266K, capacity 10546K, committed 10752K, reserved 1058816K
  class space    used 1061K, capacity 1189K, committed 1280K, reserved 1048576K
GC Heap History (10 events):
Event: 74.810 GC heap before
{Heap before GC invocations=42 (full 7):
 PSYoungGen      total 456704K, used 346389K [0x00000000d7300000, 0x00000000ff580000, 0x0000000100000000)
  eden space 259584K, 100% used [0x00000000d7300000,0x00000000e7080000,0x00000000e7080000)
  from space 197120K, 44% used [0x00000000f3500000,0x00000000f89c57b0,0x00000000ff580000)
  to   space 199168K, 0% used [0x00000000e7080000,0x00000000e7080000,0x00000000f3300000)
 ParOldGen       total 946688K, used 682300K [0x0000000085800000, 0x00000000bf480000, 0x00000000d7300000)
  object space 946688K, 72% used [0x0000000085800000,0x00000000af24f298,0x00000000bf480000)
 Metaspace       used 10265K, capacity 10546K, committed 10752K, reserved 1058816K
  class space    used 1061K, capacity 1189K, committed 1280K, reserved 1048576K
Event: 74.825 GC heap after
Heap after GC invocations=42 (full 7):
 PSYoungGen      total 458752K, used 14944K [0x00000000d7300000, 0x00000000ffe00000, 0x0000000100000000)
  eden space 259584K, 0% used [0x00000000d7300000,0x00000000d7300000,0x00000000e7080000)
  from space 199168K, 7% used [0x00000000e7080000,0x00000000e7f18030,0x00000000f3300000)
  to   space 197120K, 0% used [0x00000000f3d80000,0x00000000f3d80000,0x00000000ffe00000)
 ParOldGen       total 946688K, used 682300K [0x0000000085800000, 0x00000000bf480000, 0x00000000d7300000)
  object space 946688K, 72% used [0x0000000085800000,0x00000000af24f298,0x00000000bf480000)
 Metaspace       used 10265K, capacity 10546K, committed 10752K, reserved 1058816K
  class space    used 1061K, capacity 1189K, committed 1280K, reserved 1048576K
}
Event: 84.890 GC heap before
{Heap before GC invocations=43 (full 7):
 PSYoungGen      total 458752K, used 274528K [0x00000000d7300000, 0x00000000ffe00000, 0x0000000100000000)
  eden space 259584K, 100% used [0x00000000d7300000,0x00000000e7080000,0x00000000e7080000)
  from space 199168K, 7% used [0x00000000e7080000,0x00000000e7f18030,0x00000000f3300000)
  to   space 197120K, 0% used [0x00000000f3d80000,0x00000000f3d80000,0x00000000ffe00000)
 ParOldGen       total 946688K, used 682300K [0x0000000085800000, 0x00000000bf480000, 0x00000000d7300000)
  object space 946688K, 72% used [0x0000000085800000,0x00000000af24f298,0x00000000bf480000)
 Metaspace       used 10266K, capacity 10546K, committed 10752K, reserved 1058816K
  class space    used 1061K, capacity 1189K, committed 1280K, reserved 1048576K
Event: 84.929 GC heap after
Heap after GC invocations=43 (full 7):
 PSYoungGen      total 456192K, used 36413K [0x00000000d7300000, 0x00000000ff100000, 0x0000000100000000)
  eden space 272384K, 0% used [0x00000000d7300000,0x00000000d7300000,0x00000000e7d00000)
  from space 183808K, 19% used [0x00000000f3d80000,0x00000000f610f658,0x00000000ff100000)
  to   space 190464K, 0% used [0x00000000e7d00000,0x00000000e7d00000,0x00000000f3700000)
 ParOldGen       total 946688K, used 682300K [0x0000000085800000, 0x00000000bf480000, 0x00000000d7300000)
  object space 946688K, 72% used [0x0000000085800000,0x00000000af24f298,0x00000000bf480000)
 Metaspace       used 10266K, capacity 10546K, committed 10752K, reserved 1058816K
  class space    used 1061K, capacity 1189K, committed 1280K, reserved 1048576K
}
Event: 86.749 GC heap before
{Heap before GC invocations=44 (full 7):
 PSYoungGen      total 456192K, used 308797K [0x00000000d7300000, 0x00000000ff100000, 0x0000000100000000)
  eden space 272384K, 100% used [0x00000000d7300000,0x00000000e7d00000,0x00000000e7d00000)
  from space 183808K, 19% used [0x00000000f3d80000,0x00000000f610f658,0x00000000ff100000)
  to   space 190464K, 0% used [0x00000000e7d00000,0x00000000e7d00000,0x00000000f3700000)
 ParOldGen       total 946688K, used 682300K [0x0000000085800000, 0x00000000bf480000, 0x00000000d7300000)
  object space 946688K, 72% used [0x0000000085800000,0x00000000af24f298,0x00000000bf480000)
 Metaspace       used 10266K, capacity 10546K, committed 10752K, reserved 1058816K
  class space    used 1061K, capacity 1189K, committed 1280K, reserved 1048576K
Event: 86.818 GC heap after
Heap after GC invocations=44 (full 7):
 PSYoungGen      total 462848K, used 88127K [0x00000000d7300000, 0x00000000ff600000, 0x0000000100000000)
  eden space 272384K, 0% used [0x00000000d7300000,0x00000000d7300000,0x00000000e7d00000)
  from space 190464K, 46% used [0x00000000e7d00000,0x00000000ed30ffd0,0x00000000f3700000)
  to   space 185856K, 0% used [0x00000000f4080000,0x00000000f4080000,0x00000000ff600000)
 ParOldGen       total 946688K, used 682300K [0x0000000085800000, 0x00000000bf480000, 0x00000000d7300000)
  object space 946688K, 72% used [0x0000000085800000,0x00000000af24f298,0x00000000bf480000)
 Metaspace       used 10266K, capacity 10546K, committed 10752K, reserved 1058816K
  class space    used 1061K, capacity 1189K, committed 1280K, reserved 1048576K
}
Event: 88.706 GC heap before
{Heap before GC invocations=45 (full 7):
 PSYoungGen      total 462848K, used 360511K [0x00000000d7300000, 0x00000000ff600000, 0x0000000100000000)
  eden space 272384K, 100% used [0x00000000d7300000,0x00000000e7d00000,0x00000000e7d00000)
  from space 190464K, 46% used [0x00000000e7d00000,0x00000000ed30ffd0,0x00000000f3700000)
  to   space 185856K, 0% used [0x00000000f4080000,0x00000000f4080000,0x00000000ff600000)
 ParOldGen       total 946688K, used 682300K [0x0000000085800000, 0x00000000bf480000, 0x00000000d7300000)
  object space 946688K, 72% used [0x0000000085800000,0x00000000af24f298,0x00000000bf480000)
 Metaspace       used 10266K, capacity 10546K, committed 10752K, reserved 1058816K
  class space    used 1061K, capacity 1189K, committed 1280K, reserved 1048576K
Event: 88.800 GC heap after
Heap after GC invocations=45 (full 7):
 PSYoungGen      total 453120K, used 139804K [0x00000000d7300000, 0x0000000100000000, 0x0000000100000000)
  eden space 267264K, 0% used [0x00000000d7300000,0x00000000d7300000,0x00000000e7800000)
  from space 185856K, 75% used [0x00000000f4080000,0x00000000fc907250,0x00000000ff600000)
  to   space 200704K, 0% used [0x00000000e7800000,0x00000000e7800000,0x00000000f3c00000)
 ParOldGen       total 946688K, used 682300K [0x0000000085800000, 0x00000000bf480000, 0x00000000d7300000)
  object space 946688K, 72% used [0x0000000085800000,0x00000000af24f298,0x00000000bf480000)
 Metaspace       used 10266K, capacity 10546K, committed 10752K, reserved 1058816K
  class space    used 1061K, capacity 1189K, committed 1280K, reserved 1048576K
}
Event: 90.790 GC heap before
{Heap before GC invocations=46 (full 7):
 PSYoungGen      total 453120K, used 407068K [0x00000000d7300000, 0x0000000100000000, 0x0000000100000000)
  eden space 267264K, 100% used [0x00000000d7300000,0x00000000e7800000,0x00000000e7800000)
  from space 185856K, 75% used [0x00000000f4080000,0x00000000fc907250,0x00000000ff600000)
  to   space 200704K, 0% used [0x00000000e7800000,0x00000000e7800000,0x00000000f3c00000)
 ParOldGen       total 946688K, used 682300K [0x0000000085800000, 0x00000000bf480000, 0x00000000d7300000)
  object space 946688K, 72% used [0x0000000085800000,0x00000000af24f298,0x00000000bf480000)
 Metaspace       used 10266K, capacity 10546K, committed 10752K, reserved 1058816K
  class space    used 1061K, capacity 1189K, committed 1280K, reserved 1048576K
Event: 90.912 GC heap after
Heap after GC invocations=46 (full 7):
 PSYoungGen      total 457728K, used 190439K [0x00000000d7300000, 0x0000000100000000, 0x0000000100000000)
  eden space 267264K, 0% used [0x00000000d7300000,0x00000000d7300000,0x00000000e7800000)
  from space 190464K, 99% used [0x00000000e7800000,0x00000000f31f9e18,0x00000000f3200000)
  to   space 210944K, 0% used [0x00000000f3200000,0x00000000f3200000,0x0000000100000000)
 ParOldGen       total 946688K, used 682300K [0x0000000085800000, 0x00000000bf480000, 0x00000000d7300000)
  object space 946688K, 72% used [0x0000000085800000,0x00000000af24f298,0x00000000bf480000)
 Metaspace       used 10266K, capacity 10546K, committed 10752K, reserved 1058816K
  class space    used 1061K, capacity 1189K, committed 1280K, reserved 1048576K
}

