# JRE version: Java(TM) SE Runtime Environment (8.0_211-b12) (build 1.8.0_211-b12)
# Java VM: Java HotSpot(TM) 64-Bit Server VM (25.211-b12 mixed mode linux-amd64 compressed oops)
Heap:
 PSYoungGen      total 445952K, used 223232K [0x00000000d7300000, 0x0000000100000000, 0x0000000100000000)
  eden space 223232K, 100% used [0x00000000d7300000,0x00000000e4d00000,0x00000000e4d00000)
  from space 222720K, 0% used [0x00000000f2680000,0x00000000f2680000,0x0000000100000000)
  to   space 222720K, 0% used [0x00000000e4d00000,0x00000000e4d00000,0x00000000f2680000)
 ParOldGen       total 1338368K, used 1338050K [0x0000000085800000, 0x00000000d7300000, 0x00000000d7300000)
  object space 1338368K, 99% used [0x0000000085800000,0x00000000d72b08c0,0x00000000d7300000)
 Metaspace       used 8368K, capacity 8592K, committed 8704K, reserved 1056768K
  class space    used 888K, capacity 992K, committed 1024K, reserved 1048576K
GC Heap History (10 events):
Event: 650.004 GC heap after
Heap after GC invocations=365 (full 343):
 PSYoungGen      total 445952K, used 32517K [0x00000000d7300000, 0x0000000100000000, 0x0000000100000000)
  eden space 223232K, 14% used [0x00000000d7300000,0x00000000d92c1450,0x00000000e4d00000)
  from space 222720K, 0% used [0x00000000f2680000,0x00000000f2680000,0x0000000100000000)
  to   space 222720K, 0% used [0x00000000e4d00000,0x00000000e4d00000,0x00000000f2680000)
 ParOldGen       total 1338368K, used 1338050K [0x0000000085800000, 0x00000000d7300000, 0x00000000d7300000)
  object space 1338368K, 99% used [0x0000000085800000,0x00000000d72b08c0,0x00000000d7300000)
 Metaspace       used 8368K, capacity 8592K, committed 8704K, reserved 1056768K
  class space    used 888K, capacity 992K, committed 1024K, reserved 1048576K
}
Event: 650.168 GC heap before
{Heap before GC invocations=366 (full 344):
 PSYoungGen      total 445952K, used 223232K [0x00000000d7300000, 0x0000000100000000, 0x0000000100000000)
  eden space 223232K, 100% used [0x00000000d7300000,0x00000000e4d00000,0x00000000e4d00000)
  from space 222720K, 0% used [0x00000000f2680000,0x00000000f2680000,0x0000000100000000)
  to   space 222720K, 0% used [0x00000000e4d00000,0x00000000e4d00000,0x00000000f2680000)
 ParOldGen       total 1338368K, used 1338050K [0x0000000085800000, 0x00000000d7300000, 0x00000000d7300000)
  object space 1338368K, 99% used [0x0000000085800000,0x00000000d72b08c0,0x00000000d7300000)
 Metaspace       used 8368K, capacity 8592K, committed 8704K, reserved 1056768K
  class space    used 888K, capacity 992K, committed 1024K, reserved 1048576K
Event: 652.200 GC heap after
Heap after GC invocations=366 (full 344):
 PSYoungGen      total 445952K, used 32516K [0x00000000d7300000, 0x0000000100000000, 0x0000000100000000)
  eden space 223232K, 14% used [0x00000000d7300000,0x00000000d92c10f0,0x00000000e4d00000)
  from space 222720K, 0% used [0x00000000f2680000,0x00000000f2680000,0x0000000100000000)
  to   space 222720K, 0% used [0x00000000e4d00000,0x00000000e4d00000,0x00000000f2680000)
 ParOldGen       total 1338368K, used 1338050K [0x0000000085800000, 0x00000000d7300000, 0x00000000d7300000)
  object space 1338368K, 99% used [0x0000000085800000,0x00000000d72b08c0,0x00000000d7300000)
 Metaspace       used 8368K, capacity 8592K, committed 8704K, reserved 1056768K
  class space    used 888K, capacity 992K, committed 1024K, reserved 1048576K
}
Event: 652.366 GC heap before
{Heap before GC invocations=367 (full 345):
 PSYoungGen      total 445952K, used 223232K [0x00000000d7300000, 0x0000000100000000, 0x0000000100000000)
  eden space 223232K, 100% used [0x00000000d7300000,0x00000000e4d00000,0x00000000e4d00000)
  from space 222720K, 0% used [0x00000000f2680000,0x00000000f2680000,0x0000000100000000)
  to   space 222720K, 0% used [0x00000000e4d00000,0x00000000e4d00000,0x00000000f2680000)
 ParOldGen       total 1338368K, used 1338050K [0x0000000085800000, 0x00000000d7300000, 0x00000000d7300000)
  object space 1338368K, 99% used [0x0000000085800000,0x00000000d72b08c0,0x00000000d7300000)
 Metaspace       used 8368K, capacity 8592K, committed 8704K, reserved 1056768K
  class space    used 888K, capacity 992K, committed 1024K, reserved 1048576K
Event: 654.043 GC heap after
Heap after GC invocations=367 (full 345):
 PSYoungGen      total 445952K, used 32516K [0x00000000d7300000, 0x0000000100000000, 0x0000000100000000)
  eden space 223232K, 14% used [0x00000000d7300000,0x00000000d92c11f8,0x00000000e4d00000)
  from space 222720K, 0% used [0x00000000f2680000,0x00000000f2680000,0x0000000100000000)
  to   space 222720K, 0% used [0x00000000e4d00000,0x00000000e4d00000,0x00000000f2680000)
 ParOldGen       total 1338368K, used 1338050K [0x0000000085800000, 0x00000000d7300000, 0x00000000d7300000)
  object space 1338368K, 99% used [0x0000000085800000,0x00000000d72b08c0,0x00000000d7300000)
 Metaspace       used 8368K, capacity 8592K, committed 8704K, reserved 1056768K
  class space    used 888K, capacity 992K, committed 1024K, reserved 1048576K
}
Event: 654.194 GC heap before
{Heap before GC invocations=368 (full 346):
 PSYoungGen      total 445952K, used 223232K [0x00000000d7300000, 0x0000000100000000, 0x0000000100000000)
  eden space 223232K, 100% used [0x00000000d7300000,0x00000000e4d00000,0x00000000e4d00000)
  from space 222720K, 0% used [0x00000000f2680000,0x00000000f2680000,0x0000000100000000)
  to   space 222720K, 0% used [0x00000000e4d00000,0x00000000e4d00000,0x00000000f2680000)
 ParOldGen       total 1338368K, used 1338050K [0x0000000085800000, 0x00000000d7300000, 0x00000000d7300000)
  object space 1338368K, 99% used [0x0000000085800000,0x00000000d72b08c0,0x00000000d7300000)
 Metaspace       used 8368K, capacity 8592K, committed 8704K, reserved 1056768K
  class space    used 888K, capacity 992K, committed 1024K, reserved 1048576K
Event: 656.083 GC heap after
Heap after GC invocations=368 (full 346):
 PSYoungGen      total 445952K, used 32516K [0x00000000d7300000, 0x0000000100000000, 0x0000000100000000)
  eden space 223232K, 14% used [0x00000000d7300000,0x00000000d92c1238,0x00000000e4d00000)
  from space 222720K, 0% used [0x00000000f2680000,0x00000000f2680000,0x0000000100000000)
  to   space 222720K, 0% used [0x00000000e4d00000,0x00000000e4d00000,0x00000000f2680000)
 ParOldGen       total 1338368K, used 1338050K [0x0000000085800000, 0x00000000d7300000, 0x00000000d7300000)
  object space 1338368K, 99% used [0x0000000085800000,0x00000000d72b08c0,0x00000000d7300000)
 Metaspace       used 8368K, capacity 8592K, committed 8704K, reserved 1056768K
  class space    used 888K, capacity 992K, committed 1024K, reserved 1048576K
}
Event: 656.292 GC heap before
{Heap before GC invocations=369 (full 347):
 PSYoungGen      total 445952K, used 223232K [0x00000000d7300000, 0x0000000100000000, 0x0000000100000000)
  eden space 223232K, 100% used [0x00000000d7300000,0x00000000e4d00000,0x00000000e4d00000)
  from space 222720K, 0% used [0x00000000f2680000,0x00000000f2680000,0x0000000100000000)
  to   space 222720K, 0% used [0x00000000e4d00000,0x00000000e4d00000,0x00000000f2680000)
 ParOldGen       total 1338368K, used 1338050K [0x0000000085800000, 0x00000000d7300000, 0x00000000d7300000)
  object space 1338368K, 99% used [0x0000000085800000,0x00000000d72b08c0,0x00000000d7300000)
 Metaspace       used 8368K, capacity 8592K, committed 8704K, reserved 1056768K
  class space    used 888K, capacity 992K, committed 1024K, reserved 1048576K
Event: 658.401 GC heap after
Heap after GC invocations=369 (full 347):
 PSYoungGen      total 445952K, used 32517K [0x00000000d7300000, 0x0000000100000000, 0x0000000100000000)
  eden space 223232K, 14% used [0x00000000d7300000,0x00000000d92c15b8,0x00000000e4d00000)
  from space 222720K, 0% used [0x00000000f2680000,0x00000000f2680000,0x0000000100000000)
  to   space 222720K, 0% used [0x00000000e4d00000,0x00000000e4d00000,0x00000000f2680000)
 ParOldGen       total 1338368K, used 1338050K [0x0000000085800000, 0x00000000d7300000, 0x00000000d7300000)
  object space 1338368K, 99% used [0x0000000085800000,0x00000000d72b08c0,0x00000000d7300000)
 Metaspace       used 8368K, capacity 8592K, committed 8704K, reserved 1056768K
  class space    used 888K, capacity 992K, committed 1024K, reserved 1048576K
}
Event: 658.573 GC heap before
{Heap before GC invocations=370 (full 348):
 PSYoungGen      total 445952K, used 223232K [0x00000000d7300000, 0x0000000100000000, 0x0000000100000000)
  eden space 223232K, 100% used [0x00000000d7300000,0x00000000e4d00000,0x00000000e4d00000)
  from space 222720K, 0% used [0x00000000f2680000,0x00000000f2680000,0x0000000100000000)
  to   space 222720K, 0% used [0x00000000e4d00000,0x00000000e4d00000,0x00000000f2680000)
 ParOldGen       total 1338368K, used 1338050K [0x0000000085800000, 0x00000000d7300000, 0x00000000d7300000)
  object space 1338368K, 99% used [0x0000000085800000,0x00000000d72b08c0,0x00000000d7300000)
 Metaspace       used 8368K, capacity 8592K, committed 8704K, reserved 1056768K
  class space    used 888K, capacity 992K, committed 1024K, reserved 1048576K

