# JRE version: Java(TM) SE Runtime Environment (8.0_211-b12) (build 1.8.0_211-b12)
# Java VM: Java HotSpot(TM) 64-Bit Server VM (25.211-b12 mixed mode linux-amd64 compressed oops)
Heap:
 PSYoungGen      total 68608K, used 5088K [0x00000000d7300000, 0x00000000e2f00000, 0x0000000100000000)
  eden space 63488K, 0% used [0x00000000d7300000,0x00000000d7300000,0x00000000db100000)
  from space 5120K, 99% used [0x00000000db100000,0x00000000db5f8010,0x00000000db600000)
  to   space 32768K, 0% used [0x00000000e0f00000,0x00000000e0f00000,0x00000000e2f00000)
 ParOldGen       total 84992K, used 72382K [0x0000000085800000, 0x000000008ab00000, 0x00000000d7300000)
  object space 84992K, 85% used [0x0000000085800000,0x0000000089eaf980,0x000000008ab00000)
 Metaspace       used 8595K, capacity 8860K, committed 9088K, reserved 1056768K
  class space    used 946K, capacity 1044K, committed 1152K, reserved 1048576K
GC Heap History (10 events):
Event: 9.353 GC heap after
Heap after GC invocations=1 (full 0):
 PSYoungGen      total 36864K, used 5092K [0x00000000d7300000, 0x00000000d9c00000, 0x0000000100000000)
  eden space 31744K, 0% used [0x00000000d7300000,0x00000000d7300000,0x00000000d9200000)
  from space 5120K, 99% used [0x00000000d9200000,0x00000000d96f90f0,0x00000000d9700000)
  to   space 5120K, 0% used [0x00000000d9700000,0x00000000d9700000,0x00000000d9c00000)
 ParOldGen       total 84992K, used 5963K [0x0000000085800000, 0x000000008ab00000, 0x00000000d7300000)
  object space 84992K, 7% used [0x0000000085800000,0x0000000085dd2c98,0x000000008ab00000)
 Metaspace       used 8081K, capacity 8350K, committed 8448K, reserved 1056768K
  class space    used 884K, capacity 1007K, committed 1024K, reserved 1048576K
}
Event: 9.943 GC heap before
{Heap before GC invocations=2 (full 0):
 PSYoungGen      total 36864K, used 36836K [0x00000000d7300000, 0x00000000d9c00000, 0x0000000100000000)
  eden space 31744K, 100% used [0x00000000d7300000,0x00000000d9200000,0x00000000d9200000)
  from space 5120K, 99% used [0x00000000d9200000,0x00000000d96f90f0,0x00000000d9700000)
  to   space 5120K, 0% used [0x00000000d9700000,0x00000000d9700000,0x00000000d9c00000)
 ParOldGen       total 84992K, used 5963K [0x0000000085800000, 0x000000008ab00000, 0x00000000d7300000)
  object space 84992K, 7% used [0x0000000085800000,0x0000000085dd2c98,0x000000008ab00000)
 Metaspace       used 8591K, capacity 8860K, committed 9088K, reserved 1056768K
  class space    used 946K, capacity 1044K, committed 1152K, reserved 1048576K
Event: 9.955 GC heap after
Heap after GC invocations=2 (full 0):
 PSYoungGen      total 36864K, used 5103K [0x00000000d7300000, 0x00000000dbb00000, 0x0000000100000000)
  eden space 31744K, 0% used [0x00000000d7300000,0x00000000d7300000,0x00000000d9200000)
  from space 5120K, 99% used [0x00000000d9700000,0x00000000d9bfbde8,0x00000000d9c00000)
  to   space 5120K, 0% used [0x00000000d9200000,0x00000000d9200000,0x00000000d9700000)
 ParOldGen       total 84992K, used 16280K [0x0000000085800000, 0x000000008ab00000, 0x00000000d7300000)
  object space 84992K, 19% used [0x0000000085800000,0x00000000867e6108,0x000000008ab00000)
 Metaspace       used 8591K, capacity 8860K, committed 9088K, reserved 1056768K
  class space    used 946K, capacity 1044K, committed 1152K, reserved 1048576K
}
Event: 10.485 GC heap before
{Heap before GC invocations=3 (full 0):
 PSYoungGen      total 36864K, used 36847K [0x00000000d7300000, 0x00000000dbb00000, 0x0000000100000000)
  eden space 31744K, 100% used [0x00000000d7300000,0x00000000d9200000,0x00000000d9200000)
  from space 5120K, 99% used [0x00000000d9700000,0x00000000d9bfbde8,0x00000000d9c00000)
  to   space 5120K, 0% used [0x00000000d9200000,0x00000000d9200000,0x00000000d9700000)
 ParOldGen       total 84992K, used 16280K [0x0000000085800000, 0x000000008ab00000, 0x00000000d7300000)
  object space 84992K, 19% used [0x0000000085800000,0x00000000867e6108,0x000000008ab00000)
 Metaspace       used 8595K, capacity 8860K, committed 9088K, reserved 1056768K
  class space    used 946K, capacity 1044K, committed 1152K, reserved 1048576K
Event: 10.504 GC heap after
Heap after GC invocations=3 (full 0):
 PSYoungGen      total 36864K, used 5111K [0x00000000d7300000, 0x00000000dbb00000, 0x0000000100000000)
  eden space 31744K, 0% used [0x00000000d7300000,0x00000000d7300000,0x00000000d9200000)
  from space 5120K, 99% used [0x00000000d9200000,0x00000000d96fddd8,0x00000000d9700000)
  to   space 5120K, 0% used [0x00000000db600000,0x00000000db600000,0x00000000dbb00000)
 ParOldGen       total 84992K, used 31672K [0x0000000085800000, 0x000000008ab00000, 0x00000000d7300000)
  object space 84992K, 37% used [0x0000000085800000,0x00000000876ee138,0x000000008ab00000)
 Metaspace       used 8595K, capacity 8860K, committed 9088K, reserved 1056768K
  class space    used 946K, capacity 1044K, committed 1152K, reserved 1048576K
}
Event: 11.039 GC heap before
{Heap before GC invocations=4 (full 0):
 PSYoungGen      total 36864K, used 36855K [0x00000000d7300000, 0x00000000dbb00000, 0x0000000100000000)
  eden space 31744K, 100% used [0x00000000d7300000,0x00000000d9200000,0x00000000d9200000)
  from space 5120K, 99% used [0x00000000d9200000,0x00000000d96fddd8,0x00000000d9700000)
  to   space 5120K, 0% used [0x00000000db600000,0x00000000db600000,0x00000000dbb00000)
 ParOldGen       total 84992K, used 31672K [0x0000000085800000, 0x000000008ab00000, 0x00000000d7300000)
  object space 84992K, 37% used [0x0000000085800000,0x00000000876ee138,0x000000008ab00000)
 Metaspace       used 8595K, capacity 8860K, committed 9088K, reserved 1056768K
  class space    used 946K, capacity 1044K, committed 1152K, reserved 1048576K
Event: 11.057 GC heap after
Heap after GC invocations=4 (full 0):
 PSYoungGen      total 68608K, used 5088K [0x00000000d7300000, 0x00000000dbb00000, 0x0000000100000000)
  eden space 63488K, 0% used [0x00000000d7300000,0x00000000d7300000,0x00000000db100000)
  from space 5120K, 99% used [0x00000000db600000,0x00000000dbaf8010,0x00000000dbb00000)
  to   space 5120K, 0% used [0x00000000db100000,0x00000000db100000,0x00000000db600000)
 ParOldGen       total 84992K, used 45099K [0x0000000085800000, 0x000000008ab00000, 0x00000000d7300000)
  object space 84992K, 53% used [0x0000000085800000,0x000000008840acf0,0x000000008ab00000)
 Metaspace       used 8595K, capacity 8860K, committed 9088K, reserved 1056768K
  class space    used 946K, capacity 1044K, committed 1152K, reserved 1048576K
}
Event: 12.104 GC heap before
{Heap before GC invocations=5 (full 0):
 PSYoungGen      total 68608K, used 68576K [0x00000000d7300000, 0x00000000dbb00000, 0x0000000100000000)
  eden space 63488K, 100% used [0x00000000d7300000,0x00000000db100000,0x00000000db100000)
  from space 5120K, 99% used [0x00000000db600000,0x00000000dbaf8010,0x00000000dbb00000)
  to   space 5120K, 0% used [0x00000000db100000,0x00000000db100000,0x00000000db600000)
 ParOldGen       total 84992K, used 45099K [0x0000000085800000, 0x000000008ab00000, 0x00000000d7300000)
  object space 84992K, 53% used [0x0000000085800000,0x000000008840acf0,0x000000008ab00000)
 Metaspace       used 8595K, capacity 8860K, committed 9088K, reserved 1056768K
  class space    used 946K, capacity 1044K, committed 1152K, reserved 1048576K
Event: 12.134 GC heap after
Heap after GC invocations=5 (full 0):
 PSYoungGen      total 68608K, used 5088K [0x00000000d7300000, 0x00000000e2f00000, 0x0000000100000000)
  eden space 63488K, 0% used [0x00000000d7300000,0x00000000d7300000,0x00000000db100000)
  from space 5120K, 99% used [0x00000000db100000,0x00000000db5f8010,0x00000000db600000)
  to   space 32768K, 0% used [0x00000000e0f00000,0x00000000e0f00000,0x00000000e2f00000)
 ParOldGen       total 84992K, used 72382K [0x0000000085800000, 0x000000008ab00000, 0x00000000d7300000)
  object space 84992K, 85% used [0x0000000085800000,0x0000000089eaf980,0x000000008ab00000)
 Metaspace       used 8595K, capacity 8860K, committed 9088K, reserved 1056768K
  class space    used 946K, capacity 1044K, committed 1152K, reserved 1048576K
}
Event: 12.134 GC heap before
{Heap before GC invocations=6 (full 1):
 PSYoungGen      total 68608K, used 5088K [0x00000000d7300000, 0x00000000e2f00000, 0x0000000100000000)
  eden space 63488K, 0% used [0x00000000d7300000,0x00000000d7300000,0x00000000db100000)
  from space 5120K, 99% used [0x00000000db100000,0x00000000db5f8010,0x00000000db600000)
  to   space 32768K, 0% used [0x00000000e0f00000,0x00000000e0f00000,0x00000000e2f00000)
 ParOldGen       total 84992K, used 72382K [0x0000000085800000, 0x000000008ab00000, 0x00000000d7300000)
  object space 84992K, 85% used [0x0000000085800000,0x0000000089eaf980,0x000000008ab00000)
 Metaspace       used 8595K, capacity 8860K, committed 9088K, reserved 1056768K
  class space    used 946K, capacity 1044K, committed 1152K, reserved 1048576K

