# JRE version: Java(TM) SE Runtime Environment (8.0_211-b12) (build 1.8.0_211-b12)
# Java VM: Java HotSpot(TM) 64-Bit Server VM (25.211-b12 mixed mode linux-amd64 compressed oops)
Heap:
 PSYoungGen      total 197120K, used 103392K [0x00000000d7300000, 0x00000000edb00000, 0x0000000100000000)
  eden space 93696K, 0% used [0x00000000d7300000,0x00000000d7300000,0x00000000dce80000)
  from space 103424K, 99% used [0x00000000e4980000,0x00000000eae78030,0x00000000eae80000)
  to   space 125952K, 0% used [0x00000000dce80000,0x00000000dce80000,0x00000000e4980000)
 ParOldGen       total 197120K, used 173188K [0x0000000085800000, 0x0000000091880000, 0x00000000d7300000)
  object space 197120K, 87% used [0x0000000085800000,0x00000000901213a8,0x0000000091880000)
 Metaspace       used 9603K, capacity 9810K, committed 9984K, reserved 1058816K
  class space    used 1040K, capacity 1157K, committed 1280K, reserved 1048576K
GC Heap History (10 events):
Event: 6.584 GC heap after
Heap after GC invocations=8 (full 2):
 PSYoungGen      total 101888K, used 25504K [0x00000000d7300000, 0x00000000e1b00000, 0x0000000100000000)
  eden space 76288K, 0% used [0x00000000d7300000,0x00000000d7300000,0x00000000dbd80000)
  from space 25600K, 99% used [0x00000000e0200000,0x00000000e1ae8000,0x00000000e1b00000)
  to   space 43520K, 0% used [0x00000000dc600000,0x00000000dc600000,0x00000000df080000)
 ParOldGen       total 197120K, used 87660K [0x0000000085800000, 0x0000000091880000, 0x00000000d7300000)
  object space 197120K, 44% used [0x0000000085800000,0x000000008ad9b3a8,0x0000000091880000)
 Metaspace       used 9603K, capacity 9810K, committed 9984K, reserved 1058816K
  class space    used 1040K, capacity 1157K, committed 1280K, reserved 1048576K
}
Event: 7.298 GC heap before
{Heap before GC invocations=9 (full 2):
 PSYoungGen      total 101888K, used 101792K [0x00000000d7300000, 0x00000000e1b00000, 0x0000000100000000)
  eden space 76288K, 100% used [0x00000000d7300000,0x00000000dbd80000,0x00000000dbd80000)
  from space 25600K, 99% used [0x00000000e0200000,0x00000000e1ae8000,0x00000000e1b00000)
  to   space 43520K, 0% used [0x00000000dc600000,0x00000000dc600000,0x00000000df080000)
 ParOldGen       total 197120K, used 87660K [0x0000000085800000, 0x0000000091880000, 0x00000000d7300000)
  object space 197120K, 44% used [0x0000000085800000,0x000000008ad9b3a8,0x0000000091880000)
 Metaspace       used 9603K, capacity 9810K, committed 9984K, reserved 1058816K
  class space    used 1040K, capacity 1157K, committed 1280K, reserved 1048576K
Event: 7.356 GC heap after
Heap after GC invocations=9 (full 2):
 PSYoungGen      total 128512K, used 43488K [0x00000000d7300000, 0x00000000e5580000, 0x0000000100000000)
  eden space 84992K, 0% used [0x00000000d7300000,0x00000000d7300000,0x00000000dc600000)
  from space 43520K, 99% used [0x00000000dc600000,0x00000000df078030,0x00000000df080000)
  to   space 61952K, 0% used [0x00000000e1900000,0x00000000e1900000,0x00000000e5580000)
 ParOldGen       total 197120K, used 111492K [0x0000000085800000, 0x0000000091880000, 0x00000000d7300000)
  object space 197120K, 56% used [0x0000000085800000,0x000000008c4e13a8,0x0000000091880000)
 Metaspace       used 9603K, capacity 9810K, committed 9984K, reserved 1058816K
  class space    used 1040K, capacity 1157K, committed 1280K, reserved 1048576K
}
Event: 8.502 GC heap before
{Heap before GC invocations=10 (full 2):
 PSYoungGen      total 128512K, used 128480K [0x00000000d7300000, 0x00000000e5580000, 0x0000000100000000)
  eden space 84992K, 100% used [0x00000000d7300000,0x00000000dc600000,0x00000000dc600000)
  from space 43520K, 99% used [0x00000000dc600000,0x00000000df078030,0x00000000df080000)
  to   space 61952K, 0% used [0x00000000e1900000,0x00000000e1900000,0x00000000e5580000)
 ParOldGen       total 197120K, used 111492K [0x0000000085800000, 0x0000000091880000, 0x00000000d7300000)
  object space 197120K, 56% used [0x0000000085800000,0x000000008c4e13a8,0x0000000091880000)
 Metaspace       used 9603K, capacity 9810K, committed 9984K, reserved 1058816K
  class space    used 1040K, capacity 1157K, committed 1280K, reserved 1048576K
Event: 8.606 GC heap after
Heap after GC invocations=10 (full 2):
 PSYoungGen      total 151040K, used 61920K [0x00000000d7300000, 0x00000000e8a80000, 0x0000000100000000)
  eden space 89088K, 0% used [0x00000000d7300000,0x00000000d7300000,0x00000000dca00000)
  from space 61952K, 99% used [0x00000000e1900000,0x00000000e5578030,0x00000000e5580000)
  to   space 80896K, 0% used [0x00000000dca00000,0x00000000dca00000,0x00000000e1900000)
 ParOldGen       total 197120K, used 131988K [0x0000000085800000, 0x0000000091880000, 0x00000000d7300000)
  object space 197120K, 66% used [0x0000000085800000,0x000000008d8e53a8,0x0000000091880000)
 Metaspace       used 9603K, capacity 9810K, committed 9984K, reserved 1058816K
  class space    used 1040K, capacity 1157K, committed 1280K, reserved 1048576K
}
Event: 9.534 GC heap before
{Heap before GC invocations=11 (full 2):
 PSYoungGen      total 151040K, used 151008K [0x00000000d7300000, 0x00000000e8a80000, 0x0000000100000000)
  eden space 89088K, 100% used [0x00000000d7300000,0x00000000dca00000,0x00000000dca00000)
  from space 61952K, 99% used [0x00000000e1900000,0x00000000e5578030,0x00000000e5580000)
  to   space 80896K, 0% used [0x00000000dca00000,0x00000000dca00000,0x00000000e1900000)
 ParOldGen       total 197120K, used 131988K [0x0000000085800000, 0x0000000091880000, 0x00000000d7300000)
  object space 197120K, 66% used [0x0000000085800000,0x000000008d8e53a8,0x0000000091880000)
 Metaspace       used 9603K, capacity 9810K, committed 9984K, reserved 1058816K
  class space    used 1040K, capacity 1157K, committed 1280K, reserved 1048576K
Event: 9.626 GC heap after
Heap after GC invocations=11 (full 2):
 PSYoungGen      total 169984K, used 80864K [0x00000000d7300000, 0x00000000eae80000, 0x0000000100000000)
  eden space 89088K, 0% used [0x00000000d7300000,0x00000000d7300000,0x00000000dca00000)
  from space 80896K, 99% used [0x00000000dca00000,0x00000000e18f8030,0x00000000e1900000)
  to   space 103424K, 0% used [0x00000000e4980000,0x00000000e4980000,0x00000000eae80000)
 ParOldGen       total 197120K, used 154940K [0x0000000085800000, 0x0000000091880000, 0x00000000d7300000)
  object space 197120K, 78% used [0x0000000085800000,0x000000008ef4f3a8,0x0000000091880000)
 Metaspace       used 9603K, capacity 9810K, committed 9984K, reserved 1058816K
  class space    used 1040K, capacity 1157K, committed 1280K, reserved 1048576K
}
Event: 10.701 GC heap before
{Heap before GC invocations=12 (full 2):
 PSYoungGen      total 169984K, used 169952K [0x00000000d7300000, 0x00000000eae80000, 0x0000000100000000)
  eden space 89088K, 100% used [0x00000000d7300000,0x00000000dca00000,0x00000000dca00000)
  from space 80896K, 99% used [0x00000000dca00000,0x00000000e18f8030,0x00000000e1900000)
  to   space 103424K, 0% used [0x00000000e4980000,0x00000000e4980000,0x00000000eae80000)
 ParOldGen       total 197120K, used 154940K [0x0000000085800000, 0x0000000091880000, 0x00000000d7300000)
  object space 197120K, 78% used [0x0000000085800000,0x000000008ef4f3a8,0x0000000091880000)
 Metaspace       used 9603K, capacity 9810K, committed 9984K, reserved 1058816K
  class space    used 1040K, capacity 1157K, committed 1280K, reserved 1048576K
Event: 10.795 GC heap after
Heap after GC invocations=12 (full 2):
 PSYoungGen      total 197120K, used 103392K [0x00000000d7300000, 0x00000000edb00000, 0x0000000100000000)
  eden space 93696K, 0% used [0x00000000d7300000,0x00000000d7300000,0x00000000dce80000)
  from space 103424K, 99% used [0x00000000e4980000,0x00000000eae78030,0x00000000eae80000)
  to   space 125952K, 0% used [0x00000000dce80000,0x00000000dce80000,0x00000000e4980000)
 ParOldGen       total 197120K, used 173188K [0x0000000085800000, 0x0000000091880000, 0x00000000d7300000)
  object space 197120K, 87% used [0x0000000085800000,0x00000000901213a8,0x0000000091880000)
 Metaspace       used 9603K, capacity 9810K, committed 9984K, reserved 1058816K
  class space    used 1040K, capacity 1157K, committed 1280K, reserved 1048576K
}
Event: 10.795 GC heap before
{Heap before GC invocations=13 (full 3):
 PSYoungGen      total 197120K, used 103392K [0x00000000d7300000, 0x00000000edb00000, 0x0000000100000000)
  eden space 93696K, 0% used [0x00000000d7300000,0x00000000d7300000,0x00000000dce80000)
  from space 103424K, 99% used [0x00000000e4980000,0x00000000eae78030,0x00000000eae80000)
  to   space 125952K, 0% used [0x00000000dce80000,0x00000000dce80000,0x00000000e4980000)
 ParOldGen       total 197120K, used 173188K [0x0000000085800000, 0x0000000091880000, 0x00000000d7300000)
  object space 197120K, 87% used [0x0000000085800000,0x00000000901213a8,0x0000000091880000)
 Metaspace       used 9603K, capacity 9810K, committed 9984K, reserved 1058816K
  class space    used 1040K, capacity 1157K, committed 1280K, reserved 1048576K

