# JRE version: Java(TM) SE Runtime Environment (8.0_211-b12) (build 1.8.0_211-b12)
# Java VM: Java HotSpot(TM) 64-Bit Server VM (25.211-b12 mixed mode linux-amd64 compressed oops)
Heap:
 PSYoungGen      total 266752K, used 223486K [0x000000076bb00000, 0x000000079f580000, 0x00000007c0000000)
  eden space 43008K, 0% used [0x000000076bb00000,0x000000076bb00000,0x000000076e500000)
  from space 223744K, 99% used [0x000000076e500000,0x000000077bf3f8f8,0x000000077bf80000)
  to   space 397824K, 0% used [0x0000000787100000,0x0000000787100000,0x000000079f580000)
 ParOldGen       total 777728K, used 743240K [0x00000006c3000000, 0x00000006f2780000, 0x000000076bb00000)
  object space 777728K, 95% used [0x00000006c3000000,0x00000006f05d2048,0x00000006f2780000)
 Metaspace       used 8154K, capacity 8374K, committed 8448K, reserved 1056768K
  class space    used 871K, capacity 975K, committed 1024K, reserved 1048576K
GC Heap History (10 events):
Event: 11.931 GC heap after
Heap after GC invocations=30 (full 5):
 PSYoungGen      total 390656K, used 228736K [0x000000076bb00000, 0x0000000799980000, 0x00000007c0000000)
  eden space 61952K, 0% used [0x000000076bb00000,0x000000076bb00000,0x000000076f780000)
  from space 328704K, 69% used [0x000000076f780000,0x000000077d6e0000,0x0000000783880000)
  to   space 340480K, 0% used [0x0000000784d00000,0x0000000784d00000,0x0000000799980000)
 ParOldGen       total 777728K, used 599104K [0x00000006c3000000, 0x00000006f2780000, 0x000000076bb00000)
  object space 777728K, 77% used [0x00000006c3000000,0x00000006e7910048,0x00000006f2780000)
 Metaspace       used 8154K, capacity 8374K, committed 8448K, reserved 1056768K
  class space    used 871K, capacity 975K, committed 1024K, reserved 1048576K
}
Event: 12.030 GC heap before
{Heap before GC invocations=31 (full 5):
 PSYoungGen      total 390656K, used 290688K [0x000000076bb00000, 0x0000000799980000, 0x00000007c0000000)
  eden space 61952K, 100% used [0x000000076bb00000,0x000000076f780000,0x000000076f780000)
  from space 328704K, 69% used [0x000000076f780000,0x000000077d6e0000,0x0000000783880000)
  to   space 340480K, 0% used [0x0000000784d00000,0x0000000784d00000,0x0000000799980000)
 ParOldGen       total 777728K, used 599104K [0x00000006c3000000, 0x00000006f2780000, 0x000000076bb00000)
  object space 777728K, 77% used [0x00000006c3000000,0x00000006e7910048,0x00000006f2780000)
 Metaspace       used 8154K, capacity 8374K, committed 8448K, reserved 1056768K
  class space    used 871K, capacity 975K, committed 1024K, reserved 1048576K
Event: 12.201 GC heap after
Heap after GC invocations=31 (full 5):
 PSYoungGen      total 387072K, used 272670K [0x000000076bb00000, 0x000000079ca00000, 0x00000007c0000000)
  eden space 46592K, 0% used [0x000000076bb00000,0x000000076bb00000,0x000000076e880000)
  from space 340480K, 80% used [0x0000000784d00000,0x00000007957478f8,0x0000000799980000)
  to   space 365056K, 0% used [0x000000076e880000,0x000000076e880000,0x0000000784d00000)
 ParOldGen       total 777728K, used 599104K [0x00000006c3000000, 0x00000006f2780000, 0x000000076bb00000)
  object space 777728K, 77% used [0x00000006c3000000,0x00000006e7910048,0x00000006f2780000)
 Metaspace       used 8154K, capacity 8374K, committed 8448K, reserved 1056768K
  class space    used 871K, capacity 975K, committed 1024K, reserved 1048576K
}
Event: 12.290 GC heap before
{Heap before GC invocations=32 (full 5):
 PSYoungGen      total 387072K, used 319262K [0x000000076bb00000, 0x000000079ca00000, 0x00000007c0000000)
  eden space 46592K, 100% used [0x000000076bb00000,0x000000076e880000,0x000000076e880000)
  from space 340480K, 80% used [0x0000000784d00000,0x00000007957478f8,0x0000000799980000)
  to   space 365056K, 0% used [0x000000076e880000,0x000000076e880000,0x0000000784d00000)
 ParOldGen       total 777728K, used 599104K [0x00000006c3000000, 0x00000006f2780000, 0x000000076bb00000)
  object space 777728K, 77% used [0x00000006c3000000,0x00000006e7910048,0x00000006f2780000)
 Metaspace       used 8154K, capacity 8374K, committed 8448K, reserved 1056768K
  class space    used 871K, capacity 975K, committed 1024K, reserved 1048576K
Event: 12.465 GC heap after
Heap after GC invocations=32 (full 5):
 PSYoungGen      total 411648K, used 304894K [0x000000076bb00000, 0x000000079f580000, 0x00000007c0000000)
  eden space 46592K, 0% used [0x000000076bb00000,0x000000076bb00000,0x000000076e880000)
  from space 365056K, 83% used [0x000000076e880000,0x000000078123f8f8,0x0000000784d00000)
  to   space 395776K, 0% used [0x0000000787300000,0x0000000787300000,0x000000079f580000)
 ParOldGen       total 777728K, used 599104K [0x00000006c3000000, 0x00000006f2780000, 0x000000076bb00000)
  object space 777728K, 77% used [0x00000006c3000000,0x00000006e7910048,0x00000006f2780000)
 Metaspace       used 8154K, capacity 8374K, committed 8448K, reserved 1056768K
  class space    used 871K, capacity 975K, committed 1024K, reserved 1048576K
}
Event: 12.553 GC heap before
{Heap before GC invocations=33 (full 5):
 PSYoungGen      total 411648K, used 351486K [0x000000076bb00000, 0x000000079f580000, 0x00000007c0000000)
  eden space 46592K, 100% used [0x000000076bb00000,0x000000076e880000,0x000000076e880000)
  from space 365056K, 83% used [0x000000076e880000,0x000000078123f8f8,0x0000000784d00000)
  to   space 395776K, 0% used [0x0000000787300000,0x0000000787300000,0x000000079f580000)
 ParOldGen       total 777728K, used 599104K [0x00000006c3000000, 0x00000006f2780000, 0x000000076bb00000)
  object space 777728K, 77% used [0x00000006c3000000,0x00000006e7910048,0x00000006f2780000)
 Metaspace       used 8154K, capacity 8374K, committed 8448K, reserved 1056768K
  class space    used 871K, capacity 975K, committed 1024K, reserved 1048576K
Event: 12.815 GC heap after
Heap after GC invocations=33 (full 5):
 PSYoungGen      total 438784K, used 271006K [0x000000076bb00000, 0x00000007a0d00000, 0x00000007c0000000)
  eden space 43008K, 0% used [0x000000076bb00000,0x000000076bb00000,0x000000076e500000)
  from space 395776K, 68% used [0x0000000787300000,0x0000000797ba78f8,0x000000079f580000)
  to   space 407552K, 0% used [0x000000076e500000,0x000000076e500000,0x0000000787300000)
 ParOldGen       total 777728K, used 665648K [0x00000006c3000000, 0x00000006f2780000, 0x000000076bb00000)
  object space 777728K, 85% used [0x00000006c3000000,0x00000006eba0c048,0x00000006f2780000)
 Metaspace       used 8154K, capacity 8374K, committed 8448K, reserved 1056768K
  class space    used 871K, capacity 975K, committed 1024K, reserved 1048576K
}
Event: 13.125 GC heap before
{Heap before GC invocations=34 (full 5):
 PSYoungGen      total 438784K, used 314014K [0x000000076bb00000, 0x00000007a0d00000, 0x00000007c0000000)
  eden space 43008K, 100% used [0x000000076bb00000,0x000000076e500000,0x000000076e500000)
  from space 395776K, 68% used [0x0000000787300000,0x0000000797ba78f8,0x000000079f580000)
  to   space 407552K, 0% used [0x000000076e500000,0x000000076e500000,0x0000000787300000)
 ParOldGen       total 777728K, used 665648K [0x00000006c3000000, 0x00000006f2780000, 0x000000076bb00000)
  object space 777728K, 85% used [0x00000006c3000000,0x00000006eba0c048,0x00000006f2780000)
 Metaspace       used 8154K, capacity 8374K, committed 8448K, reserved 1056768K
  class space    used 871K, capacity 975K, committed 1024K, reserved 1048576K
Event: 13.329 GC heap after
Heap after GC invocations=34 (full 5):
 PSYoungGen      total 266752K, used 223486K [0x000000076bb00000, 0x000000079f580000, 0x00000007c0000000)
  eden space 43008K, 0% used [0x000000076bb00000,0x000000076bb00000,0x000000076e500000)
  from space 223744K, 99% used [0x000000076e500000,0x000000077bf3f8f8,0x000000077bf80000)
  to   space 397824K, 0% used [0x0000000787100000,0x0000000787100000,0x000000079f580000)
 ParOldGen       total 777728K, used 743240K [0x00000006c3000000, 0x00000006f2780000, 0x000000076bb00000)
  object space 777728K, 95% used [0x00000006c3000000,0x00000006f05d2048,0x00000006f2780000)
 Metaspace       used 8154K, capacity 8374K, committed 8448K, reserved 1056768K
  class space    used 871K, capacity 975K, committed 1024K, reserved 1048576K
}
Event: 13.329 GC heap before
{Heap before GC invocations=35 (full 6):
 PSYoungGen      total 266752K, used 223486K [0x000000076bb00000, 0x000000079f580000, 0x00000007c0000000)
  eden space 43008K, 0% used [0x000000076bb00000,0x000000076bb00000,0x000000076e500000)
  from space 223744K, 99% used [0x000000076e500000,0x000000077bf3f8f8,0x000000077bf80000)
  to   space 397824K, 0% used [0x0000000787100000,0x0000000787100000,0x000000079f580000)
 ParOldGen       total 777728K, used 743240K [0x00000006c3000000, 0x00000006f2780000, 0x000000076bb00000)
  object space 777728K, 95% used [0x00000006c3000000,0x00000006f05d2048,0x00000006f2780000)
 Metaspace       used 8154K, capacity 8374K, committed 8448K, reserved 1056768K
  class space    used 871K, capacity 975K, committed 1024K, reserved 1048576K

