# JRE version: Java(TM) SE Runtime Environment (8.0_211-b12) (build 1.8.0_211-b12)
# Java VM: Java HotSpot(TM) 64-Bit Server VM (25.211-b12 mixed mode linux-amd64 compressed oops)
Heap:
 PSYoungGen      total 414720K, used 192000K [0x00000000d7300000, 0x00000000fff80000, 0x0000000100000000)
  eden space 192000K, 100% used [0x00000000d7300000,0x00000000e2e80000,0x00000000e2e80000)
  from space 222720K, 0% used [0x00000000e2e80000,0x00000000e2e80000,0x00000000f0800000)
  to   space 222720K, 0% used [0x00000000f2600000,0x00000000f2600000,0x00000000fff80000)
 ParOldGen       total 1338368K, used 1333421K [0x0000000085800000, 0x00000000d7300000, 0x00000000d7300000)
  object space 1338368K, 99% used [0x0000000085800000,0x00000000d6e2b470,0x00000000d7300000)
 Metaspace       used 8463K, capacity 8662K, committed 8704K, reserved 1056768K
  class space    used 898K, capacity 1007K, committed 1024K, reserved 1048576K
GC Heap History (10 events):
Event: 13.801 GC heap after
Heap after GC invocations=27 (full 6):
 PSYoungGen      total 388608K, used 112137K [0x00000000d7300000, 0x00000000fe680000, 0x0000000100000000)
  eden space 165888K, 0% used [0x00000000d7300000,0x00000000d7300000,0x00000000e1500000)
  from space 222720K, 50% used [0x00000000e1500000,0x00000000e82826f0,0x00000000eee80000)
  to   space 222720K, 0% used [0x00000000f0d00000,0x00000000f0d00000,0x00000000fe680000)
 ParOldGen       total 1234944K, used 841068K [0x0000000085800000, 0x00000000d0e00000, 0x00000000d7300000)
  object space 1234944K, 68% used [0x0000000085800000,0x00000000b8d5b100,0x00000000d0e00000)
 Metaspace       used 8140K, capacity 8374K, committed 8448K, reserved 1056768K
  class space    used 871K, capacity 975K, committed 1024K, reserved 1048576K
}
Event: 14.178 GC heap before
{Heap before GC invocations=28 (full 6):
 PSYoungGen      total 388608K, used 278025K [0x00000000d7300000, 0x00000000fe680000, 0x0000000100000000)
  eden space 165888K, 100% used [0x00000000d7300000,0x00000000e1500000,0x00000000e1500000)
  from space 222720K, 50% used [0x00000000e1500000,0x00000000e82826f0,0x00000000eee80000)
  to   space 222720K, 0% used [0x00000000f0d00000,0x00000000f0d00000,0x00000000fe680000)
 ParOldGen       total 1234944K, used 841068K [0x0000000085800000, 0x00000000d0e00000, 0x00000000d7300000)
  object space 1234944K, 68% used [0x0000000085800000,0x00000000b8d5b100,0x00000000d0e00000)
 Metaspace       used 8140K, capacity 8374K, committed 8448K, reserved 1056768K
  class space    used 871K, capacity 975K, committed 1024K, reserved 1048576K
Event: 14.462 GC heap after
Heap after GC invocations=28 (full 6):
 PSYoungGen      total 409600K, used 115104K [0x00000000d7300000, 0x00000000fe180000, 0x0000000100000000)
  eden space 192000K, 0% used [0x00000000d7300000,0x00000000d7300000,0x00000000e2e80000)
  from space 217600K, 52% used [0x00000000f0d00000,0x00000000f7d68000,0x00000000fe180000)
  to   space 222720K, 0% used [0x00000000e2e80000,0x00000000e2e80000,0x00000000f0800000)
 ParOldGen       total 1234944K, used 953748K [0x0000000085800000, 0x00000000d0e00000, 0x00000000d7300000)
  object space 1234944K, 77% used [0x0000000085800000,0x00000000bfb65100,0x00000000d0e00000)
 Metaspace       used 8140K, capacity 8374K, committed 8448K, reserved 1056768K
  class space    used 871K, capacity 975K, committed 1024K, reserved 1048576K
}
Event: 14.769 GC heap before
{Heap before GC invocations=29 (full 6):
 PSYoungGen      total 409600K, used 307104K [0x00000000d7300000, 0x00000000fe180000, 0x0000000100000000)
  eden space 192000K, 100% used [0x00000000d7300000,0x00000000e2e80000,0x00000000e2e80000)
  from space 217600K, 52% used [0x00000000f0d00000,0x00000000f7d68000,0x00000000fe180000)
  to   space 222720K, 0% used [0x00000000e2e80000,0x00000000e2e80000,0x00000000f0800000)
 ParOldGen       total 1234944K, used 953748K [0x0000000085800000, 0x00000000d0e00000, 0x00000000d7300000)
  object space 1234944K, 77% used [0x0000000085800000,0x00000000bfb65100,0x00000000d0e00000)
 Metaspace       used 8140K, capacity 8374K, committed 8448K, reserved 1056768K
  class space    used 871K, capacity 975K, committed 1024K, reserved 1048576K
Event: 14.956 GC heap after
Heap after GC invocations=29 (full 6):
 PSYoungGen      total 414720K, used 133504K [0x00000000d7300000, 0x00000000fff80000, 0x0000000100000000)
  eden space 192000K, 0% used [0x00000000d7300000,0x00000000d7300000,0x00000000e2e80000)
  from space 222720K, 59% used [0x00000000e2e80000,0x00000000eb0e0000,0x00000000f0800000)
  to   space 222720K, 0% used [0x00000000f2600000,0x00000000f2600000,0x00000000fff80000)
 ParOldGen       total 1234944K, used 1069228K [0x0000000085800000, 0x00000000d0e00000, 0x00000000d7300000)
  object space 1234944K, 86% used [0x0000000085800000,0x00000000c6c2b100,0x00000000d0e00000)
 Metaspace       used 8140K, capacity 8374K, committed 8448K, reserved 1056768K
  class space    used 871K, capacity 975K, committed 1024K, reserved 1048576K
}
Event: 14.956 GC heap before
{Heap before GC invocations=30 (full 7):
 PSYoungGen      total 414720K, used 133504K [0x00000000d7300000, 0x00000000fff80000, 0x0000000100000000)
  eden space 192000K, 0% used [0x00000000d7300000,0x00000000d7300000,0x00000000e2e80000)
  from space 222720K, 59% used [0x00000000e2e80000,0x00000000eb0e0000,0x00000000f0800000)
  to   space 222720K, 0% used [0x00000000f2600000,0x00000000f2600000,0x00000000fff80000)
 ParOldGen       total 1234944K, used 1069228K [0x0000000085800000, 0x00000000d0e00000, 0x00000000d7300000)
  object space 1234944K, 86% used [0x0000000085800000,0x00000000c6c2b100,0x00000000d0e00000)
 Metaspace       used 8140K, capacity 8374K, committed 8448K, reserved 1056768K
  class space    used 871K, capacity 975K, committed 1024K, reserved 1048576K
Event: 17.373 GC heap after
Heap after GC invocations=30 (full 7):
 PSYoungGen      total 414720K, used 0K [0x00000000d7300000, 0x00000000fff80000, 0x0000000100000000)
  eden space 192000K, 0% used [0x00000000d7300000,0x00000000d7300000,0x00000000e2e80000)
  from space 222720K, 0% used [0x00000000e2e80000,0x00000000e2e80000,0x00000000f0800000)
  to   space 222720K, 0% used [0x00000000f2600000,0x00000000f2600000,0x00000000fff80000)
 ParOldGen       total 1338368K, used 1201440K [0x0000000085800000, 0x00000000d7300000, 0x00000000d7300000)
  object space 1338368K, 89% used [0x0000000085800000,0x00000000ced48280,0x00000000d7300000)
 Metaspace       used 8140K, capacity 8374K, committed 8448K, reserved 1056768K
  class space    used 871K, capacity 975K, committed 1024K, reserved 1048576K
}
Event: 17.811 GC heap before
{Heap before GC invocations=31 (full 8):
 PSYoungGen      total 414720K, used 192000K [0x00000000d7300000, 0x00000000fff80000, 0x0000000100000000)
  eden space 192000K, 100% used [0x00000000d7300000,0x00000000e2e80000,0x00000000e2e80000)
  from space 222720K, 0% used [0x00000000e2e80000,0x00000000e2e80000,0x00000000f0800000)
  to   space 222720K, 0% used [0x00000000f2600000,0x00000000f2600000,0x00000000fff80000)
 ParOldGen       total 1338368K, used 1201440K [0x0000000085800000, 0x00000000d7300000, 0x00000000d7300000)
  object space 1338368K, 89% used [0x0000000085800000,0x00000000ced48280,0x00000000d7300000)
 Metaspace       used 8140K, capacity 8374K, committed 8448K, reserved 1056768K
  class space    used 871K, capacity 975K, committed 1024K, reserved 1048576K
Event: 19.719 GC heap after
Heap after GC invocations=31 (full 8):
 PSYoungGen      total 414720K, used 0K [0x00000000d7300000, 0x00000000fff80000, 0x0000000100000000)
  eden space 192000K, 0% used [0x00000000d7300000,0x00000000d7300000,0x00000000e2e80000)
  from space 222720K, 0% used [0x00000000e2e80000,0x00000000e2e80000,0x00000000f0800000)
  to   space 222720K, 0% used [0x00000000f2600000,0x00000000f2600000,0x00000000fff80000)
 ParOldGen       total 1338368K, used 1333421K [0x0000000085800000, 0x00000000d7300000, 0x00000000d7300000)
  object space 1338368K, 99% used [0x0000000085800000,0x00000000d6e2b470,0x00000000d7300000)
 Metaspace       used 8140K, capacity 8374K, committed 8448K, reserved 1056768K
  class space    used 871K, capacity 975K, committed 1024K, reserved 1048576K
}
Event: 20.393 GC heap before
{Heap before GC invocations=32 (full 9):
 PSYoungGen      total 414720K, used 192000K [0x00000000d7300000, 0x00000000fff80000, 0x0000000100000000)
  eden space 192000K, 100% used [0x00000000d7300000,0x00000000e2e80000,0x00000000e2e80000)
  from space 222720K, 0% used [0x00000000e2e80000,0x00000000e2e80000,0x00000000f0800000)
  to   space 222720K, 0% used [0x00000000f2600000,0x00000000f2600000,0x00000000fff80000)
 ParOldGen       total 1338368K, used 1333421K [0x0000000085800000, 0x00000000d7300000, 0x00000000d7300000)
  object space 1338368K, 99% used [0x0000000085800000,0x00000000d6e2b470,0x00000000d7300000)
 Metaspace       used 8463K, capacity 8662K, committed 8704K, reserved 1056768K
  class space    used 898K, capacity 1007K, committed 1024K, reserved 1048576K

