# JRE version: Java(TM) SE Runtime Environment (8.0_211-b12) (build 1.8.0_211-b12)
# Java VM: Java HotSpot(TM) 64-Bit Server VM (25.211-b12 mixed mode linux-amd64 compressed oops)
Heap:
 PSYoungGen      total 396288K, used 206750K [0x00000000d7300000, 0x00000000fd080000, 0x0000000100000000)
  eden space 174592K, 0% used [0x00000000d7300000,0x00000000d7300000,0x00000000e1d80000)
  from space 221696K, 93% used [0x00000000ef800000,0x00000000fc1e78f8,0x00000000fd080000)
  to   space 222720K, 0% used [0x00000000e1d80000,0x00000000e1d80000,0x00000000ef700000)
 ParOldGen       total 695808K, used 664225K [0x0000000085800000, 0x00000000aff80000, 0x00000000d7300000)
  object space 695808K, 95% used [0x0000000085800000,0x00000000ae0a8750,0x00000000aff80000)
 Metaspace       used 8145K, capacity 8374K, committed 8448K, reserved 1056768K
  class space    used 871K, capacity 975K, committed 1024K, reserved 1048576K
GC Heap History (10 events):
Event: 5.890 GC heap after
Heap after GC invocations=18 (full 3):
 PSYoungGen      total 342016K, used 222697K [0x00000000d7300000, 0x00000000fbc00000, 0x0000000100000000)
  eden space 119296K, 0% used [0x00000000d7300000,0x00000000d7300000,0x00000000de780000)
  from space 222720K, 99% used [0x00000000de780000,0x00000000ec0fa798,0x00000000ec100000)
  to   space 222720K, 0% used [0x00000000ee280000,0x00000000ee280000,0x00000000fbc00000)
 ParOldGen       total 438784K, used 360355K [0x0000000085800000, 0x00000000a0480000, 0x00000000d7300000)
  object space 438784K, 82% used [0x0000000085800000,0x000000009b7e8fe0,0x00000000a0480000)
 Metaspace       used 8145K, capacity 8374K, committed 8448K, reserved 1056768K
  class space    used 871K, capacity 975K, committed 1024K, reserved 1048576K
}
Event: 5.890 GC heap before
{Heap before GC invocations=19 (full 4):
 PSYoungGen      total 342016K, used 222697K [0x00000000d7300000, 0x00000000fbc00000, 0x0000000100000000)
  eden space 119296K, 0% used [0x00000000d7300000,0x00000000d7300000,0x00000000de780000)
  from space 222720K, 99% used [0x00000000de780000,0x00000000ec0fa798,0x00000000ec100000)
  to   space 222720K, 0% used [0x00000000ee280000,0x00000000ee280000,0x00000000fbc00000)
 ParOldGen       total 438784K, used 360355K [0x0000000085800000, 0x00000000a0480000, 0x00000000d7300000)
  object space 438784K, 82% used [0x0000000085800000,0x000000009b7e8fe0,0x00000000a0480000)
 Metaspace       used 8145K, capacity 8374K, committed 8448K, reserved 1056768K
  class space    used 871K, capacity 975K, committed 1024K, reserved 1048576K
Event: 7.349 GC heap after
Heap after GC invocations=19 (full 4):
 PSYoungGen      total 342016K, used 143174K [0x00000000d7300000, 0x00000000fbc00000, 0x0000000100000000)
  eden space 119296K, 0% used [0x00000000d7300000,0x00000000d7300000,0x00000000de780000)
  from space 222720K, 64% used [0x00000000de780000,0x00000000e73518d0,0x00000000ec100000)
  to   space 222720K, 0% used [0x00000000ee280000,0x00000000ee280000,0x00000000fbc00000)
 ParOldGen       total 695808K, used 438577K [0x0000000085800000, 0x00000000aff80000, 0x00000000d7300000)
  object space 695808K, 63% used [0x0000000085800000,0x00000000a044c750,0x00000000aff80000)
 Metaspace       used 8145K, capacity 8374K, committed 8448K, reserved 1056768K
  class space    used 871K, capacity 975K, committed 1024K, reserved 1048576K
}
Event: 7.536 GC heap before
{Heap before GC invocations=20 (full 4):
 PSYoungGen      total 342016K, used 262470K [0x00000000d7300000, 0x00000000fbc00000, 0x0000000100000000)
  eden space 119296K, 100% used [0x00000000d7300000,0x00000000de780000,0x00000000de780000)
  from space 222720K, 64% used [0x00000000de780000,0x00000000e73518d0,0x00000000ec100000)
  to   space 222720K, 0% used [0x00000000ee280000,0x00000000ee280000,0x00000000fbc00000)
 ParOldGen       total 695808K, used 438577K [0x0000000085800000, 0x00000000aff80000, 0x00000000d7300000)
  object space 695808K, 63% used [0x0000000085800000,0x00000000a044c750,0x00000000aff80000)
 Metaspace       used 8145K, capacity 8374K, committed 8448K, reserved 1056768K
  class space    used 871K, capacity 975K, committed 1024K, reserved 1048576K
Event: 7.721 GC heap after
Heap after GC invocations=20 (full 4):
 PSYoungGen      total 367104K, used 202526K [0x00000000d7300000, 0x00000000fb780000, 0x0000000100000000)
  eden space 148992K, 0% used [0x00000000d7300000,0x00000000d7300000,0x00000000e0480000)
  from space 218112K, 92% used [0x00000000ee280000,0x00000000fa847b58,0x00000000fb780000)
  to   space 222720K, 0% used [0x00000000e0480000,0x00000000e0480000,0x00000000ede00000)
 ParOldGen       total 695808K, used 462457K [0x0000000085800000, 0x00000000aff80000, 0x00000000d7300000)
  object space 695808K, 66% used [0x0000000085800000,0x00000000a1b9e750,0x00000000aff80000)
 Metaspace       used 8145K, capacity 8374K, committed 8448K, reserved 1056768K
  class space    used 871K, capacity 975K, committed 1024K, reserved 1048576K
}
Event: 7.932 GC heap before
{Heap before GC invocations=21 (full 4):
 PSYoungGen      total 367104K, used 351518K [0x00000000d7300000, 0x00000000fb780000, 0x0000000100000000)
  eden space 148992K, 100% used [0x00000000d7300000,0x00000000e0480000,0x00000000e0480000)
  from space 218112K, 92% used [0x00000000ee280000,0x00000000fa847b58,0x00000000fb780000)
  to   space 222720K, 0% used [0x00000000e0480000,0x00000000e0480000,0x00000000ede00000)
 ParOldGen       total 695808K, used 462457K [0x0000000085800000, 0x00000000aff80000, 0x00000000d7300000)
  object space 695808K, 66% used [0x0000000085800000,0x00000000a1b9e750,0x00000000aff80000)
 Metaspace       used 8145K, capacity 8374K, committed 8448K, reserved 1056768K
  class space    used 871K, capacity 975K, committed 1024K, reserved 1048576K
Event: 8.127 GC heap after
Heap after GC invocations=21 (full 4):
 PSYoungGen      total 371712K, used 212926K [0x00000000d7300000, 0x00000000fd180000, 0x0000000100000000)
  eden space 148992K, 0% used [0x00000000d7300000,0x00000000d7300000,0x00000000e0480000)
  from space 222720K, 95% used [0x00000000e0480000,0x00000000ed46fb58,0x00000000ede00000)
  to   space 222720K, 0% used [0x00000000ef800000,0x00000000ef800000,0x00000000fd180000)
 ParOldGen       total 695808K, used 554785K [0x0000000085800000, 0x00000000aff80000, 0x00000000d7300000)
  object space 695808K, 79% used [0x0000000085800000,0x00000000a75c8750,0x00000000aff80000)
 Metaspace       used 8145K, capacity 8374K, committed 8448K, reserved 1056768K
  class space    used 871K, capacity 975K, committed 1024K, reserved 1048576K
}
Event: 8.668 GC heap before
{Heap before GC invocations=22 (full 4):
 PSYoungGen      total 371712K, used 361918K [0x00000000d7300000, 0x00000000fd180000, 0x0000000100000000)
  eden space 148992K, 100% used [0x00000000d7300000,0x00000000e0480000,0x00000000e0480000)
  from space 222720K, 95% used [0x00000000e0480000,0x00000000ed46fb58,0x00000000ede00000)
  to   space 222720K, 0% used [0x00000000ef800000,0x00000000ef800000,0x00000000fd180000)
 ParOldGen       total 695808K, used 554785K [0x0000000085800000, 0x00000000aff80000, 0x00000000d7300000)
  object space 695808K, 79% used [0x0000000085800000,0x00000000a75c8750,0x00000000aff80000)
 Metaspace       used 8145K, capacity 8374K, committed 8448K, reserved 1056768K
  class space    used 871K, capacity 975K, committed 1024K, reserved 1048576K
Event: 8.856 GC heap after
Heap after GC invocations=22 (full 4):
 PSYoungGen      total 396288K, used 206750K [0x00000000d7300000, 0x00000000fd080000, 0x0000000100000000)
  eden space 174592K, 0% used [0x00000000d7300000,0x00000000d7300000,0x00000000e1d80000)
  from space 221696K, 93% used [0x00000000ef800000,0x00000000fc1e78f8,0x00000000fd080000)
  to   space 222720K, 0% used [0x00000000e1d80000,0x00000000e1d80000,0x00000000ef700000)
 ParOldGen       total 695808K, used 664225K [0x0000000085800000, 0x00000000aff80000, 0x00000000d7300000)
  object space 695808K, 95% used [0x0000000085800000,0x00000000ae0a8750,0x00000000aff80000)
 Metaspace       used 8145K, capacity 8374K, committed 8448K, reserved 1056768K
  class space    used 871K, capacity 975K, committed 1024K, reserved 1048576K
}
Event: 8.856 GC heap before
{Heap before GC invocations=23 (full 5):
 PSYoungGen      total 396288K, used 206750K [0x00000000d7300000, 0x00000000fd080000, 0x0000000100000000)
  eden space 174592K, 0% used [0x00000000d7300000,0x00000000d7300000,0x00000000e1d80000)
  from space 221696K, 93% used [0x00000000ef800000,0x00000000fc1e78f8,0x00000000fd080000)
  to   space 222720K, 0% used [0x00000000e1d80000,0x00000000e1d80000,0x00000000ef700000)
 ParOldGen       total 695808K, used 664225K [0x0000000085800000, 0x00000000aff80000, 0x00000000d7300000)
  object space 695808K, 95% used [0x0000000085800000,0x00000000ae0a8750,0x00000000aff80000)
 Metaspace       used 8145K, capacity 8374K, committed 8448K, reserved 1056768K
  class space    used 871K, capacity 975K, committed 1024K, reserved 1048576K

