# JRE version: Java(TM) SE Runtime Environment (8.0_211-b12) (build 1.8.0_211-b12)
# Java VM: Java HotSpot(TM) 64-Bit Server VM (25.211-b12 mixed mode linux-amd64 compressed oops)
Heap:
 PSYoungGen      total 307712K, used 103505K [0x00000000d7300000, 0x00000000f7700000, 0x0000000100000000)
  eden space 95232K, 0% used [0x00000000d7300000,0x00000000d7300000,0x00000000dd000000)
  from space 212480K, 48% used [0x00000000ea780000,0x00000000f0c945b8,0x00000000f7700000)
  to   space 216576K, 0% used [0x00000000dd000000,0x00000000dd000000,0x00000000ea380000)
 ParOldGen       total 529408K, used 479077K [0x0000000085800000, 0x00000000a5d00000, 0x00000000d7300000)
  object space 529408K, 90% used [0x0000000085800000,0x00000000a2bd9618,0x00000000a5d00000)
 Metaspace       used 8066K, capacity 8310K, committed 8448K, reserved 1056768K
  class space    used 867K, capacity 975K, committed 1024K, reserved 1048576K
GC Heap History (10 events):
Event: 4.149 GC heap after
Heap after GC invocations=11 (full 2):
 PSYoungGen      total 242688K, used 158183K [0x00000000d7300000, 0x00000000f5480000, 0x0000000100000000)
  eden space 84480K, 0% used [0x00000000d7300000,0x00000000d7300000,0x00000000dc580000)
  from space 158208K, 99% used [0x00000000dc580000,0x00000000e5ff9e00,0x00000000e6000000)
  to   space 194560K, 0% used [0x00000000e9680000,0x00000000e9680000,0x00000000f5480000)
 ParOldGen       total 338432K, used 264656K [0x0000000085800000, 0x000000009a280000, 0x00000000d7300000)
  object space 338432K, 78% used [0x0000000085800000,0x0000000095a741e8,0x000000009a280000)
 Metaspace       used 8066K, capacity 8310K, committed 8448K, reserved 1056768K
  class space    used 867K, capacity 975K, committed 1024K, reserved 1048576K
}
Event: 4.279 GC heap before
{Heap before GC invocations=12 (full 2):
 PSYoungGen      total 242688K, used 242663K [0x00000000d7300000, 0x00000000f5480000, 0x0000000100000000)
  eden space 84480K, 100% used [0x00000000d7300000,0x00000000dc580000,0x00000000dc580000)
  from space 158208K, 99% used [0x00000000dc580000,0x00000000e5ff9e00,0x00000000e6000000)
  to   space 194560K, 0% used [0x00000000e9680000,0x00000000e9680000,0x00000000f5480000)
 ParOldGen       total 338432K, used 264656K [0x0000000085800000, 0x000000009a280000, 0x00000000d7300000)
  object space 338432K, 78% used [0x0000000085800000,0x0000000095a741e8,0x000000009a280000)
 Metaspace       used 8066K, capacity 8310K, committed 8448K, reserved 1056768K
  class space    used 867K, capacity 975K, committed 1024K, reserved 1048576K
Event: 4.428 GC heap after
Heap after GC invocations=12 (full 2):
 PSYoungGen      total 270336K, used 194535K [0x00000000d7300000, 0x00000000f8d00000, 0x0000000100000000)
  eden space 75776K, 0% used [0x00000000d7300000,0x00000000d7300000,0x00000000dbd00000)
  from space 194560K, 99% used [0x00000000e9680000,0x00000000f5479e00,0x00000000f5480000)
  to   space 222720K, 0% used [0x00000000dbd00000,0x00000000dbd00000,0x00000000e9680000)
 ParOldGen       total 338432K, used 285384K [0x0000000085800000, 0x000000009a280000, 0x00000000d7300000)
  object space 338432K, 84% used [0x0000000085800000,0x0000000096eb21e8,0x000000009a280000)
 Metaspace       used 8066K, capacity 8310K, committed 8448K, reserved 1056768K
  class space    used 867K, capacity 975K, committed 1024K, reserved 1048576K
}
Event: 4.428 GC heap before
{Heap before GC invocations=13 (full 3):
 PSYoungGen      total 270336K, used 194535K [0x00000000d7300000, 0x00000000f8d00000, 0x0000000100000000)
  eden space 75776K, 0% used [0x00000000d7300000,0x00000000d7300000,0x00000000dbd00000)
  from space 194560K, 99% used [0x00000000e9680000,0x00000000f5479e00,0x00000000f5480000)
  to   space 222720K, 0% used [0x00000000dbd00000,0x00000000dbd00000,0x00000000e9680000)
 ParOldGen       total 338432K, used 285384K [0x0000000085800000, 0x000000009a280000, 0x00000000d7300000)
  object space 338432K, 84% used [0x0000000085800000,0x0000000096eb21e8,0x000000009a280000)
 Metaspace       used 8066K, capacity 8310K, committed 8448K, reserved 1056768K
  class space    used 867K, capacity 975K, committed 1024K, reserved 1048576K
Event: 5.789 GC heap after
Heap after GC invocations=13 (full 3):
 PSYoungGen      total 270336K, used 140121K [0x00000000d7300000, 0x00000000f8d00000, 0x0000000100000000)
  eden space 75776K, 0% used [0x00000000d7300000,0x00000000d7300000,0x00000000dbd00000)
  from space 194560K, 72% used [0x00000000e9680000,0x00000000f1f565e0,0x00000000f5480000)
  to   space 222720K, 0% used [0x00000000dbd00000,0x00000000dbd00000,0x00000000e9680000)
 ParOldGen       total 529408K, used 338365K [0x0000000085800000, 0x00000000a5d00000, 0x00000000d7300000)
  object space 529408K, 63% used [0x0000000085800000,0x000000009a26f618,0x00000000a5d00000)
 Metaspace       used 8066K, capacity 8310K, committed 8448K, reserved 1056768K
  class space    used 867K, capacity 975K, committed 1024K, reserved 1048576K
}
Event: 5.889 GC heap before
{Heap before GC invocations=14 (full 3):
 PSYoungGen      total 270336K, used 215897K [0x00000000d7300000, 0x00000000f8d00000, 0x0000000100000000)
  eden space 75776K, 100% used [0x00000000d7300000,0x00000000dbd00000,0x00000000dbd00000)
  from space 194560K, 72% used [0x00000000e9680000,0x00000000f1f565e0,0x00000000f5480000)
  to   space 222720K, 0% used [0x00000000dbd00000,0x00000000dbd00000,0x00000000e9680000)
 ParOldGen       total 529408K, used 338365K [0x0000000085800000, 0x00000000a5d00000, 0x00000000d7300000)
  object space 529408K, 63% used [0x0000000085800000,0x000000009a26f618,0x00000000a5d00000)
 Metaspace       used 8066K, capacity 8310K, committed 8448K, reserved 1056768K
  class space    used 867K, capacity 975K, committed 1024K, reserved 1048576K
Event: 6.088 GC heap after
Heap after GC invocations=14 (full 3):
 PSYoungGen      total 298496K, used 112385K [0x00000000d7300000, 0x00000000f8100000, 0x0000000100000000)
  eden space 75776K, 0% used [0x00000000d7300000,0x00000000d7300000,0x00000000dbd00000)
  from space 222720K, 50% used [0x00000000dbd00000,0x00000000e2ac05c8,0x00000000e9680000)
  to   space 222720K, 0% used [0x00000000ea780000,0x00000000ea780000,0x00000000f8100000)
 ParOldGen       total 529408K, used 418277K [0x0000000085800000, 0x00000000a5d00000, 0x00000000d7300000)
  object space 529408K, 79% used [0x0000000085800000,0x000000009f079618,0x00000000a5d00000)
 Metaspace       used 8066K, capacity 8310K, committed 8448K, reserved 1056768K
  class space    used 867K, capacity 975K, committed 1024K, reserved 1048576K
}
Event: 6.177 GC heap before
{Heap before GC invocations=15 (full 3):
 PSYoungGen      total 298496K, used 188161K [0x00000000d7300000, 0x00000000f8100000, 0x0000000100000000)
  eden space 75776K, 100% used [0x00000000d7300000,0x00000000dbd00000,0x00000000dbd00000)
  from space 222720K, 50% used [0x00000000dbd00000,0x00000000e2ac05c8,0x00000000e9680000)
  to   space 222720K, 0% used [0x00000000ea780000,0x00000000ea780000,0x00000000f8100000)
 ParOldGen       total 529408K, used 418277K [0x0000000085800000, 0x00000000a5d00000, 0x00000000d7300000)
  object space 529408K, 79% used [0x0000000085800000,0x000000009f079618,0x00000000a5d00000)
 Metaspace       used 8066K, capacity 8310K, committed 8448K, reserved 1056768K
  class space    used 867K, capacity 975K, committed 1024K, reserved 1048576K
Event: 6.302 GC heap after
Heap after GC invocations=15 (full 3):
 PSYoungGen      total 307712K, used 103505K [0x00000000d7300000, 0x00000000f7700000, 0x0000000100000000)
  eden space 95232K, 0% used [0x00000000d7300000,0x00000000d7300000,0x00000000dd000000)
  from space 212480K, 48% used [0x00000000ea780000,0x00000000f0c945b8,0x00000000f7700000)
  to   space 216576K, 0% used [0x00000000dd000000,0x00000000dd000000,0x00000000ea380000)
 ParOldGen       total 529408K, used 479077K [0x0000000085800000, 0x00000000a5d00000, 0x00000000d7300000)
  object space 529408K, 90% used [0x0000000085800000,0x00000000a2bd9618,0x00000000a5d00000)
 Metaspace       used 8066K, capacity 8310K, committed 8448K, reserved 1056768K
  class space    used 867K, capacity 975K, committed 1024K, reserved 1048576K
}
Event: 6.302 GC heap before
{Heap before GC invocations=16 (full 4):
 PSYoungGen      total 307712K, used 103505K [0x00000000d7300000, 0x00000000f7700000, 0x0000000100000000)
  eden space 95232K, 0% used [0x00000000d7300000,0x00000000d7300000,0x00000000dd000000)
  from space 212480K, 48% used [0x00000000ea780000,0x00000000f0c945b8,0x00000000f7700000)
  to   space 216576K, 0% used [0x00000000dd000000,0x00000000dd000000,0x00000000ea380000)
 ParOldGen       total 529408K, used 479077K [0x0000000085800000, 0x00000000a5d00000, 0x00000000d7300000)
  object space 529408K, 90% used [0x0000000085800000,0x00000000a2bd9618,0x00000000a5d00000)
 Metaspace       used 8066K, capacity 8310K, committed 8448K, reserved 1056768K
  class space    used 867K, capacity 975K, committed 1024K, reserved 1048576K

