# JRE version: Java(TM) SE Runtime Environment (8.0_211-b12) (build 1.8.0_211-b12)
# Java VM: Java HotSpot(TM) 64-Bit Server VM (25.211-b12 mixed mode linux-amd64 compressed oops)
Heap:
 PSYoungGen      total 254464K, used 236170K [0x00000000d7300000, 0x00000000eb500000, 0x0000000100000000)
  eden space 196608K, 100% used [0x00000000d7300000,0x00000000e3300000,0x00000000e3300000)
  from space 57856K, 68% used [0x00000000e3300000,0x00000000e59a2aa8,0x00000000e6b80000)
  to   space 59392K, 15% used [0x00000000e7b00000,0x00000000e8430d28,0x00000000eb500000)
 ParOldGen       total 160768K, used 72428K [0x0000000085800000, 0x000000008f500000, 0x00000000d7300000)
  object space 160768K, 45% used [0x0000000085800000,0x0000000089ebb128,0x000000008f500000)
 Metaspace       used 24641K, capacity 26098K, committed 26368K, reserved 1071104K
  class space    used 4266K, capacity 4577K, committed 4608K, reserved 1048576K
GC Heap History (10 events):
Event: 70.379 GC heap after
Heap after GC invocations=11 (full 2):
 PSYoungGen      total 216064K, used 36780K [0x00000000d7300000, 0x00000000e8600000, 0x0000000100000000)
  eden space 179200K, 0% used [0x00000000d7300000,0x00000000d7300000,0x00000000e2200000)
  from space 36864K, 99% used [0x00000000e3380000,0x00000000e576b190,0x00000000e5780000)
  to   space 47616K, 0% used [0x00000000e5780000,0x00000000e5780000,0x00000000e8600000)
 ParOldGen       total 160768K, used 72396K [0x0000000085800000, 0x000000008f500000, 0x00000000d7300000)
  object space 160768K, 45% used [0x0000000085800000,0x0000000089eb3128,0x000000008f500000)
 Metaspace       used 23675K, capacity 25130K, committed 25344K, reserved 1071104K
  class space    used 4263K, capacity 4577K, committed 4608K, reserved 1048576K
}
Event: 113.946 GC heap before
{Heap before GC invocations=12 (full 2):
 PSYoungGen      total 216064K, used 215980K [0x00000000d7300000, 0x00000000e8600000, 0x0000000100000000)
  eden space 179200K, 100% used [0x00000000d7300000,0x00000000e2200000,0x00000000e2200000)
  from space 36864K, 99% used [0x00000000e3380000,0x00000000e576b190,0x00000000e5780000)
  to   space 47616K, 0% used [0x00000000e5780000,0x00000000e5780000,0x00000000e8600000)
 ParOldGen       total 160768K, used 72396K [0x0000000085800000, 0x000000008f500000, 0x00000000d7300000)
  object space 160768K, 45% used [0x0000000085800000,0x0000000089eb3128,0x000000008f500000)
 Metaspace       used 23966K, capacity 25450K, committed 25600K, reserved 1071104K
  class space    used 4263K, capacity 4577K, committed 4608K, reserved 1048576K
Event: 113.987 GC heap after
Heap after GC invocations=12 (full 2):
 PSYoungGen      total 227840K, used 37061K [0x00000000d7300000, 0x00000000ea300000, 0x0000000100000000)
  eden space 180224K, 0% used [0x00000000d7300000,0x00000000d7300000,0x00000000e2300000)
  from space 47616K, 77% used [0x00000000e5780000,0x00000000e7bb1530,0x00000000e8600000)
  to   space 53760K, 0% used [0x00000000e2300000,0x00000000e2300000,0x00000000e5780000)
 ParOldGen       total 160768K, used 72404K [0x0000000085800000, 0x000000008f500000, 0x00000000d7300000)
  object space 160768K, 45% used [0x0000000085800000,0x0000000089eb5128,0x000000008f500000)
 Metaspace       used 23966K, capacity 25450K, committed 25600K, reserved 1071104K
  class space    used 4263K, capacity 4577K, committed 4608K, reserved 1048576K
}
Event: 154.166 GC heap before
{Heap before GC invocations=13 (full 2):
 PSYoungGen      total 227840K, used 217285K [0x00000000d7300000, 0x00000000ea300000, 0x0000000100000000)
  eden space 180224K, 100% used [0x00000000d7300000,0x00000000e2300000,0x00000000e2300000)
  from space 47616K, 77% used [0x00000000e5780000,0x00000000e7bb1530,0x00000000e8600000)
  to   space 53760K, 0% used [0x00000000e2300000,0x00000000e2300000,0x00000000e5780000)
 ParOldGen       total 160768K, used 72404K [0x0000000085800000, 0x000000008f500000, 0x00000000d7300000)
  object space 160768K, 45% used [0x0000000085800000,0x0000000089eb5128,0x000000008f500000)
 Metaspace       used 24197K, capacity 25706K, committed 25856K, reserved 1071104K
  class space    used 4264K, capacity 4577K, committed 4608K, reserved 1048576K
Event: 154.192 GC heap after
Heap after GC invocations=13 (full 2):
 PSYoungGen      total 233984K, used 38775K [0x00000000d7300000, 0x00000000ea480000, 0x0000000100000000)
  eden space 180224K, 0% used [0x00000000d7300000,0x00000000d7300000,0x00000000e2300000)
  from space 53760K, 72% used [0x00000000e2300000,0x00000000e48ddde8,0x00000000e5780000)
  to   space 56320K, 0% used [0x00000000e6d80000,0x00000000e6d80000,0x00000000ea480000)
 ParOldGen       total 160768K, used 72412K [0x0000000085800000, 0x000000008f500000, 0x00000000d7300000)
  object space 160768K, 45% used [0x0000000085800000,0x0000000089eb7128,0x000000008f500000)
 Metaspace       used 24197K, capacity 25706K, committed 25856K, reserved 1071104K
  class space    used 4264K, capacity 4577K, committed 4608K, reserved 1048576K
}
Event: 194.900 GC heap before
{Heap before GC invocations=14 (full 2):
 PSYoungGen      total 233984K, used 218946K [0x00000000d7300000, 0x00000000ea480000, 0x0000000100000000)
  eden space 180224K, 99% used [0x00000000d7300000,0x00000000e22f2af8,0x00000000e2300000)
  from space 53760K, 72% used [0x00000000e2300000,0x00000000e48ddde8,0x00000000e5780000)
  to   space 56320K, 0% used [0x00000000e6d80000,0x00000000e6d80000,0x00000000ea480000)
 ParOldGen       total 160768K, used 72412K [0x0000000085800000, 0x000000008f500000, 0x00000000d7300000)
  object space 160768K, 45% used [0x0000000085800000,0x0000000089eb7128,0x000000008f500000)
 Metaspace       used 24334K, capacity 25770K, committed 25856K, reserved 1071104K
  class space    used 4264K, capacity 4577K, committed 4608K, reserved 1048576K
Event: 194.932 GC heap after
Heap after GC invocations=14 (full 2):
 PSYoungGen      total 252416K, used 38485K [0x00000000d7300000, 0x00000000ea400000, 0x0000000100000000)
  eden space 196608K, 0% used [0x00000000d7300000,0x00000000d7300000,0x00000000e3300000)
  from space 55808K, 68% used [0x00000000e6d80000,0x00000000e93157d8,0x00000000ea400000)
  to   space 57856K, 0% used [0x00000000e3300000,0x00000000e3300000,0x00000000e6b80000)
 ParOldGen       total 160768K, used 72420K [0x0000000085800000, 0x000000008f500000, 0x00000000d7300000)
  object space 160768K, 45% used [0x0000000085800000,0x0000000089eb9128,0x000000008f500000)
 Metaspace       used 24334K, capacity 25770K, committed 25856K, reserved 1071104K
  class space    used 4264K, capacity 4577K, committed 4608K, reserved 1048576K
}
Event: 242.035 GC heap before
{Heap before GC invocations=15 (full 2):
 PSYoungGen      total 252416K, used 235093K [0x00000000d7300000, 0x00000000ea400000, 0x0000000100000000)
  eden space 196608K, 100% used [0x00000000d7300000,0x00000000e3300000,0x00000000e3300000)
  from space 55808K, 68% used [0x00000000e6d80000,0x00000000e93157d8,0x00000000ea400000)
  to   space 57856K, 0% used [0x00000000e3300000,0x00000000e3300000,0x00000000e6b80000)
 ParOldGen       total 160768K, used 72420K [0x0000000085800000, 0x000000008f500000, 0x00000000d7300000)
  object space 160768K, 45% used [0x0000000085800000,0x0000000089eb9128,0x000000008f500000)
 Metaspace       used 24502K, capacity 25970K, committed 26112K, reserved 1071104K
  class space    used 4266K, capacity 4577K, committed 4608K, reserved 1048576K
Event: 242.059 GC heap after
Heap after GC invocations=15 (full 2):
 PSYoungGen      total 254464K, used 39562K [0x00000000d7300000, 0x00000000eb500000, 0x0000000100000000)
  eden space 196608K, 0% used [0x00000000d7300000,0x00000000d7300000,0x00000000e3300000)
  from space 57856K, 68% used [0x00000000e3300000,0x00000000e59a2aa8,0x00000000e6b80000)
  to   space 59392K, 0% used [0x00000000e7b00000,0x00000000e7b00000,0x00000000eb500000)
 ParOldGen       total 160768K, used 72428K [0x0000000085800000, 0x000000008f500000, 0x00000000d7300000)
  object space 160768K, 45% used [0x0000000085800000,0x0000000089ebb128,0x000000008f500000)
 Metaspace       used 24502K, capacity 25970K, committed 26112K, reserved 1071104K
  class space    used 4266K, capacity 4577K, committed 4608K, reserved 1048576K
}
Event: 287.102 GC heap before
{Heap before GC invocations=16 (full 2):
 PSYoungGen      total 254464K, used 236170K [0x00000000d7300000, 0x00000000eb500000, 0x0000000100000000)
  eden space 196608K, 100% used [0x00000000d7300000,0x00000000e3300000,0x00000000e3300000)
  from space 57856K, 68% used [0x00000000e3300000,0x00000000e59a2aa8,0x00000000e6b80000)
  to   space 59392K, 0% used [0x00000000e7b00000,0x00000000e7b00000,0x00000000eb500000)
 ParOldGen       total 160768K, used 72428K [0x0000000085800000, 0x000000008f500000, 0x00000000d7300000)
  object space 160768K, 45% used [0x0000000085800000,0x0000000089ebb128,0x000000008f500000)
 Metaspace       used 24641K, capacity 26098K, committed 26368K, reserved 1071104K
  class space    used 4266K, capacity 4577K, committed 4608K, reserved 1048576K

