# JRE version: Java(TM) SE Runtime Environment (8.0_211-b12) (build 1.8.0_211-b12)
# Java VM: Java HotSpot(TM) 64-Bit Server VM (25.211-b12 mixed mode linux-amd64 compressed oops)
Heap:
 PSYoungGen      total 446976K, used 272089K [0x00000000d7300000, 0x0000000100000000, 0x0000000100000000)
  eden space 228352K, 100% used [0x00000000d7300000,0x00000000e5200000,0x00000000e5200000)
  from space 218624K, 20% used [0x00000000f2280000,0x00000000f4d36520,0x00000000ff800000)
  to   space 213504K, 30% used [0x00000000e5200000,0x00000000e90f1850,0x00000000f2280000)
 ParOldGen       total 846848K, used 641663K [0x0000000085800000, 0x00000000b9300000, 0x00000000d7300000)
  object space 846848K, 75% used [0x0000000085800000,0x00000000acaa1d78,0x00000000b9300000)
 Metaspace       used 10238K, capacity 10546K, committed 10752K, reserved 1058816K
  class space    used 1063K, capacity 1189K, committed 1280K, reserved 1048576K
GC Heap History (10 events):
Event: 17.480 GC heap after
Heap after GC invocations=19 (full 5):
 PSYoungGen      total 445952K, used 13604K [0x00000000d7300000, 0x0000000100000000, 0x0000000100000000)
  eden space 223232K, 0% used [0x00000000d7300000,0x00000000d7300000,0x00000000e4d00000)
  from space 222720K, 6% used [0x00000000f2680000,0x00000000f33c9048,0x0000000100000000)
  to   space 222720K, 0% used [0x00000000e4d00000,0x00000000e4d00000,0x00000000f2680000)
 ParOldGen       total 846848K, used 586983K [0x0000000085800000, 0x00000000b9300000, 0x00000000d7300000)
  object space 846848K, 69% used [0x0000000085800000,0x00000000a9539d48,0x00000000b9300000)
 Metaspace       used 9917K, capacity 10226K, committed 10496K, reserved 1058816K
  class space    used 1050K, capacity 1189K, committed 1280K, reserved 1048576K
}
Event: 24.773 GC heap before
{Heap before GC invocations=20 (full 5):
 PSYoungGen      total 445952K, used 236836K [0x00000000d7300000, 0x0000000100000000, 0x0000000100000000)
  eden space 223232K, 100% used [0x00000000d7300000,0x00000000e4d00000,0x00000000e4d00000)
  from space 222720K, 6% used [0x00000000f2680000,0x00000000f33c9048,0x0000000100000000)
  to   space 222720K, 0% used [0x00000000e4d00000,0x00000000e4d00000,0x00000000f2680000)
 ParOldGen       total 846848K, used 586983K [0x0000000085800000, 0x00000000b9300000, 0x00000000d7300000)
  object space 846848K, 69% used [0x0000000085800000,0x00000000a9539d48,0x00000000b9300000)
 Metaspace       used 10093K, capacity 10354K, committed 10496K, reserved 1058816K
  class space    used 1060K, capacity 1189K, committed 1280K, reserved 1048576K
Event: 24.894 GC heap after
Heap after GC invocations=20 (full 5):
 PSYoungGen      total 445952K, used 36419K [0x00000000d7300000, 0x0000000100000000, 0x0000000100000000)
  eden space 223232K, 0% used [0x00000000d7300000,0x00000000d7300000,0x00000000e4d00000)
  from space 222720K, 16% used [0x00000000e4d00000,0x00000000e7090ee8,0x00000000f2680000)
  to   space 222720K, 0% used [0x00000000f2680000,0x00000000f2680000,0x0000000100000000)
 ParOldGen       total 846848K, used 600647K [0x0000000085800000, 0x00000000b9300000, 0x00000000d7300000)
  object space 846848K, 70% used [0x0000000085800000,0x00000000aa291d48,0x00000000b9300000)
 Metaspace       used 10093K, capacity 10354K, committed 10496K, reserved 1058816K
  class space    used 1060K, capacity 1189K, committed 1280K, reserved 1048576K
}
Event: 31.544 GC heap before
{Heap before GC invocations=21 (full 5):
 PSYoungGen      total 445952K, used 259651K [0x00000000d7300000, 0x0000000100000000, 0x0000000100000000)
  eden space 223232K, 100% used [0x00000000d7300000,0x00000000e4d00000,0x00000000e4d00000)
  from space 222720K, 16% used [0x00000000e4d00000,0x00000000e7090ee8,0x00000000f2680000)
  to   space 222720K, 0% used [0x00000000f2680000,0x00000000f2680000,0x0000000100000000)
 ParOldGen       total 846848K, used 600647K [0x0000000085800000, 0x00000000b9300000, 0x00000000d7300000)
  object space 846848K, 70% used [0x0000000085800000,0x00000000aa291d48,0x00000000b9300000)
 Metaspace       used 10140K, capacity 10418K, committed 10752K, reserved 1058816K
  class space    used 1062K, capacity 1189K, committed 1280K, reserved 1048576K
Event: 31.611 GC heap after
Heap after GC invocations=21 (full 5):
 PSYoungGen      total 445952K, used 87032K [0x00000000d7300000, 0x0000000100000000, 0x0000000100000000)
  eden space 223232K, 0% used [0x00000000d7300000,0x00000000d7300000,0x00000000e4d00000)
  from space 222720K, 39% used [0x00000000f2680000,0x00000000f7b7e158,0x0000000100000000)
  to   space 222720K, 0% used [0x00000000e4d00000,0x00000000e4d00000,0x00000000f2680000)
 ParOldGen       total 846848K, used 606487K [0x0000000085800000, 0x00000000b9300000, 0x00000000d7300000)
  object space 846848K, 71% used [0x0000000085800000,0x00000000aa845d68,0x00000000b9300000)
 Metaspace       used 10140K, capacity 10418K, committed 10752K, reserved 1058816K
  class space    used 1062K, capacity 1189K, committed 1280K, reserved 1048576K
}
Event: 35.294 GC heap before
{Heap before GC invocations=22 (full 5):
 PSYoungGen      total 445952K, used 310264K [0x00000000d7300000, 0x0000000100000000, 0x0000000100000000)
  eden space 223232K, 100% used [0x00000000d7300000,0x00000000e4d00000,0x00000000e4d00000)
  from space 222720K, 39% used [0x00000000f2680000,0x00000000f7b7e158,0x0000000100000000)
  to   space 222720K, 0% used [0x00000000e4d00000,0x00000000e4d00000,0x00000000f2680000)
 ParOldGen       total 846848K, used 606487K [0x0000000085800000, 0x00000000b9300000, 0x00000000d7300000)
  object space 846848K, 71% used [0x0000000085800000,0x00000000aa845d68,0x00000000b9300000)
 Metaspace       used 10141K, capacity 10418K, committed 10752K, reserved 1058816K
  class space    used 1062K, capacity 1189K, committed 1280K, reserved 1048576K
Event: 35.340 GC heap after
Heap after GC invocations=22 (full 5):
 PSYoungGen      total 274944K, used 51673K [0x00000000d7300000, 0x00000000ff800000, 0x0000000100000000)
  eden space 223232K, 0% used [0x00000000d7300000,0x00000000d7300000,0x00000000e4d00000)
  from space 51712K, 99% used [0x00000000e4d00000,0x00000000e7f76530,0x00000000e7f80000)
  to   space 218624K, 0% used [0x00000000f2280000,0x00000000f2280000,0x00000000ff800000)
 ParOldGen       total 846848K, used 608567K [0x0000000085800000, 0x00000000b9300000, 0x00000000d7300000)
  object space 846848K, 71% used [0x0000000085800000,0x00000000aaa4dd68,0x00000000b9300000)
 Metaspace       used 10141K, capacity 10418K, committed 10752K, reserved 1058816K
  class space    used 1062K, capacity 1189K, committed 1280K, reserved 1048576K
}
Event: 35.585 GC heap before
{Heap before GC invocations=23 (full 5):
 PSYoungGen      total 274944K, used 274905K [0x00000000d7300000, 0x00000000ff800000, 0x0000000100000000)
  eden space 223232K, 100% used [0x00000000d7300000,0x00000000e4d00000,0x00000000e4d00000)
  from space 51712K, 99% used [0x00000000e4d00000,0x00000000e7f76530,0x00000000e7f80000)
  to   space 218624K, 0% used [0x00000000f2280000,0x00000000f2280000,0x00000000ff800000)
 ParOldGen       total 846848K, used 608567K [0x0000000085800000, 0x00000000b9300000, 0x00000000d7300000)
  object space 846848K, 71% used [0x0000000085800000,0x00000000aaa4dd68,0x00000000b9300000)
 Metaspace       used 10231K, capacity 10546K, committed 10752K, reserved 1058816K
  class space    used 1063K, capacity 1189K, committed 1280K, reserved 1048576K
Event: 35.646 GC heap after
Heap after GC invocations=23 (full 5):
 PSYoungGen      total 446976K, used 43737K [0x00000000d7300000, 0x0000000100000000, 0x0000000100000000)
  eden space 228352K, 0% used [0x00000000d7300000,0x00000000d7300000,0x00000000e5200000)
  from space 218624K, 20% used [0x00000000f2280000,0x00000000f4d36520,0x00000000ff800000)
  to   space 213504K, 0% used [0x00000000e5200000,0x00000000e5200000,0x00000000f2280000)
 ParOldGen       total 846848K, used 608711K [0x0000000085800000, 0x00000000b9300000, 0x00000000d7300000)
  object space 846848K, 71% used [0x0000000085800000,0x00000000aaa71d78,0x00000000b9300000)
 Metaspace       used 10231K, capacity 10546K, committed 10752K, reserved 1058816K
  class space    used 1063K, capacity 1189K, committed 1280K, reserved 1048576K
}
Event: 40.200 GC heap before
{Heap before GC invocations=24 (full 5):
 PSYoungGen      total 446976K, used 272089K [0x00000000d7300000, 0x0000000100000000, 0x0000000100000000)
  eden space 228352K, 100% used [0x00000000d7300000,0x00000000e5200000,0x00000000e5200000)
  from space 218624K, 20% used [0x00000000f2280000,0x00000000f4d36520,0x00000000ff800000)
  to   space 213504K, 0% used [0x00000000e5200000,0x00000000e5200000,0x00000000f2280000)
 ParOldGen       total 846848K, used 608711K [0x0000000085800000, 0x00000000b9300000, 0x00000000d7300000)
  object space 846848K, 71% used [0x0000000085800000,0x00000000aaa71d78,0x00000000b9300000)
 Metaspace       used 10238K, capacity 10546K, committed 10752K, reserved 1058816K
  class space    used 1063K, capacity 1189K, committed 1280K, reserved 1048576K

