# JRE version: Java(TM) SE Runtime Environment (8.0_211-b12) (build 1.8.0_211-b12)
# Java VM: Java HotSpot(TM) 64-Bit Server VM (25.211-b12 mixed mode linux-amd64 compressed oops)
Heap:
 PSYoungGen      total 474624K, used 404256K [0x00000000d7300000, 0x0000000100000000, 0x0000000100000000)
  eden space 286720K, 100% used [0x00000000d7300000,0x00000000e8b00000,0x00000000e8b00000)
  from space 187904K, 62% used [0x00000000f4880000,0x00000000fbb48378,0x0000000100000000)
  to   space 190976K, 52% used [0x00000000e8b00000,0x00000000eeda0378,0x00000000f4580000)
 ParOldGen       total 923648K, used 772563K [0x0000000085800000, 0x00000000bde00000, 0x00000000d7300000)
  object space 923648K, 83% used [0x0000000085800000,0x00000000b4a74c68,0x00000000bde00000)
 Metaspace       used 10375K, capacity 10610K, committed 10752K, reserved 1058816K
  class space    used 1064K, capacity 1189K, committed 1280K, reserved 1048576K
GC Heap History (10 events):
Event: 185.061 GC heap after
Heap after GC invocations=75 (full 7):
 PSYoungGen      total 463872K, used 23980K [0x00000000d7300000, 0x00000000ff400000, 0x0000000100000000)
  eden space 276480K, 0% used [0x00000000d7300000,0x00000000d7300000,0x00000000e8100000)
  from space 187392K, 12% used [0x00000000f3d00000,0x00000000f546b018,0x00000000ff400000)
  to   space 189952K, 0% used [0x00000000e8100000,0x00000000e8100000,0x00000000f3a80000)
 ParOldGen       total 923648K, used 772523K [0x0000000085800000, 0x00000000bde00000, 0x00000000d7300000)
  object space 923648K, 83% used [0x0000000085800000,0x00000000b4a6ac68,0x00000000bde00000)
 Metaspace       used 10340K, capacity 10610K, committed 10752K, reserved 1058816K
  class space    used 1063K, capacity 1189K, committed 1280K, reserved 1048576K
}
Event: 185.972 GC heap before
{Heap before GC invocations=76 (full 7):
 PSYoungGen      total 463872K, used 300460K [0x00000000d7300000, 0x00000000ff400000, 0x0000000100000000)
  eden space 276480K, 100% used [0x00000000d7300000,0x00000000e8100000,0x00000000e8100000)
  from space 187392K, 12% used [0x00000000f3d00000,0x00000000f546b018,0x00000000ff400000)
  to   space 189952K, 0% used [0x00000000e8100000,0x00000000e8100000,0x00000000f3a80000)
 ParOldGen       total 923648K, used 772523K [0x0000000085800000, 0x00000000bde00000, 0x00000000d7300000)
  object space 923648K, 83% used [0x0000000085800000,0x00000000b4a6ac68,0x00000000bde00000)
 Metaspace       used 10340K, capacity 10610K, committed 10752K, reserved 1058816K
  class space    used 1063K, capacity 1189K, committed 1280K, reserved 1048576K
Event: 186.016 GC heap after
Heap after GC invocations=76 (full 7):
 PSYoungGen      total 466432K, used 70165K [0x00000000d7300000, 0x00000000fec80000, 0x0000000100000000)
  eden space 276480K, 0% used [0x00000000d7300000,0x00000000d7300000,0x00000000e8100000)
  from space 189952K, 36% used [0x00000000e8100000,0x00000000ec5857a0,0x00000000f3a80000)
  to   space 178688K, 0% used [0x00000000f3e00000,0x00000000f3e00000,0x00000000fec80000)
 ParOldGen       total 923648K, used 772523K [0x0000000085800000, 0x00000000bde00000, 0x00000000d7300000)
  object space 923648K, 83% used [0x0000000085800000,0x00000000b4a6ac68,0x00000000bde00000)
 Metaspace       used 10340K, capacity 10610K, committed 10752K, reserved 1058816K
  class space    used 1063K, capacity 1189K, committed 1280K, reserved 1048576K
}
Event: 186.425 GC heap before
{Heap before GC invocations=77 (full 7):
 PSYoungGen      total 466432K, used 346645K [0x00000000d7300000, 0x00000000fec80000, 0x0000000100000000)
  eden space 276480K, 100% used [0x00000000d7300000,0x00000000e8100000,0x00000000e8100000)
  from space 189952K, 36% used [0x00000000e8100000,0x00000000ec5857a0,0x00000000f3a80000)
  to   space 178688K, 0% used [0x00000000f3e00000,0x00000000f3e00000,0x00000000fec80000)
 ParOldGen       total 923648K, used 772523K [0x0000000085800000, 0x00000000bde00000, 0x00000000d7300000)
  object space 923648K, 83% used [0x0000000085800000,0x00000000b4a6ac68,0x00000000bde00000)
 Metaspace       used 10375K, capacity 10610K, committed 10752K, reserved 1058816K
  class space    used 1064K, capacity 1189K, committed 1280K, reserved 1048576K
Event: 186.503 GC heap after
Heap after GC invocations=77 (full 7):
 PSYoungGen      total 464896K, used 114816K [0x00000000d7300000, 0x00000000fff00000, 0x0000000100000000)
  eden space 286208K, 0% used [0x00000000d7300000,0x00000000d7300000,0x00000000e8a80000)
  from space 178688K, 64% used [0x00000000f3e00000,0x00000000fae20378,0x00000000fec80000)
  to   space 183808K, 0% used [0x00000000e8a80000,0x00000000e8a80000,0x00000000f3e00000)
 ParOldGen       total 923648K, used 772531K [0x0000000085800000, 0x00000000bde00000, 0x00000000d7300000)
  object space 923648K, 83% used [0x0000000085800000,0x00000000b4a6cc68,0x00000000bde00000)
 Metaspace       used 10375K, capacity 10610K, committed 10752K, reserved 1058816K
  class space    used 1064K, capacity 1189K, committed 1280K, reserved 1048576K
}
Event: 186.808 GC heap before
{Heap before GC invocations=78 (full 7):
 PSYoungGen      total 464896K, used 401024K [0x00000000d7300000, 0x00000000fff00000, 0x0000000100000000)
  eden space 286208K, 100% used [0x00000000d7300000,0x00000000e8a80000,0x00000000e8a80000)
  from space 178688K, 64% used [0x00000000f3e00000,0x00000000fae20378,0x00000000fec80000)
  to   space 183808K, 0% used [0x00000000e8a80000,0x00000000e8a80000,0x00000000f3e00000)
 ParOldGen       total 923648K, used 772531K [0x0000000085800000, 0x00000000bde00000, 0x00000000d7300000)
  object space 923648K, 83% used [0x0000000085800000,0x00000000b4a6cc68,0x00000000bde00000)
 Metaspace       used 10375K, capacity 10610K, committed 10752K, reserved 1058816K
  class space    used 1064K, capacity 1189K, committed 1280K, reserved 1048576K
Event: 186.881 GC heap after
Heap after GC invocations=78 (full 7):
 PSYoungGen      total 470016K, used 116160K [0x00000000d7300000, 0x0000000100000000, 0x0000000100000000)
  eden space 286208K, 0% used [0x00000000d7300000,0x00000000d7300000,0x00000000e8a80000)
  from space 183808K, 63% used [0x00000000e8a80000,0x00000000efbf0378,0x00000000f3e00000)
  to   space 187904K, 0% used [0x00000000f4880000,0x00000000f4880000,0x0000000100000000)
 ParOldGen       total 923648K, used 772531K [0x0000000085800000, 0x00000000bde00000, 0x00000000d7300000)
  object space 923648K, 83% used [0x0000000085800000,0x00000000b4a6cc68,0x00000000bde00000)
 Metaspace       used 10375K, capacity 10610K, committed 10752K, reserved 1058816K
  class space    used 1064K, capacity 1189K, committed 1280K, reserved 1048576K
}
Event: 187.161 GC heap before
{Heap before GC invocations=79 (full 7):
 PSYoungGen      total 470016K, used 402368K [0x00000000d7300000, 0x0000000100000000, 0x0000000100000000)
  eden space 286208K, 100% used [0x00000000d7300000,0x00000000e8a80000,0x00000000e8a80000)
  from space 183808K, 63% used [0x00000000e8a80000,0x00000000efbf0378,0x00000000f3e00000)
  to   space 187904K, 0% used [0x00000000f4880000,0x00000000f4880000,0x0000000100000000)
 ParOldGen       total 923648K, used 772531K [0x0000000085800000, 0x00000000bde00000, 0x00000000d7300000)
  object space 923648K, 83% used [0x0000000085800000,0x00000000b4a6cc68,0x00000000bde00000)
 Metaspace       used 10375K, capacity 10610K, committed 10752K, reserved 1058816K
  class space    used 1064K, capacity 1189K, committed 1280K, reserved 1048576K
Event: 187.228 GC heap after
Heap after GC invocations=79 (full 7):
 PSYoungGen      total 474624K, used 117536K [0x00000000d7300000, 0x0000000100000000, 0x0000000100000000)
  eden space 286720K, 0% used [0x00000000d7300000,0x00000000d7300000,0x00000000e8b00000)
  from space 187904K, 62% used [0x00000000f4880000,0x00000000fbb48378,0x0000000100000000)
  to   space 190976K, 0% used [0x00000000e8b00000,0x00000000e8b00000,0x00000000f4580000)
 ParOldGen       total 923648K, used 772547K [0x0000000085800000, 0x00000000bde00000, 0x00000000d7300000)
  object space 923648K, 83% used [0x0000000085800000,0x00000000b4a70c68,0x00000000bde00000)
 Metaspace       used 10375K, capacity 10610K, committed 10752K, reserved 1058816K
  class space    used 1064K, capacity 1189K, committed 1280K, reserved 1048576K
}
Event: 187.508 GC heap before
{Heap before GC invocations=80 (full 7):
 PSYoungGen      total 474624K, used 404256K [0x00000000d7300000, 0x0000000100000000, 0x0000000100000000)
  eden space 286720K, 100% used [0x00000000d7300000,0x00000000e8b00000,0x00000000e8b00000)
  from space 187904K, 62% used [0x00000000f4880000,0x00000000fbb48378,0x0000000100000000)
  to   space 190976K, 0% used [0x00000000e8b00000,0x00000000e8b00000,0x00000000f4580000)
 ParOldGen       total 923648K, used 772547K [0x0000000085800000, 0x00000000bde00000, 0x00000000d7300000)
  object space 923648K, 83% used [0x0000000085800000,0x00000000b4a70c68,0x00000000bde00000)
 Metaspace       used 10375K, capacity 10610K, committed 10752K, reserved 1058816K
  class space    used 1064K, capacity 1189K, committed 1280K, reserved 1048576K

