# JRE version: Java(TM) SE Runtime Environment (8.0_211-b12) (build 1.8.0_211-b12)
# Java VM: Java HotSpot(TM) 64-Bit Server VM (25.211-b12 mixed mode linux-amd64 compressed oops)
Heap:
 PSYoungGen      total 203264K, used 107488K [0x00000000d7300000, 0x00000000ee900000, 0x0000000100000000)
  eden space 95744K, 0% used [0x00000000d7300000,0x00000000d7300000,0x00000000dd080000)
  from space 107520K, 99% used [0x00000000e5100000,0x00000000eb9f8030,0x00000000eba00000)
  to   space 131584K, 0% used [0x00000000dd080000,0x00000000dd080000,0x00000000e5100000)
 ParOldGen       total 199680K, used 179392K [0x0000000085800000, 0x0000000091b00000, 0x00000000d7300000)
  object space 199680K, 89% used [0x0000000085800000,0x00000000907303a8,0x0000000091b00000)
 Metaspace       used 9619K, capacity 9874K, committed 10240K, reserved 1058816K
  class space    used 1040K, capacity 1157K, committed 1280K, reserved 1048576K
GC Heap History (10 events):
Event: 11.751 GC heap after
Heap after GC invocations=8 (full 2):
 PSYoungGen      total 105472K, used 26432K [0x00000000d7300000, 0x00000000e2680000, 0x0000000100000000)
  eden space 78848K, 0% used [0x00000000d7300000,0x00000000d7300000,0x00000000dc000000)
  from space 26624K, 99% used [0x00000000e0c80000,0x00000000e2650000,0x00000000e2680000)
  to   space 44544K, 0% used [0x00000000dcf80000,0x00000000dcf80000,0x00000000dfb00000)
 ParOldGen       total 199680K, used 88616K [0x0000000085800000, 0x0000000091b00000, 0x00000000d7300000)
  object space 199680K, 44% used [0x0000000085800000,0x000000008ae8a3a8,0x0000000091b00000)
 Metaspace       used 9619K, capacity 9874K, committed 10240K, reserved 1058816K
  class space    used 1040K, capacity 1157K, committed 1280K, reserved 1048576K
}
Event: 12.432 GC heap before
{Heap before GC invocations=9 (full 2):
 PSYoungGen      total 105472K, used 105280K [0x00000000d7300000, 0x00000000e2680000, 0x0000000100000000)
  eden space 78848K, 100% used [0x00000000d7300000,0x00000000dc000000,0x00000000dc000000)
  from space 26624K, 99% used [0x00000000e0c80000,0x00000000e2650000,0x00000000e2680000)
  to   space 44544K, 0% used [0x00000000dcf80000,0x00000000dcf80000,0x00000000dfb00000)
 ParOldGen       total 199680K, used 88616K [0x0000000085800000, 0x0000000091b00000, 0x00000000d7300000)
  object space 199680K, 44% used [0x0000000085800000,0x000000008ae8a3a8,0x0000000091b00000)
 Metaspace       used 9619K, capacity 9874K, committed 10240K, reserved 1058816K
  class space    used 1040K, capacity 1157K, committed 1280K, reserved 1048576K
Event: 12.499 GC heap after
Heap after GC invocations=9 (full 2):
 PSYoungGen      total 139264K, used 44512K [0x00000000d7300000, 0x00000000e5e80000, 0x0000000100000000)
  eden space 94720K, 0% used [0x00000000d7300000,0x00000000d7300000,0x00000000dcf80000)
  from space 44544K, 99% used [0x00000000dcf80000,0x00000000dfaf8030,0x00000000dfb00000)
  to   space 64000K, 0% used [0x00000000e2000000,0x00000000e2000000,0x00000000e5e80000)
 ParOldGen       total 199680K, used 113520K [0x0000000085800000, 0x0000000091b00000, 0x00000000d7300000)
  object space 199680K, 56% used [0x0000000085800000,0x000000008c6dc3a8,0x0000000091b00000)
 Metaspace       used 9619K, capacity 9874K, committed 10240K, reserved 1058816K
  class space    used 1040K, capacity 1157K, committed 1280K, reserved 1048576K
}
Event: 13.505 GC heap before
{Heap before GC invocations=10 (full 2):
 PSYoungGen      total 139264K, used 139232K [0x00000000d7300000, 0x00000000e5e80000, 0x0000000100000000)
  eden space 94720K, 100% used [0x00000000d7300000,0x00000000dcf80000,0x00000000dcf80000)
  from space 44544K, 99% used [0x00000000dcf80000,0x00000000dfaf8030,0x00000000dfb00000)
  to   space 64000K, 0% used [0x00000000e2000000,0x00000000e2000000,0x00000000e5e80000)
 ParOldGen       total 199680K, used 113520K [0x0000000085800000, 0x0000000091b00000, 0x00000000d7300000)
  object space 199680K, 56% used [0x0000000085800000,0x000000008c6dc3a8,0x0000000091b00000)
 Metaspace       used 9619K, capacity 9874K, committed 10240K, reserved 1058816K
  class space    used 1040K, capacity 1157K, committed 1280K, reserved 1048576K
Event: 13.575 GC heap after
Heap after GC invocations=10 (full 2):
 PSYoungGen      total 156160K, used 63968K [0x00000000d7300000, 0x00000000e9f80000, 0x0000000100000000)
  eden space 92160K, 0% used [0x00000000d7300000,0x00000000d7300000,0x00000000dcd00000)
  from space 64000K, 99% used [0x00000000e2000000,0x00000000e5e78030,0x00000000e5e80000)
  to   space 84992K, 0% used [0x00000000dcd00000,0x00000000dcd00000,0x00000000e2000000)
 ParOldGen       total 199680K, used 137432K [0x0000000085800000, 0x0000000091b00000, 0x00000000d7300000)
  object space 199680K, 68% used [0x0000000085800000,0x000000008de363a8,0x0000000091b00000)
 Metaspace       used 9619K, capacity 9874K, committed 10240K, reserved 1058816K
  class space    used 1040K, capacity 1157K, committed 1280K, reserved 1048576K
}
Event: 14.274 GC heap before
{Heap before GC invocations=11 (full 2):
 PSYoungGen      total 156160K, used 156128K [0x00000000d7300000, 0x00000000e9f80000, 0x0000000100000000)
  eden space 92160K, 100% used [0x00000000d7300000,0x00000000dcd00000,0x00000000dcd00000)
  from space 64000K, 99% used [0x00000000e2000000,0x00000000e5e78030,0x00000000e5e80000)
  to   space 84992K, 0% used [0x00000000dcd00000,0x00000000dcd00000,0x00000000e2000000)
 ParOldGen       total 199680K, used 137432K [0x0000000085800000, 0x0000000091b00000, 0x00000000d7300000)
  object space 199680K, 68% used [0x0000000085800000,0x000000008de363a8,0x0000000091b00000)
 Metaspace       used 9619K, capacity 9874K, committed 10240K, reserved 1058816K
  class space    used 1040K, capacity 1157K, committed 1280K, reserved 1048576K
Event: 14.345 GC heap after
Heap after GC invocations=11 (full 2):
 PSYoungGen      total 177152K, used 84960K [0x00000000d7300000, 0x00000000eba00000, 0x0000000100000000)
  eden space 92160K, 0% used [0x00000000d7300000,0x00000000d7300000,0x00000000dcd00000)
  from space 84992K, 99% used [0x00000000dcd00000,0x00000000e1ff8030,0x00000000e2000000)
  to   space 107520K, 0% used [0x00000000e5100000,0x00000000e5100000,0x00000000eba00000)
 ParOldGen       total 199680K, used 159736K [0x0000000085800000, 0x0000000091b00000, 0x00000000d7300000)
  object space 199680K, 79% used [0x0000000085800000,0x000000008f3fe3a8,0x0000000091b00000)
 Metaspace       used 9619K, capacity 9874K, committed 10240K, reserved 1058816K
  class space    used 1040K, capacity 1157K, committed 1280K, reserved 1048576K
}
Event: 15.756 GC heap before
{Heap before GC invocations=12 (full 2):
 PSYoungGen      total 177152K, used 177120K [0x00000000d7300000, 0x00000000eba00000, 0x0000000100000000)
  eden space 92160K, 100% used [0x00000000d7300000,0x00000000dcd00000,0x00000000dcd00000)
  from space 84992K, 99% used [0x00000000dcd00000,0x00000000e1ff8030,0x00000000e2000000)
  to   space 107520K, 0% used [0x00000000e5100000,0x00000000e5100000,0x00000000eba00000)
 ParOldGen       total 199680K, used 159736K [0x0000000085800000, 0x0000000091b00000, 0x00000000d7300000)
  object space 199680K, 79% used [0x0000000085800000,0x000000008f3fe3a8,0x0000000091b00000)
 Metaspace       used 9619K, capacity 9874K, committed 10240K, reserved 1058816K
  class space    used 1040K, capacity 1157K, committed 1280K, reserved 1048576K
Event: 15.847 GC heap after
Heap after GC invocations=12 (full 2):
 PSYoungGen      total 203264K, used 107488K [0x00000000d7300000, 0x00000000ee900000, 0x0000000100000000)
  eden space 95744K, 0% used [0x00000000d7300000,0x00000000d7300000,0x00000000dd080000)
  from space 107520K, 99% used [0x00000000e5100000,0x00000000eb9f8030,0x00000000eba00000)
  to   space 131584K, 0% used [0x00000000dd080000,0x00000000dd080000,0x00000000e5100000)
 ParOldGen       total 199680K, used 179392K [0x0000000085800000, 0x0000000091b00000, 0x00000000d7300000)
  object space 199680K, 89% used [0x0000000085800000,0x00000000907303a8,0x0000000091b00000)
 Metaspace       used 9619K, capacity 9874K, committed 10240K, reserved 1058816K
  class space    used 1040K, capacity 1157K, committed 1280K, reserved 1048576K
}
Event: 15.847 GC heap before
{Heap before GC invocations=13 (full 3):
 PSYoungGen      total 203264K, used 107488K [0x00000000d7300000, 0x00000000ee900000, 0x0000000100000000)
  eden space 95744K, 0% used [0x00000000d7300000,0x00000000d7300000,0x00000000dd080000)
  from space 107520K, 99% used [0x00000000e5100000,0x00000000eb9f8030,0x00000000eba00000)
  to   space 131584K, 0% used [0x00000000dd080000,0x00000000dd080000,0x00000000e5100000)
 ParOldGen       total 199680K, used 179392K [0x0000000085800000, 0x0000000091b00000, 0x00000000d7300000)
  object space 199680K, 89% used [0x0000000085800000,0x00000000907303a8,0x0000000091b00000)
 Metaspace       used 9619K, capacity 9874K, committed 10240K, reserved 1058816K
  class space    used 1040K, capacity 1157K, committed 1280K, reserved 1048576K

