# JRE version: Java(TM) SE Runtime Environment (8.0_211-b12) (build 1.8.0_211-b12)
# Java VM: Java HotSpot(TM) 64-Bit Server VM (25.211-b12 mixed mode linux-amd64 compressed oops)
Heap:
 PSYoungGen      total 445952K, used 280995K [0x00000000d7300000, 0x0000000100000000, 0x0000000100000000)
  eden space 223232K, 90% used [0x00000000d7300000,0x00000000e3850ab8,0x00000000e4d00000)
  from space 222720K, 35% used [0x00000000e4d00000,0x00000000e9a18388,0x00000000f2680000)
  to   space 222720K, 0% used [0x00000000f2680000,0x00000000f2680000,0x0000000100000000)
 ParOldGen       total 1054720K, used 927279K [0x0000000085800000, 0x00000000c5e00000, 0x00000000d7300000)
  object space 1054720K, 87% used [0x0000000085800000,0x00000000be18bd78,0x00000000c5e00000)
 Metaspace       used 10312K, capacity 10546K, committed 10752K, reserved 1058816K
  class space    used 1063K, capacity 1189K, committed 1280K, reserved 1048576K
GC Heap History (10 events):
Event: 134.796 GC heap before
{Heap before GC invocations=54 (full 7):
 PSYoungGen      total 438784K, used 250795K [0x00000000d7300000, 0x00000000ff900000, 0x0000000100000000)
  eden space 223232K, 100% used [0x00000000d7300000,0x00000000e4d00000,0x00000000e4d00000)
  from space 215552K, 12% used [0x00000000f2680000,0x00000000f416ad28,0x00000000ff900000)
  to   space 219136K, 0% used [0x00000000e4d00000,0x00000000e4d00000,0x00000000f2300000)
 ParOldGen       total 1054720K, used 754880K [0x0000000085800000, 0x00000000c5e00000, 0x00000000d7300000)
  object space 1054720K, 71% used [0x0000000085800000,0x00000000b39302d8,0x00000000c5e00000)
 Metaspace       used 10312K, capacity 10546K, committed 10752K, reserved 1058816K
  class space    used 1063K, capacity 1189K, committed 1280K, reserved 1048576K
Event: 134.848 GC heap after
Heap after GC invocations=54 (full 7):
 PSYoungGen      total 301056K, used 77698K [0x00000000d7300000, 0x00000000fe880000, 0x0000000100000000)
  eden space 223232K, 0% used [0x00000000d7300000,0x00000000d7300000,0x00000000e4d00000)
  from space 77824K, 99% used [0x00000000e4d00000,0x00000000e98e08c8,0x00000000e9900000)
  to   space 206848K, 0% used [0x00000000f1e80000,0x00000000f1e80000,0x00000000fe880000)
 ParOldGen       total 1054720K, used 754880K [0x0000000085800000, 0x00000000c5e00000, 0x00000000d7300000)
  object space 1054720K, 71% used [0x0000000085800000,0x00000000b39302d8,0x00000000c5e00000)
 Metaspace       used 10312K, capacity 10546K, committed 10752K, reserved 1058816K
  class space    used 1063K, capacity 1189K, committed 1280K, reserved 1048576K
}
Event: 136.192 GC heap before
{Heap before GC invocations=55 (full 7):
 PSYoungGen      total 301056K, used 300930K [0x00000000d7300000, 0x00000000fe880000, 0x0000000100000000)
  eden space 223232K, 100% used [0x00000000d7300000,0x00000000e4d00000,0x00000000e4d00000)
  from space 77824K, 99% used [0x00000000e4d00000,0x00000000e98e08c8,0x00000000e9900000)
  to   space 206848K, 0% used [0x00000000f1e80000,0x00000000f1e80000,0x00000000fe880000)
 ParOldGen       total 1054720K, used 754880K [0x0000000085800000, 0x00000000c5e00000, 0x00000000d7300000)
  object space 1054720K, 71% used [0x0000000085800000,0x00000000b39302d8,0x00000000c5e00000)
 Metaspace       used 10312K, capacity 10546K, committed 10752K, reserved 1058816K
  class space    used 1063K, capacity 1189K, committed 1280K, reserved 1048576K
Event: 136.294 GC heap after
Heap after GC invocations=55 (full 7):
 PSYoungGen      total 430080K, used 127327K [0x00000000d7300000, 0x00000000ffa00000, 0x0000000100000000)
  eden space 223232K, 0% used [0x00000000d7300000,0x00000000d7300000,0x00000000e4d00000)
  from space 206848K, 61% used [0x00000000f1e80000,0x00000000f9ad7fd0,0x00000000fe880000)
  to   space 214528K, 0% used [0x00000000e4d00000,0x00000000e4d00000,0x00000000f1e80000)
 ParOldGen       total 1054720K, used 754880K [0x0000000085800000, 0x00000000c5e00000, 0x00000000d7300000)
  object space 1054720K, 71% used [0x0000000085800000,0x00000000b39302d8,0x00000000c5e00000)
 Metaspace       used 10312K, capacity 10546K, committed 10752K, reserved 1058816K
  class space    used 1063K, capacity 1189K, committed 1280K, reserved 1048576K
}
Event: 137.677 GC heap before
{Heap before GC invocations=56 (full 7):
 PSYoungGen      total 430080K, used 350559K [0x00000000d7300000, 0x00000000ffa00000, 0x0000000100000000)
  eden space 223232K, 100% used [0x00000000d7300000,0x00000000e4d00000,0x00000000e4d00000)
  from space 206848K, 61% used [0x00000000f1e80000,0x00000000f9ad7fd0,0x00000000fe880000)
  to   space 214528K, 0% used [0x00000000e4d00000,0x00000000e4d00000,0x00000000f1e80000)
 ParOldGen       total 1054720K, used 754880K [0x0000000085800000, 0x00000000c5e00000, 0x00000000d7300000)
  object space 1054720K, 71% used [0x0000000085800000,0x00000000b39302d8,0x00000000c5e00000)
 Metaspace       used 10312K, capacity 10546K, committed 10752K, reserved 1058816K
  class space    used 1063K, capacity 1189K, committed 1280K, reserved 1048576K
Event: 137.789 GC heap after
Heap after GC invocations=56 (full 7):
 PSYoungGen      total 437760K, used 172444K [0x00000000d7300000, 0x0000000100000000, 0x0000000100000000)
  eden space 223232K, 0% used [0x00000000d7300000,0x00000000d7300000,0x00000000e4d00000)
  from space 214528K, 80% used [0x00000000e4d00000,0x00000000ef567250,0x00000000f1e80000)
  to   space 222720K, 0% used [0x00000000f2680000,0x00000000f2680000,0x0000000100000000)
 ParOldGen       total 1054720K, used 754880K [0x0000000085800000, 0x00000000c5e00000, 0x00000000d7300000)
  object space 1054720K, 71% used [0x0000000085800000,0x00000000b39302d8,0x00000000c5e00000)
 Metaspace       used 10312K, capacity 10546K, committed 10752K, reserved 1058816K
  class space    used 1063K, capacity 1189K, committed 1280K, reserved 1048576K
}
Event: 139.190 GC heap before
{Heap before GC invocations=57 (full 7):
 PSYoungGen      total 437760K, used 395676K [0x00000000d7300000, 0x0000000100000000, 0x0000000100000000)
  eden space 223232K, 100% used [0x00000000d7300000,0x00000000e4d00000,0x00000000e4d00000)
  from space 214528K, 80% used [0x00000000e4d00000,0x00000000ef567250,0x00000000f1e80000)
  to   space 222720K, 0% used [0x00000000f2680000,0x00000000f2680000,0x0000000100000000)
 ParOldGen       total 1054720K, used 754880K [0x0000000085800000, 0x00000000c5e00000, 0x00000000d7300000)
  object space 1054720K, 71% used [0x0000000085800000,0x00000000b39302d8,0x00000000c5e00000)
 Metaspace       used 10312K, capacity 10546K, committed 10752K, reserved 1058816K
  class space    used 1063K, capacity 1189K, committed 1280K, reserved 1048576K
Event: 139.324 GC heap after
Heap after GC invocations=57 (full 7):
 PSYoungGen      total 445952K, used 139360K [0x00000000d7300000, 0x0000000100000000, 0x0000000100000000)
  eden space 223232K, 0% used [0x00000000d7300000,0x00000000d7300000,0x00000000e4d00000)
  from space 222720K, 62% used [0x00000000f2680000,0x00000000fae98378,0x0000000100000000)
  to   space 222720K, 0% used [0x00000000e4d00000,0x00000000e4d00000,0x00000000f2680000)
 ParOldGen       total 1054720K, used 832511K [0x0000000085800000, 0x00000000c5e00000, 0x00000000d7300000)
  object space 1054720K, 78% used [0x0000000085800000,0x00000000b84ffd78,0x00000000c5e00000)
 Metaspace       used 10312K, capacity 10546K, committed 10752K, reserved 1058816K
  class space    used 1063K, capacity 1189K, committed 1280K, reserved 1048576K
}
Event: 141.873 GC heap before
{Heap before GC invocations=58 (full 7):
 PSYoungGen      total 445952K, used 362592K [0x00000000d7300000, 0x0000000100000000, 0x0000000100000000)
  eden space 223232K, 100% used [0x00000000d7300000,0x00000000e4d00000,0x00000000e4d00000)
  from space 222720K, 62% used [0x00000000f2680000,0x00000000fae98378,0x0000000100000000)
  to   space 222720K, 0% used [0x00000000e4d00000,0x00000000e4d00000,0x00000000f2680000)
 ParOldGen       total 1054720K, used 832511K [0x0000000085800000, 0x00000000c5e00000, 0x00000000d7300000)
  object space 1054720K, 78% used [0x0000000085800000,0x00000000b84ffd78,0x00000000c5e00000)
 Metaspace       used 10312K, capacity 10546K, committed 10752K, reserved 1058816K
  class space    used 1063K, capacity 1189K, committed 1280K, reserved 1048576K
Event: 141.983 GC heap after
Heap after GC invocations=58 (full 7):
 PSYoungGen      total 445952K, used 78944K [0x00000000d7300000, 0x0000000100000000, 0x0000000100000000)
  eden space 223232K, 0% used [0x00000000d7300000,0x00000000d7300000,0x00000000e4d00000)
  from space 222720K, 35% used [0x00000000e4d00000,0x00000000e9a18388,0x00000000f2680000)
  to   space 222720K, 0% used [0x00000000f2680000,0x00000000f2680000,0x0000000100000000)
 ParOldGen       total 1054720K, used 927279K [0x0000000085800000, 0x00000000c5e00000, 0x00000000d7300000)
  object space 1054720K, 87% used [0x0000000085800000,0x00000000be18bd78,0x00000000c5e00000)
 Metaspace       used 10312K, capacity 10546K, committed 10752K, reserved 1058816K
  class space    used 1063K, capacity 1189K, committed 1280K, reserved 1048576K
}

