# JRE version: Java(TM) SE Runtime Environment (8.0_211-b12) (build 1.8.0_211-b12)
# Java VM: Java HotSpot(TM) 64-Bit Server VM (25.211-b12 mixed mode linux-amd64 compressed oops)
Heap:
 PSYoungGen      total 392704K, used 4304K [0x00000000d7300000, 0x0000000100000000, 0x0000000100000000)
  eden space 202240K, 0% used [0x00000000d7300000,0x00000000d7300000,0x00000000e3880000)
  from space 190464K, 2% used [0x00000000e3880000,0x00000000e3cb4020,0x00000000ef280000)
  to   space 193024K, 0% used [0x00000000f4380000,0x00000000f4380000,0x0000000100000000)
 ParOldGen       total 471040K, used 470061K [0x0000000085800000, 0x00000000a2400000, 0x00000000d7300000)
  object space 471040K, 99% used [0x0000000085800000,0x00000000a230b7e0,0x00000000a2400000)
 Metaspace       used 9344K, capacity 9586K, committed 9856K, reserved 1058816K
  class space    used 989K, capacity 1103K, committed 1152K, reserved 1048576K
GC Heap History (10 events):
Event: 6.759 GC heap after
Heap after GC invocations=12 (full 3):
 PSYoungGen      total 257536K, used 86273K [0x00000000d7300000, 0x00000000f5600000, 0x0000000100000000)
  eden space 129024K, 0% used [0x00000000d7300000,0x00000000d7300000,0x00000000df100000)
  from space 128512K, 67% used [0x00000000df100000,0x00000000e4540450,0x00000000e6e80000)
  to   space 164864K, 0% used [0x00000000eb500000,0x00000000eb500000,0x00000000f5600000)
 ParOldGen       total 456192K, used 277135K [0x0000000085800000, 0x00000000a1580000, 0x00000000d7300000)
  object space 456192K, 60% used [0x0000000085800000,0x00000000966a3f50,0x00000000a1580000)
 Metaspace       used 8935K, capacity 9170K, committed 9344K, reserved 1056768K
  class space    used 974K, capacity 1071K, committed 1152K, reserved 1048576K
}
Event: 7.385 GC heap before
{Heap before GC invocations=13 (full 3):
 PSYoungGen      total 257536K, used 215297K [0x00000000d7300000, 0x00000000f5600000, 0x0000000100000000)
  eden space 129024K, 100% used [0x00000000d7300000,0x00000000df100000,0x00000000df100000)
  from space 128512K, 67% used [0x00000000df100000,0x00000000e4540450,0x00000000e6e80000)
  to   space 164864K, 0% used [0x00000000eb500000,0x00000000eb500000,0x00000000f5600000)
 ParOldGen       total 456192K, used 277135K [0x0000000085800000, 0x00000000a1580000, 0x00000000d7300000)
  object space 456192K, 60% used [0x0000000085800000,0x00000000966a3f50,0x00000000a1580000)
 Metaspace       used 8935K, capacity 9170K, committed 9344K, reserved 1056768K
  class space    used 974K, capacity 1071K, committed 1152K, reserved 1048576K
Event: 7.555 GC heap after
Heap after GC invocations=13 (full 3):
 PSYoungGen      total 320512K, used 118688K [0x00000000d7300000, 0x00000000f6900000, 0x0000000100000000)
  eden space 155648K, 0% used [0x00000000d7300000,0x00000000d7300000,0x00000000e0b00000)
  from space 164864K, 71% used [0x00000000eb500000,0x00000000f28e8030,0x00000000f5600000)
  to   space 174080K, 0% used [0x00000000e0b00000,0x00000000e0b00000,0x00000000eb500000)
 ParOldGen       total 456192K, used 320959K [0x0000000085800000, 0x00000000a1580000, 0x00000000d7300000)
  object space 456192K, 70% used [0x0000000085800000,0x000000009916ff50,0x00000000a1580000)
 Metaspace       used 8935K, capacity 9170K, committed 9344K, reserved 1056768K
  class space    used 974K, capacity 1071K, committed 1152K, reserved 1048576K
}
Event: 8.286 GC heap before
{Heap before GC invocations=14 (full 3):
 PSYoungGen      total 320512K, used 274336K [0x00000000d7300000, 0x00000000f6900000, 0x0000000100000000)
  eden space 155648K, 100% used [0x00000000d7300000,0x00000000e0b00000,0x00000000e0b00000)
  from space 164864K, 71% used [0x00000000eb500000,0x00000000f28e8030,0x00000000f5600000)
  to   space 174080K, 0% used [0x00000000e0b00000,0x00000000e0b00000,0x00000000eb500000)
 ParOldGen       total 456192K, used 320959K [0x0000000085800000, 0x00000000a1580000, 0x00000000d7300000)
  object space 456192K, 70% used [0x0000000085800000,0x000000009916ff50,0x00000000a1580000)
 Metaspace       used 9121K, capacity 9330K, committed 9600K, reserved 1058816K
  class space    used 978K, capacity 1103K, committed 1152K, reserved 1048576K
Event: 8.394 GC heap after
Heap after GC invocations=14 (full 3):
 PSYoungGen      total 329728K, used 148409K [0x00000000d7300000, 0x00000000fae00000, 0x0000000100000000)
  eden space 155648K, 0% used [0x00000000d7300000,0x00000000d7300000,0x00000000e0b00000)
  from space 174080K, 85% used [0x00000000e0b00000,0x00000000e9bee400,0x00000000eb500000)
  to   space 192000K, 0% used [0x00000000ef280000,0x00000000ef280000,0x00000000fae00000)
 ParOldGen       total 456192K, used 320967K [0x0000000085800000, 0x00000000a1580000, 0x00000000d7300000)
  object space 456192K, 70% used [0x0000000085800000,0x0000000099171f50,0x00000000a1580000)
 Metaspace       used 9121K, capacity 9330K, committed 9600K, reserved 1058816K
  class space    used 978K, capacity 1103K, committed 1152K, reserved 1048576K
}
Event: 8.577 GC heap before
{Heap before GC invocations=15 (full 3):
 PSYoungGen      total 329728K, used 304057K [0x00000000d7300000, 0x00000000fae00000, 0x0000000100000000)
  eden space 155648K, 100% used [0x00000000d7300000,0x00000000e0b00000,0x00000000e0b00000)
  from space 174080K, 85% used [0x00000000e0b00000,0x00000000e9bee400,0x00000000eb500000)
  to   space 192000K, 0% used [0x00000000ef280000,0x00000000ef280000,0x00000000fae00000)
 ParOldGen       total 456192K, used 320967K [0x0000000085800000, 0x00000000a1580000, 0x00000000d7300000)
  object space 456192K, 70% used [0x0000000085800000,0x0000000099171f50,0x00000000a1580000)
 Metaspace       used 9322K, capacity 9522K, committed 9600K, reserved 1058816K
  class space    used 989K, capacity 1103K, committed 1152K, reserved 1048576K
Event: 8.692 GC heap after
Heap after GC invocations=15 (full 3):
 PSYoungGen      total 394240K, used 106468K [0x00000000d7300000, 0x00000000fb500000, 0x0000000100000000)
  eden space 202240K, 0% used [0x00000000d7300000,0x00000000d7300000,0x00000000e3880000)
  from space 192000K, 55% used [0x00000000ef280000,0x00000000f5a79050,0x00000000fae00000)
  to   space 190464K, 0% used [0x00000000e3880000,0x00000000e3880000,0x00000000ef280000)
 ParOldGen       total 456192K, used 364375K [0x0000000085800000, 0x00000000a1580000, 0x00000000d7300000)
  object space 456192K, 79% used [0x0000000085800000,0x000000009bbd5f50,0x00000000a1580000)
 Metaspace       used 9322K, capacity 9522K, committed 9600K, reserved 1058816K
  class space    used 989K, capacity 1103K, committed 1152K, reserved 1048576K
}
Event: 8.896 GC heap before
{Heap before GC invocations=16 (full 3):
 PSYoungGen      total 394240K, used 308708K [0x00000000d7300000, 0x00000000fb500000, 0x0000000100000000)
  eden space 202240K, 100% used [0x00000000d7300000,0x00000000e3880000,0x00000000e3880000)
  from space 192000K, 55% used [0x00000000ef280000,0x00000000f5a79050,0x00000000fae00000)
  to   space 190464K, 0% used [0x00000000e3880000,0x00000000e3880000,0x00000000ef280000)
 ParOldGen       total 456192K, used 364375K [0x0000000085800000, 0x00000000a1580000, 0x00000000d7300000)
  object space 456192K, 79% used [0x0000000085800000,0x000000009bbd5f50,0x00000000a1580000)
 Metaspace       used 9344K, capacity 9586K, committed 9856K, reserved 1058816K
  class space    used 989K, capacity 1103K, committed 1152K, reserved 1048576K
Event: 9.246 GC heap after
Heap after GC invocations=16 (full 3):
 PSYoungGen      total 392704K, used 4304K [0x00000000d7300000, 0x0000000100000000, 0x0000000100000000)
  eden space 202240K, 0% used [0x00000000d7300000,0x00000000d7300000,0x00000000e3880000)
  from space 190464K, 2% used [0x00000000e3880000,0x00000000e3cb4020,0x00000000ef280000)
  to   space 193024K, 0% used [0x00000000f4380000,0x00000000f4380000,0x0000000100000000)
 ParOldGen       total 471040K, used 470061K [0x0000000085800000, 0x00000000a2400000, 0x00000000d7300000)
  object space 471040K, 99% used [0x0000000085800000,0x00000000a230b7e0,0x00000000a2400000)
 Metaspace       used 9344K, capacity 9586K, committed 9856K, reserved 1058816K
  class space    used 989K, capacity 1103K, committed 1152K, reserved 1048576K
}
Event: 9.246 GC heap before
{Heap before GC invocations=17 (full 4):
 PSYoungGen      total 392704K, used 4304K [0x00000000d7300000, 0x0000000100000000, 0x0000000100000000)
  eden space 202240K, 0% used [0x00000000d7300000,0x00000000d7300000,0x00000000e3880000)
  from space 190464K, 2% used [0x00000000e3880000,0x00000000e3cb4020,0x00000000ef280000)
  to   space 193024K, 0% used [0x00000000f4380000,0x00000000f4380000,0x0000000100000000)
 ParOldGen       total 471040K, used 470061K [0x0000000085800000, 0x00000000a2400000, 0x00000000d7300000)
  object space 471040K, 99% used [0x0000000085800000,0x00000000a230b7e0,0x00000000a2400000)
 Metaspace       used 9344K, capacity 9586K, committed 9856K, reserved 1058816K
  class space    used 989K, capacity 1103K, committed 1152K, reserved 1048576K

